{level:"warn", message:"Token verification failed", timestamp:"2024-10-05T03:51:15.644Z"}
{level:"info", message:"User logged in successfully", timestamp:"2024-10-05T03:51:27.101Z"}
{level:"info", message:"Token verified successfully", timestamp:"2024-10-05T03:51:40.095Z"}
{level:"info", message:"Token verified successfully", timestamp:"2024-10-05T03:52:54.326Z"}
{level:"info", message:"Token verified successfully", timestamp:"2024-10-05T03:53:30.466Z"}
{level:"info", message:"Token verified successfully", timestamp:"2024-10-05T03:54:05.347Z"}
{level:"warn", message:"Login attempt with incorrect password", timestamp:"2024-10-05T04:02:11.465Z"}
{level:"info", message:"User logged in successfully", timestamp:"2024-10-05T04:02:18.315Z"}
{level:"info", message:"Token verified successfully", timestamp:"2024-10-05T04:02:50.586Z"}
{level:"warn", message:"Token verification failed", timestamp:"2024-10-05T04:32:13.798Z"}
{level:"info", message:"Token verified successfully", timestamp:"2024-10-05T04:32:27.177Z"}
{level:"info", message:"Token verified successfully", timestamp:"2024-10-05T04:33:32.598Z"}
{level:"info", message:"Token verified successfully", timestamp:"2024-10-05T04:34:04.847Z"}
{level:"info", message:"Token verified successfully", timestamp:"2024-10-05T04:35:24.020Z"}
{level:"warn", message:"Token verification failed", timestamp:"2024-10-05T07:51:14.448Z"}
{level:"info", message:"User logged in successfully", timestamp:"2024-10-05T07:51:29.338Z"}
{level:"info", message:"Token verified successfully", timestamp:"2024-10-05T07:51:41.503Z"}
{level:"warn", message:"Order not delivered", timestamp:"2024-10-05T07:51:41.517Z"}
{level:"info", message:"Token verified successfully", timestamp:"2024-10-05T07:52:58.008Z"}
{level:"warn", message:"Order not delivered", timestamp:"2024-10-05T07:52:58.149Z"}
{level:"info", message:"Token verified successfully", timestamp:"2024-10-05T07:53:38.298Z"}
{level:"warn", message:"Order not delivered", timestamp:"2024-10-05T07:53:38.314Z"}
{level:"info", message:"Token verified successfully", timestamp:"2024-10-05T07:53:40.025Z"}
{level:"warn", message:"Order not delivered", timestamp:"2024-10-05T07:53:40.042Z"}
{level:"info", message:"Token verified successfully", timestamp:"2024-10-05T07:54:09.528Z"}
{level:"error", message:"Error while creating review", timestamp:"2024-10-05T07:54:09.572Z"}
{level:"info", message:"Token verified successfully", timestamp:"2024-10-05T07:55:53.069Z"}
{level:"error", message:"Error while creating review", timestamp:"2024-10-05T07:55:53.137Z"}
{level:"info", message:"Token verified successfully", timestamp:"2024-10-05T07:56:22.749Z"}
{level:"info", message:"Review created successfully", timestamp:"2024-10-05T07:56:22.843Z"}
{level:"info", message:"Token verified successfully", timestamp:"2024-10-05T07:56:31.705Z"}
{level:"warn", message:"User has already reviewed this product", timestamp:"2024-10-05T07:56:31.737Z"}
{level:"warn", message:"Token verification failed", timestamp:"2024-10-05T07:56:59.112Z"}
{level:"info", message:"Token verified successfully", timestamp:"2024-10-05T07:57:09.086Z"}
{level:"error", message:"Error creating order", timestamp:"2024-10-05T07:57:09.118Z"}
{level:"info", message:"Token verified successfully", timestamp:"2024-10-05T07:57:25.648Z"}
{level:"error", message:"Error creating order", timestamp:"2024-10-05T07:57:25.674Z"}
{level:"info", message:"Token verified successfully", timestamp:"2024-10-05T07:58:04.541Z"}
{level:"info", message:"Token verified successfully", timestamp:"2024-10-05T07:58:48.254Z"}
{level:"info", message:"Order created", timestamp:"2024-10-05T07:58:48.343Z"}
{level:"info", message:"Token verified successfully", timestamp:"2024-10-05T07:59:40.002Z"}
{level:"info", message:"Review created successfully", timestamp:"2024-10-05T07:59:40.064Z"}
{level:"info", message:"Token verified successfully", timestamp:"2024-10-05T08:02:31.264Z"}
{level:"info", message:"Review created successfully", timestamp:"2024-10-05T08:02:31.350Z"}
{level:"info", message:"Token verified successfully", timestamp:"2024-10-05T08:02:45.928Z"}
{level:"warn", message:"User has already reviewed this product", timestamp:"2024-10-05T08:02:45.944Z"}
{level:"info", message:"Token verified successfully", timestamp:"2024-10-05T08:03:06.457Z"}
{level:"info", message:"Order created", timestamp:"2024-10-05T08:03:06.484Z"}
{level:"info", message:"Token verified successfully", timestamp:"2024-10-05T08:03:32.157Z"}
{level:"info", message:"Review created successfully", timestamp:"2024-10-05T08:03:32.202Z"}
{level:"info", message:"Token verified successfully", timestamp:"2024-10-05T08:03:36.000Z"}
{level:"warn", message:"User has already reviewed this product", timestamp:"2024-10-05T08:03:36.067Z"}
{level:"error", message:"Error fetching single product", timestamp:"2024-10-05T09:10:33.728Z"}
{level:"error", message:"Error fetching single product", timestamp:"2024-10-05T09:12:23.750Z"}
{level:"error", message:"Error fetching single product", timestamp:"2024-10-05T09:13:34.473Z"}
{level:"error", message:"Error fetching single product", timestamp:"2024-10-05T09:14:03.579Z"}
{level:"error", message:"Error fetching single product", timestamp:"2024-10-05T09:15:18.549Z"}
{level:"info", message:"Fetched products with pagination", timestamp:"2024-10-05T09:16:19.313Z"}
{level:"info", message:"Fetched products with pagination", timestamp:"2024-10-05T09:16:35.129Z"}
{level:"info", message:"Fetched products with pagination", timestamp:"2024-10-05T09:16:47.762Z"}
{level:"info", message:"Fetched products with pagination", timestamp:"2024-10-05T09:17:05.974Z"}
{level:"info", message:"Fetched products with pagination", timestamp:"2024-10-05T09:17:16.591Z"}
{level:"info", message:"Fetched products with pagination", timestamp:"2024-10-05T09:17:25.409Z"}
{level:"info", message:"Fetched products with pagination", timestamp:"2024-10-05T09:18:25.489Z"}
{level:"info", message:"Fetched products with pagination", timestamp:"2024-10-05T09:19:09.772Z"}
{level:"info", message:"Fetched products with pagination", timestamp:"2024-10-05T09:22:43.514Z"}
{level:"info", message:"Fetched products with pagination", timestamp:"2024-10-05T09:23:07.884Z"}
{level:"info", message:"Fetched products with pagination", timestamp:"2024-10-05T09:23:11.654Z"}
{level:"info", message:"Fetched products with pagination", timestamp:"2024-10-05T09:23:12.844Z"}
{level:"info", message:"Fetched products with pagination", timestamp:"2024-10-05T09:25:32.031Z"}
{level:"warn", message:"Token verification failed", timestamp:"2024-10-05T10:03:44.712Z"}
{level:"warn", message:"Token verification failed", timestamp:"2024-10-05T10:03:49.074Z"}
{level:"warn", message:"Token verification failed", timestamp:"2024-10-05T10:10:12.654Z"}
