{level:"warn", message:"Token verification failed", timestamp:"2024-10-22T10:51:52.775Z"}
{level:"warn", message:"Token verification failed", timestamp:"2024-10-22T10:51:52.790Z"}
{level:"info", message:"User logged in successfully", timestamp:"2024-10-22T10:52:03.610Z"}
{level:"info", message:"Token verified successfully", timestamp:"2024-10-22T10:52:07.963Z"}
{level:"info", message:"Token verified successfully", timestamp:"2024-10-22T10:52:07.995Z"}
{level:"info", message:"Token verified successfully", timestamp:"2024-10-22T10:52:47.620Z"}
{level:"info", message:"Token verified successfully", timestamp:"2024-10-22T10:52:47.634Z"}
{level:"info", message:"Review fetched successfully", timestamp:"2024-10-22T10:52:47.676Z"}
{level:"info", message:"Review fetched successfully", timestamp:"2024-10-22T10:52:47.704Z"}
{level:"info", message:"Review fetched successfully", timestamp:"2024-10-22T10:52:47.775Z"}
{level:"info", message:"Review fetched successfully", timestamp:"2024-10-22T10:52:47.838Z"}
{level:"info", message:"Review fetched successfully", timestamp:"2024-10-22T10:52:53.666Z"}
{level:"info", message:"Review fetched successfully", timestamp:"2024-10-22T10:52:53.741Z"}
{level:"info", message:"Review fetched successfully", timestamp:"2024-10-22T10:53:02.127Z"}
{level:"info", message:"Review fetched successfully", timestamp:"2024-10-22T10:53:02.140Z"}
{level:"info", message:"Review fetched successfully", timestamp:"2024-10-22T10:53:12.392Z"}
{level:"info", message:"Review fetched successfully", timestamp:"2024-10-22T10:53:12.409Z"}
{level:"info", message:"Review fetched successfully", timestamp:"2024-10-22T10:53:13.988Z"}
{level:"info", message:"Review fetched successfully", timestamp:"2024-10-22T10:53:13.999Z"}
{level:"info", message:"Fetched products with pagination", timestamp:"2024-10-22T10:53:19.921Z"}
{level:"info", message:"Fetched products with pagination", timestamp:"2024-10-22T10:53:19.940Z"}
{level:"info", message:"Fetched reviews for product", timestamp:"2024-10-22T10:53:46.342Z"}
{level:"info", message:"Fetched reviews for product", timestamp:"2024-10-22T10:53:46.378Z"}
{level:"info", message:"Fetched single product", timestamp:"2024-10-22T10:53:46.386Z"}
{level:"info", message:"Fetched single product", timestamp:"2024-10-22T10:53:46.402Z"}
{level:"info", message:"Fetched reviews for product", timestamp:"2024-10-22T10:53:46.424Z"}
{level:"info", message:"Fetched products with pagination", timestamp:"2024-10-22T10:53:48.570Z"}
{level:"info", message:"Fetched products with pagination", timestamp:"2024-10-22T10:53:48.594Z"}
{level:"info", message:"Fetched reviews for product", timestamp:"2024-10-22T10:53:49.438Z"}
{level:"info", message:"Fetched reviews for product", timestamp:"2024-10-22T10:53:49.452Z"}
{level:"info", message:"Fetched single product", timestamp:"2024-10-22T10:53:49.456Z"}
{level:"info", message:"Fetched single product", timestamp:"2024-10-22T10:53:49.466Z"}
{level:"info", message:"Fetched reviews for product", timestamp:"2024-10-22T10:53:49.477Z"}
{level:"info", message:"Fetched products with pagination", timestamp:"2024-10-22T10:53:59.744Z"}
{level:"info", message:"Fetched products with pagination", timestamp:"2024-10-22T10:53:59.759Z"}
{level:"info", message:"Fetched reviews for product", timestamp:"2024-10-22T10:54:00.714Z"}
{level:"info", message:"Fetched single product", timestamp:"2024-10-22T10:54:00.717Z"}
{level:"info", message:"Fetched reviews for product", timestamp:"2024-10-22T10:54:00.737Z"}
{level:"info", message:"Fetched reviews for product", timestamp:"2024-10-22T10:54:00.759Z"}
{level:"info", message:"Fetched single product", timestamp:"2024-10-22T10:54:00.768Z"}
{level:"info", message:"Fetched products with pagination", timestamp:"2024-10-22T11:00:23.143Z"}
{level:"info", message:"Fetched products with pagination", timestamp:"2024-10-22T11:00:23.171Z"}
{level:"info", message:"Fetched products with pagination", timestamp:"2024-10-22T11:00:27.038Z"}
{level:"info", message:"Fetched products with pagination", timestamp:"2024-10-22T11:00:27.043Z"}
{level:"info", message:"Fetched products with pagination", timestamp:"2024-10-22T11:00:28.294Z"}
{level:"info", message:"Fetched products with pagination", timestamp:"2024-10-22T11:00:28.299Z"}
{level:"info", message:"Fetched products with pagination", timestamp:"2024-10-22T11:00:29.109Z"}
{level:"info", message:"Fetched products with pagination", timestamp:"2024-10-22T11:00:29.115Z"}
{level:"info", message:"Fetched products with pagination", timestamp:"2024-10-22T11:00:38.319Z"}
{level:"info", message:"Fetched products with pagination", timestamp:"2024-10-22T11:00:41.340Z"}
{level:"info", message:"Fetched products with pagination", timestamp:"2024-10-22T11:00:41.344Z"}
{level:"info", message:"Fetched products with pagination", timestamp:"2024-10-22T11:00:41.977Z"}
{level:"info", message:"Fetched products with pagination", timestamp:"2024-10-22T11:00:41.981Z"}
{level:"info", message:"Fetched products with pagination", timestamp:"2024-10-22T11:00:43.049Z"}
{level:"info", message:"Fetched products with pagination", timestamp:"2024-10-22T11:00:43.053Z"}
{level:"info", message:"Fetched products with pagination", timestamp:"2024-10-22T11:00:44.763Z"}
{level:"info", message:"Fetched products with pagination", timestamp:"2024-10-22T11:00:44.766Z"}
{level:"info", message:"Fetched products with pagination", timestamp:"2024-10-22T11:00:45.277Z"}
{level:"info", message:"Fetched products with pagination", timestamp:"2024-10-22T11:00:45.281Z"}
{level:"info", message:"Fetched products with pagination", timestamp:"2024-10-22T11:00:45.764Z"}
{level:"info", message:"Fetched products with pagination", timestamp:"2024-10-22T11:00:45.767Z"}
{level:"info", message:"Fetched products with pagination", timestamp:"2024-10-22T11:00:51.141Z"}
{level:"info", message:"Token verified successfully", timestamp:"2024-10-22T11:00:58.489Z"}
{level:"info", message:"Token verified successfully", timestamp:"2024-10-22T11:00:58.512Z"}
{level:"info", message:"Review fetched successfully", timestamp:"2024-10-22T11:01:21.383Z"}
{level:"info", message:"Review fetched successfully", timestamp:"2024-10-22T11:01:21.444Z"}
{level:"info", message:"Review fetched successfully", timestamp:"2024-10-22T11:01:26.408Z"}
{level:"info", message:"Review fetched successfully", timestamp:"2024-10-22T11:01:26.423Z"}
{level:"info", message:"Review fetched successfully", timestamp:"2024-10-22T11:01:34.872Z"}
{level:"info", message:"Review fetched successfully", timestamp:"2024-10-22T11:01:34.888Z"}
{level:"info", message:"Review fetched successfully", timestamp:"2024-10-22T11:11:01.609Z"}
{level:"info", message:"Review fetched successfully", timestamp:"2024-10-22T11:11:01.622Z"}
{level:"info", message:"Token verified successfully", timestamp:"2024-10-22T11:11:25.621Z"}
{level:"info", message:"Token verified successfully", timestamp:"2024-10-22T11:11:25.726Z"}
{level:"info", message:"Review fetched successfully", timestamp:"2024-10-22T11:11:25.775Z"}
{level:"info", message:"Review fetched successfully", timestamp:"2024-10-22T11:11:26.044Z"}
{level:"info", message:"Review fetched successfully", timestamp:"2024-10-22T11:11:26.131Z"}
{level:"info", message:"Review fetched successfully", timestamp:"2024-10-22T11:11:26.162Z"}
{level:"info", message:"Token verified successfully", timestamp:"2024-10-22T11:11:47.933Z"}
{level:"info", message:"Token verified successfully", timestamp:"2024-10-22T11:11:48.044Z"}
{level:"info", message:"Review fetched successfully", timestamp:"2024-10-22T11:11:48.408Z"}
{level:"info", message:"Review fetched successfully", timestamp:"2024-10-22T11:11:48.548Z"}
{level:"info", message:"Review fetched successfully", timestamp:"2024-10-22T11:11:48.640Z"}
{level:"info", message:"Review fetched successfully", timestamp:"2024-10-22T11:11:48.651Z"}
{level:"info", message:"Token verified successfully", timestamp:"2024-10-22T11:12:26.703Z"}
{level:"info", message:"Token verified successfully", timestamp:"2024-10-22T11:12:26.742Z"}
{level:"info", message:"Review fetched successfully", timestamp:"2024-10-22T11:12:26.822Z"}
{level:"info", message:"Review fetched successfully", timestamp:"2024-10-22T11:12:26.947Z"}
{level:"info", message:"Review fetched successfully", timestamp:"2024-10-22T11:12:27.028Z"}
{level:"info", message:"Review fetched successfully", timestamp:"2024-10-22T11:12:27.083Z"}
{level:"info", message:"Token verified successfully", timestamp:"2024-10-22T11:12:50.080Z"}
{level:"info", message:"Token verified successfully", timestamp:"2024-10-22T11:12:50.139Z"}
{level:"info", message:"Review fetched successfully", timestamp:"2024-10-22T11:12:51.385Z"}
{level:"info", message:"Review fetched successfully", timestamp:"2024-10-22T11:12:51.396Z"}
{level:"info", message:"Review fetched successfully", timestamp:"2024-10-22T11:12:55.597Z"}
{level:"info", message:"Review fetched successfully", timestamp:"2024-10-22T11:12:55.612Z"}
{level:"info", message:"Review fetched successfully", timestamp:"2024-10-22T11:13:06.498Z"}
{level:"info", message:"Review fetched successfully", timestamp:"2024-10-22T11:13:06.525Z"}
{level:"warn", message:"Token verification failed", timestamp:"2024-10-22T11:14:19.896Z"}
{level:"warn", message:"Token verification failed", timestamp:"2024-10-22T11:14:19.917Z"}
{level:"info", message:"User logged in successfully", timestamp:"2024-10-22T11:14:21.712Z"}
{level:"info", message:"Token verified successfully", timestamp:"2024-10-22T11:14:41.473Z"}
{level:"info", message:"Token verified successfully", timestamp:"2024-10-22T11:14:41.495Z"}
{level:"info", message:"Fetched products with pagination", timestamp:"2024-10-22T11:14:44.736Z"}
{level:"info", message:"Fetched products with pagination", timestamp:"2024-10-22T11:14:44.750Z"}
{level:"info", message:"Token verified successfully", timestamp:"2024-10-22T11:15:19.199Z"}
{level:"info", message:"Product created successfully", timestamp:"2024-10-22T11:15:21.367Z"}
{level:"info", message:"Token verified successfully", timestamp:"2024-10-22T11:16:07.685Z"}
{level:"info", message:"Token verified successfully", timestamp:"2024-10-22T11:16:07.780Z"}
{level:"info", message:"Token verified successfully", timestamp:"2024-10-22T11:16:10.094Z"}
{level:"info", message:"Fetched orders for shop", timestamp:"2024-10-22T11:16:10.105Z"}
{level:"info", message:"Token verified successfully", timestamp:"2024-10-22T11:16:10.131Z"}
{level:"info", message:"Fetched orders for shop", timestamp:"2024-10-22T11:16:10.160Z"}
{level:"info", message:"Token verified successfully", timestamp:"2024-10-22T11:16:45.651Z"}
{level:"info", message:"Fetched orders for shop", timestamp:"2024-10-22T11:16:45.658Z"}
{level:"info", message:"Token verified successfully", timestamp:"2024-10-22T11:16:45.697Z"}
{level:"info", message:"Fetched orders for shop", timestamp:"2024-10-22T11:16:45.706Z"}
{level:"info", message:"Token verified successfully", timestamp:"2024-10-22T11:16:47.800Z"}
{level:"info", message:"Fetched orders for shop", timestamp:"2024-10-22T11:16:47.809Z"}
{level:"info", message:"Token verified successfully", timestamp:"2024-10-22T11:16:47.820Z"}
{level:"info", message:"Fetched orders for shop", timestamp:"2024-10-22T11:16:47.840Z"}
{level:"info", message:"Token verified successfully", timestamp:"2024-10-22T11:17:12.076Z"}
{level:"info", message:"Product created successfully", timestamp:"2024-10-22T11:17:14.260Z"}
{level:"info", message:"Fetched products with pagination", timestamp:"2024-10-22T11:18:22.783Z"}
{level:"info", message:"Fetched products with pagination", timestamp:"2024-10-22T11:18:22.800Z"}
{level:"info", message:"Fetched reviews for product", timestamp:"2024-10-22T11:18:27.646Z"}
{level:"info", message:"Fetched reviews for product", timestamp:"2024-10-22T11:18:27.677Z"}
{level:"info", message:"Fetched single product", timestamp:"2024-10-22T11:18:27.685Z"}
{level:"info", message:"Fetched single product", timestamp:"2024-10-22T11:18:27.693Z"}
{level:"info", message:"Fetched reviews for product", timestamp:"2024-10-22T11:18:27.705Z"}
{level:"info", message:"Fetched products with pagination", timestamp:"2024-10-22T11:18:35.722Z"}
{level:"info", message:"Fetched products with pagination", timestamp:"2024-10-22T11:18:35.743Z"}
{level:"info", message:"Fetched single product", timestamp:"2024-10-22T11:18:37.097Z"}
{level:"info", message:"Fetched reviews for product", timestamp:"2024-10-22T11:18:37.102Z"}
{level:"info", message:"Fetched single product", timestamp:"2024-10-22T11:18:37.113Z"}
{level:"info", message:"Fetched reviews for product", timestamp:"2024-10-22T11:18:37.117Z"}
{level:"info", message:"Fetched reviews for product", timestamp:"2024-10-22T11:18:37.131Z"}
{level:"info", message:"Fetched products with pagination", timestamp:"2024-10-22T11:18:39.422Z"}
{level:"info", message:"Fetched products with pagination", timestamp:"2024-10-22T11:18:39.448Z"}
{level:"info", message:"Fetched reviews for product", timestamp:"2024-10-22T11:18:40.862Z"}
{level:"info", message:"Fetched single product", timestamp:"2024-10-22T11:18:40.864Z"}
{level:"info", message:"Fetched reviews for product", timestamp:"2024-10-22T11:18:40.876Z"}
{level:"info", message:"Fetched single product", timestamp:"2024-10-22T11:18:40.888Z"}
{level:"info", message:"Fetched reviews for product", timestamp:"2024-10-22T11:18:40.891Z"}
{level:"info", message:"Fetched products with pagination", timestamp:"2024-10-22T11:18:42.078Z"}
{level:"info", message:"Fetched products with pagination", timestamp:"2024-10-22T11:18:42.098Z"}
{level:"info", message:"Fetched single product", timestamp:"2024-10-22T11:18:43.111Z"}
{level:"info", message:"Fetched reviews for product", timestamp:"2024-10-22T11:18:43.113Z"}
{level:"info", message:"Fetched single product", timestamp:"2024-10-22T11:18:43.122Z"}
{level:"info", message:"Fetched reviews for product", timestamp:"2024-10-22T11:18:43.137Z"}
{level:"info", message:"Fetched reviews for product", timestamp:"2024-10-22T11:18:43.144Z"}
{level:"info", message:"Fetched products with pagination", timestamp:"2024-10-22T11:18:45.285Z"}
{level:"info", message:"Fetched products with pagination", timestamp:"2024-10-22T11:18:45.313Z"}
{level:"info", message:"Fetched single product", timestamp:"2024-10-22T11:18:45.987Z"}
{level:"info", message:"Fetched reviews for product", timestamp:"2024-10-22T11:18:45.992Z"}
{level:"info", message:"Fetched reviews for product", timestamp:"2024-10-22T11:18:46.012Z"}
{level:"info", message:"Fetched single product", timestamp:"2024-10-22T11:18:46.018Z"}
{level:"info", message:"Fetched reviews for product", timestamp:"2024-10-22T11:18:46.030Z"}
{level:"info", message:"Fetched products with pagination", timestamp:"2024-10-22T11:18:55.656Z"}
{level:"info", message:"Fetched products with pagination", timestamp:"2024-10-22T11:18:55.677Z"}
{level:"info", message:"Fetched reviews for product", timestamp:"2024-10-22T11:18:58.379Z"}
{level:"info", message:"Fetched reviews for product", timestamp:"2024-10-22T11:18:58.400Z"}
{level:"info", message:"Fetched single product", timestamp:"2024-10-22T11:18:58.403Z"}
{level:"info", message:"Fetched single product", timestamp:"2024-10-22T11:18:58.412Z"}
{level:"info", message:"Fetched reviews for product", timestamp:"2024-10-22T11:18:58.418Z"}
{level:"info", message:"Fetched products with pagination", timestamp:"2024-10-22T11:19:05.093Z"}
{level:"info", message:"Fetched products with pagination", timestamp:"2024-10-22T11:19:05.123Z"}
{level:"info", message:"Fetched reviews for product", timestamp:"2024-10-22T11:19:06.231Z"}
{level:"info", message:"Fetched single product", timestamp:"2024-10-22T11:19:06.234Z"}
{level:"info", message:"Fetched single product", timestamp:"2024-10-22T11:19:06.254Z"}
{level:"info", message:"Fetched reviews for product", timestamp:"2024-10-22T11:19:06.256Z"}
{level:"info", message:"Fetched reviews for product", timestamp:"2024-10-22T11:19:06.274Z"}
{level:"info", message:"Token verified successfully", timestamp:"2024-10-22T11:25:02.301Z"}
{level:"info", message:"Token verified successfully", timestamp:"2024-10-22T11:25:02.474Z"}
{level:"info", message:"Token verified successfully", timestamp:"2024-10-22T11:25:22.269Z"}
{level:"info", message:"Product created successfully", timestamp:"2024-10-22T11:25:24.599Z"}
{level:"info", message:"Token verified successfully", timestamp:"2024-10-22T11:25:47.884Z"}
{level:"info", message:"Product created successfully", timestamp:"2024-10-22T11:25:49.439Z"}
{level:"info", message:"Fetched reviews for product", timestamp:"2024-10-22T11:27:27.596Z"}
{level:"error", message:"Error fetching single product", timestamp:"2024-10-22T11:27:27.604Z"}
{level:"info", message:"Fetched reviews for product", timestamp:"2024-10-22T11:27:27.620Z"}
{level:"error", message:"Error fetching single product", timestamp:"2024-10-22T11:27:27.642Z"}
{level:"info", message:"Token verified successfully", timestamp:"2024-10-22T11:27:45.723Z"}
{level:"info", message:"Fetched products with pagination", timestamp:"2024-10-22T11:28:22.417Z"}
{level:"info", message:"Fetched products with pagination", timestamp:"2024-10-22T11:28:22.443Z"}
{level:"info", message:"Fetched products with pagination", timestamp:"2024-10-22T11:29:34.046Z"}
{level:"info", message:"Fetched products with pagination", timestamp:"2024-10-22T11:29:34.090Z"}
{level:"info", message:"Fetched products with pagination", timestamp:"2024-10-22T11:29:58.630Z"}
{level:"info", message:"Fetched products with pagination", timestamp:"2024-10-22T11:29:58.682Z"}
{level:"error", message:"Error fetching single product", timestamp:"2024-10-22T11:30:48.607Z"}
{level:"info", message:"Fetched single product", timestamp:"2024-10-22T11:35:48.626Z"}
{level:"info", message:"Token verified successfully", timestamp:"2024-10-22T11:38:25.260Z"}
{level:"info", message:"Fetched single product", timestamp:"2024-10-22T11:42:21.969Z"}
{level:"info", message:"Fetched single product", timestamp:"2024-10-22T11:42:36.619Z"}
{level:"info", message:"Token verified successfully", timestamp:"2024-10-22T11:44:27.333Z"}
{level:"info", message:"Fetched single product", timestamp:"2024-10-22T11:44:27.352Z"}
{level:"info", message:"Token verified successfully", timestamp:"2024-10-22T11:44:27.435Z"}
{level:"info", message:"Fetched single product", timestamp:"2024-10-22T11:44:27.444Z"}
{level:"info", message:"Fetched single product", timestamp:"2024-10-22T11:44:55.601Z"}
{level:"info", message:"Token verified successfully", timestamp:"2024-10-22T11:50:21.881Z"}
{level:"info", message:"Fetched single product", timestamp:"2024-10-22T11:50:21.910Z"}
{level:"info", message:"Token verified successfully", timestamp:"2024-10-22T11:50:21.982Z"}
{level:"info", message:"Fetched single product", timestamp:"2024-10-22T11:50:21.990Z"}
{level:"info", message:"Fetched single product", timestamp:"2024-10-22T11:50:59.028Z"}
{level:"info", message:"Fetched single product", timestamp:"2024-10-22T11:57:58.522Z"}
{level:"warn", message:"Token verification failed", timestamp:"2024-10-22T11:57:58.559Z"}
{level:"warn", message:"Token verification failed", timestamp:"2024-10-22T11:57:58.574Z"}
{level:"info", message:"Fetched single product", timestamp:"2024-10-22T11:57:58.584Z"}
{level:"warn", message:"Token verification failed", timestamp:"2024-10-22T12:00:41.530Z"}
{level:"info", message:"Fetched single product", timestamp:"2024-10-22T12:00:41.574Z"}
{level:"warn", message:"Token verification failed", timestamp:"2024-10-22T12:00:41.588Z"}
{level:"info", message:"Fetched single product", timestamp:"2024-10-22T12:00:41.637Z"}
{level:"info", message:"User logged in successfully", timestamp:"2024-10-22T12:00:54.938Z"}
{level:"info", message:"Review fetched successfully", timestamp:"2024-10-22T12:00:58.001Z"}
{level:"info", message:"Review fetched successfully", timestamp:"2024-10-22T12:00:58.087Z"}
{level:"info", message:"Fetched products with pagination", timestamp:"2024-10-22T12:01:03.688Z"}
{level:"info", message:"Fetched products with pagination", timestamp:"2024-10-22T12:01:03.769Z"}
{level:"info", message:"Fetched single product", timestamp:"2024-10-22T12:01:06.612Z"}
{level:"info", message:"Fetched single product", timestamp:"2024-10-22T12:01:06.671Z"}
{level:"info", message:"Fetched single product", timestamp:"2024-10-22T12:01:15.230Z"}
{level:"info", message:"Token verified successfully", timestamp:"2024-10-22T12:01:15.304Z"}
{level:"info", message:"Fetched single product", timestamp:"2024-10-22T12:01:15.417Z"}
{level:"info", message:"Token verified successfully", timestamp:"2024-10-22T12:01:15.424Z"}
{level:"warn", message:"Authorization header is missing", timestamp:"2024-10-22T12:01:34.582Z"}
{level:"error", message:"Error while fetching reviews", timestamp:"2024-10-22T12:06:12.446Z"}
{level:"error", message:"Error while fetching reviews", timestamp:"2024-10-22T12:06:44.793Z"}
{level:"info", message:"Fetched reviews for product", timestamp:"2024-10-22T12:07:35.205Z"}
{level:"info", message:"Fetched reviews for product", timestamp:"2024-10-22T12:08:10.599Z"}
{level:"info", message:"Fetched reviews for product", timestamp:"2024-10-22T12:08:22.272Z"}
{level:"info", message:"Token verified successfully", timestamp:"2024-10-22T12:08:22.359Z"}
{level:"info", message:"Fetched single product", timestamp:"2024-10-22T12:08:22.378Z"}
{level:"info", message:"Fetched reviews for product", timestamp:"2024-10-22T12:08:22.424Z"}
{level:"info", message:"Token verified successfully", timestamp:"2024-10-22T12:08:22.622Z"}
{level:"info", message:"Fetched single product", timestamp:"2024-10-22T12:08:22.627Z"}
{level:"info", message:"Fetched reviews for product", timestamp:"2024-10-22T12:08:22.723Z"}
{level:"info", message:"Fetched reviews for product", timestamp:"2024-10-22T12:09:22.661Z"}
{level:"info", message:"Fetched single product", timestamp:"2024-10-22T12:09:22.665Z"}
{level:"info", message:"Token verified successfully", timestamp:"2024-10-22T12:09:22.670Z"}
{level:"info", message:"Fetched reviews for product", timestamp:"2024-10-22T12:09:22.744Z"}
{level:"info", message:"Fetched single product", timestamp:"2024-10-22T12:09:22.838Z"}
{level:"info", message:"Token verified successfully", timestamp:"2024-10-22T12:09:22.842Z"}
{level:"info", message:"Fetched reviews for product", timestamp:"2024-10-22T12:09:22.939Z"}
{level:"warn", message:"Token verification failed", timestamp:"2024-10-22T12:10:32.089Z"}
{level:"info", message:"Token verified successfully", timestamp:"2024-10-22T12:10:47.185Z"}
{level:"info", message:"Order created", timestamp:"2024-10-22T12:10:47.234Z"}
{level:"info", message:"Fetched reviews for product", timestamp:"2024-10-22T12:10:51.768Z"}
{level:"info", message:"Fetched reviews for product", timestamp:"2024-10-22T12:10:51.799Z"}
{level:"info", message:"Token verified successfully", timestamp:"2024-10-22T12:10:51.811Z"}
{level:"info", message:"Fetched single product", timestamp:"2024-10-22T12:10:51.981Z"}
{level:"info", message:"Token verified successfully", timestamp:"2024-10-22T12:10:52.128Z"}
{level:"info", message:"Fetched single product", timestamp:"2024-10-22T12:10:52.132Z"}
{level:"info", message:"Fetched reviews for product", timestamp:"2024-10-22T12:10:52.174Z"}
{level:"info", message:"Review fetched successfully", timestamp:"2024-10-22T12:10:56.726Z"}
{level:"info", message:"Review fetched successfully", timestamp:"2024-10-22T12:10:56.789Z"}
{level:"info", message:"Token verified successfully", timestamp:"2024-10-22T12:11:02.026Z"}
{level:"info", message:"Token verified successfully", timestamp:"2024-10-22T12:11:02.483Z"}
{level:"info", message:"Token verified successfully", timestamp:"2024-10-22T12:11:03.710Z"}
{level:"info", message:"Fetched orders for shop", timestamp:"2024-10-22T12:11:03.719Z"}
{level:"info", message:"Token verified successfully", timestamp:"2024-10-22T12:11:03.733Z"}
{level:"info", message:"Fetched orders for shop", timestamp:"2024-10-22T12:11:03.752Z"}
{level:"info", message:"Order updated successfully", timestamp:"2024-10-22T12:11:09.584Z"}
{level:"info", message:"Token verified successfully", timestamp:"2024-10-22T12:11:09.613Z"}
{level:"info", message:"Fetched orders for shop", timestamp:"2024-10-22T12:11:09.626Z"}
{level:"info", message:"Token verified successfully", timestamp:"2024-10-22T12:11:12.597Z"}
{level:"info", message:"Token verified successfully", timestamp:"2024-10-22T12:11:12.638Z"}
{level:"info", message:"Review fetched successfully", timestamp:"2024-10-22T12:11:13.225Z"}
{level:"info", message:"Review fetched successfully", timestamp:"2024-10-22T12:11:13.296Z"}
{level:"info", message:"Review fetched successfully", timestamp:"2024-10-22T12:13:10.182Z"}
{level:"info", message:"Review fetched successfully", timestamp:"2024-10-22T12:13:10.326Z"}
{level:"info", message:"Token verified successfully", timestamp:"2024-10-22T12:13:47.395Z"}
{level:"info", message:"Token verified successfully", timestamp:"2024-10-22T12:13:47.551Z"}
{level:"info", message:"Review fetched successfully", timestamp:"2024-10-22T12:13:48.746Z"}
{level:"info", message:"Review fetched successfully", timestamp:"2024-10-22T12:13:49.030Z"}
{level:"info", message:"Token verified successfully", timestamp:"2024-10-22T12:14:10.613Z"}
{level:"info", message:"Review fetched successfully", timestamp:"2024-10-22T12:14:12.867Z"}
{level:"info", message:"Review fetched successfully", timestamp:"2024-10-22T12:14:12.920Z"}
{level:"info", message:"Token verified successfully", timestamp:"2024-10-22T12:14:45.922Z"}
{level:"info", message:"Token verified successfully", timestamp:"2024-10-22T12:14:46.046Z"}
{level:"info", message:"Review fetched successfully", timestamp:"2024-10-22T12:14:47.180Z"}
{level:"info", message:"Review fetched successfully", timestamp:"2024-10-22T12:14:47.405Z"}
{level:"info", message:"Review fetched successfully", timestamp:"2024-10-22T12:15:17.089Z"}
{level:"info", message:"Review fetched successfully", timestamp:"2024-10-22T12:15:17.216Z"}
{level:"info", message:"Fetched single product", timestamp:"2024-10-22T12:15:18.059Z"}
{level:"info", message:"Fetched single product", timestamp:"2024-10-22T12:15:18.181Z"}
{level:"info", message:"Review fetched successfully", timestamp:"2024-10-22T12:15:48.685Z"}
{level:"info", message:"Review fetched successfully", timestamp:"2024-10-22T12:15:48.874Z"}
{level:"info", message:"Fetched single product", timestamp:"2024-10-22T12:15:50.665Z"}
{level:"info", message:"Fetched single product", timestamp:"2024-10-22T12:15:50.726Z"}
{level:"info", message:"Review fetched successfully", timestamp:"2024-10-22T12:15:52.232Z"}
{level:"info", message:"Review fetched successfully", timestamp:"2024-10-22T12:15:52.441Z"}
{level:"info", message:"Token verified successfully", timestamp:"2024-10-22T12:15:54.181Z"}
{level:"info", message:"Token verified successfully", timestamp:"2024-10-22T12:15:54.322Z"}
{level:"info", message:"Review fetched successfully", timestamp:"2024-10-22T12:15:55.130Z"}
{level:"info", message:"Review fetched successfully", timestamp:"2024-10-22T12:15:55.322Z"}
{level:"info", message:"Fetched single product", timestamp:"2024-10-22T12:15:56.015Z"}
{level:"info", message:"Fetched single product", timestamp:"2024-10-22T12:15:56.077Z"}
{level:"info", message:"Review fetched successfully", timestamp:"2024-10-22T12:15:57.575Z"}
{level:"info", message:"Review fetched successfully", timestamp:"2024-10-22T12:15:57.684Z"}
{level:"info", message:"Fetched products with pagination", timestamp:"2024-10-22T12:16:01.435Z"}
{level:"info", message:"Fetched products with pagination", timestamp:"2024-10-22T12:16:01.527Z"}
{level:"info", message:"Fetched reviews for product", timestamp:"2024-10-22T12:16:02.444Z"}
{level:"info", message:"Fetched single product", timestamp:"2024-10-22T12:16:02.450Z"}
{level:"info", message:"Fetched reviews for product", timestamp:"2024-10-22T12:16:02.530Z"}
{level:"info", message:"Fetched single product", timestamp:"2024-10-22T12:16:02.534Z"}
{level:"info", message:"Fetched reviews for product", timestamp:"2024-10-22T12:16:02.605Z"}
{level:"info", message:"Fetched products with pagination", timestamp:"2024-10-22T12:16:06.247Z"}
{level:"info", message:"Fetched products with pagination", timestamp:"2024-10-22T12:16:06.318Z"}
{level:"info", message:"Fetched reviews for product", timestamp:"2024-10-22T12:16:07.033Z"}
{level:"info", message:"Fetched reviews for product", timestamp:"2024-10-22T12:16:07.123Z"}
{level:"info", message:"Fetched single product", timestamp:"2024-10-22T12:16:07.161Z"}
{level:"info", message:"Fetched single product", timestamp:"2024-10-22T12:16:07.251Z"}
{level:"info", message:"Fetched reviews for product", timestamp:"2024-10-22T12:16:07.292Z"}
{level:"info", message:"Fetched products with pagination", timestamp:"2024-10-22T12:16:10.615Z"}
{level:"info", message:"Fetched products with pagination", timestamp:"2024-10-22T12:16:10.706Z"}
{level:"info", message:"Review fetched successfully", timestamp:"2024-10-22T12:16:12.931Z"}
{level:"info", message:"Review fetched successfully", timestamp:"2024-10-22T12:16:13.060Z"}
{level:"info", message:"Fetched single product", timestamp:"2024-10-22T12:16:17.164Z"}
{level:"info", message:"Fetched single product", timestamp:"2024-10-22T12:16:17.287Z"}
{level:"info", message:"Fetched single product", timestamp:"2024-10-22T12:19:00.601Z"}
{level:"info", message:"Token verified successfully", timestamp:"2024-10-22T12:19:04.280Z"}
{level:"info", message:"Review created successfully", timestamp:"2024-10-22T12:19:10.555Z"}
{level:"info", message:"Token verified successfully", timestamp:"2024-10-22T12:19:29.360Z"}
{level:"warn", message:"User has already reviewed this product", timestamp:"2024-10-22T12:19:30.458Z"}
{level:"info", message:"Token verified successfully", timestamp:"2024-10-22T12:19:42.048Z"}
{level:"info", message:"Fetched reviews for product", timestamp:"2024-10-22T12:19:42.051Z"}
{level:"info", message:"Fetched single product", timestamp:"2024-10-22T12:19:42.053Z"}
{level:"info", message:"Token verified successfully", timestamp:"2024-10-22T12:19:42.083Z"}
{level:"info", message:"Fetched single product", timestamp:"2024-10-22T12:19:42.101Z"}
{level:"info", message:"Fetched reviews for product", timestamp:"2024-10-22T12:19:42.108Z"}
{level:"info", message:"Fetched reviews for product", timestamp:"2024-10-22T12:19:42.182Z"}
{level:"info", message:"Token verified successfully", timestamp:"2024-10-22T12:20:02.962Z"}
{level:"info", message:"Fetched reviews for product", timestamp:"2024-10-22T12:20:02.964Z"}
{level:"info", message:"Fetched single product", timestamp:"2024-10-22T12:20:02.966Z"}
{level:"info", message:"Fetched single product", timestamp:"2024-10-22T12:20:03.025Z"}
{level:"info", message:"Token verified successfully", timestamp:"2024-10-22T12:20:03.030Z"}
{level:"info", message:"Fetched reviews for product", timestamp:"2024-10-22T12:20:03.057Z"}
{level:"info", message:"Fetched reviews for product", timestamp:"2024-10-22T12:20:03.095Z"}
{level:"warn", message:"Token verification failed", timestamp:"2024-10-22T12:20:08.259Z"}
{level:"warn", message:"Token verification failed", timestamp:"2024-10-22T12:20:08.330Z"}
{level:"info", message:"User logged in successfully", timestamp:"2024-10-22T12:20:11.047Z"}
{level:"info", message:"Token verified successfully", timestamp:"2024-10-22T12:20:12.073Z"}
{level:"info", message:"Fetched orders for shop", timestamp:"2024-10-22T12:20:12.080Z"}
{level:"info", message:"Token verified successfully", timestamp:"2024-10-22T12:20:12.139Z"}
{level:"info", message:"Fetched orders for shop", timestamp:"2024-10-22T12:20:12.168Z"}
{level:"info", message:"Token verified successfully", timestamp:"2024-10-22T12:20:16.321Z"}
{level:"info", message:"Token verified successfully", timestamp:"2024-10-22T12:20:16.594Z"}
{level:"info", message:"Token verified successfully", timestamp:"2024-10-22T12:20:17.356Z"}
{level:"info", message:"Fetched orders for shop", timestamp:"2024-10-22T12:20:17.362Z"}
{level:"info", message:"Token verified successfully", timestamp:"2024-10-22T12:20:17.372Z"}
{level:"info", message:"Fetched orders for shop", timestamp:"2024-10-22T12:20:17.426Z"}
{level:"info", message:"Review fetched successfully", timestamp:"2024-10-22T12:20:29.053Z"}
{level:"info", message:"Review fetched successfully", timestamp:"2024-10-22T12:20:29.163Z"}
{level:"info", message:"Token verified successfully", timestamp:"2024-10-22T12:20:31.548Z"}
{level:"info", message:"Token verified successfully", timestamp:"2024-10-22T12:20:31.591Z"}
{level:"info", message:"Review fetched successfully", timestamp:"2024-10-22T12:20:32.714Z"}
{level:"info", message:"Review fetched successfully", timestamp:"2024-10-22T12:20:32.773Z"}
{level:"info", message:"Fetched single product", timestamp:"2024-10-22T12:20:34.675Z"}
{level:"info", message:"Fetched single product", timestamp:"2024-10-22T12:20:34.698Z"}
{level:"info", message:"Token verified successfully", timestamp:"2024-10-22T12:20:45.602Z"}
{level:"info", message:"Review created successfully", timestamp:"2024-10-22T12:20:47.355Z"}
{level:"info", message:"Fetched single product", timestamp:"2024-10-22T12:20:57.630Z"}
{level:"info", message:"Token verified successfully", timestamp:"2024-10-22T12:21:07.923Z"}
{level:"info", message:"Token verified successfully", timestamp:"2024-10-22T12:21:08.050Z"}
{level:"info", message:"Review fetched successfully", timestamp:"2024-10-22T12:21:09.430Z"}
{level:"info", message:"Review fetched successfully", timestamp:"2024-10-22T12:21:09.441Z"}
{level:"info", message:"Fetched single product", timestamp:"2024-10-22T12:21:11.079Z"}
{level:"info", message:"Fetched single product", timestamp:"2024-10-22T12:21:11.101Z"}
{level:"info", message:"Token verified successfully", timestamp:"2024-10-22T12:21:22.386Z"}
{level:"info", message:"Review created successfully", timestamp:"2024-10-22T12:21:24.016Z"}
{level:"info", message:"Fetched reviews for product", timestamp:"2024-10-22T12:21:24.097Z"}
{level:"info", message:"Fetched single product", timestamp:"2024-10-22T12:21:24.102Z"}
{level:"info", message:"Fetched single product", timestamp:"2024-10-22T12:21:24.148Z"}
{level:"info", message:"Fetched reviews for product", timestamp:"2024-10-22T12:21:24.151Z"}
{level:"info", message:"Fetched reviews for product", timestamp:"2024-10-22T12:21:24.182Z"}
{level:"info", message:"Fetched single product", timestamp:"2024-10-22T12:21:32.490Z"}
{level:"info", message:"Fetched single product", timestamp:"2024-10-22T12:21:32.529Z"}
{level:"info", message:"Review fetched successfully", timestamp:"2024-10-22T12:21:34.512Z"}
{level:"info", message:"Review fetched successfully", timestamp:"2024-10-22T12:21:34.536Z"}
{level:"info", message:"Fetched products with pagination", timestamp:"2024-10-22T12:21:57.652Z"}
{level:"info", message:"Fetched products with pagination", timestamp:"2024-10-22T12:21:57.670Z"}
{level:"info", message:"Fetched reviews for product", timestamp:"2024-10-22T12:22:00.155Z"}
{level:"info", message:"Fetched single product", timestamp:"2024-10-22T12:22:00.159Z"}
{level:"info", message:"Fetched reviews for product", timestamp:"2024-10-22T12:22:00.199Z"}
{level:"info", message:"Fetched reviews for product", timestamp:"2024-10-22T12:22:00.255Z"}
{level:"info", message:"Fetched single product", timestamp:"2024-10-22T12:22:00.270Z"}
{level:"info", message:"Fetched products with pagination", timestamp:"2024-10-22T12:22:04.419Z"}
{level:"info", message:"Fetched products with pagination", timestamp:"2024-10-22T12:22:04.459Z"}
{level:"info", message:"Fetched reviews for product", timestamp:"2024-10-22T12:22:05.194Z"}
{level:"info", message:"Fetched single product", timestamp:"2024-10-22T12:22:05.203Z"}
{level:"info", message:"Fetched reviews for product", timestamp:"2024-10-22T12:22:05.231Z"}
{level:"info", message:"Fetched single product", timestamp:"2024-10-22T12:22:05.293Z"}
{level:"info", message:"Fetched reviews for product", timestamp:"2024-10-22T12:22:05.297Z"}
{level:"info", message:"Fetched products with pagination", timestamp:"2024-10-22T12:22:08.785Z"}
{level:"info", message:"Fetched products with pagination", timestamp:"2024-10-22T12:22:08.804Z"}
{level:"info", message:"Fetched reviews for product", timestamp:"2024-10-22T12:22:09.485Z"}
{level:"info", message:"Fetched single product", timestamp:"2024-10-22T12:22:09.488Z"}
{level:"info", message:"Fetched reviews for product", timestamp:"2024-10-22T12:22:09.525Z"}
{level:"info", message:"Fetched single product", timestamp:"2024-10-22T12:22:09.538Z"}
{level:"info", message:"Fetched reviews for product", timestamp:"2024-10-22T12:22:09.570Z"}
{level:"info", message:"Fetched products with pagination", timestamp:"2024-10-22T12:30:55.670Z"}
{level:"info", message:"Fetched products with pagination", timestamp:"2024-10-22T12:30:55.727Z"}
{level:"info", message:"Fetched reviews for product", timestamp:"2024-10-22T12:30:57.094Z"}
{level:"info", message:"Fetched single product", timestamp:"2024-10-22T12:30:57.097Z"}
{level:"info", message:"Fetched reviews for product", timestamp:"2024-10-22T12:30:57.115Z"}
{level:"info", message:"Fetched reviews for product", timestamp:"2024-10-22T12:30:57.146Z"}
{level:"info", message:"Fetched single product", timestamp:"2024-10-22T12:30:57.153Z"}
{level:"info", message:"Fetched products with pagination", timestamp:"2024-10-22T12:30:58.324Z"}
{level:"info", message:"Fetched products with pagination", timestamp:"2024-10-22T12:30:58.337Z"}
{level:"info", message:"Fetched reviews for product", timestamp:"2024-10-22T12:30:59.121Z"}
{level:"info", message:"Fetched single product", timestamp:"2024-10-22T12:30:59.126Z"}
{level:"info", message:"Fetched reviews for product", timestamp:"2024-10-22T12:30:59.160Z"}
{level:"info", message:"Fetched single product", timestamp:"2024-10-22T12:30:59.173Z"}
{level:"info", message:"Fetched reviews for product", timestamp:"2024-10-22T12:30:59.179Z"}
{level:"info", message:"Fetched products with pagination", timestamp:"2024-10-22T12:31:01.729Z"}
{level:"info", message:"Fetched products with pagination", timestamp:"2024-10-22T12:31:01.756Z"}
{level:"info", message:"Review fetched successfully", timestamp:"2024-10-22T12:31:18.782Z"}
{level:"info", message:"Review fetched successfully", timestamp:"2024-10-22T12:31:18.797Z"}
{level:"info", message:"Fetched single product", timestamp:"2024-10-22T12:31:31.651Z"}
{level:"info", message:"Fetched single product", timestamp:"2024-10-22T12:31:31.676Z"}
{level:"info", message:"Token verified successfully", timestamp:"2024-10-22T12:34:49.453Z"}
{level:"info", message:"Review created successfully", timestamp:"2024-10-22T12:34:51.654Z"}
{level:"info", message:"Fetched reviews for product", timestamp:"2024-10-22T12:34:51.694Z"}
{level:"info", message:"Fetched reviews for product", timestamp:"2024-10-22T12:34:51.716Z"}
{level:"info", message:"Fetched single product", timestamp:"2024-10-22T12:34:51.728Z"}
{level:"info", message:"Fetched single product", timestamp:"2024-10-22T12:34:51.746Z"}
{level:"info", message:"Fetched reviews for product", timestamp:"2024-10-22T12:34:51.764Z"}
{level:"info", message:"Fetched reviews for product", timestamp:"2024-10-22T12:36:52.834Z"}
{level:"info", message:"Token verified successfully", timestamp:"2024-10-22T12:36:52.850Z"}
{level:"info", message:"Fetched single product", timestamp:"2024-10-22T12:36:52.854Z"}
{level:"info", message:"Token verified successfully", timestamp:"2024-10-22T12:36:52.891Z"}
{level:"info", message:"Fetched single product", timestamp:"2024-10-22T12:36:52.905Z"}
{level:"info", message:"Fetched reviews for product", timestamp:"2024-10-22T12:36:52.914Z"}
{level:"info", message:"Fetched reviews for product", timestamp:"2024-10-22T12:36:52.956Z"}
{level:"info", message:"Fetched single product", timestamp:"2024-10-22T12:50:46.632Z"}
{level:"info", message:"Token verified successfully", timestamp:"2024-10-22T12:50:46.648Z"}
{level:"info", message:"Fetched single product", timestamp:"2024-10-22T12:50:46.687Z"}
{level:"info", message:"Fetched reviews for product", timestamp:"2024-10-22T12:50:46.732Z"}
{level:"info", message:"Fetched reviews for product", timestamp:"2024-10-22T12:50:46.747Z"}
{level:"info", message:"Fetched single product", timestamp:"2024-10-22T12:50:46.861Z"}
{level:"info", message:"Token verified successfully", timestamp:"2024-10-22T12:50:46.869Z"}
{level:"info", message:"Fetched single product", timestamp:"2024-10-22T12:50:46.889Z"}
{level:"info", message:"Fetched reviews for product", timestamp:"2024-10-22T12:50:46.918Z"}
{level:"info", message:"Fetched reviews for product", timestamp:"2024-10-22T12:50:46.931Z"}
{level:"info", message:"Fetched single product", timestamp:"2024-10-22T12:50:53.900Z"}
{level:"info", message:"Token verified successfully", timestamp:"2024-10-22T12:50:53.910Z"}
{level:"info", message:"Fetched single product", timestamp:"2024-10-22T12:50:53.919Z"}
{level:"info", message:"Fetched reviews for product", timestamp:"2024-10-22T12:50:53.961Z"}
{level:"info", message:"Token verified successfully", timestamp:"2024-10-22T12:50:53.980Z"}
{level:"info", message:"Fetched reviews for product", timestamp:"2024-10-22T12:50:53.999Z"}
{level:"info", message:"Fetched single product", timestamp:"2024-10-22T12:51:00.423Z"}
{level:"info", message:"Fetched single product", timestamp:"2024-10-22T12:51:00.432Z"}
{level:"info", message:"Review fetched successfully", timestamp:"2024-10-22T12:51:01.403Z"}
{level:"info", message:"Review fetched successfully", timestamp:"2024-10-22T12:51:01.413Z"}
{level:"info", message:"Token verified successfully", timestamp:"2024-10-22T12:51:04.507Z"}
{level:"info", message:"Token verified successfully", timestamp:"2024-10-22T12:51:04.520Z"}
{level:"info", message:"Token verified successfully", timestamp:"2024-10-22T12:51:06.546Z"}
{level:"info", message:"Token verified successfully", timestamp:"2024-10-22T12:51:06.590Z"}
{level:"info", message:"Fetched products with pagination", timestamp:"2024-10-22T12:51:09.313Z"}
{level:"info", message:"Fetched products with pagination", timestamp:"2024-10-22T12:51:09.338Z"}
{level:"info", message:"Fetched single product", timestamp:"2024-10-22T12:51:10.277Z"}
{level:"info", message:"Fetched single product", timestamp:"2024-10-22T12:51:10.310Z"}
{level:"info", message:"Fetched reviews for product", timestamp:"2024-10-22T12:51:10.327Z"}
{level:"info", message:"Fetched reviews for product", timestamp:"2024-10-22T12:51:10.353Z"}
{level:"info", message:"Fetched single product", timestamp:"2024-10-22T12:52:03.428Z"}
{level:"info", message:"Fetched reviews for product", timestamp:"2024-10-22T12:52:03.442Z"}
{level:"info", message:"Fetched reviews for product", timestamp:"2024-10-22T12:52:03.462Z"}
{level:"info", message:"Fetched products with pagination", timestamp:"2024-10-22T12:52:04.301Z"}
{level:"info", message:"Fetched products with pagination", timestamp:"2024-10-22T12:52:04.341Z"}
{level:"info", message:"Fetched single product", timestamp:"2024-10-22T12:52:09.114Z"}
{level:"info", message:"Fetched single product", timestamp:"2024-10-22T12:52:09.168Z"}
{level:"info", message:"Fetched reviews for product", timestamp:"2024-10-22T12:52:09.171Z"}
{level:"info", message:"Fetched reviews for product", timestamp:"2024-10-22T12:52:09.193Z"}
{level:"info", message:"Fetched single product", timestamp:"2024-10-22T12:52:13.552Z"}
{level:"info", message:"Fetched reviews for product", timestamp:"2024-10-22T12:52:13.615Z"}
{level:"info", message:"Fetched reviews for product", timestamp:"2024-10-22T12:52:13.645Z"}
{level:"info", message:"Fetched single product", timestamp:"2024-10-22T12:56:25.619Z"}
{level:"info", message:"Token verified successfully", timestamp:"2024-10-22T12:56:25.654Z"}
{level:"info", message:"Fetched single product", timestamp:"2024-10-22T12:56:25.681Z"}
{level:"info", message:"Token verified successfully", timestamp:"2024-10-22T12:56:25.710Z"}
{level:"info", message:"Fetched reviews for product", timestamp:"2024-10-22T12:56:25.812Z"}
{level:"info", message:"Fetched reviews for product", timestamp:"2024-10-22T12:56:25.825Z"}
{level:"info", message:"Fetched single product", timestamp:"2024-10-22T12:56:29.110Z"}
{level:"info", message:"Token verified successfully", timestamp:"2024-10-22T12:56:29.156Z"}
{level:"info", message:"Fetched single product", timestamp:"2024-10-22T12:56:29.366Z"}
{level:"info", message:"Token verified successfully", timestamp:"2024-10-22T12:56:29.643Z"}
{level:"info", message:"Fetched reviews for product", timestamp:"2024-10-22T12:56:29.646Z"}
{level:"info", message:"Fetched reviews for product", timestamp:"2024-10-22T12:56:29.701Z"}
{level:"info", message:"Fetched single product", timestamp:"2024-10-22T12:56:42.325Z"}
{level:"info", message:"Fetched reviews for product", timestamp:"2024-10-22T12:56:42.364Z"}
{level:"info", message:"Fetched reviews for product", timestamp:"2024-10-22T12:56:42.390Z"}
{level:"info", message:"Token verified successfully", timestamp:"2024-10-22T12:56:54.279Z"}
{level:"info", message:"Token verified successfully", timestamp:"2024-10-22T12:56:54.315Z"}
{level:"info", message:"Fetched single product", timestamp:"2024-10-22T12:56:56.252Z"}
{level:"info", message:"Fetched single product", timestamp:"2024-10-22T12:56:56.282Z"}
{level:"info", message:"Fetched reviews for product", timestamp:"2024-10-22T12:56:56.319Z"}
{level:"info", message:"Fetched reviews for product", timestamp:"2024-10-22T12:56:56.330Z"}
{level:"info", message:"Token verified successfully", timestamp:"2024-10-22T12:57:00.444Z"}
{level:"info", message:"Token verified successfully", timestamp:"2024-10-22T12:57:00.464Z"}
{level:"info", message:"Fetched single product", timestamp:"2024-10-22T12:57:02.423Z"}
{level:"info", message:"Fetched single product", timestamp:"2024-10-22T12:57:02.429Z"}
{level:"info", message:"Fetched reviews for product", timestamp:"2024-10-22T12:57:02.459Z"}
{level:"info", message:"Fetched reviews for product", timestamp:"2024-10-22T12:57:02.484Z"}
{level:"info", message:"Token verified successfully", timestamp:"2024-10-22T12:57:10.210Z"}
{level:"info", message:"Token verified successfully", timestamp:"2024-10-22T12:57:10.221Z"}
{level:"info", message:"Fetched single product", timestamp:"2024-10-22T12:57:12.193Z"}
{level:"info", message:"Fetched single product", timestamp:"2024-10-22T12:57:12.206Z"}
{level:"info", message:"Fetched reviews for product", timestamp:"2024-10-22T12:57:12.216Z"}
{level:"info", message:"Fetched reviews for product", timestamp:"2024-10-22T12:57:12.245Z"}
{level:"info", message:"Fetched single product", timestamp:"2024-10-22T12:57:18.622Z"}
{level:"info", message:"Fetched reviews for product", timestamp:"2024-10-22T12:57:18.674Z"}
{level:"info", message:"Fetched reviews for product", timestamp:"2024-10-22T12:57:18.695Z"}
{level:"info", message:"Token verified successfully", timestamp:"2024-10-22T12:57:21.418Z"}
{level:"info", message:"Fetched single product", timestamp:"2024-10-22T12:57:21.421Z"}
{level:"info", message:"Token verified successfully", timestamp:"2024-10-22T12:57:21.453Z"}
{level:"info", message:"Fetched single product", timestamp:"2024-10-22T12:57:21.459Z"}
{level:"info", message:"Fetched reviews for product", timestamp:"2024-10-22T12:57:21.509Z"}
{level:"info", message:"Fetched reviews for product", timestamp:"2024-10-22T12:57:21.545Z"}
{level:"info", message:"Fetched products with pagination", timestamp:"2024-10-22T12:57:28.734Z"}
{level:"info", message:"Fetched products with pagination", timestamp:"2024-10-22T12:57:28.806Z"}
{level:"info", message:"Fetched single product", timestamp:"2024-10-22T12:57:30.326Z"}
{level:"info", message:"Fetched single product", timestamp:"2024-10-22T12:57:30.339Z"}
{level:"info", message:"Fetched reviews for product", timestamp:"2024-10-22T12:57:30.374Z"}
{level:"info", message:"Fetched reviews for product", timestamp:"2024-10-22T12:57:30.389Z"}
{level:"info", message:"Fetched single product", timestamp:"2024-10-22T13:04:36.600Z"}
{level:"info", message:"Fetched reviews for product", timestamp:"2024-10-22T13:04:36.677Z"}
{level:"info", message:"Fetched reviews for product", timestamp:"2024-10-22T13:04:36.689Z"}
{level:"info", message:"Fetched single product", timestamp:"2024-10-22T13:04:48.596Z"}
{level:"info", message:"Fetched reviews for product", timestamp:"2024-10-22T13:04:48.611Z"}
{level:"info", message:"Fetched reviews for product", timestamp:"2024-10-22T13:04:48.618Z"}
{level:"info", message:"Fetched single product", timestamp:"2024-10-22T13:05:14.811Z"}
{level:"info", message:"Fetched single product", timestamp:"2024-10-22T13:05:14.823Z"}
{level:"info", message:"Fetched reviews for product", timestamp:"2024-10-22T13:05:14.842Z"}
{level:"info", message:"Fetched reviews for product", timestamp:"2024-10-22T13:05:14.867Z"}
{level:"info", message:"Fetched single product", timestamp:"2024-10-22T13:05:26.586Z"}
{level:"info", message:"Fetched reviews for product", timestamp:"2024-10-22T13:05:26.623Z"}
{level:"info", message:"Fetched reviews for product", timestamp:"2024-10-22T13:05:26.640Z"}
{level:"info", message:"Fetched single product", timestamp:"2024-10-22T13:05:36.629Z"}
{level:"info", message:"Fetched single product", timestamp:"2024-10-22T13:05:36.654Z"}
{level:"info", message:"Fetched reviews for product", timestamp:"2024-10-22T13:05:36.657Z"}
{level:"info", message:"Fetched reviews for product", timestamp:"2024-10-22T13:05:36.711Z"}
{level:"info", message:"Fetched single product", timestamp:"2024-10-22T13:08:13.661Z"}
{level:"info", message:"Fetched reviews for product", timestamp:"2024-10-22T13:08:13.682Z"}
{level:"info", message:"Fetched single product", timestamp:"2024-10-22T13:08:13.740Z"}
{level:"info", message:"Fetched reviews for product", timestamp:"2024-10-22T13:08:13.750Z"}
{level:"warn", message:"Token verification failed", timestamp:"2024-10-22T13:27:18.655Z"}
{level:"info", message:"Fetched products with pagination", timestamp:"2024-10-22T13:27:46.812Z"}
{level:"info", message:"Fetched products with pagination", timestamp:"2024-10-22T13:27:46.848Z"}
{level:"info", message:"Fetched products with pagination", timestamp:"2024-10-22T13:28:02.601Z"}
{level:"info", message:"Fetched products with pagination", timestamp:"2024-10-22T13:28:23.597Z"}
{level:"info", message:"Fetched products with pagination", timestamp:"2024-10-22T13:28:40.604Z"}
{level:"info", message:"Fetched products with pagination", timestamp:"2024-10-22T13:28:48.521Z"}
{level:"warn", message:"Token verification failed", timestamp:"2024-10-22T13:28:51.012Z"}
{level:"info", message:"Fetched products with pagination", timestamp:"2024-10-22T13:28:51.025Z"}
{level:"warn", message:"Token verification failed", timestamp:"2024-10-22T13:28:51.039Z"}
{level:"info", message:"Fetched products with pagination", timestamp:"2024-10-22T13:28:51.109Z"}
{level:"warn", message:"Token verification failed", timestamp:"2024-10-22T13:28:52.819Z"}
{level:"info", message:"Fetched products with pagination", timestamp:"2024-10-22T13:28:52.824Z"}
{level:"warn", message:"Token verification failed", timestamp:"2024-10-22T13:28:52.880Z"}
{level:"info", message:"Fetched products with pagination", timestamp:"2024-10-22T13:28:52.902Z"}
{level:"warn", message:"Token verification failed", timestamp:"2024-10-22T13:33:44.757Z"}
{level:"warn", message:"Token verification failed", timestamp:"2024-10-22T13:33:44.789Z"}
{level:"info", message:"Fetched products with pagination", timestamp:"2024-10-22T13:33:48.387Z"}
{level:"info", message:"Fetched products with pagination", timestamp:"2024-10-22T13:33:48.417Z"}
{level:"warn", message:"Token verification failed", timestamp:"2024-10-22T13:33:52.381Z"}
{level:"warn", message:"Token verification failed", timestamp:"2024-10-22T13:33:52.408Z"}
{level:"info", message:"Fetched products with pagination", timestamp:"2024-10-22T13:33:52.427Z"}
{level:"info", message:"Fetched products with pagination", timestamp:"2024-10-22T13:33:52.512Z"}
{level:"warn", message:"Token verification failed", timestamp:"2024-10-22T13:33:54.028Z"}
{level:"info", message:"Fetched products with pagination", timestamp:"2024-10-22T13:33:54.040Z"}
{level:"warn", message:"Token verification failed", timestamp:"2024-10-22T13:33:54.053Z"}
{level:"info", message:"Fetched products with pagination", timestamp:"2024-10-22T13:33:54.109Z"}
{level:"warn", message:"Token verification failed", timestamp:"2024-10-22T13:33:54.811Z"}
{level:"info", message:"Fetched products with pagination", timestamp:"2024-10-22T13:33:54.823Z"}
{level:"warn", message:"Token verification failed", timestamp:"2024-10-22T13:33:54.827Z"}
{level:"info", message:"Fetched products with pagination", timestamp:"2024-10-22T13:33:54.877Z"}
{level:"warn", message:"Token verification failed", timestamp:"2024-10-22T13:33:55.175Z"}
{level:"info", message:"Fetched products with pagination", timestamp:"2024-10-22T13:33:55.187Z"}
{level:"warn", message:"Token verification failed", timestamp:"2024-10-22T13:33:55.198Z"}
{level:"info", message:"Fetched products with pagination", timestamp:"2024-10-22T13:33:55.259Z"}
{level:"warn", message:"Token verification failed", timestamp:"2024-10-22T13:33:55.492Z"}
{level:"info", message:"Fetched products with pagination", timestamp:"2024-10-22T13:33:55.496Z"}
{level:"warn", message:"Token verification failed", timestamp:"2024-10-22T13:33:55.509Z"}
{level:"info", message:"Fetched products with pagination", timestamp:"2024-10-22T13:33:55.544Z"}
{level:"warn", message:"Token verification failed", timestamp:"2024-10-22T13:33:56.180Z"}
{level:"info", message:"Fetched products with pagination", timestamp:"2024-10-22T13:33:56.187Z"}
{level:"warn", message:"Token verification failed", timestamp:"2024-10-22T13:33:56.195Z"}
{level:"info", message:"Fetched products with pagination", timestamp:"2024-10-22T13:33:56.288Z"}
{level:"warn", message:"Token verification failed", timestamp:"2024-10-22T13:33:56.510Z"}
{level:"info", message:"Fetched products with pagination", timestamp:"2024-10-22T13:33:56.514Z"}
{level:"warn", message:"Token verification failed", timestamp:"2024-10-22T13:33:56.532Z"}
{level:"info", message:"Fetched products with pagination", timestamp:"2024-10-22T13:33:56.581Z"}
{level:"info", message:"Fetched products with pagination", timestamp:"2024-10-22T13:34:10.590Z"}
{level:"info", message:"Fetched products with pagination", timestamp:"2024-10-22T13:34:10.602Z"}
{level:"warn", message:"Login attempt with incorrect email", timestamp:"2024-10-22T13:34:14.414Z"}
{level:"warn", message:"Token verification failed", timestamp:"2024-10-22T13:34:56.033Z"}
{level:"warn", message:"Token verification failed", timestamp:"2024-10-22T13:34:56.057Z"}
{level:"info", message:"Fetched products with pagination", timestamp:"2024-10-22T13:34:59.630Z"}
{level:"info", message:"Fetched products with pagination", timestamp:"2024-10-22T13:34:59.688Z"}
{level:"info", message:"User logged in successfully", timestamp:"2024-10-22T13:35:05.203Z"}
{level:"info", message:"Review fetched successfully", timestamp:"2024-10-22T13:35:08.239Z"}
{level:"info", message:"Review fetched successfully", timestamp:"2024-10-22T13:35:08.249Z"}
{level:"info", message:"Review fetched successfully", timestamp:"2024-10-22T13:35:21.920Z"}
{level:"info", message:"Review fetched successfully", timestamp:"2024-10-22T13:35:21.941Z"}
{level:"warn", message:"Token verification failed", timestamp:"2024-10-22T13:43:53.911Z"}
{level:"warn", message:"Token verification failed", timestamp:"2024-10-22T13:43:54.112Z"}
{level:"info", message:"User logged in successfully", timestamp:"2024-10-22T13:43:56.330Z"}
{level:"info", message:"Token verified successfully", timestamp:"2024-10-22T13:43:57.623Z"}
{level:"info", message:"Fetched orders for shop", timestamp:"2024-10-22T13:43:57.634Z"}
{level:"info", message:"Token verified successfully", timestamp:"2024-10-22T13:43:57.676Z"}
{level:"info", message:"Fetched orders for shop", timestamp:"2024-10-22T13:43:57.695Z"}
{level:"info", message:"Token verified successfully", timestamp:"2024-10-22T13:44:00.656Z"}
{level:"info", message:"Fetched orders for shop", timestamp:"2024-10-22T13:44:00.664Z"}
{level:"info", message:"Token verified successfully", timestamp:"2024-10-22T13:44:00.712Z"}
{level:"info", message:"Fetched orders for shop", timestamp:"2024-10-22T13:44:00.720Z"}
{level:"info", message:"Token verified successfully", timestamp:"2024-10-22T13:44:03.786Z"}
{level:"info", message:"Fetched orders for shop", timestamp:"2024-10-22T13:44:03.795Z"}
{level:"info", message:"Token verified successfully", timestamp:"2024-10-22T13:44:03.829Z"}
{level:"info", message:"Fetched orders for shop", timestamp:"2024-10-22T13:44:03.843Z"}
{level:"info", message:"Token verified successfully", timestamp:"2024-10-22T13:44:05.869Z"}
{level:"info", message:"Fetched orders for shop", timestamp:"2024-10-22T13:44:05.878Z"}
{level:"info", message:"Token verified successfully", timestamp:"2024-10-22T13:44:05.924Z"}
{level:"info", message:"Fetched orders for shop", timestamp:"2024-10-22T13:44:05.938Z"}
{level:"info", message:"Token verified successfully", timestamp:"2024-10-22T14:34:46.719Z"}
{level:"info", message:"Token verified successfully", timestamp:"2024-10-22T14:34:46.736Z"}
{level:"info", message:"Review fetched successfully", timestamp:"2024-10-22T14:34:48.662Z"}
{level:"info", message:"Review fetched successfully", timestamp:"2024-10-22T14:34:48.683Z"}
{level:"info", message:"Fetched products with pagination", timestamp:"2024-10-22T14:34:53.611Z"}
{level:"info", message:"Fetched products with pagination", timestamp:"2024-10-22T14:34:53.624Z"}
{level:"info", message:"Fetched products with pagination", timestamp:"2024-10-22T14:35:02.552Z"}
{level:"info", message:"Fetched products with pagination", timestamp:"2024-10-22T14:35:06.427Z"}
{level:"info", message:"Fetched products with pagination", timestamp:"2024-10-22T14:36:49.602Z"}
{level:"info", message:"Fetched products with pagination", timestamp:"2024-10-22T14:37:01.988Z"}
{level:"info", message:"Fetched products with pagination", timestamp:"2024-10-22T14:46:38.879Z"}
{level:"info", message:"Fetched products with pagination", timestamp:"2024-10-22T14:52:29.262Z"}
{level:"info", message:"Fetched products with pagination", timestamp:"2024-10-22T14:52:32.088Z"}
{level:"info", message:"Fetched products with pagination", timestamp:"2024-10-22T14:52:37.853Z"}
{level:"info", message:"Fetched single product", timestamp:"2024-10-22T14:52:40.876Z"}
{level:"info", message:"Fetched single product", timestamp:"2024-10-22T14:52:40.903Z"}
{level:"info", message:"Fetched reviews for product", timestamp:"2024-10-22T14:52:40.939Z"}
{level:"info", message:"Fetched reviews for product", timestamp:"2024-10-22T14:52:40.951Z"}
{level:"info", message:"Fetched products with pagination", timestamp:"2024-10-22T14:52:43.502Z"}
{level:"info", message:"Fetched products with pagination", timestamp:"2024-10-22T14:52:43.518Z"}
{level:"info", message:"Fetched single product", timestamp:"2024-10-22T14:52:44.883Z"}
{level:"info", message:"Fetched single product", timestamp:"2024-10-22T14:52:44.934Z"}
{level:"info", message:"Fetched reviews for product", timestamp:"2024-10-22T14:52:44.936Z"}
{level:"info", message:"Fetched reviews for product", timestamp:"2024-10-22T14:52:44.954Z"}
{level:"info", message:"Fetched products with pagination", timestamp:"2024-10-22T14:53:01.212Z"}
{level:"info", message:"Fetched products with pagination", timestamp:"2024-10-22T14:53:01.258Z"}
{level:"info", message:"Fetched products with pagination", timestamp:"2024-10-22T14:54:35.882Z"}
{level:"info", message:"Fetched products with pagination", timestamp:"2024-10-22T14:54:39.312Z"}
{level:"info", message:"Fetched products with pagination", timestamp:"2024-10-22T14:54:42.712Z"}
{level:"info", message:"Fetched products with pagination", timestamp:"2024-10-22T14:54:42.729Z"}
{level:"info", message:"Review fetched successfully", timestamp:"2024-10-22T14:54:47.100Z"}
{level:"info", message:"Review fetched successfully", timestamp:"2024-10-22T14:54:47.112Z"}
{level:"warn", message:"Token verification failed", timestamp:"2024-10-22T14:54:54.116Z"}
{level:"warn", message:"Token verification failed", timestamp:"2024-10-22T14:54:54.140Z"}
{level:"info", message:"User logged in successfully", timestamp:"2024-10-22T14:54:56.733Z"}
{level:"info", message:"Token verified successfully", timestamp:"2024-10-22T14:56:54.227Z"}
{level:"info", message:"Token verified successfully", timestamp:"2024-10-22T14:56:54.276Z"}
{level:"info", message:"User logged in successfully", timestamp:"2024-10-22T14:59:08.094Z"}
{level:"info", message:"Fetched products with pagination", timestamp:"2024-10-22T15:04:24.731Z"}
{level:"info", message:"Fetched products with pagination", timestamp:"2024-10-22T15:04:24.745Z"}
{level:"info", message:"Fetched products with pagination", timestamp:"2024-10-22T15:04:31.273Z"}
{level:"info", message:"Fetched products with pagination", timestamp:"2024-10-22T15:04:31.282Z"}
{level:"info", message:"Fetched products with pagination", timestamp:"2024-10-22T15:04:32.016Z"}
{level:"info", message:"Fetched products with pagination", timestamp:"2024-10-22T15:04:32.020Z"}
{level:"info", message:"Fetched products with pagination", timestamp:"2024-10-22T15:04:32.654Z"}
{level:"info", message:"Fetched products with pagination", timestamp:"2024-10-22T15:04:32.660Z"}
{level:"info", message:"Fetched products with pagination", timestamp:"2024-10-22T15:04:35.130Z"}
{level:"info", message:"Fetched products with pagination", timestamp:"2024-10-22T15:04:35.133Z"}
{level:"info", message:"Fetched products with pagination", timestamp:"2024-10-22T15:04:39.379Z"}
{level:"info", message:"Fetched products with pagination", timestamp:"2024-10-22T15:04:39.385Z"}
{level:"info", message:"Fetched products with pagination", timestamp:"2024-10-22T15:04:43.205Z"}
{level:"info", message:"Fetched products with pagination", timestamp:"2024-10-22T15:04:43.211Z"}
{level:"info", message:"Fetched products with pagination", timestamp:"2024-10-22T15:04:43.668Z"}
{level:"info", message:"Fetched products with pagination", timestamp:"2024-10-22T15:04:43.671Z"}
{level:"info", message:"Fetched products with pagination", timestamp:"2024-10-22T15:04:44.287Z"}
{level:"info", message:"Fetched products with pagination", timestamp:"2024-10-22T15:04:44.297Z"}
{level:"info", message:"Fetched products with pagination", timestamp:"2024-10-22T15:04:44.850Z"}
{level:"info", message:"Fetched products with pagination", timestamp:"2024-10-22T15:04:44.853Z"}
{level:"info", message:"Fetched single product", timestamp:"2024-10-22T15:14:14.189Z"}
{level:"info", message:"Fetched single product", timestamp:"2024-10-22T15:14:14.270Z"}
{level:"info", message:"Fetched reviews for product", timestamp:"2024-10-22T15:14:14.295Z"}
{level:"info", message:"Fetched reviews for product", timestamp:"2024-10-22T15:14:14.322Z"}
{level:"info", message:"Fetched products with pagination", timestamp:"2024-10-22T15:14:15.629Z"}
{level:"info", message:"Fetched products with pagination", timestamp:"2024-10-22T15:14:15.644Z"}
{level:"info", message:"Fetched single product", timestamp:"2024-10-22T15:14:16.436Z"}
{level:"info", message:"Fetched single product", timestamp:"2024-10-22T15:14:16.451Z"}
{level:"info", message:"Fetched reviews for product", timestamp:"2024-10-22T15:14:16.462Z"}
{level:"info", message:"Fetched reviews for product", timestamp:"2024-10-22T15:14:16.498Z"}
{level:"info", message:"Fetched products with pagination", timestamp:"2024-10-22T15:14:20.560Z"}
{level:"info", message:"Fetched products with pagination", timestamp:"2024-10-22T15:14:20.584Z"}
{level:"info", message:"Fetched single product", timestamp:"2024-10-22T15:14:37.297Z"}
{level:"info", message:"Fetched single product", timestamp:"2024-10-22T15:14:37.311Z"}
{level:"info", message:"Fetched reviews for product", timestamp:"2024-10-22T15:14:37.328Z"}
{level:"info", message:"Fetched reviews for product", timestamp:"2024-10-22T15:14:37.342Z"}
{level:"info", message:"Fetched products with pagination", timestamp:"2024-10-22T15:14:38.616Z"}
{level:"info", message:"Fetched products with pagination", timestamp:"2024-10-22T15:14:38.637Z"}
{level:"info", message:"Fetched single product", timestamp:"2024-10-22T15:14:39.046Z"}
{level:"info", message:"Fetched single product", timestamp:"2024-10-22T15:14:39.060Z"}
{level:"info", message:"Fetched reviews for product", timestamp:"2024-10-22T15:14:39.078Z"}
{level:"info", message:"Fetched reviews for product", timestamp:"2024-10-22T15:14:39.086Z"}
{level:"info", message:"Fetched products with pagination", timestamp:"2024-10-22T15:14:40.587Z"}
{level:"info", message:"Fetched products with pagination", timestamp:"2024-10-22T15:14:40.602Z"}
{level:"info", message:"Fetched single product", timestamp:"2024-10-22T15:14:41.780Z"}
{level:"info", message:"Fetched single product", timestamp:"2024-10-22T15:14:41.794Z"}
{level:"info", message:"Fetched reviews for product", timestamp:"2024-10-22T15:14:41.816Z"}
{level:"info", message:"Fetched reviews for product", timestamp:"2024-10-22T15:14:41.831Z"}
{level:"info", message:"Fetched products with pagination", timestamp:"2024-10-22T15:14:46.804Z"}
{level:"info", message:"Fetched products with pagination", timestamp:"2024-10-22T15:14:46.820Z"}
{level:"info", message:"Review fetched successfully", timestamp:"2024-10-22T15:14:50.044Z"}
{level:"info", message:"Review fetched successfully", timestamp:"2024-10-22T15:14:50.075Z"}
{level:"info", message:"Review fetched successfully", timestamp:"2024-10-22T15:14:51.951Z"}
{level:"info", message:"Review fetched successfully", timestamp:"2024-10-22T15:14:51.975Z"}
{level:"info", message:"Token verified successfully", timestamp:"2024-10-22T15:15:12.800Z"}
{level:"info", message:"Token verified successfully", timestamp:"2024-10-22T15:15:12.868Z"}
{level:"info", message:"Review fetched successfully", timestamp:"2024-10-22T15:15:13.291Z"}
{level:"info", message:"Review fetched successfully", timestamp:"2024-10-22T15:15:13.312Z"}
{level:"info", message:"Fetched single product", timestamp:"2024-10-22T15:15:16.114Z"}
{level:"info", message:"Fetched single product", timestamp:"2024-10-22T15:15:16.144Z"}
{level:"info", message:"Fetched single product", timestamp:"2024-10-22T15:16:10.586Z"}
{level:"info", message:"Fetched single product", timestamp:"2024-10-22T15:16:15.579Z"}
{level:"info", message:"Review fetched successfully", timestamp:"2024-10-22T15:16:53.442Z"}
{level:"info", message:"Review fetched successfully", timestamp:"2024-10-22T15:16:53.485Z"}
{level:"info", message:"Fetched single product", timestamp:"2024-10-22T15:16:55.766Z"}
{level:"info", message:"Fetched single product", timestamp:"2024-10-22T15:16:55.777Z"}
{level:"info", message:"Review fetched successfully", timestamp:"2024-10-22T15:16:58.533Z"}
{level:"info", message:"Review fetched successfully", timestamp:"2024-10-22T15:16:58.541Z"}
{level:"info", message:"Fetched single product", timestamp:"2024-10-22T15:17:00.600Z"}
{level:"info", message:"Fetched single product", timestamp:"2024-10-22T15:17:00.632Z"}
