{level:"warn", message:"Token verification failed", timestamp:"2024-10-30T09:42:48.996Z"}
{level:"info", message:"User logged in successfully", timestamp:"2024-10-30T09:43:07.551Z"}
{level:"info", message:"Review fetched successfully", timestamp:"2024-10-30T09:43:11.751Z"}
{level:"info", message:"Fetched products with pagination", timestamp:"2024-10-30T09:43:27.849Z"}
{level:"info", message:"Fetched products with pagination", timestamp:"2024-10-30T09:43:31.501Z"}
{level:"info", message:"Fetched products with pagination", timestamp:"2024-10-30T09:43:31.510Z"}
{level:"info", message:"Fetched products with pagination", timestamp:"2024-10-30T09:43:35.782Z"}
{level:"info", message:"Fetched products with pagination", timestamp:"2024-10-30T09:43:35.788Z"}
{level:"info", message:"Fetched products with pagination", timestamp:"2024-10-30T09:43:38.494Z"}
{level:"info", message:"Fetched products with pagination", timestamp:"2024-10-30T09:43:38.500Z"}
{level:"info", message:"Fetched products with pagination", timestamp:"2024-10-30T09:43:40.230Z"}
{level:"info", message:"Fetched products with pagination", timestamp:"2024-10-30T09:43:40.234Z"}
{level:"info", message:"Fetched products with pagination", timestamp:"2024-10-30T09:43:48.412Z"}
{level:"info", message:"Fetched products with pagination", timestamp:"2024-10-30T09:43:48.416Z"}
{level:"info", message:"Fetched products with pagination", timestamp:"2024-10-30T09:43:55.378Z"}
{level:"info", message:"Fetched products with pagination", timestamp:"2024-10-30T09:43:55.382Z"}
{level:"info", message:"Fetched products with pagination", timestamp:"2024-10-30T09:43:57.780Z"}
{level:"info", message:"Fetched products with pagination", timestamp:"2024-10-30T09:43:57.784Z"}
{level:"info", message:"Token verified successfully", timestamp:"2024-10-30T09:44:00.172Z"}
{level:"info", message:"Fetched products with pagination", timestamp:"2024-10-30T09:44:00.210Z"}
{level:"info", message:"Fetched products with pagination", timestamp:"2024-10-30T09:44:01.938Z"}
{level:"info", message:"Fetched products with pagination", timestamp:"2024-10-30T09:44:01.943Z"}
{level:"info", message:"Fetched products with pagination", timestamp:"2024-10-30T09:44:04.829Z"}
{level:"info", message:"Fetched products with pagination", timestamp:"2024-10-30T09:44:04.832Z"}
{level:"info", message:"Fetched products with pagination", timestamp:"2024-10-30T09:44:09.882Z"}
{level:"info", message:"Fetched products with pagination", timestamp:"2024-10-30T09:44:09.887Z"}
{level:"info", message:"Fetched products with pagination", timestamp:"2024-10-30T09:44:11.379Z"}
{level:"info", message:"Fetched products with pagination", timestamp:"2024-10-30T09:44:11.390Z"}
{level:"info", message:"Fetched products with pagination", timestamp:"2024-10-30T09:44:15.229Z"}
{level:"info", message:"Fetched products with pagination", timestamp:"2024-10-30T09:44:15.242Z"}
{level:"info", message:"Fetched products with pagination", timestamp:"2024-10-30T09:44:19.447Z"}
{level:"info", message:"Fetched products with pagination", timestamp:"2024-10-30T09:44:19.452Z"}
{level:"info", message:"Fetched products with pagination", timestamp:"2024-10-30T09:44:21.699Z"}
{level:"info", message:"Fetched products with pagination", timestamp:"2024-10-30T09:44:21.707Z"}
{level:"info", message:"Fetched products with pagination", timestamp:"2024-10-30T09:44:22.182Z"}
{level:"info", message:"Fetched products with pagination", timestamp:"2024-10-30T09:44:22.188Z"}
{level:"info", message:"Fetched products with pagination", timestamp:"2024-10-30T09:44:41.828Z"}
{level:"info", message:"Fetched products with pagination", timestamp:"2024-10-30T09:44:41.832Z"}
{level:"info", message:"Fetched products with pagination", timestamp:"2024-10-30T09:44:42.971Z"}
{level:"info", message:"Fetched products with pagination", timestamp:"2024-10-30T09:44:42.981Z"}
{level:"info", message:"Fetched products with pagination", timestamp:"2024-10-30T09:44:43.765Z"}
{level:"info", message:"Fetched products with pagination", timestamp:"2024-10-30T09:44:43.771Z"}
{level:"info", message:"Fetched products with pagination", timestamp:"2024-10-30T09:44:48.078Z"}
{level:"info", message:"Fetched products with pagination", timestamp:"2024-10-30T09:44:48.085Z"}
{level:"info", message:"Token verified successfully", timestamp:"2024-10-30T09:44:51.810Z"}
{level:"info", message:"Fetched products with pagination", timestamp:"2024-10-30T09:44:51.846Z"}
{level:"info", message:"Fetched products with pagination", timestamp:"2024-10-30T09:44:57.608Z"}
{level:"info", message:"Fetched products with pagination", timestamp:"2024-10-30T09:44:57.612Z"}
{level:"info", message:"Fetched products with pagination", timestamp:"2024-10-30T09:45:03.209Z"}
{level:"info", message:"Fetched products with pagination", timestamp:"2024-10-30T09:45:03.216Z"}
{level:"info", message:"Fetched products with pagination", timestamp:"2024-10-30T09:45:04.721Z"}
{level:"info", message:"Fetched products with pagination", timestamp:"2024-10-30T09:45:04.726Z"}
{level:"info", message:"Fetched products with pagination", timestamp:"2024-10-30T09:45:25.014Z"}
{level:"info", message:"Fetched products with pagination", timestamp:"2024-10-30T09:45:25.022Z"}
{level:"info", message:"Fetched products with pagination", timestamp:"2024-10-30T09:45:27.341Z"}
{level:"info", message:"Fetched products with pagination", timestamp:"2024-10-30T09:45:27.345Z"}
{level:"info", message:"Token verified successfully", timestamp:"2024-10-30T09:45:33.837Z"}
{level:"info", message:"Fetched products with pagination", timestamp:"2024-10-30T09:45:33.877Z"}
{level:"info", message:"Fetched products with pagination", timestamp:"2024-10-30T09:45:45.085Z"}
{level:"info", message:"Fetched products with pagination", timestamp:"2024-10-30T09:45:45.088Z"}
{level:"info", message:"Fetched products with pagination", timestamp:"2024-10-30T09:45:47.845Z"}
{level:"info", message:"Fetched products with pagination", timestamp:"2024-10-30T09:45:47.852Z"}
{level:"info", message:"Fetched products with pagination", timestamp:"2024-10-30T09:45:50.473Z"}
{level:"info", message:"Fetched products with pagination", timestamp:"2024-10-30T09:45:50.480Z"}
{level:"info", message:"Fetched products with pagination", timestamp:"2024-10-30T09:49:33.901Z"}
{level:"info", message:"Fetched products with pagination", timestamp:"2024-10-30T09:49:33.912Z"}
{level:"info", message:"Fetched products with pagination", timestamp:"2024-10-30T09:49:48.486Z"}
{level:"info", message:"Fetched products with pagination", timestamp:"2024-10-30T09:50:51.312Z"}
{level:"info", message:"Fetched products with pagination", timestamp:"2024-10-30T09:51:01.559Z"}
{level:"info", message:"Fetched products with pagination", timestamp:"2024-10-30T09:51:08.040Z"}
{level:"info", message:"Fetched products with pagination", timestamp:"2024-10-30T09:51:13.311Z"}
{level:"info", message:"Fetched products with pagination", timestamp:"2024-10-30T09:52:33.493Z"}
{level:"info", message:"Fetched products with pagination", timestamp:"2024-10-30T09:52:33.501Z"}
{level:"info", message:"Fetched products with pagination", timestamp:"2024-10-30T09:52:34.387Z"}
{level:"info", message:"Fetched products with pagination", timestamp:"2024-10-30T09:52:34.429Z"}
{level:"info", message:"Fetched products with pagination", timestamp:"2024-10-30T09:52:37.405Z"}
{level:"info", message:"Fetched products with pagination", timestamp:"2024-10-30T09:52:37.411Z"}
{level:"info", message:"Fetched products with pagination", timestamp:"2024-10-30T09:52:40.780Z"}
{level:"info", message:"Fetched products with pagination", timestamp:"2024-10-30T09:52:40.785Z"}
{level:"info", message:"Fetched products with pagination", timestamp:"2024-10-30T09:52:41.810Z"}
{level:"info", message:"Fetched products with pagination", timestamp:"2024-10-30T09:52:41.817Z"}
{level:"info", message:"Token verified successfully", timestamp:"2024-10-30T09:52:47.163Z"}
{level:"info", message:"Fetched products with pagination", timestamp:"2024-10-30T09:52:47.319Z"}
{level:"info", message:"Fetched products with pagination", timestamp:"2024-10-30T09:52:48.738Z"}
{level:"info", message:"Fetched products with pagination", timestamp:"2024-10-30T09:52:48.761Z"}
{level:"info", message:"Fetched products with pagination", timestamp:"2024-10-30T09:52:51.568Z"}
{level:"info", message:"Fetched products with pagination", timestamp:"2024-10-30T09:52:51.576Z"}
{level:"info", message:"Fetched products with pagination", timestamp:"2024-10-30T09:52:53.527Z"}
{level:"info", message:"Fetched products with pagination", timestamp:"2024-10-30T09:52:53.530Z"}
{level:"info", message:"Fetched products with pagination", timestamp:"2024-10-30T09:52:57.974Z"}
{level:"info", message:"Fetched products with pagination", timestamp:"2024-10-30T09:52:57.981Z"}
{level:"info", message:"Fetched products with pagination", timestamp:"2024-10-30T09:52:59.267Z"}
{level:"info", message:"Fetched products with pagination", timestamp:"2024-10-30T09:52:59.275Z"}
{level:"info", message:"Fetched products with pagination", timestamp:"2024-10-30T09:53:09.308Z"}
{level:"info", message:"Fetched products with pagination", timestamp:"2024-10-30T09:53:09.313Z"}
{level:"info", message:"Fetched products with pagination", timestamp:"2024-10-30T09:53:10.457Z"}
{level:"info", message:"Fetched products with pagination", timestamp:"2024-10-30T09:53:10.461Z"}
{level:"info", message:"Token verified successfully", timestamp:"2024-10-30T09:53:26.277Z"}
{level:"info", message:"Fetched products with pagination", timestamp:"2024-10-30T09:53:37.044Z"}
{level:"info", message:"Fetched products with pagination", timestamp:"2024-10-30T09:53:57.875Z"}
{level:"info", message:"Fetched products with pagination", timestamp:"2024-10-30T09:54:00.804Z"}
{level:"info", message:"Fetched products with pagination", timestamp:"2024-10-30T09:54:00.807Z"}
{level:"info", message:"Fetched products with pagination", timestamp:"2024-10-30T09:54:03.254Z"}
{level:"info", message:"Fetched products with pagination", timestamp:"2024-10-30T09:54:03.259Z"}
{level:"info", message:"Fetched products with pagination", timestamp:"2024-10-30T09:54:04.825Z"}
{level:"info", message:"Fetched products with pagination", timestamp:"2024-10-30T09:54:04.843Z"}
{level:"info", message:"Fetched products with pagination", timestamp:"2024-10-30T09:54:09.739Z"}
{level:"info", message:"Fetched products with pagination", timestamp:"2024-10-30T09:54:09.743Z"}
{level:"info", message:"Fetched products with pagination", timestamp:"2024-10-30T09:54:10.908Z"}
{level:"info", message:"Fetched products with pagination", timestamp:"2024-10-30T09:54:10.914Z"}
{level:"info", message:"Fetched products with pagination", timestamp:"2024-10-30T09:54:12.552Z"}
{level:"info", message:"Fetched products with pagination", timestamp:"2024-10-30T09:54:12.557Z"}
{level:"info", message:"Fetched products with pagination", timestamp:"2024-10-30T09:54:13.493Z"}
{level:"info", message:"Fetched products with pagination", timestamp:"2024-10-30T09:54:13.502Z"}
{level:"info", message:"Fetched products with pagination", timestamp:"2024-10-30T09:54:14.786Z"}
{level:"info", message:"Fetched products with pagination", timestamp:"2024-10-30T09:54:14.791Z"}
{level:"info", message:"Fetched products with pagination", timestamp:"2024-10-30T09:54:16.342Z"}
{level:"info", message:"Fetched products with pagination", timestamp:"2024-10-30T09:54:17.824Z"}
{level:"info", message:"Fetched products with pagination", timestamp:"2024-10-30T09:54:17.829Z"}
{level:"info", message:"Fetched products with pagination", timestamp:"2024-10-30T09:54:20.279Z"}
{level:"info", message:"Fetched products with pagination", timestamp:"2024-10-30T09:54:20.285Z"}
{level:"info", message:"Fetched products with pagination", timestamp:"2024-10-30T09:54:21.450Z"}
{level:"info", message:"Fetched products with pagination", timestamp:"2024-10-30T09:54:21.455Z"}
{level:"info", message:"Fetched products with pagination", timestamp:"2024-10-30T09:54:22.491Z"}
{level:"info", message:"Fetched products with pagination", timestamp:"2024-10-30T09:54:22.495Z"}
{level:"info", message:"Fetched products with pagination", timestamp:"2024-10-30T09:54:23.940Z"}
{level:"info", message:"Fetched products with pagination", timestamp:"2024-10-30T09:54:23.945Z"}
{level:"info", message:"Fetched products with pagination", timestamp:"2024-10-30T09:54:46.263Z"}
{level:"info", message:"Fetched products with pagination", timestamp:"2024-10-30T09:54:46.269Z"}
{level:"info", message:"Fetched products with pagination", timestamp:"2024-10-30T09:54:47.533Z"}
{level:"info", message:"Fetched products with pagination", timestamp:"2024-10-30T09:54:47.543Z"}
{level:"info", message:"Fetched products with pagination", timestamp:"2024-10-30T09:54:49.080Z"}
{level:"info", message:"Fetched products with pagination", timestamp:"2024-10-30T09:54:49.096Z"}
{level:"info", message:"Fetched products with pagination", timestamp:"2024-10-30T09:54:49.734Z"}
{level:"info", message:"Fetched products with pagination", timestamp:"2024-10-30T09:54:49.740Z"}
{level:"info", message:"Fetched products with pagination", timestamp:"2024-10-30T09:54:50.754Z"}
{level:"info", message:"Fetched products with pagination", timestamp:"2024-10-30T09:54:50.760Z"}
{level:"info", message:"Fetched products with pagination", timestamp:"2024-10-30T09:54:52.255Z"}
{level:"info", message:"Fetched products with pagination", timestamp:"2024-10-30T09:54:52.295Z"}
{level:"info", message:"Fetched products with pagination", timestamp:"2024-10-30T09:54:54.139Z"}
{level:"info", message:"Fetched products with pagination", timestamp:"2024-10-30T09:54:54.149Z"}
{level:"info", message:"Fetched products with pagination", timestamp:"2024-10-30T09:55:04.780Z"}
{level:"info", message:"Fetched products with pagination", timestamp:"2024-10-30T09:55:04.785Z"}
{level:"info", message:"Fetched products with pagination", timestamp:"2024-10-30T09:55:07.869Z"}
{level:"info", message:"Fetched products with pagination", timestamp:"2024-10-30T09:55:07.876Z"}
{level:"info", message:"Fetched products with pagination", timestamp:"2024-10-30T09:55:32.859Z"}
{level:"info", message:"Fetched products with pagination", timestamp:"2024-10-30T09:55:32.865Z"}
{level:"info", message:"Fetched products with pagination", timestamp:"2024-10-30T09:55:33.797Z"}
{level:"info", message:"Fetched products with pagination", timestamp:"2024-10-30T09:55:33.811Z"}
{level:"info", message:"Fetched products with pagination", timestamp:"2024-10-30T09:56:21.378Z"}
{level:"info", message:"Fetched products with pagination", timestamp:"2024-10-30T09:56:21.381Z"}
{level:"info", message:"Fetched products with pagination", timestamp:"2024-10-30T09:56:22.251Z"}
{level:"info", message:"Fetched products with pagination", timestamp:"2024-10-30T09:56:22.256Z"}
{level:"info", message:"Fetched products with pagination", timestamp:"2024-10-30T09:56:27.015Z"}
{level:"info", message:"Fetched products with pagination", timestamp:"2024-10-30T09:56:27.077Z"}
{level:"info", message:"Fetched products with pagination", timestamp:"2024-10-30T09:56:30.376Z"}
{level:"info", message:"Fetched products with pagination", timestamp:"2024-10-30T09:56:30.380Z"}
{level:"info", message:"Fetched products with pagination", timestamp:"2024-10-30T09:59:41.320Z"}
{level:"info", message:"Fetched products with pagination", timestamp:"2024-10-30T09:59:46.175Z"}
{level:"info", message:"Fetched products with pagination", timestamp:"2024-10-30T09:59:51.414Z"}
{level:"info", message:"Fetched products with pagination", timestamp:"2024-10-30T09:59:53.749Z"}
{level:"info", message:"Fetched products with pagination", timestamp:"2024-10-30T09:59:57.733Z"}
{level:"info", message:"Fetched products with pagination", timestamp:"2024-10-30T10:00:18.034Z"}
{level:"info", message:"Fetched products with pagination", timestamp:"2024-10-30T10:00:20.686Z"}
{level:"info", message:"Fetched products with pagination", timestamp:"2024-10-30T10:00:21.673Z"}
{level:"info", message:"Fetched products with pagination", timestamp:"2024-10-30T10:00:22.717Z"}
{level:"info", message:"Fetched products with pagination", timestamp:"2024-10-30T10:00:24.133Z"}
{level:"info", message:"Fetched products with pagination", timestamp:"2024-10-30T10:00:25.024Z"}
{level:"info", message:"Fetched products with pagination", timestamp:"2024-10-30T10:00:25.708Z"}
{level:"info", message:"Fetched products with pagination", timestamp:"2024-10-30T10:00:27.388Z"}
{level:"info", message:"Fetched products with pagination", timestamp:"2024-10-30T10:00:27.944Z"}
{level:"info", message:"Fetched products with pagination", timestamp:"2024-10-30T10:00:29.908Z"}
{level:"info", message:"Fetched products with pagination", timestamp:"2024-10-30T10:00:32.794Z"}
{level:"info", message:"Fetched products with pagination", timestamp:"2024-10-30T10:00:34.004Z"}
{level:"info", message:"Fetched products with pagination", timestamp:"2024-10-30T10:00:35.215Z"}
{level:"info", message:"Fetched products with pagination", timestamp:"2024-10-30T10:00:36.649Z"}
{level:"error", message:"Error during password reset process", timestamp:"2024-10-30T10:15:50.148Z"}
{level:"warn", message:"Password reset attempt for non-existent email", timestamp:"2024-10-30T10:18:37.077Z"}
{level:"info", message:"Password reset email sent", timestamp:"2024-10-30T10:24:43.046Z"}
{level:"warn", message:"Password reset attempt for non-existent email", timestamp:"2024-10-30T10:25:01.096Z"}
{level:"info", message:"Password reset email sent", timestamp:"2024-10-30T10:31:31.809Z"}
{level:"info", message:"User registered successfully", timestamp:"2024-10-30T10:32:19.475Z"}
{level:"info", message:"Review fetched successfully", timestamp:"2024-10-30T10:32:25.618Z"}
{level:"info", message:"Review fetched successfully", timestamp:"2024-10-30T10:32:29.441Z"}
{level:"info", message:"Password reset email sent", timestamp:"2024-10-30T10:32:47.614Z"}
{level:"info", message:"Token verified successfully", timestamp:"2024-10-30T10:38:31.383Z"}
{level:"error", message:"Error during password reset", timestamp:"2024-10-30T10:38:31.556Z"}
{level:"info", message:"Token verified successfully", timestamp:"2024-10-30T10:38:37.826Z"}
{level:"error", message:"Error during password reset", timestamp:"2024-10-30T10:38:37.971Z"}
{level:"info", message:"Token verified successfully", timestamp:"2024-10-30T10:39:04.614Z"}
{level:"info", message:"Token verified successfully", timestamp:"2024-10-30T10:39:23.248Z"}
{level:"info", message:"Password has been reset successfully", timestamp:"2024-10-30T10:39:23.427Z"}
{level:"info", message:"User logged in successfully", timestamp:"2024-10-30T10:39:43.659Z"}
{level:"info", message:"Token verified successfully", timestamp:"2024-10-30T10:40:19.934Z"}
{level:"info", message:"Password has been reset successfully", timestamp:"2024-10-30T10:40:20.084Z"}
{level:"info", message:"Token verified successfully", timestamp:"2024-10-30T10:40:58.582Z"}
{level:"info", message:"Password has been reset successfully", timestamp:"2024-10-30T10:40:58.731Z"}
{level:"info", message:"Token verified successfully", timestamp:"2024-10-30T10:42:05.537Z"}
{level:"info", message:"Token verified successfully", timestamp:"2024-10-30T10:42:39.315Z"}
{level:"info", message:"Token verified successfully", timestamp:"2024-10-30T10:43:04.735Z"}
{level:"info", message:"Token verified successfully", timestamp:"2024-10-30T10:44:25.238Z"}
{level:"info", message:"Password has been reset successfully", timestamp:"2024-10-30T10:44:25.427Z"}
{level:"info", message:"Password reset email sent", timestamp:"2024-10-30T10:44:57.876Z"}
{level:"info", message:"Password reset email sent", timestamp:"2024-10-30T10:45:20.763Z"}
{level:"info", message:"Token verified successfully", timestamp:"2024-10-30T10:45:32.132Z"}
{level:"info", message:"Token verified successfully", timestamp:"2024-10-30T10:51:21.631Z"}
{level:"info", message:"Password has been reset successfully", timestamp:"2024-10-30T10:51:21.802Z"}
{level:"info", message:"User logged in successfully", timestamp:"2024-10-30T10:51:47.889Z"}
{level:"info", message:"Token verified successfully", timestamp:"2024-10-30T11:08:59.077Z"}
{level:"info", message:"Token verified successfully", timestamp:"2024-10-30T11:10:30.266Z"}
{level:"info", message:"Password has been reset successfully", timestamp:"2024-10-30T11:10:30.383Z"}
{level:"info", message:"Token verified successfully", timestamp:"2024-10-30T11:11:26.013Z"}
{level:"info", message:"Password has been reset successfully", timestamp:"2024-10-30T11:11:26.155Z"}
{level:"warn", message:"Token verification failed", timestamp:"2024-10-30T12:22:12.270Z"}
{level:"warn", message:"Token verification failed", timestamp:"2024-10-30T12:22:12.303Z"}
{level:"warn", message:"Password validation failed: Password must be at least 8 characters long, Password must contain at least one number, Password must contain at least one special character", timestamp:"2024-10-30T12:26:18.278Z"}
{level:"warn", message:"Password is required", timestamp:"2024-10-30T12:35:36.781Z"}
{level:"warn", message:"Token has expired", timestamp:"2024-10-30T12:37:31.376Z"}
{level:"warn", message:"Token has expired", timestamp:"2024-10-30T12:38:08.580Z"}
{level:"warn", message:"Password reset attempt without email", timestamp:"2024-10-30T12:39:05.643Z"}
{level:"info", message:"Password reset email sent", timestamp:"2024-10-30T12:39:21.849Z"}
{level:"warn", message:"Login attempt with incorrect password", timestamp:"2024-10-30T12:39:33.245Z"}
{level:"info", message:"User logged in successfully", timestamp:"2024-10-30T12:39:40.553Z"}
{level:"warn", message:"Registration attempt without email", timestamp:"2024-10-30T12:40:40.197Z"}
{level:"warn", message:"Registration attempt without email", timestamp:"2024-10-30T12:40:47.532Z"}
{level:"warn", message:"Registration attempt without email", timestamp:"2024-10-30T12:41:21.507Z"}
{level:"warn", message:"Registration attempt without email", timestamp:"2024-10-30T12:41:25.312Z"}
{level:"warn", message:"Password validation failed: Password must be at least 8 characters long, Password must contain at least one number, Password must contain at least one special character", timestamp:"2024-10-30T12:41:50.574Z"}
{level:"warn", message:"Password validation failed: Password must contain at least one special character", timestamp:"2024-10-30T12:42:05.021Z"}
{level:"warn", message:"Registration attempt without email", timestamp:"2024-10-30T12:43:04.586Z"}
{level:"warn", message:"Registration attempt without email", timestamp:"2024-10-30T12:44:09.997Z"}
{level:"warn", message:"Registration attempt without email", timestamp:"2024-10-30T12:44:40.705Z"}
{level:"info", message:"User logged in successfully", timestamp:"2024-10-30T12:45:00.126Z"}
{level:"info", message:"Token verified successfully", timestamp:"2024-10-30T12:47:54.469Z"}
{level:"info", message:"Token verified successfully", timestamp:"2024-10-30T12:47:54.512Z"}
{level:"info", message:"Token verified successfully", timestamp:"2024-10-30T12:47:58.838Z"}
{level:"warn", message:"Login attempt with incorrect password", timestamp:"2024-10-30T12:48:14.107Z"}
{level:"warn", message:"Registration attempt without email", timestamp:"2024-10-30T12:48:21.908Z"}
{level:"warn", message:"Login attempt with incorrect password", timestamp:"2024-10-30T12:50:10.214Z"}
{level:"warn", message:"Login attempt with incorrect password", timestamp:"2024-10-30T12:50:21.587Z"}
{level:"info", message:"User logged in successfully", timestamp:"2024-10-30T12:50:52.591Z"}
{level:"info", message:"User logged in successfully", timestamp:"2024-10-30T12:51:01.392Z"}
{level:"warn", message:"Login attempt with incorrect password", timestamp:"2024-10-30T12:51:16.763Z"}
{level:"warn", message:"Registration attempt without email", timestamp:"2024-10-30T12:51:21.798Z"}
{level:"warn", message:"Incorrect password during login attempt", timestamp:"2024-10-30T12:51:36.393Z"}
{level:"info", message:"User logged in successfully", timestamp:"2024-10-30T12:53:23.045Z"}
{level:"info", message:"Token verified successfully", timestamp:"2024-10-30T12:53:27.090Z"}
{level:"info", message:"Token verified successfully", timestamp:"2024-10-30T12:53:27.113Z"}
{level:"warn", message:"Incorrect password during login attempt", timestamp:"2024-10-30T12:53:43.036Z"}
{level:"warn", message:"Password validation errors", timestamp:"2024-10-30T12:54:00.561Z"}
{level:"warn", message:"Password validation errors", timestamp:"2024-10-30T12:54:02.102Z"}
{level:"warn", message:"Password reset attempt without email", timestamp:"2024-10-30T13:01:09.198Z"}
{level:"warn", message:"Password reset attempt without email", timestamp:"2024-10-30T13:01:48.839Z"}
{level:"warn", message:"Password reset attempt without email", timestamp:"2024-10-30T13:02:11.657Z"}
{level:"warn", message:"Password reset attempt without email", timestamp:"2024-10-30T13:03:51.922Z"}
{level:"warn", message:"Password reset attempt without email", timestamp:"2024-10-30T13:04:24.858Z"}
{level:"warn", message:"Password reset attempt without email", timestamp:"2024-10-30T13:04:31.593Z"}
{level:"warn", message:"Password reset attempt without email", timestamp:"2024-10-30T13:04:32.162Z"}
{level:"warn", message:"Password reset attempt without email", timestamp:"2024-10-30T13:04:32.345Z"}
{level:"warn", message:"Password reset attempt without email", timestamp:"2024-10-30T13:04:32.510Z"}
{level:"warn", message:"Password reset attempt without email", timestamp:"2024-10-30T13:04:32.713Z"}
{level:"warn", message:"Password reset attempt without email", timestamp:"2024-10-30T13:04:37.680Z"}
{level:"warn", message:"Password reset attempt for non-existent email", timestamp:"2024-10-30T13:05:22.621Z"}
{level:"warn", message:"Password reset attempt for non-existent email", timestamp:"2024-10-30T13:05:29.650Z"}
{level:"warn", message:"Password reset attempt for non-existent email", timestamp:"2024-10-30T13:05:57.738Z"}
{level:"warn", message:"Password reset attempt without email", timestamp:"2024-10-30T13:06:40.413Z"}
{level:"warn", message:"Password reset attempt for non-existent email", timestamp:"2024-10-30T13:06:45.134Z"}
{level:"info", message:"Password reset email sent", timestamp:"2024-10-30T13:06:58.869Z"}
{level:"info", message:"Password reset email sent", timestamp:"2024-10-30T13:08:14.133Z"}
{level:"warn", message:"Password reset attempt without email", timestamp:"2024-10-30T13:09:49.712Z"}
{level:"info", message:"Password reset email sent", timestamp:"2024-10-30T13:09:56.920Z"}
{level:"info", message:"Password reset email sent", timestamp:"2024-10-30T13:10:17.419Z"}
{level:"info", message:"Password reset email sent", timestamp:"2024-10-30T13:10:59.935Z"}
{level:"info", message:"Password reset email sent", timestamp:"2024-10-30T13:11:09.851Z"}
{level:"info", message:"Password reset email sent", timestamp:"2024-10-30T13:11:37.268Z"}
{level:"info", message:"Password reset email sent", timestamp:"2024-10-30T13:11:48.797Z"}
{level:"info", message:"Password reset email sent", timestamp:"2024-10-30T13:12:17.226Z"}
{level:"info", message:"Password reset email sent", timestamp:"2024-10-30T13:13:14.771Z"}
{level:"info", message:"Password reset email sent", timestamp:"2024-10-30T13:15:13.769Z"}
{level:"info", message:"Password reset email sent", timestamp:"2024-10-30T13:15:24.002Z"}
{level:"info", message:"Password reset email sent", timestamp:"2024-10-30T13:15:34.964Z"}
{level:"warn", message:"Password reset attempt for non-existent email", timestamp:"2024-10-30T13:15:45.926Z"}
{level:"warn", message:"Password reset attempt without email", timestamp:"2024-10-30T13:15:54.056Z"}
{level:"warn", message:"Password reset attempt without email", timestamp:"2024-10-30T13:16:02.321Z"}
{level:"warn", message:"Password is required", timestamp:"2024-10-30T13:16:37.118Z"}
{level:"warn", message:"Password is required", timestamp:"2024-10-30T13:18:20.920Z"}
{level:"warn", message:"Token has expired", timestamp:"2024-10-30T13:18:31.932Z"}
{level:"warn", message:"Token has expired", timestamp:"2024-10-30T13:18:55.124Z"}
{level:"info", message:"Token verified successfully", timestamp:"2024-10-30T13:19:25.628Z"}
{level:"info", message:"Password has been reset successfully", timestamp:"2024-10-30T13:19:25.771Z"}
{level:"info", message:"Token verified successfully", timestamp:"2024-10-30T13:19:36.507Z"}
{level:"info", message:"Password has been reset successfully", timestamp:"2024-10-30T13:19:36.623Z"}
{level:"info", message:"Token verified successfully", timestamp:"2024-10-30T13:20:09.163Z"}
{level:"info", message:"Password has been reset successfully", timestamp:"2024-10-30T13:20:09.307Z"}
{level:"info", message:"Token verified successfully", timestamp:"2024-10-30T13:20:38.444Z"}
{level:"info", message:"Password has been reset successfully", timestamp:"2024-10-30T13:20:38.592Z"}
{level:"warn", message:"Password is required", timestamp:"2024-10-30T13:21:17.708Z"}
{level:"info", message:"Token verified successfully", timestamp:"2024-10-30T13:21:23.876Z"}
{level:"info", message:"Password has been reset successfully", timestamp:"2024-10-30T13:21:24.005Z"}
{level:"info", message:"Token verified successfully", timestamp:"2024-10-30T13:21:54.981Z"}
{level:"info", message:"Password has been reset successfully", timestamp:"2024-10-30T13:21:55.101Z"}
{level:"info", message:"Token verified successfully", timestamp:"2024-10-30T13:22:09.805Z"}
{level:"info", message:"Password has been reset successfully", timestamp:"2024-10-30T13:22:10.010Z"}
{level:"info", message:"Token verified successfully", timestamp:"2024-10-30T13:22:29.083Z"}
{level:"info", message:"Password has been reset successfully", timestamp:"2024-10-30T13:22:29.256Z"}
{level:"info", message:"Token verified successfully", timestamp:"2024-10-30T13:22:57.495Z"}
{level:"info", message:"Password has been reset successfully", timestamp:"2024-10-30T13:22:57.656Z"}
{level:"info", message:"Token verified successfully", timestamp:"2024-10-30T13:23:35.470Z"}
{level:"info", message:"Password has been reset successfully", timestamp:"2024-10-30T13:23:35.611Z"}
{level:"info", message:"Token verified successfully", timestamp:"2024-10-30T13:23:48.613Z"}
{level:"info", message:"Password has been reset successfully", timestamp:"2024-10-30T13:23:48.890Z"}
{level:"warn", message:"Login attempt with incorrect password", timestamp:"2024-10-30T13:23:56.477Z"}
{level:"warn", message:"Login attempt with incorrect password", timestamp:"2024-10-30T13:24:01.554Z"}
{level:"info", message:"User logged in successfully", timestamp:"2024-10-30T13:24:05.872Z"}
{level:"warn", message:"Login attempt with incorrect password", timestamp:"2024-10-30T13:25:21.475Z"}
{level:"info", message:"User logged in successfully", timestamp:"2024-10-30T13:25:28.462Z"}
{level:"info", message:"Token verified successfully", timestamp:"2024-10-30T13:25:57.455Z"}
{level:"info", message:"User logged in successfully", timestamp:"2024-10-30T13:26:22.102Z"}
{level:"info", message:"Token verified successfully", timestamp:"2024-10-30T13:27:14.652Z"}
{level:"info", message:"User registered successfully", timestamp:"2024-10-30T13:27:49.443Z"}
{level:"info", message:"User registered successfully", timestamp:"2024-10-30T13:28:53.571Z"}
{level:"info", message:"User registered successfully", timestamp:"2024-10-30T13:30:06.048Z"}
{level:"warn", message:"Password validation failed: Password must contain at least one special character", timestamp:"2024-10-30T13:31:00.685Z"}
{level:"info", message:"User registered successfully", timestamp:"2024-10-30T13:31:08.213Z"}
{level:"warn", message:"Username already registered", timestamp:"2024-10-30T13:31:34.048Z"}
{level:"info", message:"User registered successfully", timestamp:"2024-10-30T13:31:45.296Z"}
{level:"info", message:"User registered successfully", timestamp:"2024-10-30T13:33:09.739Z"}
{level:"info", message:"User registered successfully", timestamp:"2024-10-30T13:33:57.477Z"}
{level:"warn", message:"Login attempt with incorrect password", timestamp:"2024-10-30T13:36:54.711Z"}
{level:"info", message:"User logged in successfully", timestamp:"2024-10-30T13:37:02.692Z"}
{level:"info", message:"Token verified successfully", timestamp:"2024-10-30T13:37:22.977Z"}
{level:"warn", message:"Token has expired", timestamp:"2024-10-30T13:37:51.091Z"}
{level:"info", message:"User logged in successfully", timestamp:"2024-10-30T13:38:05.237Z"}
{level:"info", message:"Token verified successfully", timestamp:"2024-10-30T13:38:09.890Z"}
{level:"warn", message:"Login attempt with incorrect password", timestamp:"2024-10-30T13:38:39.731Z"}
{level:"warn", message:"Registration attempt without email", timestamp:"2024-10-30T13:38:46.918Z"}
{level:"warn", message:"Login attempt with incorrect password", timestamp:"2024-10-30T13:38:50.081Z"}
{level:"info", message:"Password reset email sent", timestamp:"2024-10-30T13:40:16.742Z"}
{level:"info", message:"Token verified successfully", timestamp:"2024-10-30T13:40:39.305Z"}
{level:"warn", message:"Password validation failed: Password must be at least 8 characters long, Password must contain at least one number, Password must contain at least one special character", timestamp:"2024-10-30T13:40:39.312Z"}
{level:"info", message:"Token verified successfully", timestamp:"2024-10-30T13:40:52.391Z"}
{level:"info", message:"Password has been reset successfully", timestamp:"2024-10-30T13:40:52.509Z"}
{level:"info", message:"User logged in successfully", timestamp:"2024-10-30T13:49:08.715Z"}
{level:"warn", message:"Incorrect password during login attempt", timestamp:"2024-10-30T13:49:26.709Z"}
{level:"warn", message:"User login attempt with missing password", timestamp:"2024-10-30T13:49:34.249Z"}
{level:"warn", message:"User login attempt with missing email", timestamp:"2024-10-30T13:49:48.151Z"}
{level:"warn", message:"User registration attempt with missing email", timestamp:"2024-10-30T13:51:45.015Z"}
{level:"info", message:"User registered successfully", timestamp:"2024-10-30T13:51:50.301Z"}
{level:"warn", message:"User registration attempt with missing email", timestamp:"2024-10-30T13:52:30.059Z"}
{level:"warn", message:"Incorrect password during login attempt", timestamp:"2024-10-30T13:52:35.866Z"}
{level:"warn", message:"User registration attempt with missing email", timestamp:"2024-10-30T13:53:29.360Z"}
{level:"warn", message:"Incorrect password during login attempt", timestamp:"2024-10-30T13:53:47.450Z"}
{level:"warn", message:"User registration attempt with missing email", timestamp:"2024-10-30T13:53:51.075Z"}
{level:"info", message:"User logged in successfully", timestamp:"2024-10-30T13:53:56.187Z"}
{level:"warn", message:"Login attempt with incorrect password", timestamp:"2024-10-30T13:54:03.246Z"}
{level:"warn", message:"Login attempt with incorrect password", timestamp:"2024-10-30T13:54:08.685Z"}
{level:"warn", message:"Login attempt with incorrect password", timestamp:"2024-10-30T13:54:14.628Z"}
{level:"warn", message:"Login attempt with incorrect password", timestamp:"2024-10-30T13:54:20.706Z"}
{level:"info", message:"Password reset email sent", timestamp:"2024-10-30T13:54:33.513Z"}
{level:"info", message:"Password reset email sent", timestamp:"2024-10-30T13:54:42.688Z"}
{level:"info", message:"Token verified successfully", timestamp:"2024-10-30T13:55:22.014Z"}
{level:"info", message:"Password has been reset successfully", timestamp:"2024-10-30T13:55:22.131Z"}
{level:"info", message:"User logged in successfully", timestamp:"2024-10-30T13:55:40.092Z"}
{level:"info", message:"Review fetched successfully", timestamp:"2024-10-30T13:55:50.285Z"}
{level:"info", message:"Fetched products with pagination", timestamp:"2024-10-30T13:56:07.456Z"}
{level:"info", message:"Fetched products with pagination", timestamp:"2024-10-30T13:56:09.711Z"}
{level:"info", message:"Fetched products with pagination", timestamp:"2024-10-30T13:56:13.570Z"}
{level:"info", message:"Fetched products with pagination", timestamp:"2024-10-30T13:56:15.954Z"}
{level:"info", message:"Fetched products with pagination", timestamp:"2024-10-30T13:56:22.178Z"}
{level:"info", message:"Fetched products with pagination", timestamp:"2024-10-30T13:56:23.749Z"}
{level:"info", message:"Fetched products with pagination", timestamp:"2024-10-30T13:56:24.475Z"}
{level:"info", message:"Fetched products with pagination", timestamp:"2024-10-30T13:56:25.895Z"}
{level:"info", message:"Fetched products with pagination", timestamp:"2024-10-30T13:56:26.567Z"}
{level:"info", message:"Fetched products with pagination", timestamp:"2024-10-30T13:56:27.228Z"}
{level:"info", message:"Fetched products with pagination", timestamp:"2024-10-30T13:56:27.974Z"}
{level:"info", message:"Fetched products with pagination", timestamp:"2024-10-30T13:56:31.278Z"}
{level:"info", message:"Fetched products with pagination", timestamp:"2024-10-30T13:56:32.213Z"}
{level:"info", message:"Fetched products with pagination", timestamp:"2024-10-30T13:56:33.214Z"}
{level:"info", message:"Fetched products with pagination", timestamp:"2024-10-30T13:56:35.079Z"}
{level:"info", message:"Fetched single product", timestamp:"2024-10-30T13:57:10.514Z"}
{level:"info", message:"Fetched reviews for product", timestamp:"2024-10-30T13:57:10.556Z"}
{level:"info", message:"Token verified successfully", timestamp:"2024-10-30T13:58:11.888Z"}
{level:"info", message:"Token verified successfully", timestamp:"2024-10-30T13:58:11.935Z"}
{level:"info", message:"Token verified successfully", timestamp:"2024-10-30T13:58:33.114Z"}
{level:"info", message:"Fetched single product", timestamp:"2024-10-30T13:58:33.136Z"}
{level:"info", message:"Fetched reviews for product", timestamp:"2024-10-30T13:58:33.247Z"}
{level:"info", message:"Token verified successfully", timestamp:"2024-10-30T13:59:07.170Z"}
{level:"info", message:"Token verified successfully", timestamp:"2024-10-30T13:59:07.214Z"}
{level:"info", message:"Token verified successfully", timestamp:"2024-10-30T13:59:25.207Z"}
{level:"info", message:"Token verified successfully", timestamp:"2024-10-30T13:59:25.229Z"}
{level:"info", message:"Fetched single product", timestamp:"2024-10-30T14:00:32.883Z"}
{level:"info", message:"Token verified successfully", timestamp:"2024-10-30T14:00:32.888Z"}
{level:"info", message:"Token verified successfully", timestamp:"2024-10-30T14:00:34.621Z"}
{level:"info", message:"Token verified successfully", timestamp:"2024-10-30T14:00:34.777Z"}
{level:"info", message:"Fetched reviews for product", timestamp:"2024-10-30T14:00:35.078Z"}
{level:"info", message:"Token verified successfully", timestamp:"2024-10-30T14:02:30.983Z"}
{level:"info", message:"Token verified successfully", timestamp:"2024-10-30T14:02:31.058Z"}
{level:"info", message:"Token verified successfully", timestamp:"2024-10-30T14:02:43.926Z"}
{level:"info", message:"Token verified successfully", timestamp:"2024-10-30T14:02:44.016Z"}
{level:"info", message:"Token verified successfully", timestamp:"2024-10-30T14:02:55.323Z"}
{level:"info", message:"Token verified successfully", timestamp:"2024-10-30T14:02:55.342Z"}
{level:"info", message:"Token verified successfully", timestamp:"2024-10-30T14:03:09.601Z"}
{level:"info", message:"Token verified successfully", timestamp:"2024-10-30T14:03:09.670Z"}
{level:"info", message:"Token verified successfully", timestamp:"2024-10-30T14:06:03.501Z"}
{level:"info", message:"Token verified successfully", timestamp:"2024-10-30T14:06:03.580Z"}
{level:"info", message:"Fetched single product", timestamp:"2024-10-30T14:06:45.105Z"}
{level:"info", message:"Token verified successfully", timestamp:"2024-10-30T14:06:45.138Z"}
{level:"info", message:"Fetched reviews for product", timestamp:"2024-10-30T14:06:45.211Z"}
{level:"info", message:"Token verified successfully", timestamp:"2024-10-30T14:06:46.479Z"}
{level:"info", message:"Token verified successfully", timestamp:"2024-10-30T14:06:46.533Z"}
{level:"info", message:"Product updated successfully", timestamp:"2024-10-30T14:09:32.196Z"}
{level:"info", message:"Fetched products with pagination", timestamp:"2024-10-30T14:09:45.187Z"}
{level:"info", message:"Fetched single product", timestamp:"2024-10-30T14:09:48.921Z"}
{level:"info", message:"Fetched reviews for product", timestamp:"2024-10-30T14:09:48.941Z"}
{level:"info", message:"Token verified successfully", timestamp:"2024-10-30T14:10:05.713Z"}
{level:"info", message:"Fetched single product", timestamp:"2024-10-30T14:10:05.747Z"}
{level:"info", message:"Fetched reviews for product", timestamp:"2024-10-30T14:10:05.835Z"}
{level:"info", message:"Fetched single product", timestamp:"2024-10-30T14:10:14.672Z"}
{level:"info", message:"Token verified successfully", timestamp:"2024-10-30T14:10:14.685Z"}
{level:"info", message:"Fetched reviews for product", timestamp:"2024-10-30T14:10:14.762Z"}
{level:"info", message:"Token verified successfully", timestamp:"2024-10-30T14:10:34.110Z"}
{level:"info", message:"Token verified successfully", timestamp:"2024-10-30T14:10:34.146Z"}
{level:"info", message:"Fetched single product", timestamp:"2024-10-30T14:10:38.563Z"}
{level:"info", message:"Token verified successfully", timestamp:"2024-10-30T14:10:38.639Z"}
{level:"info", message:"Fetched reviews for product", timestamp:"2024-10-30T14:10:38.676Z"}
{level:"info", message:"Fetched single product", timestamp:"2024-10-30T14:12:11.052Z"}
{level:"info", message:"Token verified successfully", timestamp:"2024-10-30T14:12:11.070Z"}
{level:"info", message:"Fetched reviews for product", timestamp:"2024-10-30T14:12:11.146Z"}
{level:"info", message:"Token verified successfully", timestamp:"2024-10-30T14:12:12.154Z"}
{level:"info", message:"Token verified successfully", timestamp:"2024-10-30T14:12:12.190Z"}
{level:"info", message:"Fetched products with pagination", timestamp:"2024-10-30T14:12:35.385Z"}
{level:"info", message:"Fetched single product", timestamp:"2024-10-30T14:12:36.503Z"}
{level:"info", message:"Fetched reviews for product", timestamp:"2024-10-30T14:12:36.566Z"}
{level:"info", message:"User logged in successfully", timestamp:"2024-10-30T14:13:19.618Z"}
{level:"info", message:"Fetched single product", timestamp:"2024-10-30T14:15:13.619Z"}
{level:"info", message:"Token verified successfully", timestamp:"2024-10-30T14:15:13.635Z"}
{level:"info", message:"Fetched reviews for product", timestamp:"2024-10-30T14:15:13.733Z"}
{level:"info", message:"Token verified successfully", timestamp:"2024-10-30T14:17:57.733Z"}
{level:"info", message:"Token verified successfully", timestamp:"2024-10-30T14:17:57.764Z"}
{level:"info", message:"Token verified successfully", timestamp:"2024-10-30T14:18:10.541Z"}
{level:"info", message:"Token verified successfully", timestamp:"2024-10-30T14:18:10.581Z"}
{level:"info", message:"Fetched single product", timestamp:"2024-10-30T14:19:07.166Z"}
{level:"info", message:"Token verified successfully", timestamp:"2024-10-30T14:19:07.197Z"}
{level:"info", message:"Fetched reviews for product", timestamp:"2024-10-30T14:19:07.263Z"}
{level:"info", message:"Token verified successfully", timestamp:"2024-10-30T14:21:47.873Z"}
{level:"info", message:"Token verified successfully", timestamp:"2024-10-30T14:21:47.935Z"}
{level:"info", message:"Token verified successfully", timestamp:"2024-10-30T14:27:50.338Z"}
{level:"info", message:"Token verified successfully", timestamp:"2024-10-30T14:28:48.298Z"}
{level:"info", message:"Token verified successfully", timestamp:"2024-10-30T14:28:55.290Z"}
{level:"warn", message:"Incorrect password during login attempt", timestamp:"2024-10-30T14:29:18.529Z"}
{level:"info", message:"User logged in successfully", timestamp:"2024-10-30T14:29:22.129Z"}
{level:"warn", message:"User registration attempt with missing email", timestamp:"2024-10-30T14:29:32.730Z"}
{level:"warn", message:"Email already registered", timestamp:"2024-10-30T14:29:43.622Z"}
{level:"warn", message:"Password validation errors", timestamp:"2024-10-30T14:29:49.470Z"}
{level:"info", message:"Password reset email sent", timestamp:"2024-10-30T14:30:58.580Z"}
{level:"info", message:"Password reset email sent", timestamp:"2024-10-30T14:32:27.635Z"}
{level:"info", message:"Token verified successfully", timestamp:"2024-10-30T14:32:58.974Z"}
{level:"info", message:"Password has been reset successfully", timestamp:"2024-10-30T14:32:59.096Z"}
{level:"info", message:"User logged in successfully", timestamp:"2024-10-30T14:33:04.111Z"}
{level:"info", message:"Token verified successfully", timestamp:"2024-10-30T14:33:13.818Z"}
{level:"info", message:"Token verified successfully", timestamp:"2024-10-30T14:33:13.835Z"}
{level:"warn", message:"Password is required", timestamp:"2024-10-30T14:33:30.917Z"}
{level:"info", message:"Token verified successfully", timestamp:"2024-10-30T14:33:50.080Z"}
{level:"warn", message:"Password validation failed: Password must be at least 8 characters long, Password must contain at least one number, Password must contain at least one special character", timestamp:"2024-10-30T14:33:50.087Z"}
{level:"info", message:"Token verified successfully", timestamp:"2024-10-30T14:34:51.124Z"}
{level:"info", message:"Token verified successfully", timestamp:"2024-10-30T14:34:57.252Z"}
{level:"info", message:"Token verified successfully", timestamp:"2024-10-30T14:35:02.010Z"}
{level:"info", message:"Fetched single product", timestamp:"2024-10-30T14:35:03.307Z"}
{level:"info", message:"Fetched reviews for product", timestamp:"2024-10-30T14:35:03.346Z"}
{level:"info", message:"Review fetched successfully", timestamp:"2024-10-30T14:35:08.775Z"}
{level:"info", message:"Token verified successfully", timestamp:"2024-10-30T14:36:37.227Z"}
{level:"info", message:"Token verified successfully", timestamp:"2024-10-30T14:36:50.366Z"}
{level:"info", message:"Fetched products with pagination", timestamp:"2024-10-30T14:36:54.282Z"}
{level:"info", message:"Fetched single product", timestamp:"2024-10-30T14:36:59.925Z"}
{level:"info", message:"Fetched reviews for product", timestamp:"2024-10-30T14:36:59.950Z"}
{level:"info", message:"Fetched products with pagination", timestamp:"2024-10-30T14:37:06.639Z"}
{level:"info", message:"Fetched single product", timestamp:"2024-10-30T14:37:07.623Z"}
{level:"info", message:"Fetched reviews for product", timestamp:"2024-10-30T14:37:07.661Z"}
{level:"info", message:"Fetched single product", timestamp:"2024-10-30T14:41:00.907Z"}
{level:"info", message:"Fetched reviews for product", timestamp:"2024-10-30T14:41:01.020Z"}
{level:"warn", message:"Password reset attempt without email", timestamp:"2024-10-30T14:41:26.902Z"}
{level:"info", message:"Password reset email sent", timestamp:"2024-10-30T14:41:36.854Z"}
{level:"info", message:"User logged in successfully", timestamp:"2024-10-30T14:54:18.524Z"}
{level:"info", message:"Fetched products with pagination", timestamp:"2024-10-30T14:54:32.470Z"}
{level:"info", message:"Fetched products with pagination", timestamp:"2024-10-30T14:54:35.038Z"}
{level:"info", message:"Fetched products with pagination", timestamp:"2024-10-30T14:54:37.541Z"}
{level:"info", message:"Fetched single product", timestamp:"2024-10-30T14:54:42.118Z"}
{level:"info", message:"Fetched reviews for product", timestamp:"2024-10-30T14:54:42.147Z"}
{level:"info", message:"User logged in successfully", timestamp:"2024-10-30T14:55:53.653Z"}
{level:"info", message:"Fetched single product", timestamp:"2024-10-30T14:56:04.149Z"}
{level:"info", message:"Token verified successfully", timestamp:"2024-10-30T14:56:04.186Z"}
{level:"info", message:"Fetched reviews for product", timestamp:"2024-10-30T14:56:04.232Z"}
{level:"warn", message:"Token verification failed", timestamp:"2024-10-30T16:51:21.763Z"}
{level:"warn", message:"Login attempt with incorrect password", timestamp:"2024-10-30T16:51:41.296Z"}
{level:"warn", message:"Login attempt with incorrect email", timestamp:"2024-10-30T16:51:49.715Z"}
{level:"warn", message:"Password reset attempt for non-existent email", timestamp:"2024-10-30T16:53:06.173Z"}
{level:"info", message:"Password reset email sent", timestamp:"2024-10-30T16:54:33.555Z"}
{level:"warn", message:"Token verification failed", timestamp:"2024-10-30T16:54:58.348Z"}
{level:"warn", message:"Token verification failed", timestamp:"2024-10-30T16:55:20.596Z"}
{level:"error", message:"An error occurred during password reset", timestamp:"2024-10-30T16:56:16.167Z"}
{level:"info", message:"Fetched products with pagination", timestamp:"2024-10-30T16:59:27.226Z"}
{level:"info", message:"Fetched products with pagination", timestamp:"2024-10-30T16:59:38.414Z"}
{level:"info", message:"Fetched products with pagination", timestamp:"2024-10-30T16:59:44.757Z"}
{level:"warn", message:"Token verification failed", timestamp:"2024-10-30T17:01:08.856Z"}
{level:"info", message:"Fetched products with pagination", timestamp:"2024-10-30T17:01:08.952Z"}
{level:"info", message:"Fetched single product", timestamp:"2024-10-30T17:01:39.393Z"}
{level:"info", message:"Fetched reviews for product", timestamp:"2024-10-30T17:01:39.501Z"}
{level:"info", message:"Fetched products with pagination", timestamp:"2024-10-30T17:01:42.097Z"}
{level:"info", message:"Fetched single product", timestamp:"2024-10-30T17:01:43.374Z"}
{level:"info", message:"Fetched reviews for product", timestamp:"2024-10-30T17:01:43.425Z"}
{level:"warn", message:"Token verification failed", timestamp:"2024-10-30T17:02:35.185Z"}
{level:"info", message:"Fetched single product", timestamp:"2024-10-30T17:02:43.005Z"}
{level:"info", message:"Fetched reviews for product", timestamp:"2024-10-30T17:02:43.094Z"}
{level:"info", message:"Fetched single product", timestamp:"2024-10-30T17:02:51.742Z"}
{level:"warn", message:"Token verification failed", timestamp:"2024-10-30T17:02:51.877Z"}
{level:"info", message:"Fetched reviews for product", timestamp:"2024-10-30T17:02:51.922Z"}
{level:"warn", message:"Token verification failed", timestamp:"2024-10-30T17:06:03.777Z"}
{level:"warn", message:"Token verification failed", timestamp:"2024-10-30T17:06:03.784Z"}
{level:"warn", message:"Token verification failed", timestamp:"2024-10-30T17:06:05.628Z"}
{level:"warn", message:"Token verification failed", timestamp:"2024-10-30T17:06:05.701Z"}
{level:"info", message:"User logged in successfully", timestamp:"2024-10-30T17:06:07.518Z"}
{level:"info", message:"Token verified successfully", timestamp:"2024-10-30T17:06:42.518Z"}
{level:"info", message:"Fetched orders for shop", timestamp:"2024-10-30T17:06:42.532Z"}
{level:"info", message:"Token verified successfully", timestamp:"2024-10-30T17:06:42.540Z"}
{level:"info", message:"Fetched orders for shop", timestamp:"2024-10-30T17:06:42.554Z"}
{level:"info", message:"Token verified successfully", timestamp:"2024-10-30T17:06:49.182Z"}
{level:"info", message:"Fetched orders for shop", timestamp:"2024-10-30T17:06:49.195Z"}
{level:"info", message:"Token verified successfully", timestamp:"2024-10-30T17:06:49.205Z"}
{level:"info", message:"Fetched orders for shop", timestamp:"2024-10-30T17:06:49.234Z"}
{level:"info", message:"User logged in successfully", timestamp:"2024-10-30T17:07:02.165Z"}
{level:"info", message:"Review fetched successfully", timestamp:"2024-10-30T17:07:05.606Z"}
{level:"info", message:"Fetched products with pagination", timestamp:"2024-10-30T17:07:10.919Z"}
{level:"info", message:"Fetched single product", timestamp:"2024-10-30T17:07:18.926Z"}
{level:"info", message:"Fetched reviews for product", timestamp:"2024-10-30T17:07:18.989Z"}
{level:"warn", message:"Token verification failed", timestamp:"2024-10-30T17:11:38.045Z"}
{level:"info", message:"User logged in successfully", timestamp:"2024-10-30T17:11:52.853Z"}
{level:"info", message:"Token verified successfully", timestamp:"2024-10-30T17:12:22.729Z"}
{level:"info", message:"Order created", timestamp:"2024-10-30T17:12:22.757Z"}
{level:"info", message:"Token verified successfully", timestamp:"2024-10-30T17:12:48.734Z"}
{level:"info", message:"Fetched single product", timestamp:"2024-10-30T17:12:55.947Z"}
{level:"info", message:"Token verified successfully", timestamp:"2024-10-30T17:12:56.010Z"}
{level:"info", message:"Fetched reviews for product", timestamp:"2024-10-30T17:12:56.267Z"}
{level:"info", message:"Review fetched successfully", timestamp:"2024-10-30T17:12:58.314Z"}
{level:"info", message:"User logged in successfully", timestamp:"2024-10-30T17:13:35.277Z"}
{level:"info", message:"Review fetched successfully", timestamp:"2024-10-30T17:13:38.219Z"}
{level:"info", message:"Token verified successfully", timestamp:"2024-10-30T17:14:22.713Z"}
{level:"info", message:"Fetched orders for shop", timestamp:"2024-10-30T17:14:22.737Z"}
{level:"info", message:"Token verified successfully", timestamp:"2024-10-30T17:14:22.747Z"}
{level:"info", message:"Fetched orders for shop", timestamp:"2024-10-30T17:14:22.825Z"}
{level:"info", message:"Order updated successfully", timestamp:"2024-10-30T17:14:55.106Z"}
{level:"info", message:"Token verified successfully", timestamp:"2024-10-30T17:14:55.145Z"}
{level:"info", message:"Fetched orders for shop", timestamp:"2024-10-30T17:14:55.172Z"}
{level:"info", message:"Token verified successfully", timestamp:"2024-10-30T17:14:58.470Z"}
{level:"info", message:"Review fetched successfully", timestamp:"2024-10-30T17:14:59.110Z"}
{level:"info", message:"Fetched single product", timestamp:"2024-10-30T17:15:06.398Z"}
{level:"info", message:"Token verified successfully", timestamp:"2024-10-30T17:15:10.552Z"}
{level:"info", message:"Review fetched successfully", timestamp:"2024-10-30T17:15:11.658Z"}
{level:"info", message:"Fetched single product", timestamp:"2024-10-30T17:15:13.528Z"}
{level:"info", message:"Token verified successfully", timestamp:"2024-10-30T17:15:27.670Z"}
{level:"info", message:"Review fetched successfully", timestamp:"2024-10-30T17:15:29.037Z"}
{level:"info", message:"Fetched single product", timestamp:"2024-10-30T17:15:31.425Z"}
{level:"info", message:"Token verified successfully", timestamp:"2024-10-30T17:15:55.447Z"}
{level:"info", message:"Review fetched successfully", timestamp:"2024-10-30T17:15:57.635Z"}
{level:"info", message:"Fetched single product", timestamp:"2024-10-30T17:16:00.431Z"}
{level:"info", message:"Token verified successfully", timestamp:"2024-10-30T17:17:00.701Z"}
{level:"error", message:"Error while creating review", timestamp:"2024-10-30T17:17:02.304Z"}
{level:"info", message:"Token verified successfully", timestamp:"2024-10-30T17:17:51.244Z"}
{level:"error", message:"Error while creating review", timestamp:"2024-10-30T17:17:52.731Z"}
