{level:"info", message:"Fetched products with pagination", timestamp:"2024-10-16T08:27:15.945Z"}
{level:"info", message:"Fetched products with pagination", timestamp:"2024-10-16T08:27:16.028Z"}
{level:"info", message:"Fetched single product", timestamp:"2024-10-16T08:29:06.589Z"}
{level:"info", message:"Fetched single product", timestamp:"2024-10-16T08:29:06.604Z"}
{level:"info", message:"Fetched single product", timestamp:"2024-10-16T08:29:20.573Z"}
{level:"info", message:"User logged in successfully", timestamp:"2024-10-16T08:49:54.943Z"}
{level:"info", message:"Token verified successfully", timestamp:"2024-10-16T08:51:51.865Z"}
{level:"info", message:"Product created successfully", timestamp:"2024-10-16T08:51:51.956Z"}
{level:"info", message:"Fetched products with pagination", timestamp:"2024-10-16T08:52:26.953Z"}
{level:"info", message:"Fetched products with pagination", timestamp:"2024-10-16T08:52:27.000Z"}
{level:"info", message:"Token verified successfully", timestamp:"2024-10-16T08:56:14.275Z"}
{level:"info", message:"Product created successfully", timestamp:"2024-10-16T08:56:14.364Z"}
{level:"warn", message:"Product not found", timestamp:"2024-10-16T08:57:29.623Z"}
{level:"warn", message:"Product not found", timestamp:"2024-10-16T08:57:29.643Z"}
{level:"info", message:"Fetched products with pagination", timestamp:"2024-10-16T08:57:39.974Z"}
{level:"info", message:"Fetched products with pagination", timestamp:"2024-10-16T08:57:40.056Z"}
{level:"info", message:"Fetched products with pagination", timestamp:"2024-10-16T08:57:42.287Z"}
{level:"info", message:"Fetched products with pagination", timestamp:"2024-10-16T08:57:42.348Z"}
{level:"info", message:"Fetched single product", timestamp:"2024-10-16T08:57:46.203Z"}
{level:"info", message:"Fetched single product", timestamp:"2024-10-16T08:57:46.283Z"}
{level:"info", message:"Fetched single product", timestamp:"2024-10-16T08:57:56.338Z"}
{level:"info", message:"Fetched single product", timestamp:"2024-10-16T08:58:06.575Z"}
{level:"info", message:"Fetched single product", timestamp:"2024-10-16T08:58:06.584Z"}
{level:"info", message:"Fetched single product", timestamp:"2024-10-16T08:58:13.411Z"}
{level:"info", message:"Fetched single product", timestamp:"2024-10-16T08:58:13.542Z"}
{level:"info", message:"Fetched single product", timestamp:"2024-10-16T08:58:49.620Z"}
{level:"info", message:"Fetched single product", timestamp:"2024-10-16T09:00:12.571Z"}
{level:"info", message:"Fetched single product", timestamp:"2024-10-16T09:00:48.563Z"}
{level:"info", message:"Fetched single product", timestamp:"2024-10-16T09:02:15.569Z"}
{level:"info", message:"Fetched products with pagination", timestamp:"2024-10-16T09:06:16.766Z"}
{level:"info", message:"Fetched products with pagination", timestamp:"2024-10-16T09:06:16.838Z"}
{level:"info", message:"Fetched products with pagination", timestamp:"2024-10-16T09:06:27.018Z"}
{level:"info", message:"Fetched products with pagination", timestamp:"2024-10-16T09:06:27.057Z"}
{level:"info", message:"Fetched single product", timestamp:"2024-10-16T09:09:45.570Z"}
{level:"info", message:"Fetched single product", timestamp:"2024-10-16T09:09:45.580Z"}
{level:"info", message:"Fetched single product", timestamp:"2024-10-16T09:10:04.598Z"}
{level:"info", message:"Fetched single product", timestamp:"2024-10-16T09:10:04.609Z"}
{level:"info", message:"Fetched single product", timestamp:"2024-10-16T09:10:10.076Z"}
{level:"info", message:"Fetched single product", timestamp:"2024-10-16T09:10:10.183Z"}
{level:"info", message:"Fetched products with pagination", timestamp:"2024-10-16T09:10:28.171Z"}
{level:"info", message:"Fetched products with pagination", timestamp:"2024-10-16T09:10:28.214Z"}
{level:"info", message:"Fetched products with pagination", timestamp:"2024-10-16T09:10:29.755Z"}
{level:"info", message:"Fetched products with pagination", timestamp:"2024-10-16T09:10:29.807Z"}
{level:"info", message:"Fetched single product", timestamp:"2024-10-16T09:10:30.746Z"}
{level:"info", message:"Fetched single product", timestamp:"2024-10-16T09:10:30.772Z"}
{level:"info", message:"Fetched single product", timestamp:"2024-10-16T09:18:01.828Z"}
{level:"info", message:"Fetched reviews for product", timestamp:"2024-10-16T09:20:10.581Z"}
{level:"warn", message:"Authorization header is missing", timestamp:"2024-10-16T09:28:18.432Z"}
{level:"info", message:"Token verified successfully", timestamp:"2024-10-16T09:28:59.007Z"}
{level:"error", message:"Error creating order", timestamp:"2024-10-16T09:28:59.009Z"}
{level:"info", message:"Token verified successfully", timestamp:"2024-10-16T09:40:31.027Z"}
{level:"info", message:"Order created", timestamp:"2024-10-16T09:40:31.103Z"}
{level:"warn", message:"Authorization header is missing", timestamp:"2024-10-16T09:41:41.136Z"}
{level:"info", message:"User logged in successfully", timestamp:"2024-10-16T09:41:49.912Z"}
{level:"info", message:"Token verified successfully", timestamp:"2024-10-16T09:42:03.404Z"}
{level:"warn", message:"Product not found", timestamp:"2024-10-16T09:42:03.413Z"}
{level:"info", message:"Token verified successfully", timestamp:"2024-10-16T09:42:54.486Z"}
{level:"warn", message:"Product not found", timestamp:"2024-10-16T09:42:54.493Z"}
{level:"info", message:"Token verified successfully", timestamp:"2024-10-16T09:44:00.901Z"}
{level:"warn", message:"Order not delivered", timestamp:"2024-10-16T09:44:00.921Z"}
{level:"info", message:"Token verified successfully", timestamp:"2024-10-16T09:44:21.439Z"}
{level:"info", message:"Review created successfully", timestamp:"2024-10-16T09:44:21.489Z"}
{level:"info", message:"Fetched reviews for product", timestamp:"2024-10-16T09:45:32.962Z"}
{level:"info", message:"Fetched reviews for product", timestamp:"2024-10-16T09:46:14.573Z"}
{level:"info", message:"Fetched reviews for product", timestamp:"2024-10-16T09:46:14.638Z"}
{level:"info", message:"Token verified successfully", timestamp:"2024-10-16T09:48:27.533Z"}
{level:"warn", message:"User has already reviewed this product", timestamp:"2024-10-16T09:48:27.584Z"}
{level:"info", message:"Fetched reviews for product", timestamp:"2024-10-16T09:53:07.789Z"}
{level:"info", message:"Fetched reviews for product", timestamp:"2024-10-16T09:53:48.855Z"}
{level:"info", message:"Fetched reviews for product", timestamp:"2024-10-16T09:54:55.210Z"}
{level:"info", message:"Fetched reviews for product", timestamp:"2024-10-16T09:55:29.277Z"}
{level:"info", message:"Fetched reviews for product", timestamp:"2024-10-16T09:56:11.252Z"}
{level:"info", message:"Fetched reviews for product", timestamp:"2024-10-16T09:56:48.599Z"}
{level:"error", message:"Error while fetching reviews", timestamp:"2024-10-16T09:59:27.101Z"}
{level:"info", message:"Fetched reviews for product", timestamp:"2024-10-16T09:59:56.849Z"}
{level:"info", message:"Fetched reviews for product", timestamp:"2024-10-16T10:00:44.410Z"}
{level:"error", message:"Error while fetching reviews", timestamp:"2024-10-16T10:01:05.277Z"}
{level:"error", message:"Error while fetching reviews", timestamp:"2024-10-16T10:01:07.635Z"}
{level:"info", message:"Fetched reviews for product", timestamp:"2024-10-16T10:01:18.391Z"}
{level:"info", message:"Fetched reviews for product", timestamp:"2024-10-16T10:02:57.078Z"}
{level:"info", message:"User registered successfully", timestamp:"2024-10-16T10:04:29.436Z"}
{level:"info", message:"User logged in successfully", timestamp:"2024-10-16T10:04:37.225Z"}
{level:"info", message:"Token verified successfully", timestamp:"2024-10-16T10:05:09.800Z"}
{level:"info", message:"Order created", timestamp:"2024-10-16T10:05:09.835Z"}
{level:"info", message:"Token verified successfully", timestamp:"2024-10-16T10:06:32.664Z"}
{level:"info", message:"Review created successfully", timestamp:"2024-10-16T10:06:32.699Z"}
{level:"info", message:"Fetched reviews for product", timestamp:"2024-10-16T10:06:47.346Z"}
{level:"info", message:"Fetched reviews for product", timestamp:"2024-10-16T10:09:37.859Z"}
{level:"info", message:"Fetched reviews for product", timestamp:"2024-10-16T10:11:32.279Z"}
{level:"info", message:"Fetched reviews for product", timestamp:"2024-10-16T10:12:10.983Z"}
{level:"info", message:"Fetched reviews for product", timestamp:"2024-10-16T10:14:43.310Z"}
{level:"info", message:"Fetched reviews for product", timestamp:"2024-10-16T10:19:37.878Z"}
{level:"info", message:"Fetched reviews for product", timestamp:"2024-10-16T10:24:14.171Z"}
{level:"info", message:"Fetched single product", timestamp:"2024-10-16T10:24:14.204Z"}
{level:"info", message:"Fetched reviews for product", timestamp:"2024-10-16T10:24:14.244Z"}
{level:"info", message:"Fetched single product", timestamp:"2024-10-16T10:24:14.343Z"}
{level:"info", message:"Fetched reviews for product", timestamp:"2024-10-16T10:24:14.371Z"}
{level:"info", message:"Fetched products with pagination", timestamp:"2024-10-16T10:28:34.329Z"}
{level:"info", message:"Fetched products with pagination", timestamp:"2024-10-16T10:28:34.370Z"}
{level:"info", message:"Fetched products with pagination", timestamp:"2024-10-16T10:28:37.731Z"}
{level:"info", message:"Fetched products with pagination", timestamp:"2024-10-16T10:28:37.736Z"}
{level:"info", message:"Fetched products with pagination", timestamp:"2024-10-16T10:28:40.466Z"}
{level:"info", message:"Fetched products with pagination", timestamp:"2024-10-16T10:28:40.471Z"}
{level:"info", message:"Fetched products with pagination", timestamp:"2024-10-16T10:28:41.538Z"}
{level:"info", message:"Fetched products with pagination", timestamp:"2024-10-16T10:28:41.544Z"}
{level:"info", message:"Fetched products with pagination", timestamp:"2024-10-16T10:28:42.803Z"}
{level:"info", message:"Fetched products with pagination", timestamp:"2024-10-16T10:28:42.807Z"}
{level:"info", message:"Fetched products with pagination", timestamp:"2024-10-16T10:28:43.298Z"}
{level:"info", message:"Fetched products with pagination", timestamp:"2024-10-16T10:28:43.301Z"}
{level:"info", message:"Fetched products with pagination", timestamp:"2024-10-16T10:28:44.025Z"}
{level:"info", message:"Fetched products with pagination", timestamp:"2024-10-16T10:28:44.030Z"}
{level:"info", message:"Fetched reviews for product", timestamp:"2024-10-16T10:29:12.931Z"}
{level:"info", message:"Fetched single product", timestamp:"2024-10-16T10:29:12.934Z"}
{level:"info", message:"Fetched reviews for product", timestamp:"2024-10-16T10:29:12.946Z"}
{level:"info", message:"Fetched reviews for product", timestamp:"2024-10-16T10:29:12.967Z"}
{level:"info", message:"Fetched single product", timestamp:"2024-10-16T10:29:12.971Z"}
{level:"info", message:"Fetched reviews for product", timestamp:"2024-10-16T10:29:40.578Z"}
{level:"info", message:"Fetched reviews for product", timestamp:"2024-10-16T10:29:43.723Z"}
{level:"info", message:"Fetched single product", timestamp:"2024-10-16T10:29:43.733Z"}
{level:"info", message:"Fetched reviews for product", timestamp:"2024-10-16T10:29:43.745Z"}
{level:"info", message:"Fetched reviews for product", timestamp:"2024-10-16T10:29:43.773Z"}
{level:"info", message:"Fetched single product", timestamp:"2024-10-16T10:29:43.826Z"}
{level:"info", message:"Fetched reviews for product", timestamp:"2024-10-16T10:30:02.634Z"}
{level:"info", message:"Fetched reviews for product", timestamp:"2024-10-16T10:30:34.854Z"}
{level:"info", message:"Fetched reviews for product", timestamp:"2024-10-16T10:30:58.852Z"}
{level:"info", message:"Fetched reviews for product", timestamp:"2024-10-16T10:31:15.494Z"}
{level:"info", message:"Fetched reviews for product", timestamp:"2024-10-16T10:31:32.575Z"}
{level:"info", message:"Fetched reviews for product", timestamp:"2024-10-16T10:31:35.921Z"}
{level:"info", message:"Fetched single product", timestamp:"2024-10-16T10:31:36.004Z"}
{level:"info", message:"Fetched single product", timestamp:"2024-10-16T10:31:36.024Z"}
{level:"info", message:"Fetched reviews for product", timestamp:"2024-10-16T10:31:36.076Z"}
{level:"info", message:"Fetched reviews for product", timestamp:"2024-10-16T10:31:36.160Z"}
{level:"info", message:"Fetched reviews for product", timestamp:"2024-10-16T10:31:45.393Z"}
{level:"info", message:"Fetched single product", timestamp:"2024-10-16T10:34:55.604Z"}
{level:"info", message:"Fetched reviews for product", timestamp:"2024-10-16T10:37:15.573Z"}
{level:"warn", message:"Product not found", timestamp:"2024-10-16T10:39:53.945Z"}
{level:"info", message:"Fetched single product", timestamp:"2024-10-16T10:40:04.854Z"}
{level:"info", message:"Fetched reviews for product", timestamp:"2024-10-16T10:41:47.622Z"}
{level:"info", message:"Fetched reviews for product", timestamp:"2024-10-16T10:42:18.992Z"}
{level:"info", message:"Fetched reviews for product", timestamp:"2024-10-16T10:43:02.600Z"}
{level:"info", message:"Fetched reviews for product", timestamp:"2024-10-16T10:43:26.569Z"}
{level:"info", message:"Fetched reviews for product", timestamp:"2024-10-16T10:47:52.574Z"}
{level:"info", message:"Fetched reviews for product", timestamp:"2024-10-16T10:48:12.567Z"}
{level:"info", message:"Fetched single product", timestamp:"2024-10-16T10:48:19.587Z"}
{level:"info", message:"Fetched reviews for product", timestamp:"2024-10-16T10:48:54.688Z"}
{level:"info", message:"Fetched reviews for product", timestamp:"2024-10-16T10:49:31.573Z"}
{level:"info", message:"Fetched reviews for product", timestamp:"2024-10-16T10:49:34.427Z"}
{level:"info", message:"Fetched single product", timestamp:"2024-10-16T10:49:34.452Z"}
{level:"info", message:"Fetched single product", timestamp:"2024-10-16T10:49:34.486Z"}
{level:"info", message:"Fetched reviews for product", timestamp:"2024-10-16T10:49:34.553Z"}
{level:"info", message:"Fetched reviews for product", timestamp:"2024-10-16T10:49:34.570Z"}
{level:"info", message:"Fetched reviews for product", timestamp:"2024-10-16T10:49:58.576Z"}
{level:"info", message:"Fetched reviews for product", timestamp:"2024-10-16T10:51:14.601Z"}
{level:"info", message:"Fetched reviews for product", timestamp:"2024-10-16T10:51:14.618Z"}
{level:"info", message:"Fetched reviews for product", timestamp:"2024-10-16T10:52:16.964Z"}
{level:"info", message:"Fetched reviews for product", timestamp:"2024-10-16T10:53:38.602Z"}
{level:"info", message:"Fetched reviews for product", timestamp:"2024-10-16T10:54:00.575Z"}
{level:"info", message:"Fetched reviews for product", timestamp:"2024-10-16T10:54:05.566Z"}
{level:"info", message:"Fetched reviews for product", timestamp:"2024-10-16T10:54:11.562Z"}
{level:"info", message:"Fetched reviews for product", timestamp:"2024-10-16T10:54:18.569Z"}
{level:"info", message:"Fetched products with pagination", timestamp:"2024-10-16T10:56:10.372Z"}
{level:"info", message:"Fetched products with pagination", timestamp:"2024-10-16T10:56:10.389Z"}
{level:"info", message:"Fetched reviews for product", timestamp:"2024-10-16T10:56:13.772Z"}
{level:"info", message:"Fetched single product", timestamp:"2024-10-16T10:56:13.775Z"}
{level:"info", message:"Fetched single product", timestamp:"2024-10-16T10:56:13.799Z"}
{level:"info", message:"Fetched reviews for product", timestamp:"2024-10-16T10:56:13.821Z"}
{level:"info", message:"Fetched reviews for product", timestamp:"2024-10-16T10:56:13.850Z"}
{level:"info", message:"Fetched reviews for product", timestamp:"2024-10-16T11:20:45.852Z"}
{level:"info", message:"Fetched reviews for product", timestamp:"2024-10-16T11:30:02.590Z"}
{level:"info", message:"Fetched single product", timestamp:"2024-10-16T11:30:02.606Z"}
{level:"info", message:"Fetched reviews for product", timestamp:"2024-10-16T11:30:02.620Z"}
{level:"info", message:"Fetched single product", timestamp:"2024-10-16T11:30:55.561Z"}
{level:"info", message:"Fetched reviews for product", timestamp:"2024-10-16T11:30:58.024Z"}
{level:"info", message:"Fetched reviews for product", timestamp:"2024-10-16T11:30:58.043Z"}
{level:"info", message:"Fetched single product", timestamp:"2024-10-16T11:30:58.135Z"}
{level:"info", message:"Fetched reviews for product", timestamp:"2024-10-16T11:30:58.291Z"}
{level:"info", message:"Fetched single product", timestamp:"2024-10-16T11:30:58.345Z"}
{level:"info", message:"Fetched single product", timestamp:"2024-10-16T11:31:12.464Z"}
{level:"info", message:"Fetched single product", timestamp:"2024-10-16T11:32:21.572Z"}
{level:"info", message:"Fetched reviews for product", timestamp:"2024-10-16T11:32:24.187Z"}
{level:"info", message:"Fetched single product", timestamp:"2024-10-16T11:32:24.199Z"}
{level:"info", message:"Fetched single product", timestamp:"2024-10-16T11:32:24.276Z"}
{level:"info", message:"Fetched reviews for product", timestamp:"2024-10-16T11:32:24.290Z"}
{level:"info", message:"Fetched reviews for product", timestamp:"2024-10-16T11:32:24.350Z"}
{level:"info", message:"Fetched reviews for product", timestamp:"2024-10-16T11:32:25.335Z"}
{level:"info", message:"Fetched single product", timestamp:"2024-10-16T11:32:25.338Z"}
{level:"info", message:"Fetched reviews for product", timestamp:"2024-10-16T11:32:25.390Z"}
{level:"info", message:"Fetched single product", timestamp:"2024-10-16T11:32:25.408Z"}
{level:"info", message:"Fetched reviews for product", timestamp:"2024-10-16T11:32:25.433Z"}
{level:"info", message:"Fetched reviews for product", timestamp:"2024-10-16T11:32:26.011Z"}
{level:"info", message:"Fetched single product", timestamp:"2024-10-16T11:32:26.022Z"}
{level:"info", message:"Fetched reviews for product", timestamp:"2024-10-16T11:32:26.059Z"}
{level:"info", message:"Fetched single product", timestamp:"2024-10-16T11:32:26.087Z"}
{level:"info", message:"Fetched reviews for product", timestamp:"2024-10-16T11:32:26.122Z"}
{level:"info", message:"Fetched reviews for product", timestamp:"2024-10-16T11:32:26.554Z"}
{level:"info", message:"Fetched single product", timestamp:"2024-10-16T11:32:26.556Z"}
{level:"info", message:"Fetched reviews for product", timestamp:"2024-10-16T11:32:26.581Z"}
{level:"info", message:"Fetched reviews for product", timestamp:"2024-10-16T11:32:26.625Z"}
{level:"info", message:"Fetched single product", timestamp:"2024-10-16T11:32:26.638Z"}
{level:"warn", message:"Token verification failed", timestamp:"2024-10-16T11:33:35.917Z"}
{level:"info", message:"User logged in successfully", timestamp:"2024-10-16T11:33:41.885Z"}
{level:"info", message:"User logged in successfully", timestamp:"2024-10-16T11:33:54.212Z"}
{level:"info", message:"Token verified successfully", timestamp:"2024-10-16T11:34:05.725Z"}
{level:"info", message:"Product created successfully", timestamp:"2024-10-16T11:34:05.790Z"}
{level:"info", message:"Fetched products with pagination", timestamp:"2024-10-16T11:34:09.151Z"}
{level:"info", message:"Fetched products with pagination", timestamp:"2024-10-16T11:34:09.200Z"}
{level:"info", message:"Fetched products with pagination", timestamp:"2024-10-16T11:34:10.317Z"}
{level:"info", message:"Fetched products with pagination", timestamp:"2024-10-16T11:34:10.396Z"}
{level:"info", message:"Fetched reviews for product", timestamp:"2024-10-16T11:34:13.037Z"}
{level:"info", message:"Fetched single product", timestamp:"2024-10-16T11:34:13.041Z"}
{level:"info", message:"Fetched reviews for product", timestamp:"2024-10-16T11:34:13.065Z"}
{level:"info", message:"Fetched single product", timestamp:"2024-10-16T11:34:13.081Z"}
{level:"info", message:"Fetched reviews for product", timestamp:"2024-10-16T11:34:45.574Z"}
{level:"info", message:"Fetched single product", timestamp:"2024-10-16T11:34:45.585Z"}
{level:"info", message:"Fetched reviews for product", timestamp:"2024-10-16T11:34:45.600Z"}
{level:"info", message:"Fetched single product", timestamp:"2024-10-16T11:34:45.632Z"}
{level:"info", message:"Fetched reviews for product", timestamp:"2024-10-16T11:34:48.840Z"}
{level:"info", message:"Fetched single product", timestamp:"2024-10-16T11:34:48.987Z"}
{level:"info", message:"Fetched reviews for product", timestamp:"2024-10-16T11:34:49.391Z"}
{level:"info", message:"Fetched single product", timestamp:"2024-10-16T11:34:49.471Z"}
{level:"info", message:"Fetched reviews for product", timestamp:"2024-10-16T11:35:01.585Z"}
{level:"info", message:"Fetched single product", timestamp:"2024-10-16T11:35:01.599Z"}
{level:"info", message:"Fetched reviews for product", timestamp:"2024-10-16T11:35:01.614Z"}
{level:"info", message:"Fetched single product", timestamp:"2024-10-16T11:35:01.648Z"}
{level:"info", message:"Fetched reviews for product", timestamp:"2024-10-16T11:35:05.221Z"}
{level:"info", message:"Fetched single product", timestamp:"2024-10-16T11:35:05.243Z"}
{level:"info", message:"Fetched reviews for product", timestamp:"2024-10-16T11:35:05.302Z"}
{level:"info", message:"Fetched single product", timestamp:"2024-10-16T11:35:05.325Z"}
{level:"info", message:"Fetched reviews for product", timestamp:"2024-10-16T11:35:45.564Z"}
{level:"info", message:"Fetched single product", timestamp:"2024-10-16T11:35:45.574Z"}
{level:"info", message:"Fetched reviews for product", timestamp:"2024-10-16T11:35:45.576Z"}
{level:"info", message:"Fetched single product", timestamp:"2024-10-16T11:35:45.597Z"}
{level:"info", message:"Fetched reviews for product", timestamp:"2024-10-16T11:35:49.257Z"}
{level:"info", message:"Fetched single product", timestamp:"2024-10-16T11:35:49.319Z"}
{level:"info", message:"Fetched reviews for product", timestamp:"2024-10-16T11:35:49.391Z"}
{level:"info", message:"Fetched single product", timestamp:"2024-10-16T11:35:49.501Z"}
{level:"info", message:"Fetched reviews for product", timestamp:"2024-10-16T11:36:03.565Z"}
{level:"info", message:"Fetched single product", timestamp:"2024-10-16T11:36:03.569Z"}
{level:"info", message:"Fetched reviews for product", timestamp:"2024-10-16T11:36:03.579Z"}
{level:"info", message:"Fetched single product", timestamp:"2024-10-16T11:36:03.595Z"}
{level:"info", message:"Fetched reviews for product", timestamp:"2024-10-16T11:36:06.634Z"}
{level:"info", message:"Fetched single product", timestamp:"2024-10-16T11:36:06.681Z"}
{level:"info", message:"Fetched reviews for product", timestamp:"2024-10-16T11:36:06.719Z"}
{level:"info", message:"Fetched single product", timestamp:"2024-10-16T11:36:06.830Z"}
{level:"info", message:"Fetched reviews for product", timestamp:"2024-10-16T11:37:09.247Z"}
{level:"info", message:"Fetched single product", timestamp:"2024-10-16T11:37:09.657Z"}
{level:"info", message:"Fetched reviews for product", timestamp:"2024-10-16T11:37:09.760Z"}
{level:"info", message:"Fetched single product", timestamp:"2024-10-16T11:37:09.775Z"}
{level:"info", message:"Fetched reviews for product", timestamp:"2024-10-16T11:37:24.568Z"}
{level:"info", message:"Fetched single product", timestamp:"2024-10-16T11:37:24.576Z"}
{level:"info", message:"Fetched reviews for product", timestamp:"2024-10-16T11:37:24.583Z"}
{level:"info", message:"Fetched single product", timestamp:"2024-10-16T11:37:24.606Z"}
{level:"info", message:"Fetched reviews for product", timestamp:"2024-10-16T11:37:28.689Z"}
{level:"info", message:"Fetched single product", timestamp:"2024-10-16T11:37:28.715Z"}
{level:"info", message:"Fetched reviews for product", timestamp:"2024-10-16T11:37:28.969Z"}
{level:"info", message:"Fetched single product", timestamp:"2024-10-16T11:37:29.040Z"}
{level:"info", message:"Fetched reviews for product", timestamp:"2024-10-16T11:38:44.615Z"}
{level:"info", message:"Fetched single product", timestamp:"2024-10-16T11:38:44.624Z"}
{level:"info", message:"Fetched reviews for product", timestamp:"2024-10-16T11:38:44.704Z"}
{level:"info", message:"Fetched single product", timestamp:"2024-10-16T11:38:44.749Z"}
{level:"info", message:"Fetched reviews for product", timestamp:"2024-10-16T11:39:22.580Z"}
{level:"info", message:"Fetched single product", timestamp:"2024-10-16T11:39:22.591Z"}
{level:"info", message:"Fetched reviews for product", timestamp:"2024-10-16T11:39:22.603Z"}
{level:"info", message:"Fetched single product", timestamp:"2024-10-16T11:39:22.626Z"}
{level:"info", message:"Fetched reviews for product", timestamp:"2024-10-16T11:39:33.497Z"}
{level:"info", message:"Fetched single product", timestamp:"2024-10-16T11:39:33.590Z"}
{level:"info", message:"Fetched reviews for product", timestamp:"2024-10-16T11:39:33.797Z"}
{level:"info", message:"Fetched single product", timestamp:"2024-10-16T11:39:33.853Z"}
{level:"info", message:"Fetched reviews for product", timestamp:"2024-10-16T11:40:13.466Z"}
{level:"info", message:"Fetched reviews for product", timestamp:"2024-10-16T11:40:13.583Z"}
{level:"info", message:"Fetched single product", timestamp:"2024-10-16T11:40:13.607Z"}
{level:"info", message:"Fetched single product", timestamp:"2024-10-16T11:40:13.765Z"}
{level:"info", message:"Fetched products with pagination", timestamp:"2024-10-16T11:40:48.054Z"}
{level:"info", message:"Fetched products with pagination", timestamp:"2024-10-16T11:40:48.186Z"}
{level:"info", message:"Fetched reviews for product", timestamp:"2024-10-16T11:40:49.484Z"}
{level:"info", message:"Fetched single product", timestamp:"2024-10-16T11:40:49.490Z"}
{level:"info", message:"Fetched reviews for product", timestamp:"2024-10-16T11:40:49.566Z"}
{level:"info", message:"Fetched single product", timestamp:"2024-10-16T11:40:49.593Z"}
{level:"info", message:"Fetched reviews for product", timestamp:"2024-10-16T11:40:49.677Z"}
{level:"info", message:"Fetched products with pagination", timestamp:"2024-10-16T11:40:56.358Z"}
{level:"info", message:"Fetched products with pagination", timestamp:"2024-10-16T11:40:56.422Z"}
{level:"info", message:"Fetched products with pagination", timestamp:"2024-10-16T11:40:57.952Z"}
{level:"info", message:"Fetched products with pagination", timestamp:"2024-10-16T11:40:58.045Z"}
{level:"info", message:"Fetched reviews for product", timestamp:"2024-10-16T11:40:58.713Z"}
{level:"info", message:"Fetched single product", timestamp:"2024-10-16T11:40:58.750Z"}
{level:"info", message:"Fetched reviews for product", timestamp:"2024-10-16T11:40:58.820Z"}
{level:"info", message:"Fetched single product", timestamp:"2024-10-16T11:40:58.829Z"}
{level:"info", message:"Fetched reviews for product", timestamp:"2024-10-16T11:42:40.585Z"}
{level:"info", message:"Fetched single product", timestamp:"2024-10-16T11:42:40.598Z"}
{level:"info", message:"Fetched reviews for product", timestamp:"2024-10-16T11:42:40.620Z"}
{level:"info", message:"Fetched single product", timestamp:"2024-10-16T11:42:40.631Z"}
{level:"info", message:"Fetched single product", timestamp:"2024-10-16T11:42:47.471Z"}
{level:"info", message:"Fetched reviews for product", timestamp:"2024-10-16T11:42:47.475Z"}
{level:"info", message:"Fetched single product", timestamp:"2024-10-16T11:42:47.588Z"}
{level:"info", message:"Fetched reviews for product", timestamp:"2024-10-16T11:42:47.626Z"}
{level:"info", message:"Fetched reviews for product", timestamp:"2024-10-16T11:42:47.664Z"}
{level:"info", message:"Fetched reviews for product", timestamp:"2024-10-16T11:43:04.565Z"}
{level:"info", message:"Fetched single product", timestamp:"2024-10-16T11:43:04.573Z"}
{level:"info", message:"Fetched reviews for product", timestamp:"2024-10-16T11:43:04.583Z"}
{level:"info", message:"Fetched single product", timestamp:"2024-10-16T11:43:04.598Z"}
{level:"info", message:"Fetched reviews for product", timestamp:"2024-10-16T11:43:07.391Z"}
{level:"info", message:"Fetched single product", timestamp:"2024-10-16T11:43:07.466Z"}
{level:"info", message:"Fetched reviews for product", timestamp:"2024-10-16T11:43:07.666Z"}
{level:"info", message:"Fetched single product", timestamp:"2024-10-16T11:43:07.758Z"}
{level:"info", message:"Fetched reviews for product", timestamp:"2024-10-16T11:43:28.580Z"}
{level:"info", message:"Fetched single product", timestamp:"2024-10-16T11:43:28.592Z"}
{level:"info", message:"Fetched reviews for product", timestamp:"2024-10-16T11:43:28.600Z"}
{level:"info", message:"Fetched single product", timestamp:"2024-10-16T11:43:28.627Z"}
{level:"info", message:"Fetched reviews for product", timestamp:"2024-10-16T11:43:28.704Z"}
{level:"info", message:"Fetched reviews for product", timestamp:"2024-10-16T11:43:39.191Z"}
{level:"info", message:"Fetched single product", timestamp:"2024-10-16T11:43:39.195Z"}
{level:"info", message:"Fetched reviews for product", timestamp:"2024-10-16T11:43:39.206Z"}
{level:"info", message:"Fetched reviews for product", timestamp:"2024-10-16T11:43:39.263Z"}
{level:"info", message:"Fetched single product", timestamp:"2024-10-16T11:43:39.294Z"}
{level:"info", message:"Fetched reviews for product", timestamp:"2024-10-16T11:43:53.571Z"}
{level:"info", message:"Fetched reviews for product", timestamp:"2024-10-16T11:43:57.533Z"}
{level:"info", message:"Fetched reviews for product", timestamp:"2024-10-16T11:43:57.552Z"}
{level:"info", message:"Fetched single product", timestamp:"2024-10-16T11:43:57.557Z"}
{level:"info", message:"Fetched reviews for product", timestamp:"2024-10-16T11:43:57.578Z"}
{level:"info", message:"Fetched single product", timestamp:"2024-10-16T11:43:57.611Z"}
{level:"info", message:"Fetched reviews for product", timestamp:"2024-10-16T11:44:04.588Z"}
{level:"info", message:"Fetched reviews for product", timestamp:"2024-10-16T11:44:04.608Z"}
{level:"info", message:"Fetched single product", timestamp:"2024-10-16T11:44:04.618Z"}
{level:"info", message:"Fetched reviews for product", timestamp:"2024-10-16T11:44:04.675Z"}
{level:"info", message:"Fetched single product", timestamp:"2024-10-16T11:44:04.687Z"}
{level:"info", message:"Fetched products with pagination", timestamp:"2024-10-16T11:45:05.287Z"}
{level:"info", message:"Fetched products with pagination", timestamp:"2024-10-16T11:45:05.325Z"}
{level:"info", message:"Fetched products with pagination", timestamp:"2024-10-16T11:45:06.305Z"}
{level:"info", message:"Fetched products with pagination", timestamp:"2024-10-16T11:45:06.384Z"}
{level:"info", message:"Fetched reviews for product", timestamp:"2024-10-16T11:45:07.214Z"}
{level:"info", message:"Fetched reviews for product", timestamp:"2024-10-16T11:45:07.234Z"}
{level:"info", message:"Fetched single product", timestamp:"2024-10-16T11:45:07.244Z"}
{level:"info", message:"Fetched single product", timestamp:"2024-10-16T11:45:07.255Z"}
{level:"info", message:"Fetched reviews for product", timestamp:"2024-10-16T11:45:07.272Z"}
{level:"info", message:"Fetched reviews for product", timestamp:"2024-10-16T11:45:10.161Z"}
{level:"info", message:"Fetched reviews for product", timestamp:"2024-10-16T11:45:10.179Z"}
{level:"info", message:"Fetched single product", timestamp:"2024-10-16T11:45:10.199Z"}
{level:"info", message:"Fetched single product", timestamp:"2024-10-16T11:45:10.219Z"}
{level:"info", message:"Fetched reviews for product", timestamp:"2024-10-16T11:45:10.264Z"}
{level:"info", message:"Fetched products with pagination", timestamp:"2024-10-16T11:45:11.836Z"}
{level:"info", message:"Fetched products with pagination", timestamp:"2024-10-16T11:45:11.857Z"}
{level:"info", message:"Fetched products with pagination", timestamp:"2024-10-16T11:45:12.785Z"}
{level:"info", message:"Fetched products with pagination", timestamp:"2024-10-16T11:45:12.832Z"}
{level:"info", message:"Fetched single product", timestamp:"2024-10-16T11:45:13.887Z"}
{level:"info", message:"Fetched reviews for product", timestamp:"2024-10-16T11:45:13.893Z"}
{level:"info", message:"Fetched single product", timestamp:"2024-10-16T11:45:13.903Z"}
{level:"info", message:"Fetched reviews for product", timestamp:"2024-10-16T11:45:13.924Z"}
{level:"info", message:"Fetched reviews for product", timestamp:"2024-10-16T11:45:13.952Z"}
{level:"info", message:"Fetched products with pagination", timestamp:"2024-10-16T11:45:16.700Z"}
{level:"info", message:"Fetched products with pagination", timestamp:"2024-10-16T11:45:16.774Z"}
{level:"info", message:"Fetched products with pagination", timestamp:"2024-10-16T11:45:17.375Z"}
{level:"info", message:"Fetched products with pagination", timestamp:"2024-10-16T11:45:17.424Z"}
{level:"info", message:"Fetched reviews for product", timestamp:"2024-10-16T11:45:18.049Z"}
{level:"info", message:"Fetched single product", timestamp:"2024-10-16T11:45:18.054Z"}
{level:"info", message:"Fetched reviews for product", timestamp:"2024-10-16T11:45:18.067Z"}
{level:"info", message:"Fetched reviews for product", timestamp:"2024-10-16T11:45:18.092Z"}
{level:"info", message:"Fetched single product", timestamp:"2024-10-16T11:45:18.104Z"}
{level:"info", message:"Fetched reviews for product", timestamp:"2024-10-16T11:45:27.568Z"}
{level:"info", message:"Fetched products with pagination", timestamp:"2024-10-16T11:45:31.012Z"}
{level:"info", message:"Fetched products with pagination", timestamp:"2024-10-16T11:45:31.078Z"}
{level:"info", message:"Fetched reviews for product", timestamp:"2024-10-16T11:45:31.809Z"}
{level:"info", message:"Fetched reviews for product", timestamp:"2024-10-16T11:45:31.819Z"}
{level:"info", message:"Fetched single product", timestamp:"2024-10-16T11:45:31.834Z"}
{level:"info", message:"Fetched single product", timestamp:"2024-10-16T11:45:31.863Z"}
{level:"info", message:"Fetched reviews for product", timestamp:"2024-10-16T11:45:31.912Z"}
{level:"info", message:"Fetched reviews for product", timestamp:"2024-10-16T11:45:57.126Z"}
{level:"info", message:"Fetched single product", timestamp:"2024-10-16T11:45:57.141Z"}
{level:"info", message:"Fetched single product", timestamp:"2024-10-16T11:45:57.157Z"}
{level:"info", message:"Fetched reviews for product", timestamp:"2024-10-16T11:45:57.243Z"}
{level:"info", message:"Fetched reviews for product", timestamp:"2024-10-16T11:45:57.331Z"}
{level:"info", message:"Fetched reviews for product", timestamp:"2024-10-16T11:46:25.209Z"}
{level:"info", message:"Fetched reviews for product", timestamp:"2024-10-16T11:48:56.626Z"}
{level:"info", message:"Fetched reviews for product", timestamp:"2024-10-16T11:49:02.288Z"}
{level:"info", message:"Fetched reviews for product", timestamp:"2024-10-16T11:50:38.901Z"}
{level:"info", message:"Fetched reviews for product", timestamp:"2024-10-16T11:50:48.837Z"}
{level:"error", message:"Error while fetching reviews", timestamp:"2024-10-16T11:52:06.805Z"}
{level:"info", message:"Fetched reviews for product", timestamp:"2024-10-16T11:53:08.587Z"}
{level:"info", message:"Fetched reviews for product", timestamp:"2024-10-16T11:53:12.765Z"}
{level:"info", message:"Fetched reviews for product", timestamp:"2024-10-16T11:53:28.432Z"}
{level:"info", message:"Fetched single product", timestamp:"2024-10-16T11:53:28.455Z"}
{level:"info", message:"Fetched single product", timestamp:"2024-10-16T11:53:28.512Z"}
{level:"info", message:"Fetched reviews for product", timestamp:"2024-10-16T11:53:28.543Z"}
{level:"info", message:"Fetched reviews for product", timestamp:"2024-10-16T11:53:28.675Z"}
{level:"info", message:"Fetched reviews for product", timestamp:"2024-10-16T11:53:37.569Z"}
{level:"info", message:"Fetched single product", timestamp:"2024-10-16T11:53:37.616Z"}
{level:"info", message:"Fetched reviews for product", timestamp:"2024-10-16T11:53:37.682Z"}
{level:"info", message:"Fetched reviews for product", timestamp:"2024-10-16T11:53:37.758Z"}
{level:"info", message:"Fetched single product", timestamp:"2024-10-16T11:53:37.778Z"}
{level:"info", message:"Fetched reviews for product", timestamp:"2024-10-16T11:53:50.930Z"}
{level:"info", message:"Fetched reviews for product", timestamp:"2024-10-16T11:53:51.038Z"}
{level:"info", message:"Fetched single product", timestamp:"2024-10-16T11:53:51.049Z"}
{level:"info", message:"Fetched single product", timestamp:"2024-10-16T11:53:51.243Z"}
{level:"info", message:"Fetched reviews for product", timestamp:"2024-10-16T11:53:51.298Z"}
{level:"info", message:"Fetched products with pagination", timestamp:"2024-10-16T11:54:02.491Z"}
{level:"info", message:"Fetched products with pagination", timestamp:"2024-10-16T11:54:02.564Z"}
{level:"info", message:"Fetched reviews for product", timestamp:"2024-10-16T11:54:03.330Z"}
{level:"info", message:"Fetched reviews for product", timestamp:"2024-10-16T11:54:03.363Z"}
{level:"info", message:"Fetched single product", timestamp:"2024-10-16T11:54:03.370Z"}
{level:"info", message:"Fetched single product", timestamp:"2024-10-16T11:54:03.402Z"}
{level:"info", message:"Fetched reviews for product", timestamp:"2024-10-16T11:54:03.406Z"}
{level:"info", message:"Fetched reviews for product", timestamp:"2024-10-16T11:54:32.593Z"}
{level:"info", message:"Fetched reviews for product", timestamp:"2024-10-16T11:54:36.055Z"}
{level:"info", message:"Fetched reviews for product", timestamp:"2024-10-16T11:54:36.131Z"}
{level:"info", message:"Fetched single product", timestamp:"2024-10-16T11:54:36.170Z"}
{level:"info", message:"Fetched single product", timestamp:"2024-10-16T11:54:36.206Z"}
{level:"info", message:"Fetched reviews for product", timestamp:"2024-10-16T11:54:36.312Z"}
{level:"info", message:"Fetched products with pagination", timestamp:"2024-10-16T11:54:46.359Z"}
{level:"info", message:"Fetched products with pagination", timestamp:"2024-10-16T11:54:46.443Z"}
{level:"info", message:"Fetched reviews for product", timestamp:"2024-10-16T11:54:47.462Z"}
{level:"info", message:"Fetched single product", timestamp:"2024-10-16T11:54:47.478Z"}
{level:"info", message:"Fetched single product", timestamp:"2024-10-16T11:54:47.546Z"}
{level:"info", message:"Fetched reviews for product", timestamp:"2024-10-16T11:54:47.579Z"}
{level:"info", message:"Fetched reviews for product", timestamp:"2024-10-16T11:54:47.642Z"}
{level:"info", message:"Fetched reviews for product", timestamp:"2024-10-16T11:55:09.078Z"}
{level:"info", message:"Fetched single product", timestamp:"2024-10-16T11:55:40.895Z"}
{level:"info", message:"Fetched reviews for product", timestamp:"2024-10-16T11:55:40.915Z"}
{level:"info", message:"Fetched single product", timestamp:"2024-10-16T11:55:40.976Z"}
{level:"info", message:"Fetched reviews for product", timestamp:"2024-10-16T11:55:40.988Z"}
{level:"info", message:"Fetched reviews for product", timestamp:"2024-10-16T11:55:41.074Z"}
{level:"info", message:"Fetched reviews for product", timestamp:"2024-10-16T11:59:13.270Z"}
{level:"error", message:"Error while fetching reviews", timestamp:"2024-10-16T11:59:13.277Z"}
{level:"info", message:"Fetched reviews for product", timestamp:"2024-10-16T12:00:10.737Z"}
{level:"error", message:"Error while fetching reviews", timestamp:"2024-10-16T12:00:10.745Z"}
{level:"info", message:"Fetched reviews for product", timestamp:"2024-10-16T12:00:12.813Z"}
{level:"error", message:"Error while fetching reviews", timestamp:"2024-10-16T12:00:12.814Z"}
{level:"info", message:"Fetched reviews for product", timestamp:"2024-10-16T12:00:22.106Z"}
{level:"info", message:"Fetched reviews for product", timestamp:"2024-10-16T12:00:30.464Z"}
{level:"info", message:"Fetched reviews for product", timestamp:"2024-10-16T12:00:46.583Z"}
{level:"info", message:"Fetched products with pagination", timestamp:"2024-10-16T12:00:51.165Z"}
{level:"info", message:"Fetched products with pagination", timestamp:"2024-10-16T12:00:51.215Z"}
{level:"info", message:"Fetched reviews for product", timestamp:"2024-10-16T12:00:52.111Z"}
{level:"info", message:"Fetched single product", timestamp:"2024-10-16T12:00:52.118Z"}
{level:"info", message:"Fetched single product", timestamp:"2024-10-16T12:00:52.145Z"}
{level:"info", message:"Fetched reviews for product", timestamp:"2024-10-16T12:00:52.149Z"}
{level:"info", message:"Fetched reviews for product", timestamp:"2024-10-16T12:00:52.172Z"}
{level:"info", message:"Fetched products with pagination", timestamp:"2024-10-16T12:00:53.740Z"}
{level:"info", message:"Fetched products with pagination", timestamp:"2024-10-16T12:00:53.764Z"}
{level:"info", message:"Fetched reviews for product", timestamp:"2024-10-16T12:00:54.389Z"}
{level:"info", message:"Fetched single product", timestamp:"2024-10-16T12:00:54.393Z"}
{level:"info", message:"Fetched reviews for product", timestamp:"2024-10-16T12:00:54.403Z"}
{level:"info", message:"Fetched reviews for product", timestamp:"2024-10-16T12:00:54.424Z"}
{level:"info", message:"Fetched single product", timestamp:"2024-10-16T12:00:54.435Z"}
{level:"info", message:"Fetched products with pagination", timestamp:"2024-10-16T12:00:57.357Z"}
{level:"info", message:"Fetched products with pagination", timestamp:"2024-10-16T12:00:57.390Z"}
{level:"info", message:"Fetched products with pagination", timestamp:"2024-10-16T12:00:58.206Z"}
{level:"info", message:"Fetched products with pagination", timestamp:"2024-10-16T12:00:58.269Z"}
{level:"info", message:"Fetched single product", timestamp:"2024-10-16T12:00:58.837Z"}
{level:"info", message:"Fetched reviews for product", timestamp:"2024-10-16T12:00:58.843Z"}
{level:"info", message:"Fetched single product", timestamp:"2024-10-16T12:00:58.864Z"}
{level:"info", message:"Fetched reviews for product", timestamp:"2024-10-16T12:00:58.889Z"}
{level:"info", message:"Fetched reviews for product", timestamp:"2024-10-16T12:00:58.898Z"}
{level:"info", message:"Fetched reviews for product", timestamp:"2024-10-16T12:01:00.488Z"}
{level:"info", message:"Fetched single product", timestamp:"2024-10-16T12:01:00.493Z"}
{level:"info", message:"Fetched reviews for product", timestamp:"2024-10-16T12:01:00.515Z"}
{level:"info", message:"Fetched single product", timestamp:"2024-10-16T12:01:00.563Z"}
{level:"info", message:"Fetched reviews for product", timestamp:"2024-10-16T12:01:00.581Z"}
{level:"info", message:"Fetched reviews for product", timestamp:"2024-10-16T12:01:09.602Z"}
{level:"info", message:"Fetched products with pagination", timestamp:"2024-10-16T12:01:12.386Z"}
{level:"info", message:"Fetched products with pagination", timestamp:"2024-10-16T12:01:12.429Z"}
{level:"info", message:"Fetched reviews for product", timestamp:"2024-10-16T12:01:13.810Z"}
{level:"info", message:"Fetched reviews for product", timestamp:"2024-10-16T12:01:13.838Z"}
{level:"info", message:"Fetched single product", timestamp:"2024-10-16T12:01:13.845Z"}
{level:"info", message:"Fetched single product", timestamp:"2024-10-16T12:01:13.860Z"}
{level:"info", message:"Fetched reviews for product", timestamp:"2024-10-16T12:01:13.872Z"}
{level:"info", message:"Fetched reviews for product", timestamp:"2024-10-16T12:01:34.567Z"}
{level:"info", message:"Fetched products with pagination", timestamp:"2024-10-16T12:01:38.136Z"}
{level:"info", message:"Fetched products with pagination", timestamp:"2024-10-16T12:01:38.174Z"}
{level:"info", message:"Fetched reviews for product", timestamp:"2024-10-16T12:01:38.655Z"}
{level:"info", message:"Fetched reviews for product", timestamp:"2024-10-16T12:01:38.704Z"}
{level:"info", message:"Fetched single product", timestamp:"2024-10-16T12:01:38.726Z"}
{level:"info", message:"Fetched single product", timestamp:"2024-10-16T12:01:38.744Z"}
{level:"info", message:"Fetched reviews for product", timestamp:"2024-10-16T12:01:38.781Z"}
{level:"info", message:"Fetched products with pagination", timestamp:"2024-10-16T12:02:40.284Z"}
{level:"info", message:"Fetched products with pagination", timestamp:"2024-10-16T12:02:40.303Z"}
{level:"info", message:"Fetched reviews for product", timestamp:"2024-10-16T12:02:41.161Z"}
{level:"info", message:"Fetched reviews for product", timestamp:"2024-10-16T12:02:41.178Z"}
{level:"info", message:"Fetched single product", timestamp:"2024-10-16T12:02:41.188Z"}
{level:"info", message:"Fetched single product", timestamp:"2024-10-16T12:02:41.200Z"}
{level:"info", message:"Fetched reviews for product", timestamp:"2024-10-16T12:02:41.237Z"}
{level:"info", message:"Fetched products with pagination", timestamp:"2024-10-16T12:04:04.792Z"}
{level:"info", message:"Fetched products with pagination", timestamp:"2024-10-16T12:04:04.828Z"}
{level:"info", message:"Fetched reviews for product", timestamp:"2024-10-16T12:04:05.510Z"}
{level:"info", message:"Fetched single product", timestamp:"2024-10-16T12:04:05.513Z"}
{level:"info", message:"Fetched single product", timestamp:"2024-10-16T12:04:05.536Z"}
{level:"info", message:"Fetched reviews for product", timestamp:"2024-10-16T12:04:05.556Z"}
{level:"info", message:"Fetched reviews for product", timestamp:"2024-10-16T12:04:05.570Z"}
{level:"info", message:"Fetched reviews for product", timestamp:"2024-10-16T12:06:02.592Z"}
{level:"info", message:"Fetched single product", timestamp:"2024-10-16T12:06:02.602Z"}
{level:"info", message:"Fetched reviews for product", timestamp:"2024-10-16T12:06:02.617Z"}
{level:"info", message:"Fetched single product", timestamp:"2024-10-16T12:06:02.652Z"}
{level:"info", message:"Fetched reviews for product", timestamp:"2024-10-16T12:06:02.683Z"}
{level:"info", message:"Fetched single product", timestamp:"2024-10-16T12:07:25.569Z"}
{level:"info", message:"Fetched single product", timestamp:"2024-10-16T12:08:24.586Z"}
{level:"info", message:"Fetched single product", timestamp:"2024-10-16T12:08:33.815Z"}
{level:"info", message:"Fetched single product", timestamp:"2024-10-16T12:08:50.569Z"}
{level:"info", message:"Fetched single product", timestamp:"2024-10-16T12:08:59.185Z"}
{level:"info", message:"Fetched single product", timestamp:"2024-10-16T12:09:08.420Z"}
{level:"info", message:"Fetched single product", timestamp:"2024-10-16T12:09:27.561Z"}
{level:"info", message:"Fetched single product", timestamp:"2024-10-16T12:09:35.566Z"}
{level:"info", message:"Fetched single product", timestamp:"2024-10-16T12:09:48.586Z"}
{level:"info", message:"Fetched single product", timestamp:"2024-10-16T12:09:54.567Z"}
{level:"info", message:"Fetched single product", timestamp:"2024-10-16T12:10:02.580Z"}
{level:"info", message:"Fetched single product", timestamp:"2024-10-16T12:10:07.594Z"}
{level:"info", message:"Fetched single product", timestamp:"2024-10-16T12:10:29.639Z"}
{level:"info", message:"Fetched single product", timestamp:"2024-10-16T12:10:38.488Z"}
{level:"info", message:"Fetched single product", timestamp:"2024-10-16T12:11:32.559Z"}
{level:"info", message:"Fetched single product", timestamp:"2024-10-16T12:11:36.264Z"}
{level:"info", message:"Fetched single product", timestamp:"2024-10-16T12:11:55.568Z"}
{level:"info", message:"Fetched single product", timestamp:"2024-10-16T12:13:06.563Z"}
{level:"info", message:"Fetched single product", timestamp:"2024-10-16T12:13:21.600Z"}
{level:"info", message:"Fetched single product", timestamp:"2024-10-16T12:13:44.557Z"}
{level:"info", message:"Fetched single product", timestamp:"2024-10-16T12:13:50.653Z"}
{level:"info", message:"Fetched single product", timestamp:"2024-10-16T12:13:53.871Z"}
{level:"info", message:"Fetched single product", timestamp:"2024-10-16T12:23:33.569Z"}
{level:"info", message:"Fetched reviews for product", timestamp:"2024-10-16T12:23:38.909Z"}
{level:"info", message:"Fetched single product", timestamp:"2024-10-16T12:23:38.912Z"}
{level:"info", message:"Fetched single product", timestamp:"2024-10-16T12:23:38.968Z"}
{level:"info", message:"Fetched reviews for product", timestamp:"2024-10-16T12:23:38.995Z"}
{level:"info", message:"Fetched reviews for product", timestamp:"2024-10-16T12:23:39.030Z"}
{level:"info", message:"Fetched products with pagination", timestamp:"2024-10-16T12:23:46.443Z"}
{level:"info", message:"Fetched products with pagination", timestamp:"2024-10-16T12:23:46.464Z"}
{level:"info", message:"Fetched reviews for product", timestamp:"2024-10-16T12:23:47.514Z"}
{level:"info", message:"Fetched single product", timestamp:"2024-10-16T12:23:47.518Z"}
{level:"info", message:"Fetched reviews for product", timestamp:"2024-10-16T12:23:47.549Z"}
{level:"info", message:"Fetched single product", timestamp:"2024-10-16T12:23:47.601Z"}
{level:"info", message:"Fetched reviews for product", timestamp:"2024-10-16T12:23:47.624Z"}
{level:"info", message:"Fetched products with pagination", timestamp:"2024-10-16T12:24:19.642Z"}
{level:"info", message:"Fetched products with pagination", timestamp:"2024-10-16T12:24:19.698Z"}
{level:"info", message:"Fetched reviews for product", timestamp:"2024-10-16T12:24:20.485Z"}
{level:"info", message:"Fetched single product", timestamp:"2024-10-16T12:24:20.494Z"}
{level:"info", message:"Fetched reviews for product", timestamp:"2024-10-16T12:24:20.515Z"}
{level:"info", message:"Fetched single product", timestamp:"2024-10-16T12:24:20.544Z"}
{level:"info", message:"Fetched reviews for product", timestamp:"2024-10-16T12:24:20.557Z"}
{level:"info", message:"Fetched products with pagination", timestamp:"2024-10-16T12:24:29.143Z"}
{level:"info", message:"Fetched products with pagination", timestamp:"2024-10-16T12:24:29.158Z"}
{level:"info", message:"Fetched reviews for product", timestamp:"2024-10-16T12:24:30.268Z"}
{level:"info", message:"Fetched single product", timestamp:"2024-10-16T12:24:30.270Z"}
{level:"info", message:"Fetched single product", timestamp:"2024-10-16T12:24:30.298Z"}
{level:"info", message:"Fetched reviews for product", timestamp:"2024-10-16T12:24:30.320Z"}
{level:"info", message:"Fetched reviews for product", timestamp:"2024-10-16T12:24:30.336Z"}
{level:"info", message:"Fetched products with pagination", timestamp:"2024-10-16T12:24:35.736Z"}
{level:"info", message:"Fetched products with pagination", timestamp:"2024-10-16T12:24:35.774Z"}
{level:"info", message:"Fetched products with pagination", timestamp:"2024-10-16T12:24:38.736Z"}
{level:"info", message:"Fetched products with pagination", timestamp:"2024-10-16T12:24:38.742Z"}
{level:"info", message:"Fetched products with pagination", timestamp:"2024-10-16T12:24:39.560Z"}
{level:"info", message:"Fetched products with pagination", timestamp:"2024-10-16T12:24:39.563Z"}
{level:"info", message:"Fetched products with pagination", timestamp:"2024-10-16T12:24:40.328Z"}
{level:"info", message:"Fetched products with pagination", timestamp:"2024-10-16T12:24:40.333Z"}
{level:"info", message:"Fetched products with pagination", timestamp:"2024-10-16T12:24:41.811Z"}
{level:"info", message:"Fetched products with pagination", timestamp:"2024-10-16T12:24:41.815Z"}
{level:"info", message:"Fetched single product", timestamp:"2024-10-16T12:24:43.170Z"}
{level:"info", message:"Fetched reviews for product", timestamp:"2024-10-16T12:24:43.173Z"}
{level:"info", message:"Fetched single product", timestamp:"2024-10-16T12:24:43.210Z"}
{level:"info", message:"Fetched reviews for product", timestamp:"2024-10-16T12:24:43.217Z"}
{level:"info", message:"Fetched reviews for product", timestamp:"2024-10-16T12:24:43.233Z"}
{level:"info", message:"Fetched products with pagination", timestamp:"2024-10-16T12:24:50.744Z"}
{level:"info", message:"Fetched products with pagination", timestamp:"2024-10-16T12:24:50.778Z"}
{level:"info", message:"Fetched products with pagination", timestamp:"2024-10-16T12:24:51.591Z"}
{level:"info", message:"Fetched reviews for product", timestamp:"2024-10-16T12:24:52.378Z"}
{level:"info", message:"Fetched single product", timestamp:"2024-10-16T12:24:52.390Z"}
{level:"info", message:"Fetched reviews for product", timestamp:"2024-10-16T12:24:52.408Z"}
{level:"info", message:"Fetched reviews for product", timestamp:"2024-10-16T12:24:52.436Z"}
{level:"info", message:"Fetched single product", timestamp:"2024-10-16T12:24:52.446Z"}
{level:"info", message:"Fetched products with pagination", timestamp:"2024-10-16T12:29:07.329Z"}
{level:"info", message:"Fetched products with pagination", timestamp:"2024-10-16T12:29:07.344Z"}
{level:"info", message:"Fetched products with pagination", timestamp:"2024-10-16T12:31:22.549Z"}
{level:"info", message:"Fetched products with pagination", timestamp:"2024-10-16T12:31:22.555Z"}
{level:"info", message:"Fetched products with pagination", timestamp:"2024-10-16T12:31:23.856Z"}
{level:"info", message:"Fetched products with pagination", timestamp:"2024-10-16T12:31:23.862Z"}
{level:"info", message:"Fetched products with pagination", timestamp:"2024-10-16T12:31:24.784Z"}
{level:"info", message:"Fetched products with pagination", timestamp:"2024-10-16T12:31:24.790Z"}
{level:"info", message:"Fetched products with pagination", timestamp:"2024-10-16T13:31:47.363Z"}
{level:"info", message:"Fetched products with pagination", timestamp:"2024-10-16T13:31:47.413Z"}
{level:"info", message:"Fetched reviews for product", timestamp:"2024-10-16T13:31:49.167Z"}
{level:"info", message:"Fetched single product", timestamp:"2024-10-16T13:31:49.173Z"}
{level:"info", message:"Fetched reviews for product", timestamp:"2024-10-16T13:31:49.205Z"}
{level:"info", message:"Fetched reviews for product", timestamp:"2024-10-16T13:31:49.227Z"}
{level:"info", message:"Fetched single product", timestamp:"2024-10-16T13:31:49.240Z"}
{level:"info", message:"Fetched products with pagination", timestamp:"2024-10-16T13:31:56.074Z"}
{level:"info", message:"Fetched products with pagination", timestamp:"2024-10-16T13:31:56.089Z"}
{level:"info", message:"Fetched single product", timestamp:"2024-10-16T13:31:57.144Z"}
{level:"info", message:"Fetched reviews for product", timestamp:"2024-10-16T13:31:57.150Z"}
{level:"info", message:"Fetched single product", timestamp:"2024-10-16T13:31:57.163Z"}
{level:"info", message:"Fetched reviews for product", timestamp:"2024-10-16T13:31:57.173Z"}
{level:"info", message:"Fetched reviews for product", timestamp:"2024-10-16T13:31:57.190Z"}
{level:"info", message:"Fetched products with pagination", timestamp:"2024-10-16T13:32:10.848Z"}
{level:"info", message:"Fetched products with pagination", timestamp:"2024-10-16T13:32:10.864Z"}
{level:"info", message:"Fetched reviews for product", timestamp:"2024-10-16T13:33:05.179Z"}
{level:"info", message:"Fetched reviews for product", timestamp:"2024-10-16T13:33:05.217Z"}
{level:"info", message:"Fetched single product", timestamp:"2024-10-16T13:33:05.228Z"}
{level:"info", message:"Fetched single product", timestamp:"2024-10-16T13:33:05.245Z"}
{level:"info", message:"Fetched reviews for product", timestamp:"2024-10-16T13:33:05.271Z"}
{level:"info", message:"Fetched products with pagination", timestamp:"2024-10-16T13:33:22.046Z"}
{level:"info", message:"Fetched products with pagination", timestamp:"2024-10-16T13:33:22.062Z"}
{level:"info", message:"Fetched products with pagination", timestamp:"2024-10-16T13:33:30.153Z"}
{level:"info", message:"Fetched products with pagination", timestamp:"2024-10-16T13:33:32.698Z"}
{level:"info", message:"Fetched products with pagination", timestamp:"2024-10-16T13:33:32.719Z"}
{level:"info", message:"Fetched products with pagination", timestamp:"2024-10-16T13:33:40.231Z"}
{level:"info", message:"Fetched reviews for product", timestamp:"2024-10-16T13:34:59.021Z"}
{level:"info", message:"Fetched single product", timestamp:"2024-10-16T13:34:59.023Z"}
{level:"info", message:"Fetched reviews for product", timestamp:"2024-10-16T13:34:59.046Z"}
{level:"info", message:"Fetched reviews for product", timestamp:"2024-10-16T13:34:59.080Z"}
{level:"info", message:"Fetched single product", timestamp:"2024-10-16T13:34:59.109Z"}
{level:"info", message:"Fetched products with pagination", timestamp:"2024-10-16T13:35:09.529Z"}
{level:"info", message:"Fetched products with pagination", timestamp:"2024-10-16T13:35:09.562Z"}
{level:"info", message:"Fetched reviews for product", timestamp:"2024-10-16T13:35:10.898Z"}
{level:"info", message:"Fetched single product", timestamp:"2024-10-16T13:35:10.902Z"}
{level:"info", message:"Fetched reviews for product", timestamp:"2024-10-16T13:35:10.911Z"}
{level:"info", message:"Fetched single product", timestamp:"2024-10-16T13:35:10.940Z"}
{level:"info", message:"Fetched reviews for product", timestamp:"2024-10-16T13:35:10.963Z"}
{level:"info", message:"Fetched single product", timestamp:"2024-10-16T13:35:21.566Z"}
{level:"info", message:"Fetched single product", timestamp:"2024-10-16T13:35:32.570Z"}
{level:"info", message:"Fetched single product", timestamp:"2024-10-16T13:35:45.565Z"}
{level:"info", message:"Fetched single product", timestamp:"2024-10-16T13:36:09.598Z"}
{level:"info", message:"Fetched single product", timestamp:"2024-10-16T13:36:19.570Z"}
{level:"info", message:"Fetched single product", timestamp:"2024-10-16T13:36:28.570Z"}
{level:"info", message:"Fetched single product", timestamp:"2024-10-16T13:36:36.554Z"}
{level:"info", message:"Fetched single product", timestamp:"2024-10-16T13:36:43.421Z"}
{level:"info", message:"Fetched single product", timestamp:"2024-10-16T13:36:53.668Z"}
{level:"info", message:"Fetched single product", timestamp:"2024-10-16T13:36:57.182Z"}
{level:"info", message:"Fetched single product", timestamp:"2024-10-16T13:37:41.599Z"}
{level:"info", message:"Fetched single product", timestamp:"2024-10-16T13:37:53.460Z"}
{level:"info", message:"Fetched single product", timestamp:"2024-10-16T13:37:57.565Z"}
{level:"info", message:"Fetched single product", timestamp:"2024-10-16T13:38:04.590Z"}
{level:"info", message:"Fetched single product", timestamp:"2024-10-16T13:38:14.757Z"}
{level:"info", message:"Fetched single product", timestamp:"2024-10-16T13:38:29.565Z"}
{level:"info", message:"Fetched single product", timestamp:"2024-10-16T13:38:50.613Z"}
{level:"info", message:"Fetched single product", timestamp:"2024-10-16T13:39:00.566Z"}
{level:"info", message:"Fetched single product", timestamp:"2024-10-16T13:39:07.560Z"}
{level:"info", message:"Fetched single product", timestamp:"2024-10-16T13:39:11.390Z"}
{level:"info", message:"Fetched products with pagination", timestamp:"2024-10-16T13:39:21.065Z"}
{level:"info", message:"Fetched products with pagination", timestamp:"2024-10-16T13:39:21.104Z"}
{level:"info", message:"Fetched reviews for product", timestamp:"2024-10-16T13:39:21.779Z"}
{level:"info", message:"Fetched single product", timestamp:"2024-10-16T13:39:21.782Z"}
{level:"info", message:"Fetched reviews for product", timestamp:"2024-10-16T13:39:21.793Z"}
{level:"info", message:"Fetched single product", timestamp:"2024-10-16T13:39:21.841Z"}
{level:"info", message:"Fetched reviews for product", timestamp:"2024-10-16T13:39:21.846Z"}
{level:"info", message:"Fetched products with pagination", timestamp:"2024-10-16T13:39:24.278Z"}
{level:"info", message:"Fetched products with pagination", timestamp:"2024-10-16T13:39:24.317Z"}
{level:"info", message:"Fetched reviews for product", timestamp:"2024-10-16T13:39:25.050Z"}
{level:"info", message:"Fetched single product", timestamp:"2024-10-16T13:39:25.054Z"}
{level:"info", message:"Fetched reviews for product", timestamp:"2024-10-16T13:39:25.064Z"}
{level:"info", message:"Fetched single product", timestamp:"2024-10-16T13:39:25.078Z"}
{level:"info", message:"Fetched reviews for product", timestamp:"2024-10-16T13:39:25.097Z"}
{level:"info", message:"Fetched single product", timestamp:"2024-10-16T13:39:46.653Z"}
{level:"info", message:"Fetched single product", timestamp:"2024-10-16T13:39:53.568Z"}
{level:"info", message:"Fetched single product", timestamp:"2024-10-16T13:40:13.584Z"}
{level:"info", message:"Fetched single product", timestamp:"2024-10-16T13:40:35.553Z"}
{level:"info", message:"Fetched single product", timestamp:"2024-10-16T13:40:45.369Z"}
{level:"info", message:"Fetched single product", timestamp:"2024-10-16T13:40:52.101Z"}
{level:"info", message:"Fetched single product", timestamp:"2024-10-16T13:46:39.574Z"}
{level:"info", message:"Fetched single product", timestamp:"2024-10-16T13:46:48.605Z"}
{level:"info", message:"Fetched single product", timestamp:"2024-10-16T13:46:56.577Z"}
{level:"info", message:"Fetched single product", timestamp:"2024-10-16T13:47:11.567Z"}
{level:"info", message:"Fetched single product", timestamp:"2024-10-16T13:47:18.641Z"}
{level:"info", message:"Fetched reviews for product", timestamp:"2024-10-16T13:47:47.572Z"}
{level:"info", message:"Fetched products with pagination", timestamp:"2024-10-16T13:48:47.162Z"}
{level:"info", message:"Fetched products with pagination", timestamp:"2024-10-16T13:48:47.176Z"}
{level:"info", message:"Fetched reviews for product", timestamp:"2024-10-16T13:49:05.601Z"}
{level:"info", message:"Fetched single product", timestamp:"2024-10-16T13:49:05.615Z"}
{level:"info", message:"Fetched single product", timestamp:"2024-10-16T13:49:05.636Z"}
{level:"info", message:"Fetched reviews for product", timestamp:"2024-10-16T13:49:05.694Z"}
{level:"info", message:"Fetched reviews for product", timestamp:"2024-10-16T13:49:05.704Z"}
{level:"info", message:"Fetched single product", timestamp:"2024-10-16T13:49:50.577Z"}
{level:"info", message:"Fetched single product", timestamp:"2024-10-16T13:50:01.563Z"}
{level:"info", message:"Fetched products with pagination", timestamp:"2024-10-16T13:50:05.611Z"}
{level:"info", message:"Fetched products with pagination", timestamp:"2024-10-16T13:50:05.628Z"}
{level:"info", message:"Fetched reviews for product", timestamp:"2024-10-16T13:50:07.191Z"}
{level:"info", message:"Fetched single product", timestamp:"2024-10-16T13:50:07.194Z"}
{level:"info", message:"Fetched reviews for product", timestamp:"2024-10-16T13:50:07.205Z"}
{level:"info", message:"Fetched reviews for product", timestamp:"2024-10-16T13:50:07.236Z"}
{level:"info", message:"Fetched single product", timestamp:"2024-10-16T13:50:07.240Z"}
{level:"info", message:"Fetched products with pagination", timestamp:"2024-10-16T13:50:34.759Z"}
{level:"info", message:"Fetched products with pagination", timestamp:"2024-10-16T13:50:34.794Z"}
{level:"info", message:"Fetched products with pagination", timestamp:"2024-10-16T13:50:38.074Z"}
{level:"info", message:"Fetched products with pagination", timestamp:"2024-10-16T13:50:38.080Z"}
{level:"info", message:"Fetched products with pagination", timestamp:"2024-10-16T13:50:39.136Z"}
{level:"info", message:"Fetched products with pagination", timestamp:"2024-10-16T13:50:39.145Z"}
{level:"info", message:"Fetched products with pagination", timestamp:"2024-10-16T13:50:41.273Z"}
{level:"info", message:"Fetched products with pagination", timestamp:"2024-10-16T13:50:41.276Z"}
{level:"info", message:"Fetched products with pagination", timestamp:"2024-10-16T13:50:42.298Z"}
{level:"info", message:"Fetched products with pagination", timestamp:"2024-10-16T13:50:42.302Z"}
{level:"info", message:"Fetched products with pagination", timestamp:"2024-10-16T13:50:42.973Z"}
{level:"info", message:"Fetched products with pagination", timestamp:"2024-10-16T13:50:42.975Z"}
{level:"info", message:"Fetched products with pagination", timestamp:"2024-10-16T13:50:43.459Z"}
{level:"info", message:"Fetched products with pagination", timestamp:"2024-10-16T13:50:43.464Z"}
{level:"info", message:"Fetched products with pagination", timestamp:"2024-10-16T13:50:44.415Z"}
{level:"info", message:"Fetched products with pagination", timestamp:"2024-10-16T13:50:44.418Z"}
{level:"info", message:"Fetched products with pagination", timestamp:"2024-10-16T13:50:45.006Z"}
{level:"info", message:"Fetched products with pagination", timestamp:"2024-10-16T13:50:45.009Z"}
{level:"info", message:"Fetched products with pagination", timestamp:"2024-10-16T13:50:45.691Z"}
{level:"info", message:"Fetched products with pagination", timestamp:"2024-10-16T13:50:45.695Z"}
{level:"info", message:"Fetched reviews for product", timestamp:"2024-10-16T13:51:48.269Z"}
{level:"info", message:"Fetched single product", timestamp:"2024-10-16T13:51:48.274Z"}
{level:"info", message:"Fetched single product", timestamp:"2024-10-16T13:51:48.327Z"}
{level:"info", message:"Fetched reviews for product", timestamp:"2024-10-16T13:51:48.338Z"}
{level:"info", message:"Fetched reviews for product", timestamp:"2024-10-16T13:51:48.358Z"}
{level:"info", message:"Fetched products with pagination", timestamp:"2024-10-16T13:51:51.119Z"}
{level:"info", message:"Fetched products with pagination", timestamp:"2024-10-16T13:51:51.135Z"}
{level:"info", message:"Fetched single product", timestamp:"2024-10-16T13:51:52.450Z"}
{level:"info", message:"Fetched reviews for product", timestamp:"2024-10-16T13:51:52.453Z"}
{level:"info", message:"Fetched single product", timestamp:"2024-10-16T13:51:52.461Z"}
{level:"info", message:"Fetched reviews for product", timestamp:"2024-10-16T13:51:52.483Z"}
{level:"info", message:"Fetched reviews for product", timestamp:"2024-10-16T13:51:52.498Z"}
{level:"info", message:"Fetched products with pagination", timestamp:"2024-10-16T13:52:20.713Z"}
{level:"info", message:"Fetched products with pagination", timestamp:"2024-10-16T13:52:20.734Z"}
{level:"info", message:"Fetched single product", timestamp:"2024-10-16T13:52:21.531Z"}
{level:"info", message:"Fetched reviews for product", timestamp:"2024-10-16T13:52:21.534Z"}
{level:"info", message:"Fetched single product", timestamp:"2024-10-16T13:52:21.546Z"}
{level:"info", message:"Fetched reviews for product", timestamp:"2024-10-16T13:52:21.557Z"}
{level:"info", message:"Fetched reviews for product", timestamp:"2024-10-16T13:52:21.582Z"}
{level:"info", message:"Fetched products with pagination", timestamp:"2024-10-16T13:53:28.992Z"}
{level:"info", message:"Fetched products with pagination", timestamp:"2024-10-16T13:53:29.010Z"}
{level:"info", message:"Fetched reviews for product", timestamp:"2024-10-16T13:53:32.343Z"}
{level:"info", message:"Fetched reviews for product", timestamp:"2024-10-16T13:53:32.382Z"}
{level:"info", message:"Fetched single product", timestamp:"2024-10-16T13:53:32.403Z"}
{level:"info", message:"Fetched reviews for product", timestamp:"2024-10-16T13:53:32.441Z"}
{level:"info", message:"Fetched single product", timestamp:"2024-10-16T13:53:32.443Z"}
{level:"info", message:"Fetched products with pagination", timestamp:"2024-10-16T13:53:33.323Z"}
{level:"info", message:"Fetched products with pagination", timestamp:"2024-10-16T13:53:33.344Z"}
{level:"info", message:"Fetched products with pagination", timestamp:"2024-10-16T13:53:34.864Z"}
{level:"info", message:"Fetched products with pagination", timestamp:"2024-10-16T13:53:34.867Z"}
{level:"info", message:"Fetched products with pagination", timestamp:"2024-10-16T13:53:36.360Z"}
{level:"info", message:"Fetched products with pagination", timestamp:"2024-10-16T13:53:36.366Z"}
{level:"info", message:"Fetched products with pagination", timestamp:"2024-10-16T13:53:37.359Z"}
{level:"info", message:"Fetched products with pagination", timestamp:"2024-10-16T13:53:37.361Z"}
{level:"info", message:"Fetched products with pagination", timestamp:"2024-10-16T13:53:38.300Z"}
{level:"info", message:"Fetched products with pagination", timestamp:"2024-10-16T13:53:38.306Z"}
{level:"info", message:"Fetched reviews for product", timestamp:"2024-10-16T13:53:39.024Z"}
{level:"info", message:"Fetched single product", timestamp:"2024-10-16T13:53:39.027Z"}
{level:"info", message:"Fetched reviews for product", timestamp:"2024-10-16T13:53:39.044Z"}
{level:"info", message:"Fetched reviews for product", timestamp:"2024-10-16T13:53:39.066Z"}
{level:"info", message:"Fetched single product", timestamp:"2024-10-16T13:53:39.080Z"}
{level:"info", message:"Fetched products with pagination", timestamp:"2024-10-16T13:53:41.305Z"}
{level:"info", message:"Fetched products with pagination", timestamp:"2024-10-16T13:53:41.324Z"}
{level:"info", message:"Fetched single product", timestamp:"2024-10-16T13:53:42.335Z"}
{level:"info", message:"Fetched reviews for product", timestamp:"2024-10-16T13:53:42.339Z"}
{level:"info", message:"Fetched single product", timestamp:"2024-10-16T13:53:42.349Z"}
{level:"info", message:"Fetched reviews for product", timestamp:"2024-10-16T13:53:42.359Z"}
{level:"info", message:"Fetched reviews for product", timestamp:"2024-10-16T13:53:42.376Z"}
{level:"info", message:"Fetched products with pagination", timestamp:"2024-10-16T14:00:24.481Z"}
{level:"info", message:"Fetched products with pagination", timestamp:"2024-10-16T14:00:24.604Z"}
{level:"info", message:"Fetched products with pagination", timestamp:"2024-10-16T14:00:29.416Z"}
{level:"info", message:"Fetched reviews for product", timestamp:"2024-10-16T14:00:31.405Z"}
{level:"info", message:"Fetched single product", timestamp:"2024-10-16T14:00:31.420Z"}
{level:"info", message:"Fetched single product", timestamp:"2024-10-16T14:00:31.659Z"}
{level:"info", message:"Fetched reviews for product", timestamp:"2024-10-16T14:00:31.683Z"}
{level:"info", message:"Fetched reviews for product", timestamp:"2024-10-16T14:00:31.713Z"}
{level:"info", message:"Fetched products with pagination", timestamp:"2024-10-16T14:00:33.231Z"}
{level:"info", message:"Fetched products with pagination", timestamp:"2024-10-16T14:00:33.275Z"}
{level:"info", message:"Fetched reviews for product", timestamp:"2024-10-16T14:00:34.759Z"}
{level:"info", message:"Fetched single product", timestamp:"2024-10-16T14:00:34.802Z"}
{level:"info", message:"Fetched single product", timestamp:"2024-10-16T14:00:34.870Z"}
{level:"info", message:"Fetched reviews for product", timestamp:"2024-10-16T14:00:34.916Z"}
{level:"info", message:"Fetched reviews for product", timestamp:"2024-10-16T14:00:34.946Z"}
{level:"info", message:"Fetched products with pagination", timestamp:"2024-10-16T14:00:36.450Z"}
{level:"info", message:"Fetched products with pagination", timestamp:"2024-10-16T14:00:36.644Z"}
{level:"info", message:"Fetched reviews for product", timestamp:"2024-10-16T14:00:39.418Z"}
{level:"info", message:"Fetched single product", timestamp:"2024-10-16T14:00:39.468Z"}
{level:"info", message:"Fetched single product", timestamp:"2024-10-16T14:00:39.556Z"}
{level:"info", message:"Fetched reviews for product", timestamp:"2024-10-16T14:00:39.676Z"}
{level:"info", message:"Fetched reviews for product", timestamp:"2024-10-16T14:00:39.852Z"}
{level:"info", message:"Fetched products with pagination", timestamp:"2024-10-16T14:00:40.994Z"}
{level:"info", message:"Fetched products with pagination", timestamp:"2024-10-16T14:00:41.046Z"}
{level:"info", message:"Fetched reviews for product", timestamp:"2024-10-16T14:00:45.160Z"}
{level:"info", message:"Fetched single product", timestamp:"2024-10-16T14:00:45.173Z"}
{level:"info", message:"Fetched single product", timestamp:"2024-10-16T14:00:45.197Z"}
{level:"info", message:"Fetched reviews for product", timestamp:"2024-10-16T14:00:45.256Z"}
{level:"info", message:"Fetched reviews for product", timestamp:"2024-10-16T14:00:45.300Z"}
{level:"info", message:"Fetched products with pagination", timestamp:"2024-10-16T14:00:53.062Z"}
{level:"info", message:"Fetched products with pagination", timestamp:"2024-10-16T14:00:53.098Z"}
{level:"info", message:"Fetched single product", timestamp:"2024-10-16T14:09:45.323Z"}
{level:"info", message:"Fetched reviews for product", timestamp:"2024-10-16T14:09:45.329Z"}
{level:"info", message:"Fetched single product", timestamp:"2024-10-16T14:09:45.343Z"}
{level:"info", message:"Fetched reviews for product", timestamp:"2024-10-16T14:09:45.351Z"}
{level:"info", message:"Fetched reviews for product", timestamp:"2024-10-16T14:09:45.387Z"}
{level:"info", message:"Fetched products with pagination", timestamp:"2024-10-16T14:09:47.629Z"}
{level:"info", message:"Fetched products with pagination", timestamp:"2024-10-16T14:09:47.666Z"}
{level:"info", message:"Fetched reviews for product", timestamp:"2024-10-16T14:09:48.490Z"}
{level:"info", message:"Fetched single product", timestamp:"2024-10-16T14:09:48.492Z"}
{level:"info", message:"Fetched reviews for product", timestamp:"2024-10-16T14:09:48.529Z"}
{level:"info", message:"Fetched reviews for product", timestamp:"2024-10-16T14:09:48.552Z"}
{level:"info", message:"Fetched single product", timestamp:"2024-10-16T14:09:48.561Z"}
{level:"info", message:"Fetched products with pagination", timestamp:"2024-10-16T14:09:50.762Z"}
{level:"info", message:"Fetched products with pagination", timestamp:"2024-10-16T14:09:50.801Z"}
{level:"info", message:"Fetched reviews for product", timestamp:"2024-10-16T14:09:51.867Z"}
{level:"info", message:"Fetched single product", timestamp:"2024-10-16T14:09:51.871Z"}
{level:"info", message:"Fetched reviews for product", timestamp:"2024-10-16T14:09:51.882Z"}
{level:"info", message:"Fetched single product", timestamp:"2024-10-16T14:09:51.900Z"}
{level:"info", message:"Fetched reviews for product", timestamp:"2024-10-16T14:09:51.922Z"}
{level:"info", message:"Fetched products with pagination", timestamp:"2024-10-16T14:10:07.729Z"}
{level:"info", message:"Fetched products with pagination", timestamp:"2024-10-16T14:10:07.761Z"}
{level:"info", message:"Fetched reviews for product", timestamp:"2024-10-16T14:10:08.721Z"}
{level:"info", message:"Fetched single product", timestamp:"2024-10-16T14:10:08.724Z"}
{level:"info", message:"Fetched reviews for product", timestamp:"2024-10-16T14:10:08.737Z"}
{level:"info", message:"Fetched reviews for product", timestamp:"2024-10-16T14:10:08.755Z"}
{level:"info", message:"Fetched single product", timestamp:"2024-10-16T14:10:08.758Z"}
{level:"info", message:"Fetched products with pagination", timestamp:"2024-10-16T14:10:49.806Z"}
{level:"info", message:"Fetched products with pagination", timestamp:"2024-10-16T14:10:49.825Z"}
{level:"info", message:"Fetched products with pagination", timestamp:"2024-10-16T14:10:52.156Z"}
{level:"info", message:"Fetched products with pagination", timestamp:"2024-10-16T14:10:52.869Z"}
{level:"info", message:"Fetched products with pagination", timestamp:"2024-10-16T14:10:53.312Z"}
{level:"info", message:"Fetched products with pagination", timestamp:"2024-10-16T14:10:53.606Z"}
{level:"info", message:"Fetched products with pagination", timestamp:"2024-10-16T14:10:53.813Z"}
{level:"info", message:"Fetched products with pagination", timestamp:"2024-10-16T14:10:53.977Z"}
{level:"info", message:"Fetched products with pagination", timestamp:"2024-10-16T14:11:02.243Z"}
{level:"info", message:"Fetched products with pagination", timestamp:"2024-10-16T14:11:02.255Z"}
{level:"info", message:"Fetched products with pagination", timestamp:"2024-10-16T14:11:06.166Z"}
{level:"info", message:"Fetched products with pagination", timestamp:"2024-10-16T14:11:06.169Z"}
{level:"info", message:"Fetched products with pagination", timestamp:"2024-10-16T14:12:51.095Z"}
{level:"info", message:"Fetched products with pagination", timestamp:"2024-10-16T14:12:51.099Z"}
{level:"info", message:"Fetched products with pagination", timestamp:"2024-10-16T14:12:51.985Z"}
{level:"info", message:"Fetched products with pagination", timestamp:"2024-10-16T14:12:51.988Z"}
{level:"info", message:"Fetched reviews for product", timestamp:"2024-10-16T14:14:12.648Z"}
{level:"info", message:"Fetched reviews for product", timestamp:"2024-10-16T14:14:12.674Z"}
{level:"info", message:"Fetched single product", timestamp:"2024-10-16T14:14:12.699Z"}
{level:"info", message:"Fetched single product", timestamp:"2024-10-16T14:14:12.733Z"}
{level:"info", message:"Fetched reviews for product", timestamp:"2024-10-16T14:14:12.761Z"}
{level:"info", message:"Fetched products with pagination", timestamp:"2024-10-16T14:14:14.877Z"}
{level:"info", message:"Fetched products with pagination", timestamp:"2024-10-16T14:14:14.904Z"}
{level:"info", message:"Fetched reviews for product", timestamp:"2024-10-16T14:14:15.613Z"}
{level:"info", message:"Fetched single product", timestamp:"2024-10-16T14:14:15.620Z"}
{level:"info", message:"Fetched reviews for product", timestamp:"2024-10-16T14:14:15.632Z"}
{level:"info", message:"Fetched single product", timestamp:"2024-10-16T14:14:15.659Z"}
{level:"info", message:"Fetched reviews for product", timestamp:"2024-10-16T14:14:15.693Z"}
{level:"info", message:"Fetched products with pagination", timestamp:"2024-10-16T14:14:35.804Z"}
{level:"info", message:"Fetched products with pagination", timestamp:"2024-10-16T14:14:35.818Z"}
{level:"info", message:"Fetched single product", timestamp:"2024-10-16T14:14:36.749Z"}
{level:"info", message:"Fetched reviews for product", timestamp:"2024-10-16T14:14:36.752Z"}
{level:"info", message:"Fetched single product", timestamp:"2024-10-16T14:14:36.772Z"}
{level:"info", message:"Fetched reviews for product", timestamp:"2024-10-16T14:14:36.776Z"}
{level:"info", message:"Fetched reviews for product", timestamp:"2024-10-16T14:14:36.802Z"}
{level:"info", message:"Fetched products with pagination", timestamp:"2024-10-16T14:23:14.240Z"}
{level:"info", message:"Fetched products with pagination", timestamp:"2024-10-16T14:23:14.272Z"}
{level:"info", message:"Fetched reviews for product", timestamp:"2024-10-16T14:23:15.272Z"}
{level:"info", message:"Fetched reviews for product", timestamp:"2024-10-16T14:23:15.284Z"}
{level:"info", message:"Fetched single product", timestamp:"2024-10-16T14:23:15.305Z"}
{level:"info", message:"Fetched reviews for product", timestamp:"2024-10-16T14:23:15.322Z"}
{level:"info", message:"Fetched single product", timestamp:"2024-10-16T14:23:15.330Z"}
{level:"info", message:"Fetched products with pagination", timestamp:"2024-10-16T14:23:27.400Z"}
{level:"info", message:"Fetched products with pagination", timestamp:"2024-10-16T14:23:27.428Z"}
{level:"info", message:"Fetched single product", timestamp:"2024-10-16T14:23:29.652Z"}
{level:"info", message:"Fetched reviews for product", timestamp:"2024-10-16T14:23:29.655Z"}
{level:"info", message:"Fetched single product", timestamp:"2024-10-16T14:23:29.664Z"}
{level:"info", message:"Fetched reviews for product", timestamp:"2024-10-16T14:23:29.690Z"}
{level:"info", message:"Fetched reviews for product", timestamp:"2024-10-16T14:23:29.708Z"}
{level:"info", message:"Fetched products with pagination", timestamp:"2024-10-16T14:23:34.737Z"}
{level:"info", message:"Fetched products with pagination", timestamp:"2024-10-16T14:23:34.753Z"}
{level:"info", message:"Fetched reviews for product", timestamp:"2024-10-16T14:23:35.950Z"}
{level:"info", message:"Fetched single product", timestamp:"2024-10-16T14:23:35.952Z"}
{level:"info", message:"Fetched single product", timestamp:"2024-10-16T14:23:35.980Z"}
{level:"info", message:"Fetched reviews for product", timestamp:"2024-10-16T14:23:35.983Z"}
{level:"info", message:"Fetched reviews for product", timestamp:"2024-10-16T14:23:35.991Z"}
{level:"info", message:"Fetched products with pagination", timestamp:"2024-10-16T14:23:45.213Z"}
{level:"info", message:"Fetched products with pagination", timestamp:"2024-10-16T14:23:45.235Z"}
{level:"info", message:"Fetched reviews for product", timestamp:"2024-10-16T14:24:02.681Z"}
{level:"info", message:"Fetched single product", timestamp:"2024-10-16T14:24:02.685Z"}
{level:"info", message:"Fetched reviews for product", timestamp:"2024-10-16T14:24:02.710Z"}
{level:"info", message:"Fetched reviews for product", timestamp:"2024-10-16T14:24:02.736Z"}
{level:"info", message:"Fetched single product", timestamp:"2024-10-16T14:24:02.747Z"}
{level:"info", message:"Fetched products with pagination", timestamp:"2024-10-16T14:24:30.142Z"}
{level:"info", message:"Fetched products with pagination", timestamp:"2024-10-16T14:24:30.172Z"}
{level:"info", message:"Fetched reviews for product", timestamp:"2024-10-16T14:24:46.995Z"}
{level:"info", message:"Fetched single product", timestamp:"2024-10-16T14:24:47.014Z"}
{level:"info", message:"Fetched single product", timestamp:"2024-10-16T14:24:47.042Z"}
{level:"info", message:"Fetched reviews for product", timestamp:"2024-10-16T14:24:47.066Z"}
{level:"info", message:"Fetched reviews for product", timestamp:"2024-10-16T14:24:47.079Z"}
{level:"info", message:"Fetched products with pagination", timestamp:"2024-10-16T14:24:49.638Z"}
{level:"info", message:"Fetched products with pagination", timestamp:"2024-10-16T14:24:49.651Z"}
{level:"info", message:"Fetched reviews for product", timestamp:"2024-10-16T14:24:50.378Z"}
{level:"info", message:"Fetched single product", timestamp:"2024-10-16T14:24:50.381Z"}
{level:"info", message:"Fetched single product", timestamp:"2024-10-16T14:24:50.401Z"}
{level:"info", message:"Fetched reviews for product", timestamp:"2024-10-16T14:24:50.409Z"}
{level:"info", message:"Fetched reviews for product", timestamp:"2024-10-16T14:24:50.428Z"}
