{level:"info", message:"User logged in successfully", timestamp:"2025-01-24T10:21:15.881Z"}
{level:"info", message:"Fetched products with pagination", timestamp:"2025-01-24T10:22:12.181Z"}
{level:"info", message:"Fetched products with pagination", timestamp:"2025-01-24T10:22:18.514Z"}
{level:"info", message:"Fetched products with pagination", timestamp:"2025-01-24T10:22:22.871Z"}
{level:"info", message:"Fetched single product", timestamp:"2025-01-24T10:22:25.556Z"}
{level:"info", message:"Fetched reviews for product", timestamp:"2025-01-24T10:22:25.722Z"}
{level:"warn", message:"Login attempt with incorrect email", timestamp:"2025-01-24T10:22:58.863Z"}
{level:"warn", message:"Login attempt with incorrect password", timestamp:"2025-01-24T10:23:16.244Z"}
{level:"warn", message:"Login attempt with incorrect password", timestamp:"2025-01-24T10:23:21.263Z"}
{level:"warn", message:"Login attempt with incorrect password", timestamp:"2025-01-24T10:23:34.745Z"}
{level:"info", message:"Password reset email sent", timestamp:"2025-01-24T10:24:20.807Z"}
{level:"info", message:"Token verified successfully", timestamp:"2025-01-24T10:24:50.929Z"}
{level:"info", message:"Token verified successfully", timestamp:"2025-01-24T10:24:53.738Z"}
{level:"info", message:"Token verified successfully", timestamp:"2025-01-24T10:25:17.340Z"}
{level:"info", message:"Password has been reset successfully", timestamp:"2025-01-24T10:25:17.460Z"}
{level:"info", message:"User logged in successfully", timestamp:"2025-01-24T10:25:26.658Z"}
{level:"info", message:"User logged in successfully", timestamp:"2025-01-24T10:37:40.321Z"}
{level:"info", message:"Token verified successfully", timestamp:"2025-01-24T10:48:31.374Z"}
{level:"info", message:"Token verified successfully", timestamp:"2025-01-24T10:48:53.316Z"}
{level:"info", message:"Token verified successfully", timestamp:"2025-01-24T10:49:03.316Z"}
{level:"info", message:"Token verified successfully", timestamp:"2025-01-24T10:49:10.299Z"}
{level:"info", message:"Token verified successfully", timestamp:"2025-01-24T10:49:16.305Z"}
{level:"info", message:"Token verified successfully", timestamp:"2025-01-24T10:49:22.398Z"}
{level:"info", message:"Token verified successfully", timestamp:"2025-01-24T10:49:27.821Z"}
{level:"info", message:"Token verified successfully", timestamp:"2025-01-24T10:49:35.461Z"}
{level:"info", message:"Token verified successfully", timestamp:"2025-01-24T10:49:40.319Z"}
{level:"info", message:"Fetched products with pagination", timestamp:"2025-01-24T10:52:16.266Z"}
{level:"info", message:"Fetched products with pagination", timestamp:"2025-01-24T10:52:25.704Z"}
{level:"info", message:"Fetched single product", timestamp:"2025-01-24T10:52:31.634Z"}
{level:"info", message:"Token verified successfully", timestamp:"2025-01-24T10:52:31.669Z"}
{level:"info", message:"Token verified successfully", timestamp:"2025-01-24T10:52:31.690Z"}
{level:"info", message:"Fetched reviews for product", timestamp:"2025-01-24T10:52:31.706Z"}
{level:"info", message:"Fetched products with pagination", timestamp:"2025-01-24T10:52:33.088Z"}
{level:"info", message:"Fetched single product", timestamp:"2025-01-24T10:52:34.174Z"}
{level:"info", message:"Token verified successfully", timestamp:"2025-01-24T10:52:34.230Z"}
{level:"info", message:"Token verified successfully", timestamp:"2025-01-24T10:52:34.233Z"}
{level:"info", message:"Fetched reviews for product", timestamp:"2025-01-24T10:52:34.244Z"}
{level:"info", message:"Fetched products with pagination", timestamp:"2025-01-24T10:52:35.634Z"}
{level:"info", message:"Fetched single product", timestamp:"2025-01-24T10:52:37.069Z"}
{level:"info", message:"Token verified successfully", timestamp:"2025-01-24T10:52:37.124Z"}
{level:"info", message:"Token verified successfully", timestamp:"2025-01-24T10:52:37.128Z"}
{level:"info", message:"Fetched reviews for product", timestamp:"2025-01-24T10:52:37.130Z"}
{level:"info", message:"Fetched products with pagination", timestamp:"2025-01-24T10:52:38.523Z"}
{level:"info", message:"Fetched single product", timestamp:"2025-01-24T10:52:39.017Z"}
{level:"info", message:"Token verified successfully", timestamp:"2025-01-24T10:52:39.068Z"}
{level:"info", message:"Token verified successfully", timestamp:"2025-01-24T10:52:39.072Z"}
{level:"info", message:"Fetched reviews for product", timestamp:"2025-01-24T10:52:39.077Z"}
{level:"info", message:"Fetched products with pagination", timestamp:"2025-01-24T10:52:42.073Z"}
{level:"info", message:"Fetched single product", timestamp:"2025-01-24T10:52:43.129Z"}
{level:"info", message:"Token verified successfully", timestamp:"2025-01-24T10:52:43.175Z"}
{level:"info", message:"Token verified successfully", timestamp:"2025-01-24T10:52:43.181Z"}
{level:"info", message:"Fetched reviews for product", timestamp:"2025-01-24T10:52:43.184Z"}
{level:"info", message:"Fetched single product", timestamp:"2025-01-24T10:54:07.304Z"}
{level:"info", message:"Fetched reviews for product", timestamp:"2025-01-24T10:54:07.321Z"}
{level:"info", message:"Token verified successfully", timestamp:"2025-01-24T10:54:07.335Z"}
{level:"info", message:"Token verified successfully", timestamp:"2025-01-24T10:54:07.342Z"}
{level:"info", message:"Fetched single product", timestamp:"2025-01-24T10:54:16.427Z"}
{level:"info", message:"Token verified successfully", timestamp:"2025-01-24T10:54:16.477Z"}
{level:"info", message:"Fetched reviews for product", timestamp:"2025-01-24T10:54:16.480Z"}
{level:"info", message:"Token verified successfully", timestamp:"2025-01-24T10:54:16.483Z"}
{level:"info", message:"Fetched single product", timestamp:"2025-01-24T10:54:22.401Z"}
{level:"info", message:"Token verified successfully", timestamp:"2025-01-24T10:54:22.521Z"}
{level:"info", message:"Token verified successfully", timestamp:"2025-01-24T10:54:22.526Z"}
{level:"info", message:"Fetched reviews for product", timestamp:"2025-01-24T10:54:22.536Z"}
{level:"info", message:"Fetched single product", timestamp:"2025-01-24T10:55:44.619Z"}
{level:"info", message:"Token verified successfully", timestamp:"2025-01-24T10:55:45.108Z"}
{level:"info", message:"Fetched reviews for product", timestamp:"2025-01-24T10:55:45.110Z"}
{level:"info", message:"Token verified successfully", timestamp:"2025-01-24T10:55:45.116Z"}
{level:"info", message:"Fetched products with pagination", timestamp:"2025-01-24T10:55:50.343Z"}
{level:"info", message:"Fetched single product", timestamp:"2025-01-24T10:55:51.839Z"}
{level:"info", message:"Fetched reviews for product", timestamp:"2025-01-24T10:55:51.909Z"}
{level:"info", message:"Token verified successfully", timestamp:"2025-01-24T10:55:51.914Z"}
{level:"info", message:"Token verified successfully", timestamp:"2025-01-24T10:55:51.923Z"}
{level:"info", message:"Fetched single product", timestamp:"2025-01-24T10:56:02.304Z"}
{level:"info", message:"Fetched reviews for product", timestamp:"2025-01-24T10:56:02.316Z"}
{level:"info", message:"Token verified successfully", timestamp:"2025-01-24T10:56:02.321Z"}
{level:"info", message:"Token verified successfully", timestamp:"2025-01-24T10:56:02.350Z"}
{level:"info", message:"Fetched reviews for product", timestamp:"2025-01-24T10:59:06.244Z"}
{level:"info", message:"Fetched reviews for product", timestamp:"2025-01-24T10:59:25.255Z"}
{level:"info", message:"Fetched reviews for product", timestamp:"2025-01-24T10:59:45.299Z"}
