{level:"warn", message:"Token verification failed", timestamp:"2024-11-09T11:11:14.655Z"}
{level:"warn", message:"User login attempt with missing email", timestamp:"2024-11-09T11:13:43.907Z"}
{level:"info", message:"User logged in successfully", timestamp:"2024-11-09T11:14:14.514Z"}
{level:"info", message:"Token verified successfully", timestamp:"2024-11-09T11:14:50.028Z"}
{level:"info", message:"Product created successfully", timestamp:"2024-11-09T11:14:50.067Z"}
{level:"info", message:"Token verified successfully", timestamp:"2024-11-09T11:15:50.523Z"}
{level:"warn", message:"Product creation attempt with missing fields", timestamp:"2024-11-09T11:15:50.538Z"}
{level:"info", message:"Token verified successfully", timestamp:"2024-11-09T11:16:00.989Z"}
{level:"error", message:"Error during product creation", timestamp:"2024-11-09T11:16:01.038Z"}
{level:"info", message:"Token verified successfully", timestamp:"2024-11-09T11:16:09.275Z"}
{level:"info", message:"Product created successfully", timestamp:"2024-11-09T11:16:09.316Z"}
{level:"warn", message:"Incorrect password during login attempt", timestamp:"2024-11-09T11:22:42.027Z"}
{level:"warn", message:"Incorrect email during login attempt", timestamp:"2024-11-09T11:22:49.875Z"}
{level:"warn", message:"Token verification failed", timestamp:"2024-11-09T11:25:42.202Z"}
{level:"warn", message:"Token verification failed", timestamp:"2024-11-09T11:25:42.215Z"}
{level:"info", message:"User logged in successfully", timestamp:"2024-11-09T11:25:54.536Z"}
{level:"info", message:"Token verified successfully", timestamp:"2024-11-09T11:25:57.909Z"}
{level:"info", message:"Fetched orders for shop", timestamp:"2024-11-09T11:25:57.934Z"}
{level:"info", message:"Token verified successfully", timestamp:"2024-11-09T11:25:57.946Z"}
{level:"info", message:"Fetched orders for shop", timestamp:"2024-11-09T11:25:57.962Z"}
{level:"info", message:"Token verified successfully", timestamp:"2024-11-09T11:26:01.215Z"}
{level:"info", message:"Fetched orders for shop", timestamp:"2024-11-09T11:26:01.226Z"}
{level:"info", message:"Token verified successfully", timestamp:"2024-11-09T11:26:01.264Z"}
{level:"info", message:"Fetched orders for shop", timestamp:"2024-11-09T11:26:01.284Z"}
{level:"info", message:"Token verified successfully", timestamp:"2024-11-09T11:26:03.707Z"}
{level:"info", message:"Fetched orders for shop", timestamp:"2024-11-09T11:26:03.716Z"}
{level:"info", message:"Token verified successfully", timestamp:"2024-11-09T11:26:03.745Z"}
{level:"info", message:"Fetched orders for shop", timestamp:"2024-11-09T11:26:03.758Z"}
{level:"info", message:"Token verified successfully", timestamp:"2024-11-09T11:26:12.741Z"}
{level:"info", message:"Fetched orders for shop", timestamp:"2024-11-09T11:26:12.752Z"}
{level:"info", message:"Token verified successfully", timestamp:"2024-11-09T11:26:12.765Z"}
{level:"info", message:"Fetched orders for shop", timestamp:"2024-11-09T11:26:12.785Z"}
{level:"info", message:"Token verified successfully", timestamp:"2024-11-09T11:26:16.058Z"}
{level:"info", message:"Fetched orders for shop", timestamp:"2024-11-09T11:26:16.068Z"}
{level:"info", message:"Token verified successfully", timestamp:"2024-11-09T11:26:16.075Z"}
{level:"info", message:"Fetched orders for shop", timestamp:"2024-11-09T11:26:16.105Z"}
{level:"info", message:"Token verified successfully", timestamp:"2024-11-09T11:26:18.124Z"}
{level:"info", message:"Fetched orders for shop", timestamp:"2024-11-09T11:26:18.132Z"}
{level:"info", message:"Token verified successfully", timestamp:"2024-11-09T11:26:18.145Z"}
{level:"info", message:"Fetched orders for shop", timestamp:"2024-11-09T11:26:18.174Z"}
{level:"warn", message:"Login attempt with incorrect password", timestamp:"2024-11-09T11:26:26.382Z"}
{level:"warn", message:"Login attempt with incorrect password", timestamp:"2024-11-09T11:26:29.289Z"}
{level:"warn", message:"Login attempt with incorrect password", timestamp:"2024-11-09T11:26:31.733Z"}
{level:"info", message:"User logged in successfully", timestamp:"2024-11-09T11:26:34.675Z"}
{level:"info", message:"Fetched products with pagination", timestamp:"2024-11-09T11:26:42.662Z"}
{level:"info", message:"Fetched single product", timestamp:"2024-11-09T11:26:46.290Z"}
{level:"info", message:"Fetched reviews for product", timestamp:"2024-11-09T11:26:46.322Z"}
{level:"info", message:"Fetched products with pagination", timestamp:"2024-11-09T11:26:48.732Z"}
{level:"info", message:"Fetched single product", timestamp:"2024-11-09T11:26:49.684Z"}
{level:"info", message:"Fetched reviews for product", timestamp:"2024-11-09T11:26:49.725Z"}
{level:"info", message:"Fetched products with pagination", timestamp:"2024-11-09T11:27:05.217Z"}
{level:"info", message:"Token verified successfully", timestamp:"2024-11-09T11:27:50.173Z"}
{level:"info", message:"Product created successfully", timestamp:"2024-11-09T11:27:55.364Z"}
{level:"info", message:"Token verified successfully", timestamp:"2024-11-09T11:27:59.525Z"}
{level:"info", message:"Fetched products with pagination", timestamp:"2024-11-09T11:27:59.557Z"}
{level:"info", message:"Fetched single product", timestamp:"2024-11-09T11:28:01.844Z"}
{level:"info", message:"Fetched reviews for product", timestamp:"2024-11-09T11:28:01.890Z"}
{level:"info", message:"Fetched products with pagination", timestamp:"2024-11-09T11:28:28.145Z"}
{level:"info", message:"Fetched single product", timestamp:"2024-11-09T11:28:38.484Z"}
{level:"info", message:"Fetched reviews for product", timestamp:"2024-11-09T11:28:38.650Z"}
{level:"info", message:"Fetched single product", timestamp:"2024-11-09T11:28:41.888Z"}
{level:"info", message:"Token verified successfully", timestamp:"2024-11-09T11:28:41.902Z"}
{level:"info", message:"Fetched reviews for product", timestamp:"2024-11-09T11:28:42.022Z"}
{level:"info", message:"Fetched products with pagination", timestamp:"2024-11-09T11:28:45.625Z"}
{level:"info", message:"Fetched single product", timestamp:"2024-11-09T11:28:46.704Z"}
{level:"info", message:"Fetched reviews for product", timestamp:"2024-11-09T11:28:46.733Z"}
{level:"info", message:"Fetched products with pagination", timestamp:"2024-11-09T11:28:48.818Z"}
{level:"info", message:"Token verified successfully", timestamp:"2024-11-09T11:28:50.292Z"}
{level:"info", message:"Fetched products with pagination", timestamp:"2024-11-09T11:28:50.347Z"}
{level:"info", message:"Fetched single product", timestamp:"2024-11-09T11:28:51.185Z"}
{level:"info", message:"Fetched reviews for product", timestamp:"2024-11-09T11:28:51.263Z"}
{level:"info", message:"Fetched products with pagination", timestamp:"2024-11-09T11:30:37.462Z"}
{level:"info", message:"Fetched single product", timestamp:"2024-11-09T11:30:38.756Z"}
{level:"info", message:"Fetched reviews for product", timestamp:"2024-11-09T11:30:38.779Z"}
{level:"info", message:"Fetched products with pagination", timestamp:"2024-11-09T11:30:41.850Z"}
{level:"info", message:"Fetched single product", timestamp:"2024-11-09T11:30:42.680Z"}
{level:"info", message:"Fetched reviews for product", timestamp:"2024-11-09T11:30:42.712Z"}
{level:"info", message:"Fetched products with pagination", timestamp:"2024-11-09T11:30:44.620Z"}
{level:"info", message:"Fetched single product", timestamp:"2024-11-09T11:30:46.629Z"}
{level:"info", message:"Fetched reviews for product", timestamp:"2024-11-09T11:30:46.651Z"}
{level:"info", message:"Fetched products with pagination", timestamp:"2024-11-09T11:31:37.587Z"}
{level:"info", message:"Fetched single product", timestamp:"2024-11-09T11:31:38.943Z"}
{level:"info", message:"Fetched reviews for product", timestamp:"2024-11-09T11:31:38.968Z"}
{level:"info", message:"Fetched single product", timestamp:"2024-11-09T11:32:13.428Z"}
{level:"info", message:"Token verified successfully", timestamp:"2024-11-09T11:33:35.972Z"}
{level:"error", message:"Error during product creation", timestamp:"2024-11-09T11:33:38.413Z"}
{level:"info", message:"Token verified successfully", timestamp:"2024-11-09T11:33:53.344Z"}
{level:"error", message:"Error during product creation", timestamp:"2024-11-09T11:33:55.029Z"}
{level:"info", message:"Token verified successfully", timestamp:"2024-11-09T11:34:18.612Z"}
{level:"warn", message:"Product creation attempt with missing fields", timestamp:"2024-11-09T11:34:20.412Z"}
{level:"info", message:"Token verified successfully", timestamp:"2024-11-09T11:34:23.406Z"}
{level:"warn", message:"Product creation attempt with missing fields", timestamp:"2024-11-09T11:34:24.051Z"}
{level:"info", message:"Token verified successfully", timestamp:"2024-11-09T11:34:37.158Z"}
{level:"warn", message:"Product creation attempt with missing fields", timestamp:"2024-11-09T11:34:38.858Z"}
{level:"info", message:"Token verified successfully", timestamp:"2024-11-09T11:35:04.792Z"}
{level:"info", message:"Product created successfully", timestamp:"2024-11-09T11:35:06.157Z"}
{level:"info", message:"Fetched single product", timestamp:"2024-11-09T11:36:13.657Z"}
{level:"info", message:"Fetched single product", timestamp:"2024-11-09T11:36:42.027Z"}
{level:"info", message:"Token verified successfully", timestamp:"2024-11-09T11:36:42.041Z"}
{level:"info", message:"Fetched single product", timestamp:"2024-11-09T11:36:51.177Z"}
{level:"info", message:"Token verified successfully", timestamp:"2024-11-09T11:36:51.188Z"}
{level:"info", message:"Token verified successfully", timestamp:"2024-11-09T11:37:21.378Z"}
{level:"info", message:"Fetched products with pagination", timestamp:"2024-11-09T11:37:25.853Z"}
{level:"info", message:"Fetched single product", timestamp:"2024-11-09T11:37:30.640Z"}
{level:"info", message:"Fetched reviews for product", timestamp:"2024-11-09T11:37:30.835Z"}
{level:"info", message:"Fetched single product", timestamp:"2024-11-09T11:37:48.651Z"}
{level:"info", message:"Fetched reviews for product", timestamp:"2024-11-09T11:37:48.922Z"}
{level:"info", message:"Fetched single product", timestamp:"2024-11-09T11:39:06.686Z"}
{level:"info", message:"Fetched reviews for product", timestamp:"2024-11-09T11:39:06.773Z"}
{level:"info", message:"Fetched single product", timestamp:"2024-11-09T11:39:28.819Z"}
{level:"info", message:"Fetched reviews for product", timestamp:"2024-11-09T11:39:28.856Z"}
{level:"info", message:"Fetched single product", timestamp:"2024-11-09T11:39:36.701Z"}
{level:"info", message:"Fetched reviews for product", timestamp:"2024-11-09T11:39:36.768Z"}
{level:"info", message:"Token verified successfully", timestamp:"2024-11-09T11:39:40.270Z"}
{level:"info", message:"Fetched single product", timestamp:"2024-11-09T11:39:40.294Z"}
{level:"info", message:"Fetched reviews for product", timestamp:"2024-11-09T11:39:40.386Z"}
{level:"info", message:"Fetched reviews for product", timestamp:"2024-11-09T11:40:11.671Z"}
{level:"info", message:"Fetched single product", timestamp:"2024-11-09T11:40:15.471Z"}
{level:"info", message:"Token verified successfully", timestamp:"2024-11-09T11:40:15.479Z"}
{level:"info", message:"Fetched reviews for product", timestamp:"2024-11-09T11:40:15.517Z"}
{level:"info", message:"Fetched single product", timestamp:"2024-11-09T11:40:32.569Z"}
{level:"info", message:"Token verified successfully", timestamp:"2024-11-09T11:40:32.602Z"}
{level:"info", message:"Fetched reviews for product", timestamp:"2024-11-09T11:40:32.667Z"}
{level:"info", message:"Fetched products with pagination", timestamp:"2024-11-09T11:40:45.990Z"}
{level:"info", message:"Token verified successfully", timestamp:"2024-11-09T11:40:47.608Z"}
{level:"info", message:"Fetched products with pagination", timestamp:"2024-11-09T11:40:47.625Z"}
{level:"info", message:"Fetched single product", timestamp:"2024-11-09T11:40:48.904Z"}
{level:"info", message:"Fetched reviews for product", timestamp:"2024-11-09T11:40:48.939Z"}
{level:"info", message:"Token verified successfully", timestamp:"2024-11-09T11:41:19.571Z"}
{level:"info", message:"Token verified successfully", timestamp:"2024-11-09T11:41:19.628Z"}
{level:"info", message:"Fetched single product", timestamp:"2024-11-09T11:41:21.483Z"}
{level:"info", message:"Token verified successfully", timestamp:"2024-11-09T11:41:21.492Z"}
{level:"info", message:"Fetched reviews for product", timestamp:"2024-11-09T11:41:21.538Z"}
{level:"info", message:"Fetched single product", timestamp:"2024-11-09T11:41:54.561Z"}
{level:"info", message:"Token verified successfully", timestamp:"2024-11-09T11:41:54.572Z"}
{level:"info", message:"Fetched reviews for product", timestamp:"2024-11-09T11:41:54.615Z"}
{level:"info", message:"Token verified successfully", timestamp:"2024-11-09T11:42:08.577Z"}
{level:"info", message:"Token verified successfully", timestamp:"2024-11-09T11:42:18.302Z"}
{level:"info", message:"Token verified successfully", timestamp:"2024-11-09T11:42:21.844Z"}
{level:"info", message:"Token verified successfully", timestamp:"2024-11-09T11:42:21.862Z"}
{level:"info", message:"Fetched products with pagination", timestamp:"2024-11-09T11:42:50.730Z"}
{level:"info", message:"Fetched single product", timestamp:"2024-11-09T11:42:53.695Z"}
{level:"info", message:"Fetched reviews for product", timestamp:"2024-11-09T11:42:53.754Z"}
{level:"info", message:"Token verified successfully", timestamp:"2024-11-09T11:43:04.270Z"}
{level:"info", message:"Token verified successfully", timestamp:"2024-11-09T11:43:04.308Z"}
{level:"info", message:"Token verified successfully", timestamp:"2024-11-09T11:44:05.479Z"}
{level:"info", message:"Fetched single product", timestamp:"2024-11-09T11:44:05.485Z"}
{level:"info", message:"Fetched reviews for product", timestamp:"2024-11-09T11:44:05.636Z"}
{level:"info", message:"Fetched single product", timestamp:"2024-11-09T11:44:45.333Z"}
{level:"info", message:"Token verified successfully", timestamp:"2024-11-09T11:44:45.350Z"}
{level:"info", message:"Fetched reviews for product", timestamp:"2024-11-09T11:44:45.444Z"}
{level:"info", message:"Token verified successfully", timestamp:"2024-11-09T11:45:31.095Z"}
{level:"info", message:"Token verified successfully", timestamp:"2024-11-09T11:45:31.124Z"}
{level:"info", message:"Token verified successfully", timestamp:"2024-11-09T11:45:35.516Z"}
{level:"info", message:"Token verified successfully", timestamp:"2024-11-09T11:45:35.532Z"}
{level:"info", message:"Token verified successfully", timestamp:"2024-11-09T11:51:38.737Z"}
{level:"info", message:"Token verified successfully", timestamp:"2024-11-09T11:51:38.842Z"}
{level:"info", message:"Token verified successfully", timestamp:"2024-11-09T11:53:04.074Z"}
{level:"info", message:"Token verified successfully", timestamp:"2024-11-09T11:53:04.163Z"}
{level:"info", message:"Fetched single product", timestamp:"2024-11-09T11:53:09.141Z"}
{level:"info", message:"Token verified successfully", timestamp:"2024-11-09T11:53:09.162Z"}
{level:"info", message:"Fetched reviews for product", timestamp:"2024-11-09T11:53:09.281Z"}
{level:"info", message:"Token verified successfully", timestamp:"2024-11-09T11:53:27.827Z"}
{level:"info", message:"Token verified successfully", timestamp:"2024-11-09T11:53:27.867Z"}
{level:"info", message:"Token verified successfully", timestamp:"2024-11-09T11:53:46.020Z"}
{level:"info", message:"Token verified successfully", timestamp:"2024-11-09T11:53:46.049Z"}
{level:"info", message:"Token verified successfully", timestamp:"2024-11-09T11:53:48.666Z"}
{level:"info", message:"Fetched single product", timestamp:"2024-11-09T11:53:48.673Z"}
{level:"info", message:"Fetched reviews for product", timestamp:"2024-11-09T11:53:48.747Z"}
{level:"info", message:"Token verified successfully", timestamp:"2024-11-09T11:54:03.761Z"}
{level:"info", message:"Token verified successfully", timestamp:"2024-11-09T11:54:05.757Z"}
{level:"info", message:"Token verified successfully", timestamp:"2024-11-09T11:54:05.820Z"}
{level:"info", message:"User logged in successfully", timestamp:"2024-11-09T11:54:23.888Z"}
{level:"info", message:"User logged in successfully", timestamp:"2024-11-09T11:54:34.414Z"}
{level:"info", message:"Fetched products with pagination", timestamp:"2024-11-09T11:54:45.969Z"}
{level:"info", message:"Fetched single product", timestamp:"2024-11-09T11:54:47.924Z"}
{level:"info", message:"Fetched reviews for product", timestamp:"2024-11-09T11:54:47.959Z"}
{level:"info", message:"Token verified successfully", timestamp:"2024-11-09T11:57:53.104Z"}
{level:"info", message:"Fetched single product", timestamp:"2024-11-09T11:57:53.263Z"}
{level:"info", message:"Fetched reviews for product", timestamp:"2024-11-09T11:57:53.365Z"}
{level:"info", message:"Fetched single product", timestamp:"2024-11-09T11:58:21.591Z"}
{level:"info", message:"Fetched reviews for product", timestamp:"2024-11-09T11:58:21.682Z"}
{level:"warn", message:"Login attempt with incorrect password", timestamp:"2024-11-09T11:58:29.427Z"}
{level:"info", message:"Password reset email sent", timestamp:"2024-11-09T11:58:40.516Z"}
{level:"info", message:"Token verified successfully", timestamp:"2024-11-09T11:58:50.465Z"}
{level:"info", message:"Token verified successfully", timestamp:"2024-11-09T11:58:50.476Z"}
{level:"warn", message:"Invalid token", timestamp:"2024-11-09T11:58:57.432Z"}
{level:"info", message:"Token verified successfully", timestamp:"2024-11-09T11:59:08.189Z"}
{level:"info", message:"Token verified successfully", timestamp:"2024-11-09T11:59:27.013Z"}
{level:"warn", message:"Password is required", timestamp:"2024-11-09T11:59:29.414Z"}
{level:"info", message:"Token verified successfully", timestamp:"2024-11-09T11:59:31.519Z"}
{level:"info", message:"Token verified successfully", timestamp:"2024-11-09T12:01:15.005Z"}
{level:"info", message:"Token verified successfully", timestamp:"2024-11-09T12:01:41.082Z"}
{level:"info", message:"Token verified successfully", timestamp:"2024-11-09T12:02:16.963Z"}
{level:"warn", message:"Password is required", timestamp:"2024-11-09T12:02:19.833Z"}
{level:"info", message:"Token verified successfully", timestamp:"2024-11-09T12:02:30.111Z"}
{level:"warn", message:"Password validation failed: Password must be at least 8 characters long, Password must contain at least one number, Password must contain at least one special character", timestamp:"2024-11-09T12:02:30.115Z"}
{level:"info", message:"Token verified successfully", timestamp:"2024-11-09T12:02:54.262Z"}
{level:"info", message:"Password has been reset successfully", timestamp:"2024-11-09T12:02:54.380Z"}
{level:"warn", message:"Login attempt with incorrect password", timestamp:"2024-11-09T12:03:00.976Z"}
{level:"info", message:"User logged in successfully", timestamp:"2024-11-09T12:03:13.711Z"}
{level:"info", message:"Token verified successfully", timestamp:"2024-11-09T12:03:19.868Z"}
{level:"info", message:"Review fetched successfully", timestamp:"2024-11-09T12:03:22.666Z"}
{level:"info", message:"Review fetched successfully", timestamp:"2024-11-09T12:03:24.716Z"}
{level:"info", message:"Token verified successfully", timestamp:"2024-11-09T12:03:35.965Z"}
{level:"info", message:"Token verified successfully", timestamp:"2024-11-09T12:03:36.020Z"}
{level:"info", message:"Fetched products with pagination", timestamp:"2024-11-09T12:03:48.902Z"}
{level:"info", message:"Fetched single product", timestamp:"2024-11-09T12:03:56.513Z"}
{level:"info", message:"Fetched reviews for product", timestamp:"2024-11-09T12:03:56.572Z"}
{level:"info", message:"Fetched products with pagination", timestamp:"2024-11-09T12:03:58.098Z"}
{level:"info", message:"Fetched single product", timestamp:"2024-11-09T12:03:58.630Z"}
{level:"info", message:"Fetched reviews for product", timestamp:"2024-11-09T12:03:58.676Z"}
{level:"info", message:"Token verified successfully", timestamp:"2024-11-09T12:07:55.844Z"}
{level:"info", message:"Token verified successfully", timestamp:"2024-11-09T12:07:55.893Z"}
{level:"info", message:"Token verified successfully", timestamp:"2024-11-09T12:07:56.778Z"}
{level:"info", message:"Fetched single product", timestamp:"2024-11-09T12:07:56.826Z"}
{level:"info", message:"Fetched reviews for product", timestamp:"2024-11-09T12:07:56.907Z"}
{level:"info", message:"Fetched single product", timestamp:"2024-11-09T12:10:30.722Z"}
{level:"info", message:"Token verified successfully", timestamp:"2024-11-09T12:10:30.791Z"}
{level:"info", message:"Fetched reviews for product", timestamp:"2024-11-09T12:10:30.982Z"}
{level:"info", message:"Token verified successfully", timestamp:"2024-11-09T12:10:33.579Z"}
{level:"info", message:"Token verified successfully", timestamp:"2024-11-09T12:10:33.591Z"}
{level:"info", message:"Token verified successfully", timestamp:"2024-11-09T12:11:13.931Z"}
{level:"info", message:"Fetched single product", timestamp:"2024-11-09T12:11:13.950Z"}
{level:"info", message:"Fetched reviews for product", timestamp:"2024-11-09T12:11:14.037Z"}
{level:"info", message:"Token verified successfully", timestamp:"2024-11-09T12:12:28.464Z"}
{level:"info", message:"Fetched single product", timestamp:"2024-11-09T12:12:28.558Z"}
{level:"info", message:"Fetched reviews for product", timestamp:"2024-11-09T12:12:28.739Z"}
{level:"info", message:"Token verified successfully", timestamp:"2024-11-09T12:12:31.524Z"}
{level:"info", message:"Token verified successfully", timestamp:"2024-11-09T12:12:31.553Z"}
{level:"info", message:"Fetched single product", timestamp:"2024-11-09T12:13:27.947Z"}
{level:"info", message:"Token verified successfully", timestamp:"2024-11-09T12:13:27.998Z"}
{level:"info", message:"Fetched reviews for product", timestamp:"2024-11-09T12:13:28.060Z"}
{level:"info", message:"Token verified successfully", timestamp:"2024-11-09T12:13:29.871Z"}
{level:"info", message:"Token verified successfully", timestamp:"2024-11-09T12:13:29.915Z"}
{level:"info", message:"Token verified successfully", timestamp:"2024-11-09T12:13:41.037Z"}
{level:"info", message:"Token verified successfully", timestamp:"2024-11-09T12:13:41.109Z"}
{level:"info", message:"Token verified successfully", timestamp:"2024-11-09T12:14:30.517Z"}
{level:"info", message:"Token verified successfully", timestamp:"2024-11-09T12:14:30.693Z"}
{level:"info", message:"Token verified successfully", timestamp:"2024-11-09T12:14:36.149Z"}
{level:"info", message:"Fetched single product", timestamp:"2024-11-09T12:14:36.174Z"}
{level:"info", message:"Fetched reviews for product", timestamp:"2024-11-09T12:14:36.250Z"}
{level:"info", message:"Token verified successfully", timestamp:"2024-11-09T12:21:28.797Z"}
{level:"info", message:"Token verified successfully", timestamp:"2024-11-09T12:21:28.844Z"}
{level:"info", message:"Token verified successfully", timestamp:"2024-11-09T12:21:29.629Z"}
{level:"info", message:"Fetched single product", timestamp:"2024-11-09T12:21:29.647Z"}
{level:"info", message:"Fetched reviews for product", timestamp:"2024-11-09T12:21:29.762Z"}
{level:"info", message:"Token verified successfully", timestamp:"2024-11-09T12:29:42.889Z"}
{level:"info", message:"Token verified successfully", timestamp:"2024-11-09T12:29:43.049Z"}
{level:"info", message:"Token verified successfully", timestamp:"2024-11-09T12:29:51.937Z"}
{level:"info", message:"Fetched single product", timestamp:"2024-11-09T12:29:51.961Z"}
{level:"info", message:"Fetched reviews for product", timestamp:"2024-11-09T12:29:52.050Z"}
{level:"info", message:"Fetched single product", timestamp:"2024-11-09T12:30:10.226Z"}
{level:"info", message:"Fetched reviews for product", timestamp:"2024-11-09T12:30:10.282Z"}
{level:"warn", message:"Login attempt with incorrect password", timestamp:"2024-11-09T12:30:18.675Z"}
{level:"info", message:"User logged in successfully", timestamp:"2024-11-09T12:30:21.630Z"}
{level:"info", message:"Fetched products with pagination", timestamp:"2024-11-09T12:30:29.934Z"}
{level:"info", message:"Fetched single product", timestamp:"2024-11-09T12:30:31.227Z"}
{level:"info", message:"Fetched reviews for product", timestamp:"2024-11-09T12:30:31.266Z"}
{level:"info", message:"Fetched products with pagination", timestamp:"2024-11-09T12:30:32.379Z"}
{level:"info", message:"Fetched single product", timestamp:"2024-11-09T12:30:33.133Z"}
{level:"info", message:"Fetched reviews for product", timestamp:"2024-11-09T12:30:33.172Z"}
