{level:"warn", message:"Token verification failed", timestamp:"2024-10-21T10:07:41.025Z"}
{level:"warn", message:"Token verification failed", timestamp:"2024-10-21T10:07:41.090Z"}
{level:"warn", message:"Token verification failed", timestamp:"2024-10-21T10:07:51.415Z"}
{level:"warn", message:"Token verification failed", timestamp:"2024-10-21T10:07:51.423Z"}
{level:"warn", message:"Token verification failed", timestamp:"2024-10-21T10:07:55.810Z"}
{level:"warn", message:"Token verification failed", timestamp:"2024-10-21T10:07:55.826Z"}
{level:"warn", message:"Token verification failed", timestamp:"2024-10-21T10:08:01.306Z"}
{level:"warn", message:"Token verification failed", timestamp:"2024-10-21T10:08:01.316Z"}
{level:"info", message:"Fetched products with pagination", timestamp:"2024-10-21T10:08:19.786Z"}
{level:"info", message:"Fetched products with pagination", timestamp:"2024-10-21T10:08:19.803Z"}
{level:"info", message:"Fetched products with pagination", timestamp:"2024-10-21T10:08:31.613Z"}
{level:"warn", message:"Token verification failed", timestamp:"2024-10-21T10:08:52.049Z"}
{level:"warn", message:"Token verification failed", timestamp:"2024-10-21T10:08:52.059Z"}
{level:"warn", message:"Token verification failed", timestamp:"2024-10-21T10:08:56.400Z"}
{level:"warn", message:"Token verification failed", timestamp:"2024-10-21T10:08:56.432Z"}
{level:"info", message:"Fetched products with pagination", timestamp:"2024-10-21T10:09:01.421Z"}
{level:"info", message:"Fetched products with pagination", timestamp:"2024-10-21T10:09:01.461Z"}
{level:"info", message:"Fetched products with pagination", timestamp:"2024-10-21T10:10:06.963Z"}
{level:"info", message:"Fetched products with pagination", timestamp:"2024-10-21T10:10:06.980Z"}
{level:"info", message:"Fetched products with pagination", timestamp:"2024-10-21T10:10:08.379Z"}
{level:"info", message:"Fetched products with pagination", timestamp:"2024-10-21T10:10:08.384Z"}
{level:"info", message:"Fetched products with pagination", timestamp:"2024-10-21T10:10:09.692Z"}
{level:"info", message:"Fetched products with pagination", timestamp:"2024-10-21T10:10:09.697Z"}
{level:"info", message:"Fetched products with pagination", timestamp:"2024-10-21T10:12:39.560Z"}
{level:"info", message:"Fetched products with pagination", timestamp:"2024-10-21T10:12:53.557Z"}
{level:"info", message:"Fetched products with pagination", timestamp:"2024-10-21T10:12:53.562Z"}
{level:"info", message:"Fetched products with pagination", timestamp:"2024-10-21T10:13:48.548Z"}
{level:"info", message:"Fetched products with pagination", timestamp:"2024-10-21T10:14:05.543Z"}
{level:"info", message:"Fetched products with pagination", timestamp:"2024-10-21T10:14:11.685Z"}
{level:"info", message:"Fetched products with pagination", timestamp:"2024-10-21T10:14:11.688Z"}
{level:"info", message:"Fetched products with pagination", timestamp:"2024-10-21T10:14:12.386Z"}
{level:"info", message:"Fetched products with pagination", timestamp:"2024-10-21T10:14:12.391Z"}
{level:"info", message:"Fetched products with pagination", timestamp:"2024-10-21T10:14:13.232Z"}
{level:"info", message:"Fetched products with pagination", timestamp:"2024-10-21T10:14:13.236Z"}
{level:"info", message:"Fetched products with pagination", timestamp:"2024-10-21T10:14:13.949Z"}
{level:"info", message:"Fetched products with pagination", timestamp:"2024-10-21T10:14:13.953Z"}
{level:"info", message:"Fetched products with pagination", timestamp:"2024-10-21T10:14:14.603Z"}
{level:"info", message:"Fetched products with pagination", timestamp:"2024-10-21T10:14:14.609Z"}
{level:"info", message:"Fetched products with pagination", timestamp:"2024-10-21T10:14:15.127Z"}
{level:"info", message:"Fetched products with pagination", timestamp:"2024-10-21T10:14:15.133Z"}
{level:"info", message:"Fetched products with pagination", timestamp:"2024-10-21T10:14:15.792Z"}
{level:"info", message:"Fetched products with pagination", timestamp:"2024-10-21T10:14:15.799Z"}
{level:"info", message:"Fetched products with pagination", timestamp:"2024-10-21T10:14:17.099Z"}
{level:"info", message:"Fetched products with pagination", timestamp:"2024-10-21T10:14:17.103Z"}
{level:"info", message:"Fetched products with pagination", timestamp:"2024-10-21T10:14:18.201Z"}
{level:"info", message:"Fetched products with pagination", timestamp:"2024-10-21T10:14:18.206Z"}
{level:"info", message:"Fetched products with pagination", timestamp:"2024-10-21T10:14:25.476Z"}
{level:"info", message:"Fetched products with pagination", timestamp:"2024-10-21T10:14:25.481Z"}
{level:"info", message:"Fetched products with pagination", timestamp:"2024-10-21T10:14:27.259Z"}
{level:"info", message:"Fetched products with pagination", timestamp:"2024-10-21T10:14:27.266Z"}
{level:"info", message:"Fetched products with pagination", timestamp:"2024-10-21T10:14:28.551Z"}
{level:"info", message:"Fetched products with pagination", timestamp:"2024-10-21T10:14:28.557Z"}
{level:"info", message:"Fetched products with pagination", timestamp:"2024-10-21T10:14:29.821Z"}
{level:"info", message:"Fetched products with pagination", timestamp:"2024-10-21T10:14:29.828Z"}
{level:"info", message:"Fetched products with pagination", timestamp:"2024-10-21T10:14:31.721Z"}
{level:"info", message:"Fetched products with pagination", timestamp:"2024-10-21T10:14:31.726Z"}
{level:"info", message:"Fetched products with pagination", timestamp:"2024-10-21T10:14:47.551Z"}
{level:"info", message:"Fetched products with pagination", timestamp:"2024-10-21T10:15:09.082Z"}
{level:"info", message:"Fetched products with pagination", timestamp:"2024-10-21T10:15:09.087Z"}
{level:"info", message:"Fetched products with pagination", timestamp:"2024-10-21T10:15:14.328Z"}
{level:"info", message:"Fetched products with pagination", timestamp:"2024-10-21T10:15:14.766Z"}
{level:"info", message:"Fetched products with pagination", timestamp:"2024-10-21T10:22:12.943Z"}
{level:"info", message:"Fetched products with pagination", timestamp:"2024-10-21T10:22:47.121Z"}
{level:"info", message:"Fetched products with pagination", timestamp:"2024-10-21T10:22:47.126Z"}
{level:"info", message:"Fetched products with pagination", timestamp:"2024-10-21T10:22:58.489Z"}
{level:"info", message:"Fetched products with pagination", timestamp:"2024-10-21T10:22:58.503Z"}
{level:"info", message:"Fetched products with pagination", timestamp:"2024-10-21T10:23:00.661Z"}
{level:"info", message:"Fetched products with pagination", timestamp:"2024-10-21T10:23:00.665Z"}
{level:"info", message:"Fetched products with pagination", timestamp:"2024-10-21T10:23:01.280Z"}
{level:"info", message:"Fetched products with pagination", timestamp:"2024-10-21T10:23:01.285Z"}
{level:"warn", message:"Token verification failed", timestamp:"2024-10-21T10:30:18.157Z"}
{level:"warn", message:"Token verification failed", timestamp:"2024-10-21T10:30:18.178Z"}
{level:"warn", message:"Token verification failed", timestamp:"2024-10-21T10:35:09.533Z"}
{level:"warn", message:"Token verification failed", timestamp:"2024-10-21T10:35:09.559Z"}
{level:"info", message:"User logged in successfully", timestamp:"2024-10-21T10:35:55.972Z"}
{level:"info", message:"Token verified successfully", timestamp:"2024-10-21T10:36:12.791Z"}
{level:"info", message:"Token verified successfully", timestamp:"2024-10-21T10:36:12.821Z"}
{level:"info", message:"Token verified successfully", timestamp:"2024-10-21T10:36:56.692Z"}
{level:"info", message:"Token verified successfully", timestamp:"2024-10-21T10:36:56.709Z"}
{level:"info", message:"Token verified successfully", timestamp:"2024-10-21T10:37:03.820Z"}
{level:"info", message:"Token verified successfully", timestamp:"2024-10-21T10:37:03.874Z"}
{level:"info", message:"Token verified successfully", timestamp:"2024-10-21T10:38:40.545Z"}
{level:"info", message:"Token verified successfully", timestamp:"2024-10-21T10:40:51.520Z"}
{level:"info", message:"Token verified successfully", timestamp:"2024-10-21T10:40:51.590Z"}
{level:"info", message:"Token verified successfully", timestamp:"2024-10-21T10:43:43.343Z"}
{level:"info", message:"Token verified successfully", timestamp:"2024-10-21T10:43:43.378Z"}
{level:"info", message:"Token verified successfully", timestamp:"2024-10-21T11:07:21.606Z"}
{level:"warn", message:"Product not found", timestamp:"2024-10-21T11:07:21.634Z"}
{level:"info", message:"Token verified successfully", timestamp:"2024-10-21T11:08:08.707Z"}
{level:"info", message:"Order created", timestamp:"2024-10-21T11:08:08.746Z"}
{level:"info", message:"Token verified successfully", timestamp:"2024-10-21T11:27:21.571Z"}
{level:"info", message:"Token verified successfully", timestamp:"2024-10-21T11:27:21.609Z"}
{level:"info", message:"Token verified successfully", timestamp:"2024-10-21T11:28:14.546Z"}
{level:"info", message:"Token verified successfully", timestamp:"2024-10-21T11:28:14.570Z"}
{level:"info", message:"Token verified successfully", timestamp:"2024-10-21T11:28:27.573Z"}
{level:"info", message:"Token verified successfully", timestamp:"2024-10-21T11:28:27.611Z"}
{level:"info", message:"Token verified successfully", timestamp:"2024-10-21T11:29:08.934Z"}
{level:"info", message:"Token verified successfully", timestamp:"2024-10-21T11:29:08.983Z"}
{level:"info", message:"Token verified successfully", timestamp:"2024-10-21T11:29:46.560Z"}
{level:"info", message:"Token verified successfully", timestamp:"2024-10-21T11:29:46.653Z"}
{level:"info", message:"Token verified successfully", timestamp:"2024-10-21T11:29:49.669Z"}
{level:"info", message:"Token verified successfully", timestamp:"2024-10-21T11:29:49.731Z"}
{level:"info", message:"Token verified successfully", timestamp:"2024-10-21T11:31:43.898Z"}
{level:"info", message:"Token verified successfully", timestamp:"2024-10-21T11:31:43.974Z"}
{level:"info", message:"Token verified successfully", timestamp:"2024-10-21T11:32:05.653Z"}
{level:"info", message:"Token verified successfully", timestamp:"2024-10-21T11:32:06.196Z"}
{level:"info", message:"Token verified successfully", timestamp:"2024-10-21T11:32:11.399Z"}
{level:"info", message:"Token verified successfully", timestamp:"2024-10-21T11:32:11.416Z"}
{level:"info", message:"Token verified successfully", timestamp:"2024-10-21T11:32:25.765Z"}
{level:"info", message:"Token verified successfully", timestamp:"2024-10-21T11:32:25.818Z"}
{level:"info", message:"Token verified successfully", timestamp:"2024-10-21T11:32:34.843Z"}
{level:"info", message:"Token verified successfully", timestamp:"2024-10-21T11:32:34.935Z"}
{level:"info", message:"Token verified successfully", timestamp:"2024-10-21T11:33:01.014Z"}
{level:"info", message:"Token verified successfully", timestamp:"2024-10-21T11:33:01.065Z"}
{level:"info", message:"Token verified successfully", timestamp:"2024-10-21T11:33:22.565Z"}
{level:"info", message:"Token verified successfully", timestamp:"2024-10-21T11:33:22.649Z"}
{level:"info", message:"Token verified successfully", timestamp:"2024-10-21T11:33:40.544Z"}
{level:"info", message:"Token verified successfully", timestamp:"2024-10-21T11:33:40.707Z"}
{level:"info", message:"Token verified successfully", timestamp:"2024-10-21T11:34:02.092Z"}
{level:"info", message:"Token verified successfully", timestamp:"2024-10-21T11:34:02.163Z"}
{level:"info", message:"Token verified successfully", timestamp:"2024-10-21T11:34:11.285Z"}
{level:"info", message:"Token verified successfully", timestamp:"2024-10-21T11:34:11.360Z"}
{level:"info", message:"Token verified successfully", timestamp:"2024-10-21T11:34:52.869Z"}
{level:"info", message:"Token verified successfully", timestamp:"2024-10-21T11:34:52.954Z"}
{level:"info", message:"Token verified successfully", timestamp:"2024-10-21T11:35:13.747Z"}
{level:"info", message:"Token verified successfully", timestamp:"2024-10-21T11:35:13.948Z"}
{level:"warn", message:"Token verification failed", timestamp:"2024-10-21T11:36:36.709Z"}
{level:"warn", message:"Token verification failed", timestamp:"2024-10-21T11:36:36.720Z"}
{level:"info", message:"User logged in successfully", timestamp:"2024-10-21T11:37:16.225Z"}
{level:"info", message:"Token verified successfully", timestamp:"2024-10-21T11:37:24.054Z"}
{level:"info", message:"Token verified successfully", timestamp:"2024-10-21T11:37:24.108Z"}
{level:"info", message:"Token verified successfully", timestamp:"2024-10-21T11:38:28.442Z"}
{level:"info", message:"Token verified successfully", timestamp:"2024-10-21T11:38:28.498Z"}
{level:"info", message:"Token verified successfully", timestamp:"2024-10-21T11:38:32.750Z"}
{level:"info", message:"Token verified successfully", timestamp:"2024-10-21T11:38:32.826Z"}
{level:"info", message:"Token verified successfully", timestamp:"2024-10-21T11:39:00.358Z"}
{level:"info", message:"Token verified successfully", timestamp:"2024-10-21T11:39:00.561Z"}
{level:"info", message:"Token verified successfully", timestamp:"2024-10-21T11:42:15.827Z"}
{level:"info", message:"Token verified successfully", timestamp:"2024-10-21T11:42:15.857Z"}
{level:"info", message:"Token verified successfully", timestamp:"2024-10-21T11:42:17.475Z"}
{level:"info", message:"Token verified successfully", timestamp:"2024-10-21T11:42:17.491Z"}
{level:"info", message:"Token verified successfully", timestamp:"2024-10-21T11:42:29.675Z"}
{level:"info", message:"Token verified successfully", timestamp:"2024-10-21T11:42:29.773Z"}
{level:"info", message:"Token verified successfully", timestamp:"2024-10-21T11:42:46.930Z"}
{level:"info", message:"Token verified successfully", timestamp:"2024-10-21T11:42:47.013Z"}
{level:"info", message:"Token verified successfully", timestamp:"2024-10-21T11:42:52.316Z"}
{level:"info", message:"Token verified successfully", timestamp:"2024-10-21T11:42:52.331Z"}
{level:"info", message:"Token verified successfully", timestamp:"2024-10-21T11:43:05.628Z"}
{level:"info", message:"Token verified successfully", timestamp:"2024-10-21T11:43:05.695Z"}
{level:"info", message:"Token verified successfully", timestamp:"2024-10-21T11:43:32.747Z"}
{level:"info", message:"Token verified successfully", timestamp:"2024-10-21T11:43:32.824Z"}
{level:"info", message:"Token verified successfully", timestamp:"2024-10-21T11:44:35.016Z"}
{level:"info", message:"Token verified successfully", timestamp:"2024-10-21T11:44:35.062Z"}
{level:"info", message:"Token verified successfully", timestamp:"2024-10-21T11:44:51.940Z"}
{level:"info", message:"Token verified successfully", timestamp:"2024-10-21T11:44:52.144Z"}
{level:"info", message:"Token verified successfully", timestamp:"2024-10-21T11:46:13.129Z"}
{level:"info", message:"Token verified successfully", timestamp:"2024-10-21T11:46:13.158Z"}
{level:"info", message:"Token verified successfully", timestamp:"2024-10-21T11:46:51.443Z"}
{level:"info", message:"Token verified successfully", timestamp:"2024-10-21T11:46:51.550Z"}
{level:"info", message:"Token verified successfully", timestamp:"2024-10-21T11:48:05.895Z"}
{level:"info", message:"Token verified successfully", timestamp:"2024-10-21T11:48:05.910Z"}
{level:"info", message:"Token verified successfully", timestamp:"2024-10-21T11:48:18.388Z"}
{level:"info", message:"Token verified successfully", timestamp:"2024-10-21T11:48:18.403Z"}
{level:"info", message:"Token verified successfully", timestamp:"2024-10-21T11:48:22.205Z"}
{level:"info", message:"Token verified successfully", timestamp:"2024-10-21T11:48:22.336Z"}
{level:"info", message:"Token verified successfully", timestamp:"2024-10-21T11:52:14.672Z"}
{level:"info", message:"Token verified successfully", timestamp:"2024-10-21T11:52:14.788Z"}
{level:"info", message:"Token verified successfully", timestamp:"2024-10-21T11:54:28.397Z"}
{level:"info", message:"Token verified successfully", timestamp:"2024-10-21T11:54:28.431Z"}
{level:"info", message:"Token verified successfully", timestamp:"2024-10-21T11:55:03.918Z"}
{level:"info", message:"Token verified successfully", timestamp:"2024-10-21T11:55:03.983Z"}
{level:"info", message:"Token verified successfully", timestamp:"2024-10-21T11:55:19.560Z"}
{level:"info", message:"Token verified successfully", timestamp:"2024-10-21T11:55:19.582Z"}
{level:"info", message:"Token verified successfully", timestamp:"2024-10-21T12:00:47.589Z"}
{level:"info", message:"Token verified successfully", timestamp:"2024-10-21T12:00:47.874Z"}
{level:"info", message:"Token verified successfully", timestamp:"2024-10-21T12:02:10.078Z"}
{level:"info", message:"Token verified successfully", timestamp:"2024-10-21T12:02:10.170Z"}
{level:"info", message:"Token verified successfully", timestamp:"2024-10-21T12:03:41.559Z"}
{level:"info", message:"Token verified successfully", timestamp:"2024-10-21T12:03:41.609Z"}
{level:"info", message:"Token verified successfully", timestamp:"2024-10-21T12:03:46.571Z"}
{level:"info", message:"Token verified successfully", timestamp:"2024-10-21T12:03:46.642Z"}
{level:"info", message:"Token verified successfully", timestamp:"2024-10-21T12:06:27.307Z"}
{level:"info", message:"Token verified successfully", timestamp:"2024-10-21T12:06:27.351Z"}
{level:"info", message:"Token verified successfully", timestamp:"2024-10-21T12:06:33.139Z"}
{level:"info", message:"Token verified successfully", timestamp:"2024-10-21T12:06:33.182Z"}
{level:"info", message:"Token verified successfully", timestamp:"2024-10-21T12:06:42.347Z"}
{level:"info", message:"Token verified successfully", timestamp:"2024-10-21T12:06:42.403Z"}
{level:"info", message:"Token verified successfully", timestamp:"2024-10-21T12:06:48.750Z"}
{level:"info", message:"Token verified successfully", timestamp:"2024-10-21T12:06:48.790Z"}
{level:"info", message:"Token verified successfully", timestamp:"2024-10-21T12:07:58.331Z"}
{level:"info", message:"Token verified successfully", timestamp:"2024-10-21T12:07:58.386Z"}
{level:"info", message:"Token verified successfully", timestamp:"2024-10-21T12:08:08.718Z"}
{level:"info", message:"Token verified successfully", timestamp:"2024-10-21T12:08:08.765Z"}
{level:"info", message:"Token verified successfully", timestamp:"2024-10-21T12:08:14.003Z"}
{level:"info", message:"Token verified successfully", timestamp:"2024-10-21T12:08:14.012Z"}
{level:"info", message:"Token verified successfully", timestamp:"2024-10-21T12:08:18.340Z"}
{level:"info", message:"Token verified successfully", timestamp:"2024-10-21T12:08:18.364Z"}
{level:"info", message:"Token verified successfully", timestamp:"2024-10-21T12:08:28.361Z"}
{level:"info", message:"Token verified successfully", timestamp:"2024-10-21T12:08:28.376Z"}
{level:"warn", message:"Token verification failed", timestamp:"2024-10-21T12:09:54.990Z"}
{level:"warn", message:"Token verification failed", timestamp:"2024-10-21T12:09:55.020Z"}
{level:"info", message:"User logged in successfully", timestamp:"2024-10-21T12:09:57.035Z"}
{level:"info", message:"Token verified successfully", timestamp:"2024-10-21T12:09:58.991Z"}
{level:"info", message:"Fetched orders for shop", timestamp:"2024-10-21T12:09:59.000Z"}
{level:"info", message:"Token verified successfully", timestamp:"2024-10-21T12:09:59.013Z"}
{level:"info", message:"Fetched orders for shop", timestamp:"2024-10-21T12:09:59.041Z"}
{level:"warn", message:"Insufficient stock for product", timestamp:"2024-10-21T12:10:24.554Z"}
{level:"info", message:"Token verified successfully", timestamp:"2024-10-21T12:10:24.569Z"}
{level:"info", message:"Fetched orders for shop", timestamp:"2024-10-21T12:10:24.586Z"}
{level:"info", message:"Token verified successfully", timestamp:"2024-10-21T12:11:06.010Z"}
{level:"info", message:"Token verified successfully", timestamp:"2024-10-21T12:11:06.034Z"}
{level:"info", message:"Token verified successfully", timestamp:"2024-10-21T12:11:43.523Z"}
{level:"info", message:"Token verified successfully", timestamp:"2024-10-21T12:11:43.577Z"}
{level:"warn", message:"Token verification failed", timestamp:"2024-10-21T12:12:59.839Z"}
{level:"info", message:"User logged in successfully", timestamp:"2024-10-21T12:13:16.925Z"}
{level:"info", message:"Token verified successfully", timestamp:"2024-10-21T12:13:38.504Z"}
{level:"info", message:"Order created", timestamp:"2024-10-21T12:13:38.529Z"}
{level:"info", message:"Token verified successfully", timestamp:"2024-10-21T12:13:51.836Z"}
{level:"info", message:"Token verified successfully", timestamp:"2024-10-21T12:13:51.860Z"}
{level:"info", message:"Token verified successfully", timestamp:"2024-10-21T12:13:58.321Z"}
{level:"info", message:"Token verified successfully", timestamp:"2024-10-21T12:13:58.346Z"}
{level:"info", message:"Token verified successfully", timestamp:"2024-10-21T12:14:00.268Z"}
{level:"info", message:"Fetched orders for shop", timestamp:"2024-10-21T12:14:00.277Z"}
{level:"info", message:"Token verified successfully", timestamp:"2024-10-21T12:14:00.284Z"}
{level:"info", message:"Fetched orders for shop", timestamp:"2024-10-21T12:14:00.299Z"}
{level:"warn", message:"Insufficient stock for product", timestamp:"2024-10-21T12:14:36.501Z"}
{level:"info", message:"Token verified successfully", timestamp:"2024-10-21T12:14:36.516Z"}
{level:"info", message:"Fetched orders for shop", timestamp:"2024-10-21T12:14:36.525Z"}
{level:"info", message:"Token verified successfully", timestamp:"2024-10-21T12:14:39.126Z"}
{level:"info", message:"Token verified successfully", timestamp:"2024-10-21T12:14:39.154Z"}
{level:"info", message:"Token verified successfully", timestamp:"2024-10-21T12:16:01.322Z"}
{level:"info", message:"Token verified successfully", timestamp:"2024-10-21T12:16:01.436Z"}
{level:"info", message:"Order updated successfully", timestamp:"2024-10-21T12:16:11.295Z"}
{level:"info", message:"Token verified successfully", timestamp:"2024-10-21T12:16:11.315Z"}
{level:"info", message:"Fetched orders for shop", timestamp:"2024-10-21T12:16:11.325Z"}
{level:"warn", message:"Insufficient stock for product", timestamp:"2024-10-21T12:16:17.039Z"}
{level:"info", message:"Token verified successfully", timestamp:"2024-10-21T12:16:17.058Z"}
{level:"info", message:"Fetched orders for shop", timestamp:"2024-10-21T12:16:17.070Z"}
{level:"info", message:"Token verified successfully", timestamp:"2024-10-21T12:16:19.714Z"}
{level:"info", message:"Token verified successfully", timestamp:"2024-10-21T12:16:19.751Z"}
{level:"info", message:"Token verified successfully", timestamp:"2024-10-21T12:17:30.540Z"}
{level:"info", message:"Fetched orders for shop", timestamp:"2024-10-21T12:17:30.546Z"}
{level:"info", message:"Order updated successfully", timestamp:"2024-10-21T12:17:39.402Z"}
{level:"info", message:"Token verified successfully", timestamp:"2024-10-21T12:17:39.437Z"}
{level:"info", message:"Fetched orders for shop", timestamp:"2024-10-21T12:17:39.444Z"}
{level:"info", message:"Token verified successfully", timestamp:"2024-10-21T12:17:42.972Z"}
{level:"info", message:"Token verified successfully", timestamp:"2024-10-21T12:17:43.028Z"}
{level:"info", message:"Token verified successfully", timestamp:"2024-10-21T12:19:04.053Z"}
{level:"info", message:"Order created", timestamp:"2024-10-21T12:19:04.118Z"}
{level:"info", message:"Token verified successfully", timestamp:"2024-10-21T12:19:09.807Z"}
{level:"info", message:"Token verified successfully", timestamp:"2024-10-21T12:19:09.838Z"}
{level:"info", message:"Token verified successfully", timestamp:"2024-10-21T12:19:23.401Z"}
{level:"info", message:"Token verified successfully", timestamp:"2024-10-21T12:19:23.426Z"}
{level:"info", message:"Token verified successfully", timestamp:"2024-10-21T12:19:24.875Z"}
{level:"info", message:"Fetched orders for shop", timestamp:"2024-10-21T12:19:24.885Z"}
{level:"info", message:"Token verified successfully", timestamp:"2024-10-21T12:19:24.894Z"}
{level:"info", message:"Fetched orders for shop", timestamp:"2024-10-21T12:19:24.915Z"}
{level:"warn", message:"Insufficient stock for product", timestamp:"2024-10-21T12:19:59.208Z"}
{level:"info", message:"Token verified successfully", timestamp:"2024-10-21T12:19:59.221Z"}
{level:"info", message:"Fetched orders for shop", timestamp:"2024-10-21T12:19:59.231Z"}
{level:"info", message:"Token verified successfully", timestamp:"2024-10-21T12:20:08.191Z"}
{level:"info", message:"Token verified successfully", timestamp:"2024-10-21T12:20:08.202Z"}
{level:"info", message:"Token verified successfully", timestamp:"2024-10-21T12:20:20.357Z"}
{level:"info", message:"Token verified successfully", timestamp:"2024-10-21T12:20:20.375Z"}
{level:"info", message:"Token verified successfully", timestamp:"2024-10-21T12:20:21.798Z"}
{level:"info", message:"Fetched orders for shop", timestamp:"2024-10-21T12:20:21.808Z"}
{level:"info", message:"Token verified successfully", timestamp:"2024-10-21T12:20:21.814Z"}
{level:"info", message:"Fetched orders for shop", timestamp:"2024-10-21T12:20:21.832Z"}
{level:"info", message:"Order updated successfully", timestamp:"2024-10-21T12:24:01.101Z"}
{level:"info", message:"Token verified successfully", timestamp:"2024-10-21T12:24:01.145Z"}
{level:"info", message:"Fetched orders for shop", timestamp:"2024-10-21T12:24:01.158Z"}
{level:"info", message:"Token verified successfully", timestamp:"2024-10-21T12:24:41.508Z"}
{level:"info", message:"Token verified successfully", timestamp:"2024-10-21T12:24:41.659Z"}
{level:"info", message:"Token verified successfully", timestamp:"2024-10-21T12:24:43.200Z"}
{level:"info", message:"Fetched orders for shop", timestamp:"2024-10-21T12:24:43.212Z"}
{level:"info", message:"Token verified successfully", timestamp:"2024-10-21T12:24:43.233Z"}
{level:"info", message:"Fetched orders for shop", timestamp:"2024-10-21T12:24:43.263Z"}
{level:"info", message:"Order updated successfully", timestamp:"2024-10-21T12:24:48.075Z"}
{level:"info", message:"Token verified successfully", timestamp:"2024-10-21T12:24:48.099Z"}
{level:"info", message:"Fetched orders for shop", timestamp:"2024-10-21T12:24:48.108Z"}
{level:"warn", message:"Insufficient stock for product", timestamp:"2024-10-21T12:25:15.236Z"}
{level:"info", message:"Token verified successfully", timestamp:"2024-10-21T12:25:15.249Z"}
{level:"info", message:"Fetched orders for shop", timestamp:"2024-10-21T12:25:15.256Z"}
{level:"error", message:"Error updating order status", timestamp:"2024-10-21T12:25:58.159Z"}
{level:"info", message:"Token verified successfully", timestamp:"2024-10-21T12:25:58.198Z"}
{level:"info", message:"Fetched orders for shop", timestamp:"2024-10-21T12:25:58.210Z"}
{level:"warn", message:"Insufficient stock for product", timestamp:"2024-10-21T12:26:15.409Z"}
{level:"info", message:"Token verified successfully", timestamp:"2024-10-21T12:26:15.423Z"}
{level:"info", message:"Fetched orders for shop", timestamp:"2024-10-21T12:26:15.431Z"}
{level:"info", message:"Order updated successfully", timestamp:"2024-10-21T12:26:35.880Z"}
{level:"info", message:"Token verified successfully", timestamp:"2024-10-21T12:26:35.899Z"}
{level:"info", message:"Fetched orders for shop", timestamp:"2024-10-21T12:26:35.908Z"}
{level:"info", message:"Order updated successfully", timestamp:"2024-10-21T12:26:55.684Z"}
{level:"info", message:"Token verified successfully", timestamp:"2024-10-21T12:26:55.703Z"}
{level:"info", message:"Fetched orders for shop", timestamp:"2024-10-21T12:26:55.710Z"}
{level:"info", message:"Token verified successfully", timestamp:"2024-10-21T12:27:49.191Z"}
{level:"info", message:"Token verified successfully", timestamp:"2024-10-21T12:27:49.280Z"}
{level:"info", message:"Token verified successfully", timestamp:"2024-10-21T12:27:50.780Z"}
{level:"info", message:"Fetched orders for shop", timestamp:"2024-10-21T12:27:50.797Z"}
{level:"info", message:"Token verified successfully", timestamp:"2024-10-21T12:27:50.804Z"}
{level:"info", message:"Fetched orders for shop", timestamp:"2024-10-21T12:27:50.823Z"}
{level:"warn", message:"Insufficient stock for product", timestamp:"2024-10-21T12:27:57.739Z"}
{level:"info", message:"Token verified successfully", timestamp:"2024-10-21T12:27:57.753Z"}
{level:"info", message:"Fetched orders for shop", timestamp:"2024-10-21T12:27:57.763Z"}
{level:"info", message:"Order updated successfully", timestamp:"2024-10-21T12:28:27.811Z"}
{level:"info", message:"Token verified successfully", timestamp:"2024-10-21T12:28:27.850Z"}
{level:"info", message:"Fetched orders for shop", timestamp:"2024-10-21T12:28:27.863Z"}
{level:"warn", message:"Insufficient stock for product", timestamp:"2024-10-21T12:28:59.670Z"}
{level:"info", message:"Token verified successfully", timestamp:"2024-10-21T12:28:59.684Z"}
{level:"info", message:"Fetched orders for shop", timestamp:"2024-10-21T12:28:59.696Z"}
{level:"info", message:"Order updated successfully", timestamp:"2024-10-21T12:29:24.501Z"}
{level:"info", message:"Token verified successfully", timestamp:"2024-10-21T12:29:24.546Z"}
{level:"info", message:"Fetched orders for shop", timestamp:"2024-10-21T12:29:24.560Z"}
{level:"warn", message:"Insufficient stock for product", timestamp:"2024-10-21T12:29:53.043Z"}
{level:"info", message:"Token verified successfully", timestamp:"2024-10-21T12:29:53.071Z"}
{level:"info", message:"Fetched orders for shop", timestamp:"2024-10-21T12:29:53.084Z"}
{level:"info", message:"Token verified successfully", timestamp:"2024-10-21T12:30:29.424Z"}
{level:"info", message:"Token verified successfully", timestamp:"2024-10-21T12:30:29.487Z"}
{level:"info", message:"Token verified successfully", timestamp:"2024-10-21T12:31:24.608Z"}
{level:"info", message:"Order created", timestamp:"2024-10-21T12:31:24.631Z"}
{level:"info", message:"Token verified successfully", timestamp:"2024-10-21T12:31:38.816Z"}
{level:"info", message:"Token verified successfully", timestamp:"2024-10-21T12:31:38.841Z"}
{level:"info", message:"Token verified successfully", timestamp:"2024-10-21T12:31:40.400Z"}
{level:"info", message:"Fetched orders for shop", timestamp:"2024-10-21T12:31:40.413Z"}
{level:"info", message:"Token verified successfully", timestamp:"2024-10-21T12:31:40.420Z"}
{level:"info", message:"Fetched orders for shop", timestamp:"2024-10-21T12:31:40.444Z"}
{level:"info", message:"Token verified successfully", timestamp:"2024-10-21T12:31:42.247Z"}
{level:"info", message:"Token verified successfully", timestamp:"2024-10-21T12:31:42.277Z"}
{level:"warn", message:"Insufficient stock for product", timestamp:"2024-10-21T12:31:48.669Z"}
{level:"info", message:"Token verified successfully", timestamp:"2024-10-21T12:31:48.682Z"}
{level:"info", message:"Fetched orders for shop", timestamp:"2024-10-21T12:31:48.688Z"}
{level:"info", message:"Token verified successfully", timestamp:"2024-10-21T12:31:50.257Z"}
{level:"info", message:"Token verified successfully", timestamp:"2024-10-21T12:31:50.279Z"}
{level:"info", message:"Token verified successfully", timestamp:"2024-10-21T12:31:51.044Z"}
{level:"info", message:"Fetched orders for shop", timestamp:"2024-10-21T12:31:51.052Z"}
{level:"info", message:"Token verified successfully", timestamp:"2024-10-21T12:31:51.060Z"}
{level:"info", message:"Fetched orders for shop", timestamp:"2024-10-21T12:31:51.076Z"}
{level:"info", message:"Token verified successfully", timestamp:"2024-10-21T12:31:53.018Z"}
{level:"info", message:"Token verified successfully", timestamp:"2024-10-21T12:31:53.050Z"}
{level:"info", message:"Order updated successfully", timestamp:"2024-10-21T12:32:19.642Z"}
{level:"info", message:"Token verified successfully", timestamp:"2024-10-21T12:32:19.682Z"}
{level:"info", message:"Fetched orders for shop", timestamp:"2024-10-21T12:32:19.693Z"}
{level:"info", message:"Token verified successfully", timestamp:"2024-10-21T12:32:22.208Z"}
{level:"info", message:"Token verified successfully", timestamp:"2024-10-21T12:32:22.289Z"}
{level:"info", message:"Token verified successfully", timestamp:"2024-10-21T12:33:41.819Z"}
{level:"info", message:"Fetched orders for shop", timestamp:"2024-10-21T12:33:41.850Z"}
{level:"info", message:"Token verified successfully", timestamp:"2024-10-21T12:33:53.980Z"}
{level:"info", message:"Token verified successfully", timestamp:"2024-10-21T12:33:54.007Z"}
{level:"info", message:"Token verified successfully", timestamp:"2024-10-21T12:33:54.685Z"}
{level:"info", message:"Fetched orders for shop", timestamp:"2024-10-21T12:33:54.696Z"}
{level:"info", message:"Token verified successfully", timestamp:"2024-10-21T12:33:54.705Z"}
{level:"info", message:"Fetched orders for shop", timestamp:"2024-10-21T12:33:54.731Z"}
{level:"info", message:"Token verified successfully", timestamp:"2024-10-21T12:33:57.547Z"}
{level:"info", message:"Token verified successfully", timestamp:"2024-10-21T12:33:57.570Z"}
{level:"error", message:"Error updating order status", timestamp:"2024-10-21T12:34:06.065Z"}
{level:"info", message:"Token verified successfully", timestamp:"2024-10-21T12:34:06.095Z"}
{level:"info", message:"Fetched orders for shop", timestamp:"2024-10-21T12:34:06.104Z"}
{level:"info", message:"Token verified successfully", timestamp:"2024-10-21T12:34:08.477Z"}
{level:"info", message:"Token verified successfully", timestamp:"2024-10-21T12:34:08.494Z"}
{level:"info", message:"Token verified successfully", timestamp:"2024-10-21T12:34:11.650Z"}
{level:"info", message:"Token verified successfully", timestamp:"2024-10-21T12:34:11.699Z"}
{level:"info", message:"Token verified successfully", timestamp:"2024-10-21T12:34:14.404Z"}
{level:"info", message:"Token verified successfully", timestamp:"2024-10-21T12:34:14.463Z"}
{level:"info", message:"Token verified successfully", timestamp:"2024-10-21T12:35:38.955Z"}
{level:"info", message:"Token verified successfully", timestamp:"2024-10-21T12:35:39.044Z"}
{level:"info", message:"Token verified successfully", timestamp:"2024-10-21T12:35:43.425Z"}
{level:"info", message:"Fetched orders for shop", timestamp:"2024-10-21T12:35:43.440Z"}
{level:"info", message:"Token verified successfully", timestamp:"2024-10-21T12:35:43.464Z"}
{level:"info", message:"Fetched orders for shop", timestamp:"2024-10-21T12:35:43.490Z"}
{level:"info", message:"Order updated successfully", timestamp:"2024-10-21T12:35:45.874Z"}
{level:"info", message:"Token verified successfully", timestamp:"2024-10-21T12:35:45.899Z"}
{level:"info", message:"Fetched orders for shop", timestamp:"2024-10-21T12:35:45.912Z"}
{level:"info", message:"Token verified successfully", timestamp:"2024-10-21T12:35:47.555Z"}
{level:"info", message:"Token verified successfully", timestamp:"2024-10-21T12:35:47.579Z"}
{level:"info", message:"Order updated successfully", timestamp:"2024-10-21T12:35:53.040Z"}
{level:"info", message:"Token verified successfully", timestamp:"2024-10-21T12:35:53.062Z"}
{level:"info", message:"Fetched orders for shop", timestamp:"2024-10-21T12:35:53.078Z"}
{level:"info", message:"Token verified successfully", timestamp:"2024-10-21T12:35:56.895Z"}
{level:"info", message:"Token verified successfully", timestamp:"2024-10-21T12:35:56.912Z"}
{level:"info", message:"Order updated successfully", timestamp:"2024-10-21T12:36:01.326Z"}
{level:"info", message:"Token verified successfully", timestamp:"2024-10-21T12:36:01.352Z"}
{level:"info", message:"Fetched orders for shop", timestamp:"2024-10-21T12:36:01.361Z"}
{level:"info", message:"Token verified successfully", timestamp:"2024-10-21T12:36:04.508Z"}
{level:"info", message:"Token verified successfully", timestamp:"2024-10-21T12:36:04.544Z"}
{level:"warn", message:"Insufficient stock for product", timestamp:"2024-10-21T12:36:09.026Z"}
{level:"info", message:"Token verified successfully", timestamp:"2024-10-21T12:36:09.040Z"}
{level:"info", message:"Fetched orders for shop", timestamp:"2024-10-21T12:36:09.051Z"}
{level:"info", message:"Token verified successfully", timestamp:"2024-10-21T12:36:10.824Z"}
{level:"info", message:"Token verified successfully", timestamp:"2024-10-21T12:36:10.876Z"}
{level:"warn", message:"Password validation errors", timestamp:"2024-10-21T12:37:45.148Z"}
{level:"info", message:"User registered successfully", timestamp:"2024-10-21T12:38:06.421Z"}
{level:"info", message:"User logged in successfully", timestamp:"2024-10-21T12:38:30.742Z"}
{level:"info", message:"Token verified successfully", timestamp:"2024-10-21T12:38:42.949Z"}
{level:"info", message:"Shop created successfully", timestamp:"2024-10-21T12:38:42.956Z"}
{level:"info", message:"Token verified successfully", timestamp:"2024-10-21T12:39:06.717Z"}
{level:"warn", message:"Token verification failed", timestamp:"2024-10-21T13:39:16.102Z"}
{level:"warn", message:"Token verification failed", timestamp:"2024-10-21T13:39:16.135Z"}
{level:"warn", message:"Token verification failed", timestamp:"2024-10-21T13:43:39.914Z"}
{level:"warn", message:"Token verification failed", timestamp:"2024-10-21T13:43:40.221Z"}
{level:"info", message:"User logged in successfully", timestamp:"2024-10-21T13:43:41.896Z"}
{level:"info", message:"User logged in successfully", timestamp:"2024-10-21T13:44:09.681Z"}
{level:"info", message:"Token verified successfully", timestamp:"2024-10-21T13:44:29.587Z"}
{level:"info", message:"Product created successfully", timestamp:"2024-10-21T13:44:31.781Z"}
{level:"info", message:"Token verified successfully", timestamp:"2024-10-21T13:45:41.562Z"}
{level:"info", message:"Token verified successfully", timestamp:"2024-10-21T13:45:41.583Z"}
{level:"info", message:"Token verified successfully", timestamp:"2024-10-21T13:45:45.486Z"}
{level:"info", message:"Token verified successfully", timestamp:"2024-10-21T13:45:45.548Z"}
{level:"info", message:"User logged in successfully", timestamp:"2024-10-21T14:39:11.458Z"}
{level:"info", message:"Token verified successfully", timestamp:"2024-10-21T14:39:19.562Z"}
{level:"info", message:"Token verified successfully", timestamp:"2024-10-21T14:39:19.575Z"}
{level:"info", message:"Token verified successfully", timestamp:"2024-10-21T14:40:05.717Z"}
{level:"info", message:"Token verified successfully", timestamp:"2024-10-21T14:40:05.741Z"}
{level:"info", message:"Token verified successfully", timestamp:"2024-10-21T14:40:08.991Z"}
{level:"info", message:"Token verified successfully", timestamp:"2024-10-21T14:40:09.068Z"}
{level:"info", message:"Token verified successfully", timestamp:"2024-10-21T14:40:09.901Z"}
{level:"info", message:"Fetched orders for shop", timestamp:"2024-10-21T14:40:09.907Z"}
{level:"info", message:"Token verified successfully", timestamp:"2024-10-21T14:40:09.926Z"}
{level:"info", message:"Fetched orders for shop", timestamp:"2024-10-21T14:40:09.940Z"}
{level:"info", message:"Token verified successfully", timestamp:"2024-10-21T14:41:21.094Z"}
{level:"info", message:"Order created", timestamp:"2024-10-21T14:41:21.116Z"}
{level:"info", message:"Order created", timestamp:"2024-10-21T14:41:21.128Z"}
{level:"info", message:"Token verified successfully", timestamp:"2024-10-21T14:41:25.695Z"}
{level:"info", message:"Token verified successfully", timestamp:"2024-10-21T14:41:25.726Z"}
{level:"info", message:"Token verified successfully", timestamp:"2024-10-21T14:41:34.371Z"}
{level:"info", message:"Token verified successfully", timestamp:"2024-10-21T14:41:34.421Z"}
{level:"info", message:"Token verified successfully", timestamp:"2024-10-21T14:41:36.437Z"}
{level:"info", message:"Fetched orders for shop", timestamp:"2024-10-21T14:41:36.444Z"}
{level:"info", message:"Token verified successfully", timestamp:"2024-10-21T14:41:36.458Z"}
{level:"info", message:"Fetched orders for shop", timestamp:"2024-10-21T14:41:36.464Z"}
{level:"info", message:"Token verified successfully", timestamp:"2024-10-21T14:41:37.588Z"}
{level:"info", message:"Fetched orders for shop", timestamp:"2024-10-21T14:41:37.594Z"}
{level:"info", message:"Token verified successfully", timestamp:"2024-10-21T14:41:37.618Z"}
{level:"info", message:"Fetched orders for shop", timestamp:"2024-10-21T14:41:37.627Z"}
{level:"info", message:"Token verified successfully", timestamp:"2024-10-21T14:41:39.358Z"}
{level:"info", message:"Fetched orders for shop", timestamp:"2024-10-21T14:41:39.363Z"}
{level:"info", message:"Token verified successfully", timestamp:"2024-10-21T14:41:39.371Z"}
{level:"info", message:"Fetched orders for shop", timestamp:"2024-10-21T14:41:39.394Z"}
{level:"info", message:"Token verified successfully", timestamp:"2024-10-21T14:41:40.620Z"}
{level:"info", message:"Fetched orders for shop", timestamp:"2024-10-21T14:41:40.626Z"}
{level:"info", message:"Token verified successfully", timestamp:"2024-10-21T14:41:40.646Z"}
{level:"info", message:"Fetched orders for shop", timestamp:"2024-10-21T14:41:40.656Z"}
{level:"info", message:"Token verified successfully", timestamp:"2024-10-21T14:41:41.884Z"}
{level:"info", message:"Fetched orders for shop", timestamp:"2024-10-21T14:41:41.891Z"}
{level:"info", message:"Token verified successfully", timestamp:"2024-10-21T14:41:41.910Z"}
{level:"info", message:"Fetched orders for shop", timestamp:"2024-10-21T14:41:41.915Z"}
{level:"info", message:"Order updated successfully", timestamp:"2024-10-21T14:41:51.401Z"}
{level:"info", message:"Token verified successfully", timestamp:"2024-10-21T14:41:51.414Z"}
{level:"info", message:"Fetched orders for shop", timestamp:"2024-10-21T14:41:51.426Z"}
{level:"info", message:"User logged in successfully", timestamp:"2024-10-21T14:42:07.618Z"}
{level:"info", message:"Token verified successfully", timestamp:"2024-10-21T14:42:09.512Z"}
{level:"info", message:"Fetched orders for shop", timestamp:"2024-10-21T14:42:09.520Z"}
{level:"info", message:"Token verified successfully", timestamp:"2024-10-21T14:42:09.543Z"}
{level:"info", message:"Fetched orders for shop", timestamp:"2024-10-21T14:42:09.552Z"}
{level:"warn", message:"Insufficient stock for product", timestamp:"2024-10-21T14:42:22.460Z"}
{level:"info", message:"Token verified successfully", timestamp:"2024-10-21T14:42:22.477Z"}
{level:"info", message:"Fetched orders for shop", timestamp:"2024-10-21T14:42:22.487Z"}
{level:"info", message:"Token verified successfully", timestamp:"2024-10-21T14:42:26.909Z"}
{level:"info", message:"Token verified successfully", timestamp:"2024-10-21T14:42:26.941Z"}
{level:"info", message:"Checking master order status", timestamp:"2024-10-21T14:54:36.563Z"}
{level:"info", message:"Order updated successfully", timestamp:"2024-10-21T14:54:36.572Z"}
{level:"info", message:"Token verified successfully", timestamp:"2024-10-21T14:54:36.617Z"}
{level:"info", message:"Fetched orders for shop", timestamp:"2024-10-21T14:54:36.634Z"}
{level:"warn", message:"Insufficient stock for product", timestamp:"2024-10-21T14:55:52.320Z"}
{level:"info", message:"Token verified successfully", timestamp:"2024-10-21T14:55:52.335Z"}
{level:"info", message:"Fetched orders for shop", timestamp:"2024-10-21T14:55:52.345Z"}
{level:"info", message:"Checking master order status", timestamp:"2024-10-21T14:56:24.050Z"}
{level:"info", message:"Order updated successfully", timestamp:"2024-10-21T14:56:24.055Z"}
{level:"info", message:"Token verified successfully", timestamp:"2024-10-21T14:56:24.074Z"}
{level:"info", message:"Fetched orders for shop", timestamp:"2024-10-21T14:56:24.090Z"}
{level:"warn", message:"Insufficient stock for product", timestamp:"2024-10-21T14:56:37.234Z"}
{level:"info", message:"Token verified successfully", timestamp:"2024-10-21T14:56:37.259Z"}
{level:"info", message:"Fetched orders for shop", timestamp:"2024-10-21T14:56:37.271Z"}
{level:"info", message:"Checking master order status", timestamp:"2024-10-21T14:57:35.178Z"}
{level:"info", message:"Order updated successfully", timestamp:"2024-10-21T14:57:35.184Z"}
{level:"info", message:"Token verified successfully", timestamp:"2024-10-21T14:57:35.209Z"}
{level:"info", message:"Fetched orders for shop", timestamp:"2024-10-21T14:57:35.224Z"}
{level:"info", message:"Checking master order status", timestamp:"2024-10-21T14:57:41.125Z"}
{level:"info", message:"Order updated successfully", timestamp:"2024-10-21T14:57:41.130Z"}
{level:"info", message:"Token verified successfully", timestamp:"2024-10-21T14:57:41.147Z"}
{level:"info", message:"Fetched orders for shop", timestamp:"2024-10-21T14:57:41.160Z"}
{level:"info", message:"Checking master order status", timestamp:"2024-10-21T14:58:30.003Z"}
{level:"info", message:"Order updated successfully", timestamp:"2024-10-21T14:58:30.012Z"}
{level:"info", message:"Token verified successfully", timestamp:"2024-10-21T14:58:30.047Z"}
{level:"info", message:"Fetched orders for shop", timestamp:"2024-10-21T14:58:30.058Z"}
{level:"info", message:"Token verified successfully", timestamp:"2024-10-21T14:58:54.910Z"}
{level:"info", message:"Token verified successfully", timestamp:"2024-10-21T14:58:54.961Z"}
{level:"info", message:"Checking master order status", timestamp:"2024-10-21T14:59:09.959Z"}
{level:"info", message:"Order updated successfully", timestamp:"2024-10-21T14:59:09.965Z"}
{level:"info", message:"Token verified successfully", timestamp:"2024-10-21T14:59:09.994Z"}
{level:"info", message:"Fetched orders for shop", timestamp:"2024-10-21T14:59:10.004Z"}
{level:"info", message:"Token verified successfully", timestamp:"2024-10-21T14:59:11.594Z"}
{level:"info", message:"Token verified successfully", timestamp:"2024-10-21T14:59:11.611Z"}
{level:"info", message:"Token verified successfully", timestamp:"2024-10-21T14:59:33.729Z"}
{level:"info", message:"Token verified successfully", timestamp:"2024-10-21T14:59:33.803Z"}
{level:"info", message:"Token verified successfully", timestamp:"2024-10-21T14:59:35.110Z"}
{level:"info", message:"Fetched orders for shop", timestamp:"2024-10-21T14:59:35.122Z"}
{level:"info", message:"Token verified successfully", timestamp:"2024-10-21T14:59:35.134Z"}
{level:"info", message:"Fetched orders for shop", timestamp:"2024-10-21T14:59:35.162Z"}
{level:"info", message:"Order updated successfully", timestamp:"2024-10-21T14:59:40.507Z"}
{level:"info", message:"Token verified successfully", timestamp:"2024-10-21T14:59:40.537Z"}
{level:"info", message:"Fetched orders for shop", timestamp:"2024-10-21T14:59:40.544Z"}
{level:"info", message:"Token verified successfully", timestamp:"2024-10-21T14:59:44.494Z"}
{level:"info", message:"Token verified successfully", timestamp:"2024-10-21T14:59:44.524Z"}
{level:"info", message:"Token verified successfully", timestamp:"2024-10-21T15:04:22.308Z"}
{level:"info", message:"Token verified successfully", timestamp:"2024-10-21T15:04:22.434Z"}
{level:"info", message:"Order updated successfully", timestamp:"2024-10-21T15:04:30.323Z"}
{level:"info", message:"Token verified successfully", timestamp:"2024-10-21T15:04:30.341Z"}
{level:"info", message:"Fetched orders for shop", timestamp:"2024-10-21T15:04:30.352Z"}
{level:"info", message:"Token verified successfully", timestamp:"2024-10-21T15:04:32.838Z"}
{level:"info", message:"Token verified successfully", timestamp:"2024-10-21T15:04:32.908Z"}
{level:"info", message:"Order updated successfully", timestamp:"2024-10-21T15:04:38.411Z"}
{level:"info", message:"Token verified successfully", timestamp:"2024-10-21T15:04:38.427Z"}
{level:"info", message:"Fetched orders for shop", timestamp:"2024-10-21T15:04:38.444Z"}
{level:"info", message:"Token verified successfully", timestamp:"2024-10-21T15:04:40.594Z"}
{level:"info", message:"Token verified successfully", timestamp:"2024-10-21T15:04:40.643Z"}
{level:"info", message:"Token verified successfully", timestamp:"2024-10-21T15:06:40.227Z"}
{level:"info", message:"Token verified successfully", timestamp:"2024-10-21T15:06:40.277Z"}
{level:"info", message:"Token verified successfully", timestamp:"2024-10-21T15:16:56.317Z"}
{level:"info", message:"Token verified successfully", timestamp:"2024-10-21T15:16:59.288Z"}
{level:"info", message:"Token verified successfully", timestamp:"2024-10-21T15:16:59.309Z"}
{level:"info", message:"Token verified successfully", timestamp:"2024-10-21T15:17:02.495Z"}
{level:"info", message:"Token verified successfully", timestamp:"2024-10-21T15:17:02.511Z"}
{level:"info", message:"Token verified successfully", timestamp:"2024-10-21T15:17:09.266Z"}
{level:"info", message:"Token verified successfully", timestamp:"2024-10-21T15:17:11.125Z"}
{level:"info", message:"Token verified successfully", timestamp:"2024-10-21T15:17:11.143Z"}
{level:"info", message:"Token verified successfully", timestamp:"2024-10-21T15:17:11.758Z"}
{level:"info", message:"Token verified successfully", timestamp:"2024-10-21T15:17:11.797Z"}
{level:"info", message:"Token verified successfully", timestamp:"2024-10-21T15:17:12.035Z"}
{level:"info", message:"Token verified successfully", timestamp:"2024-10-21T15:17:12.063Z"}
{level:"info", message:"Token verified successfully", timestamp:"2024-10-21T15:17:12.321Z"}
{level:"info", message:"Token verified successfully", timestamp:"2024-10-21T15:17:12.334Z"}
{level:"info", message:"Token verified successfully", timestamp:"2024-10-21T15:17:12.684Z"}
{level:"info", message:"Token verified successfully", timestamp:"2024-10-21T15:17:12.895Z"}
{level:"info", message:"Token verified successfully", timestamp:"2024-10-21T15:17:12.906Z"}
{level:"info", message:"Token verified successfully", timestamp:"2024-10-21T15:17:13.351Z"}
{level:"info", message:"Token verified successfully", timestamp:"2024-10-21T15:17:13.371Z"}
{level:"info", message:"Token verified successfully", timestamp:"2024-10-21T15:17:14.033Z"}
{level:"info", message:"Token verified successfully", timestamp:"2024-10-21T15:17:14.043Z"}
{level:"info", message:"Token verified successfully", timestamp:"2024-10-21T15:17:14.741Z"}
{level:"info", message:"Token verified successfully", timestamp:"2024-10-21T15:17:14.763Z"}
{level:"info", message:"Token verified successfully", timestamp:"2024-10-21T15:17:28.292Z"}
{level:"info", message:"Token verified successfully", timestamp:"2024-10-21T15:17:34.947Z"}
{level:"info", message:"Token verified successfully", timestamp:"2024-10-21T15:17:34.990Z"}
{level:"info", message:"Token verified successfully", timestamp:"2024-10-21T15:22:53.092Z"}
{level:"info", message:"Token verified successfully", timestamp:"2024-10-21T15:22:53.266Z"}
{level:"info", message:"Token verified successfully", timestamp:"2024-10-21T15:24:36.804Z"}
{level:"info", message:"Token verified successfully", timestamp:"2024-10-21T15:24:36.913Z"}
{level:"info", message:"Token verified successfully", timestamp:"2024-10-21T15:25:23.499Z"}
{level:"info", message:"Token verified successfully", timestamp:"2024-10-21T15:25:23.546Z"}
{level:"info", message:"Token verified successfully", timestamp:"2024-10-21T15:25:32.286Z"}
{level:"info", message:"Fetched single product", timestamp:"2024-10-21T15:30:58.352Z"}
{level:"info", message:"Token verified successfully", timestamp:"2024-10-21T15:30:58.364Z"}
{level:"info", message:"Fetched single product", timestamp:"2024-10-21T15:30:58.386Z"}
{level:"info", message:"Token verified successfully", timestamp:"2024-10-21T15:30:58.422Z"}
{level:"info", message:"Fetched single product", timestamp:"2024-10-21T15:31:29.361Z"}
{level:"info", message:"Fetched single product", timestamp:"2024-10-21T15:31:43.266Z"}
{level:"info", message:"Fetched single product", timestamp:"2024-10-21T15:31:49.270Z"}
{level:"info", message:"Fetched single product", timestamp:"2024-10-21T15:32:18.081Z"}
{level:"info", message:"Fetched single product", timestamp:"2024-10-21T15:44:51.512Z"}
{level:"warn", message:"Token verification failed", timestamp:"2024-10-21T15:47:44.966Z"}
{level:"warn", message:"Token verification failed", timestamp:"2024-10-21T15:47:44.998Z"}
{level:"warn", message:"Token verification failed", timestamp:"2024-10-21T15:47:48.012Z"}
{level:"warn", message:"Token verification failed", timestamp:"2024-10-21T15:47:48.053Z"}
{level:"info", message:"User logged in successfully", timestamp:"2024-10-21T15:47:49.559Z"}
{level:"info", message:"Token verified successfully", timestamp:"2024-10-21T15:47:55.715Z"}
{level:"info", message:"Token verified successfully", timestamp:"2024-10-21T15:47:55.888Z"}
{level:"info", message:"Token verified successfully", timestamp:"2024-10-21T15:49:23.311Z"}
{level:"info", message:"Token verified successfully", timestamp:"2024-10-21T15:49:23.375Z"}
{level:"info", message:"Token verified successfully", timestamp:"2024-10-21T15:49:40.575Z"}
{level:"info", message:"Token verified successfully", timestamp:"2024-10-21T15:49:40.663Z"}
{level:"info", message:"Token verified successfully", timestamp:"2024-10-21T15:51:19.648Z"}
{level:"info", message:"Token verified successfully", timestamp:"2024-10-21T15:51:19.850Z"}
{level:"warn", message:"Product not found", timestamp:"2024-10-21T15:51:41.283Z"}
{level:"info", message:"Token verified successfully", timestamp:"2024-10-21T15:51:41.314Z"}
{level:"info", message:"Token verified successfully", timestamp:"2024-10-21T15:51:41.333Z"}
{level:"warn", message:"Product not found", timestamp:"2024-10-21T15:51:41.401Z"}
{level:"info", message:"Token verified successfully", timestamp:"2024-10-21T15:51:51.416Z"}
{level:"info", message:"Token verified successfully", timestamp:"2024-10-21T15:51:51.443Z"}
{level:"warn", message:"Product not found", timestamp:"2024-10-21T15:51:54.222Z"}
{level:"warn", message:"Product not found", timestamp:"2024-10-21T15:51:54.243Z"}
{level:"warn", message:"Product not found", timestamp:"2024-10-21T15:52:15.263Z"}
{level:"warn", message:"Product not found", timestamp:"2024-10-21T15:52:29.269Z"}
{level:"warn", message:"Product not found", timestamp:"2024-10-21T15:52:32.269Z"}
{level:"warn", message:"Product not found", timestamp:"2024-10-21T15:52:59.222Z"}
{level:"info", message:"Token verified successfully", timestamp:"2024-10-21T15:53:04.606Z"}
{level:"info", message:"Token verified successfully", timestamp:"2024-10-21T15:53:04.740Z"}
{level:"warn", message:"Product not found", timestamp:"2024-10-21T15:53:06.954Z"}
{level:"warn", message:"Product not found", timestamp:"2024-10-21T15:53:06.968Z"}
{level:"info", message:"Fetched single product", timestamp:"2024-10-21T15:54:54.926Z"}
{level:"info", message:"Fetched single product", timestamp:"2024-10-21T15:54:54.962Z"}
{level:"info", message:"Fetched single product", timestamp:"2024-10-21T15:55:08.314Z"}
{level:"info", message:"Fetched single product", timestamp:"2024-10-21T15:55:22.395Z"}
{level:"info", message:"Token verified successfully", timestamp:"2024-10-21T15:55:22.408Z"}
{level:"info", message:"Fetched single product", timestamp:"2024-10-21T15:55:22.420Z"}
{level:"info", message:"Token verified successfully", timestamp:"2024-10-21T15:55:22.434Z"}
{level:"info", message:"Fetched single product", timestamp:"2024-10-21T15:55:27.179Z"}
{level:"info", message:"Fetched single product", timestamp:"2024-10-21T15:55:27.206Z"}
{level:"info", message:"Fetched single product", timestamp:"2024-10-21T15:55:30.481Z"}
{level:"info", message:"Fetched single product", timestamp:"2024-10-21T15:55:30.497Z"}
{level:"info", message:"Token verified successfully", timestamp:"2024-10-21T15:55:34.104Z"}
{level:"info", message:"Token verified successfully", timestamp:"2024-10-21T15:55:34.182Z"}
{level:"info", message:"Fetched single product", timestamp:"2024-10-21T15:55:36.065Z"}
{level:"info", message:"Fetched single product", timestamp:"2024-10-21T15:55:36.086Z"}
{level:"info", message:"Fetched single product", timestamp:"2024-10-21T15:55:50.486Z"}
{level:"info", message:"Fetched products with pagination", timestamp:"2024-10-21T15:56:15.315Z"}
{level:"info", message:"Fetched products with pagination", timestamp:"2024-10-21T15:56:15.374Z"}
{level:"info", message:"Fetched single product", timestamp:"2024-10-21T15:56:17.716Z"}
{level:"info", message:"Fetched reviews for product", timestamp:"2024-10-21T15:56:17.720Z"}
{level:"info", message:"Fetched single product", timestamp:"2024-10-21T15:56:17.761Z"}
{level:"info", message:"Fetched reviews for product", timestamp:"2024-10-21T15:56:17.784Z"}
{level:"info", message:"Fetched reviews for product", timestamp:"2024-10-21T15:56:17.804Z"}
{level:"info", message:"Token verified successfully", timestamp:"2024-10-21T15:57:01.677Z"}
{level:"info", message:"Token verified successfully", timestamp:"2024-10-21T15:57:01.736Z"}
{level:"info", message:"Fetched single product", timestamp:"2024-10-21T15:57:05.005Z"}
{level:"info", message:"Fetched single product", timestamp:"2024-10-21T15:57:05.020Z"}
{level:"info", message:"Fetched single product", timestamp:"2024-10-21T15:57:27.401Z"}
{level:"info", message:"Fetched single product", timestamp:"2024-10-21T15:57:34.275Z"}
{level:"info", message:"Token verified successfully", timestamp:"2024-10-21T15:57:38.667Z"}
{level:"info", message:"Token verified successfully", timestamp:"2024-10-21T15:57:38.697Z"}
{level:"info", message:"Fetched single product", timestamp:"2024-10-21T15:57:46.307Z"}
{level:"info", message:"Token verified successfully", timestamp:"2024-10-21T15:57:46.332Z"}
{level:"info", message:"Fetched single product", timestamp:"2024-10-21T15:57:46.356Z"}
{level:"info", message:"Token verified successfully", timestamp:"2024-10-21T15:57:46.660Z"}
{level:"info", message:"Token verified successfully", timestamp:"2024-10-21T15:57:51.046Z"}
{level:"info", message:"Token verified successfully", timestamp:"2024-10-21T15:57:51.176Z"}
{level:"info", message:"Fetched single product", timestamp:"2024-10-21T15:57:53.613Z"}
{level:"info", message:"Fetched single product", timestamp:"2024-10-21T15:57:53.627Z"}
{level:"info", message:"Token verified successfully", timestamp:"2024-10-21T15:57:59.244Z"}
{level:"info", message:"Token verified successfully", timestamp:"2024-10-21T15:57:59.272Z"}
{level:"info", message:"Token verified successfully", timestamp:"2024-10-21T15:58:00.872Z"}
{level:"info", message:"Token verified successfully", timestamp:"2024-10-21T15:58:01.090Z"}
{level:"info", message:"Fetched reviews for product", timestamp:"2024-10-21T15:58:02.931Z"}
{level:"info", message:"Fetched reviews for product", timestamp:"2024-10-21T15:58:02.984Z"}
{level:"info", message:"Fetched single product", timestamp:"2024-10-21T15:58:02.991Z"}
{level:"info", message:"Fetched reviews for product", timestamp:"2024-10-21T15:58:03.039Z"}
{level:"info", message:"Fetched single product", timestamp:"2024-10-21T15:58:03.045Z"}
{level:"info", message:"Token verified successfully", timestamp:"2024-10-21T15:58:05.467Z"}
{level:"info", message:"Token verified successfully", timestamp:"2024-10-21T15:58:05.532Z"}
{level:"info", message:"Fetched single product", timestamp:"2024-10-21T15:58:07.963Z"}
{level:"info", message:"Fetched single product", timestamp:"2024-10-21T15:58:07.972Z"}
{level:"info", message:"Fetched single product", timestamp:"2024-10-21T15:58:19.627Z"}
{level:"info", message:"Fetched single product", timestamp:"2024-10-21T15:58:19.663Z"}
{level:"info", message:"Fetched single product", timestamp:"2024-10-21T15:58:29.268Z"}
{level:"info", message:"Fetched single product", timestamp:"2024-10-21T15:58:36.268Z"}
{level:"info", message:"Token verified successfully", timestamp:"2024-10-21T15:58:38.726Z"}
{level:"info", message:"Token verified successfully", timestamp:"2024-10-21T15:58:38.745Z"}
{level:"info", message:"Fetched single product", timestamp:"2024-10-21T15:58:45.611Z"}
{level:"info", message:"Fetched single product", timestamp:"2024-10-21T15:58:45.680Z"}
{level:"info", message:"Fetched single product", timestamp:"2024-10-21T15:58:52.271Z"}
{level:"info", message:"Token verified successfully", timestamp:"2024-10-21T15:58:58.479Z"}
{level:"info", message:"Token verified successfully", timestamp:"2024-10-21T15:58:58.527Z"}
{level:"info", message:"Fetched single product", timestamp:"2024-10-21T15:59:00.844Z"}
{level:"info", message:"Fetched single product", timestamp:"2024-10-21T15:59:00.861Z"}
{level:"info", message:"Fetched single product", timestamp:"2024-10-21T15:59:12.233Z"}
{level:"info", message:"Fetched single product", timestamp:"2024-10-21T16:01:18.462Z"}
{level:"info", message:"Token verified successfully", timestamp:"2024-10-21T16:01:18.479Z"}
{level:"info", message:"Fetched single product", timestamp:"2024-10-21T16:01:18.610Z"}
{level:"info", message:"Token verified successfully", timestamp:"2024-10-21T16:01:18.635Z"}
{level:"info", message:"Fetched single product", timestamp:"2024-10-21T16:01:23.726Z"}
{level:"info", message:"Fetched single product", timestamp:"2024-10-21T16:01:23.795Z"}
{level:"info", message:"Fetched single product", timestamp:"2024-10-21T16:04:35.377Z"}
{level:"info", message:"Token verified successfully", timestamp:"2024-10-21T16:04:35.416Z"}
{level:"info", message:"Fetched single product", timestamp:"2024-10-21T16:04:35.445Z"}
{level:"info", message:"Token verified successfully", timestamp:"2024-10-21T16:04:35.477Z"}
{level:"info", message:"Fetched single product", timestamp:"2024-10-21T16:04:38.886Z"}
{level:"info", message:"Fetched single product", timestamp:"2024-10-21T16:04:38.922Z"}
{level:"info", message:"Token verified successfully", timestamp:"2024-10-21T16:04:48.247Z"}
{level:"info", message:"Token verified successfully", timestamp:"2024-10-21T16:04:48.315Z"}
{level:"info", message:"Fetched single product", timestamp:"2024-10-21T16:04:50.570Z"}
{level:"info", message:"Fetched single product", timestamp:"2024-10-21T16:04:50.592Z"}
{level:"info", message:"Fetched single product", timestamp:"2024-10-21T16:04:53.390Z"}
{level:"info", message:"Fetched single product", timestamp:"2024-10-21T16:04:53.403Z"}
{level:"info", message:"Fetched single product", timestamp:"2024-10-21T16:05:03.528Z"}
{level:"info", message:"Fetched single product", timestamp:"2024-10-21T16:06:07.259Z"}
{level:"info", message:"Fetched single product", timestamp:"2024-10-21T16:07:17.271Z"}
{level:"info", message:"Fetched single product", timestamp:"2024-10-21T16:07:55.287Z"}
{level:"info", message:"Fetched single product", timestamp:"2024-10-21T16:08:05.277Z"}
{level:"info", message:"Fetched single product", timestamp:"2024-10-21T16:09:13.283Z"}
{level:"info", message:"Fetched single product", timestamp:"2024-10-21T16:09:13.305Z"}
{level:"info", message:"Fetched single product", timestamp:"2024-10-21T16:10:22.308Z"}
{level:"info", message:"Token verified successfully", timestamp:"2024-10-21T16:10:38.322Z"}
{level:"warn", message:"Product not found", timestamp:"2024-10-21T16:10:39.736Z"}
{level:"info", message:"Fetched single product", timestamp:"2024-10-21T16:11:10.348Z"}
{level:"info", message:"Token verified successfully", timestamp:"2024-10-21T16:11:13.446Z"}
{level:"warn", message:"Product not found", timestamp:"2024-10-21T16:11:14.536Z"}
{level:"info", message:"Token verified successfully", timestamp:"2024-10-21T16:11:26.796Z"}
{level:"warn", message:"Product not found", timestamp:"2024-10-21T16:11:28.902Z"}
{level:"info", message:"Fetched single product", timestamp:"2024-10-21T16:14:13.342Z"}
{level:"info", message:"Token verified successfully", timestamp:"2024-10-21T16:14:33.442Z"}
{level:"info", message:"Review created successfully", timestamp:"2024-10-21T16:14:34.887Z"}
{level:"info", message:"Fetched reviews for product", timestamp:"2024-10-21T16:14:34.993Z"}
{level:"info", message:"Fetched single product", timestamp:"2024-10-21T16:14:35.013Z"}
{level:"info", message:"Fetched single product", timestamp:"2024-10-21T16:14:35.056Z"}
{level:"info", message:"Fetched reviews for product", timestamp:"2024-10-21T16:14:35.105Z"}
{level:"info", message:"Fetched reviews for product", timestamp:"2024-10-21T16:14:35.195Z"}
{level:"info", message:"Fetched reviews for product", timestamp:"2024-10-21T16:15:40.279Z"}
{level:"info", message:"Fetched reviews for product", timestamp:"2024-10-21T16:16:07.276Z"}
{level:"info", message:"Fetched reviews for product", timestamp:"2024-10-21T16:16:18.274Z"}
{level:"info", message:"Fetched reviews for product", timestamp:"2024-10-21T16:16:26.368Z"}
{level:"info", message:"Fetched reviews for product", timestamp:"2024-10-21T16:16:33.366Z"}
{level:"info", message:"Fetched reviews for product", timestamp:"2024-10-21T16:16:38.432Z"}
{level:"info", message:"Fetched single product", timestamp:"2024-10-21T16:16:46.624Z"}
{level:"info", message:"Fetched single product", timestamp:"2024-10-21T16:16:46.643Z"}
{level:"info", message:"Token verified successfully", timestamp:"2024-10-21T16:16:49.874Z"}
{level:"info", message:"Token verified successfully", timestamp:"2024-10-21T16:16:49.901Z"}
{level:"info", message:"Fetched single product", timestamp:"2024-10-21T16:17:07.736Z"}
{level:"info", message:"Fetched single product", timestamp:"2024-10-21T16:17:07.770Z"}
{level:"info", message:"Fetched products with pagination", timestamp:"2024-10-21T16:17:15.066Z"}
{level:"info", message:"Fetched products with pagination", timestamp:"2024-10-21T16:17:15.095Z"}
{level:"info", message:"Fetched reviews for product", timestamp:"2024-10-21T16:17:16.159Z"}
{level:"info", message:"Fetched single product", timestamp:"2024-10-21T16:17:16.189Z"}
{level:"info", message:"Fetched reviews for product", timestamp:"2024-10-21T16:17:16.192Z"}
{level:"info", message:"Fetched single product", timestamp:"2024-10-21T16:17:16.207Z"}
{level:"info", message:"Fetched reviews for product", timestamp:"2024-10-21T16:17:16.225Z"}
{level:"info", message:"Fetched products with pagination", timestamp:"2024-10-21T16:17:19.266Z"}
{level:"info", message:"Fetched products with pagination", timestamp:"2024-10-21T16:17:19.301Z"}
{level:"info", message:"Fetched single product", timestamp:"2024-10-21T16:17:25.128Z"}
{level:"info", message:"Fetched single product", timestamp:"2024-10-21T16:17:25.150Z"}
{level:"info", message:"Token verified successfully", timestamp:"2024-10-21T16:17:39.390Z"}
{level:"info", message:"Review created successfully", timestamp:"2024-10-21T16:17:42.133Z"}
{level:"info", message:"Fetched reviews for product", timestamp:"2024-10-21T16:17:42.172Z"}
{level:"info", message:"Fetched single product", timestamp:"2024-10-21T16:17:42.188Z"}
{level:"info", message:"Fetched single product", timestamp:"2024-10-21T16:17:42.215Z"}
{level:"info", message:"Fetched reviews for product", timestamp:"2024-10-21T16:17:42.231Z"}
{level:"info", message:"Fetched reviews for product", timestamp:"2024-10-21T16:17:42.245Z"}
{level:"info", message:"Fetched single product", timestamp:"2024-10-21T16:19:37.045Z"}
{level:"info", message:"Fetched single product", timestamp:"2024-10-21T16:19:37.133Z"}
{level:"info", message:"Token verified successfully", timestamp:"2024-10-21T16:19:42.595Z"}
{level:"info", message:"Token verified successfully", timestamp:"2024-10-21T16:19:42.618Z"}
{level:"info", message:"Token verified successfully", timestamp:"2024-10-21T16:19:48.429Z"}
{level:"info", message:"Token verified successfully", timestamp:"2024-10-21T16:19:48.491Z"}
{level:"info", message:"Token verified successfully", timestamp:"2024-10-21T16:32:26.338Z"}
{level:"info", message:"Token verified successfully", timestamp:"2024-10-21T16:32:26.491Z"}
{level:"info", message:"Token verified successfully", timestamp:"2024-10-21T16:32:29.354Z"}
{level:"info", message:"Token verified successfully", timestamp:"2024-10-21T16:32:29.397Z"}
{level:"info", message:"Token verified successfully", timestamp:"2024-10-21T16:32:57.300Z"}
{level:"info", message:"Token verified successfully", timestamp:"2024-10-21T16:32:57.349Z"}
{level:"info", message:"Token verified successfully", timestamp:"2024-10-21T16:33:01.618Z"}
{level:"info", message:"Token verified successfully", timestamp:"2024-10-21T16:33:01.698Z"}
{level:"info", message:"Token verified successfully", timestamp:"2024-10-21T16:33:19.304Z"}
{level:"info", message:"Token verified successfully", timestamp:"2024-10-21T16:33:19.355Z"}
{level:"info", message:"Token verified successfully", timestamp:"2024-10-21T16:33:23.115Z"}
{level:"info", message:"Token verified successfully", timestamp:"2024-10-21T16:33:23.556Z"}
{level:"info", message:"Token verified successfully", timestamp:"2024-10-21T16:34:02.891Z"}
{level:"info", message:"Token verified successfully", timestamp:"2024-10-21T16:34:02.935Z"}
{level:"info", message:"Token verified successfully", timestamp:"2024-10-21T16:34:39.969Z"}
{level:"info", message:"Token verified successfully", timestamp:"2024-10-21T16:34:40.156Z"}
{level:"error", message:"Error while fetching review", timestamp:"2024-10-21T16:34:55.477Z"}
{level:"info", message:"Token verified successfully", timestamp:"2024-10-21T16:34:59.060Z"}
{level:"info", message:"Token verified successfully", timestamp:"2024-10-21T16:34:59.133Z"}
{level:"error", message:"Error while fetching review", timestamp:"2024-10-21T16:35:00.008Z"}
{level:"error", message:"Error while fetching review", timestamp:"2024-10-21T16:35:00.138Z"}
{level:"info", message:"Token verified successfully", timestamp:"2024-10-21T16:35:29.950Z"}
{level:"info", message:"Token verified successfully", timestamp:"2024-10-21T16:35:30.087Z"}
{level:"error", message:"Error while fetching review", timestamp:"2024-10-21T16:35:31.018Z"}
{level:"error", message:"Error while fetching review", timestamp:"2024-10-21T16:35:31.109Z"}
{level:"info", message:"Token verified successfully", timestamp:"2024-10-21T16:36:00.085Z"}
{level:"info", message:"Token verified successfully", timestamp:"2024-10-21T16:36:00.260Z"}
{level:"info", message:"Token verified successfully", timestamp:"2024-10-21T16:36:54.690Z"}
{level:"info", message:"Token verified successfully", timestamp:"2024-10-21T16:36:54.789Z"}
{level:"info", message:"Review fetched successfully", timestamp:"2024-10-21T16:36:55.614Z"}
{level:"info", message:"Review fetched successfully", timestamp:"2024-10-21T16:36:55.816Z"}
{level:"info", message:"Token verified successfully", timestamp:"2024-10-21T16:38:00.238Z"}
{level:"info", message:"Token verified successfully", timestamp:"2024-10-21T16:38:00.369Z"}
{level:"info", message:"Review fetched successfully", timestamp:"2024-10-21T16:38:01.028Z"}
{level:"info", message:"Review fetched successfully", timestamp:"2024-10-21T16:38:01.088Z"}
{level:"info", message:"Review fetched successfully", timestamp:"2024-10-21T16:38:16.552Z"}
{level:"info", message:"Review fetched successfully", timestamp:"2024-10-21T16:39:03.471Z"}
{level:"info", message:"Review fetched successfully", timestamp:"2024-10-21T16:39:25.353Z"}
{level:"info", message:"Token verified successfully", timestamp:"2024-10-21T16:39:42.506Z"}
{level:"info", message:"Token verified successfully", timestamp:"2024-10-21T16:39:42.623Z"}
{level:"info", message:"Review fetched successfully", timestamp:"2024-10-21T16:39:43.508Z"}
{level:"info", message:"Review fetched successfully", timestamp:"2024-10-21T16:39:43.541Z"}
{level:"info", message:"Token verified successfully", timestamp:"2024-10-21T16:39:47.061Z"}
{level:"info", message:"Token verified successfully", timestamp:"2024-10-21T16:39:47.140Z"}
{level:"info", message:"Review fetched successfully", timestamp:"2024-10-21T16:39:47.913Z"}
{level:"info", message:"Review fetched successfully", timestamp:"2024-10-21T16:39:47.972Z"}
{level:"info", message:"Fetched single product", timestamp:"2024-10-21T16:39:54.696Z"}
{level:"info", message:"Fetched single product", timestamp:"2024-10-21T16:39:54.713Z"}
{level:"info", message:"Token verified successfully", timestamp:"2024-10-21T16:40:05.063Z"}
{level:"info", message:"Review created successfully", timestamp:"2024-10-21T16:40:06.582Z"}
{level:"info", message:"Fetched reviews for product", timestamp:"2024-10-21T16:40:06.669Z"}
{level:"info", message:"Fetched reviews for product", timestamp:"2024-10-21T16:40:06.694Z"}
{level:"info", message:"Fetched single product", timestamp:"2024-10-21T16:40:06.705Z"}
{level:"info", message:"Fetched single product", timestamp:"2024-10-21T16:40:06.728Z"}
{level:"info", message:"Fetched reviews for product", timestamp:"2024-10-21T16:40:06.762Z"}
{level:"info", message:"Fetched single product", timestamp:"2024-10-21T16:40:13.737Z"}
{level:"info", message:"Fetched single product", timestamp:"2024-10-21T16:40:13.750Z"}
{level:"info", message:"Review fetched successfully", timestamp:"2024-10-21T16:40:14.375Z"}
{level:"info", message:"Review fetched successfully", timestamp:"2024-10-21T16:40:14.392Z"}
{level:"info", message:"Token verified successfully", timestamp:"2024-10-21T16:40:16.693Z"}
{level:"info", message:"Token verified successfully", timestamp:"2024-10-21T16:40:16.787Z"}
{level:"info", message:"Review fetched successfully", timestamp:"2024-10-21T16:40:17.568Z"}
{level:"info", message:"Review fetched successfully", timestamp:"2024-10-21T16:40:17.612Z"}
{level:"warn", message:"Token verification failed", timestamp:"2024-10-21T16:40:34.939Z"}
{level:"info", message:"Token verified successfully", timestamp:"2024-10-21T16:40:51.204Z"}
{level:"info", message:"Order created", timestamp:"2024-10-21T16:40:51.237Z"}
{level:"info", message:"Order created", timestamp:"2024-10-21T16:40:51.247Z"}
{level:"info", message:"Token verified successfully", timestamp:"2024-10-21T16:40:56.346Z"}
{level:"info", message:"Token verified successfully", timestamp:"2024-10-21T16:40:56.442Z"}
{level:"info", message:"Review fetched successfully", timestamp:"2024-10-21T16:40:57.197Z"}
{level:"info", message:"Review fetched successfully", timestamp:"2024-10-21T16:40:57.211Z"}
{level:"warn", message:"Token verification failed", timestamp:"2024-10-21T16:41:02.105Z"}
{level:"warn", message:"Token verification failed", timestamp:"2024-10-21T16:41:02.130Z"}
{level:"info", message:"User logged in successfully", timestamp:"2024-10-21T16:41:03.204Z"}
{level:"info", message:"Token verified successfully", timestamp:"2024-10-21T16:41:06.441Z"}
{level:"info", message:"Fetched orders for shop", timestamp:"2024-10-21T16:41:06.450Z"}
{level:"info", message:"Token verified successfully", timestamp:"2024-10-21T16:41:06.459Z"}
{level:"info", message:"Fetched orders for shop", timestamp:"2024-10-21T16:41:06.471Z"}
{level:"info", message:"Order updated successfully", timestamp:"2024-10-21T16:41:16.795Z"}
{level:"info", message:"Token verified successfully", timestamp:"2024-10-21T16:41:16.817Z"}
{level:"info", message:"Fetched orders for shop", timestamp:"2024-10-21T16:41:16.829Z"}
{level:"info", message:"User logged in successfully", timestamp:"2024-10-21T16:41:38.314Z"}
{level:"info", message:"Token verified successfully", timestamp:"2024-10-21T16:41:40.050Z"}
{level:"info", message:"Fetched orders for shop", timestamp:"2024-10-21T16:41:40.059Z"}
{level:"info", message:"Token verified successfully", timestamp:"2024-10-21T16:41:40.082Z"}
{level:"info", message:"Fetched orders for shop", timestamp:"2024-10-21T16:41:40.096Z"}
{level:"info", message:"Order updated successfully", timestamp:"2024-10-21T16:41:45.147Z"}
{level:"info", message:"Token verified successfully", timestamp:"2024-10-21T16:41:45.166Z"}
{level:"info", message:"Fetched orders for shop", timestamp:"2024-10-21T16:41:45.182Z"}
{level:"info", message:"Token verified successfully", timestamp:"2024-10-21T16:41:54.985Z"}
{level:"info", message:"Token verified successfully", timestamp:"2024-10-21T16:41:55.064Z"}
{level:"info", message:"Review fetched successfully", timestamp:"2024-10-21T16:41:56.118Z"}
{level:"info", message:"Review fetched successfully", timestamp:"2024-10-21T16:41:56.134Z"}
{level:"info", message:"Fetched single product", timestamp:"2024-10-21T16:42:01.506Z"}
{level:"info", message:"Fetched single product", timestamp:"2024-10-21T16:42:01.529Z"}
{level:"info", message:"Token verified successfully", timestamp:"2024-10-21T16:42:16.261Z"}
{level:"info", message:"Review created successfully", timestamp:"2024-10-21T16:42:18.751Z"}
{level:"info", message:"Fetched reviews for product", timestamp:"2024-10-21T16:42:18.825Z"}
{level:"info", message:"Fetched reviews for product", timestamp:"2024-10-21T16:42:18.853Z"}
{level:"info", message:"Fetched single product", timestamp:"2024-10-21T16:42:18.864Z"}
{level:"info", message:"Fetched single product", timestamp:"2024-10-21T16:42:18.890Z"}
{level:"info", message:"Fetched reviews for product", timestamp:"2024-10-21T16:42:18.933Z"}
{level:"info", message:"Fetched single product", timestamp:"2024-10-21T16:42:27.526Z"}
{level:"info", message:"Fetched single product", timestamp:"2024-10-21T16:42:27.553Z"}
{level:"info", message:"Review fetched successfully", timestamp:"2024-10-21T16:42:28.688Z"}
{level:"info", message:"Review fetched successfully", timestamp:"2024-10-21T16:42:28.714Z"}
{level:"info", message:"Fetched single product", timestamp:"2024-10-21T16:42:36.072Z"}
{level:"info", message:"Fetched single product", timestamp:"2024-10-21T16:42:36.089Z"}
{level:"info", message:"Token verified successfully", timestamp:"2024-10-21T16:42:50.542Z"}
{level:"info", message:"Review created successfully", timestamp:"2024-10-21T16:42:52.131Z"}
{level:"info", message:"Fetched reviews for product", timestamp:"2024-10-21T16:42:52.201Z"}
{level:"info", message:"Fetched single product", timestamp:"2024-10-21T16:42:52.223Z"}
{level:"info", message:"Fetched single product", timestamp:"2024-10-21T16:42:52.249Z"}
{level:"info", message:"Fetched reviews for product", timestamp:"2024-10-21T16:42:52.289Z"}
{level:"info", message:"Fetched reviews for product", timestamp:"2024-10-21T16:42:52.302Z"}
{level:"info", message:"Fetched single product", timestamp:"2024-10-21T16:42:58.950Z"}
{level:"info", message:"Fetched single product", timestamp:"2024-10-21T16:42:58.975Z"}
{level:"info", message:"Review fetched successfully", timestamp:"2024-10-21T16:42:59.613Z"}
{level:"info", message:"Review fetched successfully", timestamp:"2024-10-21T16:42:59.642Z"}
{level:"info", message:"Fetched single product", timestamp:"2024-10-21T16:43:01.133Z"}
{level:"info", message:"Fetched single product", timestamp:"2024-10-21T16:43:01.161Z"}
{level:"info", message:"Token verified successfully", timestamp:"2024-10-21T16:43:13.050Z"}
{level:"warn", message:"User has already reviewed this product", timestamp:"2024-10-21T16:43:14.142Z"}
{level:"info", message:"Review fetched successfully", timestamp:"2024-10-21T16:43:25.340Z"}
{level:"info", message:"Review fetched successfully", timestamp:"2024-10-21T16:43:25.354Z"}
{level:"warn", message:"Token verification failed", timestamp:"2024-10-22T02:46:22.408Z"}
{level:"warn", message:"Token verification failed", timestamp:"2024-10-22T02:46:22.449Z"}
{level:"warn", message:"Token verification failed", timestamp:"2024-10-22T02:46:31.507Z"}
{level:"warn", message:"Token verification failed", timestamp:"2024-10-22T02:46:31.520Z"}
{level:"info", message:"User logged in successfully", timestamp:"2024-10-22T02:46:34.169Z"}
{level:"info", message:"Token verified successfully", timestamp:"2024-10-22T02:46:38.320Z"}
{level:"info", message:"Token verified successfully", timestamp:"2024-10-22T02:46:38.357Z"}
{level:"info", message:"Token verified successfully", timestamp:"2024-10-22T02:46:40.861Z"}
{level:"info", message:"Token verified successfully", timestamp:"2024-10-22T02:46:40.875Z"}
{level:"info", message:"Review fetched successfully", timestamp:"2024-10-22T02:46:45.839Z"}
{level:"info", message:"Review fetched successfully", timestamp:"2024-10-22T02:46:45.850Z"}
{level:"info", message:"Review fetched successfully", timestamp:"2024-10-22T02:46:54.848Z"}
{level:"info", message:"Review fetched successfully", timestamp:"2024-10-22T02:46:54.871Z"}
{level:"info", message:"Token verified successfully", timestamp:"2024-10-22T02:50:08.734Z"}
{level:"info", message:"Review fetched successfully", timestamp:"2024-10-22T02:50:08.757Z"}
{level:"info", message:"Review fetched successfully", timestamp:"2024-10-22T02:50:08.808Z"}
{level:"info", message:"Review fetched successfully", timestamp:"2024-10-22T02:50:15.378Z"}
{level:"info", message:"Review fetched successfully", timestamp:"2024-10-22T02:50:15.435Z"}
{level:"info", message:"Review fetched successfully", timestamp:"2024-10-22T02:50:18.019Z"}
{level:"info", message:"Review fetched successfully", timestamp:"2024-10-22T02:50:18.035Z"}
{level:"info", message:"Review fetched successfully", timestamp:"2024-10-22T02:50:23.764Z"}
{level:"info", message:"Review fetched successfully", timestamp:"2024-10-22T02:50:23.797Z"}
{level:"info", message:"Review fetched successfully", timestamp:"2024-10-22T02:50:25.714Z"}
{level:"info", message:"Review fetched successfully", timestamp:"2024-10-22T02:50:25.741Z"}
{level:"info", message:"Token verified successfully", timestamp:"2024-10-22T02:51:57.726Z"}
{level:"info", message:"Review fetched successfully", timestamp:"2024-10-22T02:51:59.763Z"}
{level:"info", message:"Review fetched successfully", timestamp:"2024-10-22T02:51:59.774Z"}
{level:"info", message:"Review fetched successfully", timestamp:"2024-10-22T02:52:04.667Z"}
{level:"info", message:"Review fetched successfully", timestamp:"2024-10-22T02:52:04.680Z"}
{level:"info", message:"Review fetched successfully", timestamp:"2024-10-22T02:52:09.099Z"}
{level:"info", message:"Review fetched successfully", timestamp:"2024-10-22T02:52:09.106Z"}
{level:"info", message:"Review fetched successfully", timestamp:"2024-10-22T02:52:12.920Z"}
{level:"info", message:"Review fetched successfully", timestamp:"2024-10-22T02:52:12.932Z"}
{level:"info", message:"Review fetched successfully", timestamp:"2024-10-22T02:52:19.733Z"}
{level:"info", message:"Review fetched successfully", timestamp:"2024-10-22T02:52:19.742Z"}
{level:"info", message:"Review fetched successfully", timestamp:"2024-10-22T02:53:34.751Z"}
{level:"info", message:"Review fetched successfully", timestamp:"2024-10-22T02:53:40.572Z"}
{level:"info", message:"Review fetched successfully", timestamp:"2024-10-22T02:53:40.612Z"}
{level:"info", message:"Review fetched successfully", timestamp:"2024-10-22T02:53:51.755Z"}
{level:"info", message:"Review fetched successfully", timestamp:"2024-10-22T02:53:56.879Z"}
{level:"info", message:"Review fetched successfully", timestamp:"2024-10-22T02:53:56.887Z"}
{level:"info", message:"Review fetched successfully", timestamp:"2024-10-22T02:54:06.866Z"}
{level:"info", message:"Review fetched successfully", timestamp:"2024-10-22T02:54:06.881Z"}
{level:"info", message:"Review fetched successfully", timestamp:"2024-10-22T02:55:13.735Z"}
{level:"info", message:"Token verified successfully", timestamp:"2024-10-22T02:55:28.728Z"}
{level:"info", message:"Token verified successfully", timestamp:"2024-10-22T02:55:28.738Z"}
{level:"info", message:"Review fetched successfully", timestamp:"2024-10-22T02:55:30.744Z"}
{level:"info", message:"Review fetched successfully", timestamp:"2024-10-22T02:55:30.755Z"}
{level:"info", message:"Review fetched successfully", timestamp:"2024-10-22T02:55:30.839Z"}
{level:"info", message:"Review fetched successfully", timestamp:"2024-10-22T02:55:30.864Z"}
{level:"info", message:"Review fetched successfully", timestamp:"2024-10-22T02:55:33.977Z"}
{level:"info", message:"Review fetched successfully", timestamp:"2024-10-22T02:55:33.984Z"}
{level:"info", message:"Review fetched successfully", timestamp:"2024-10-22T02:55:50.730Z"}
{level:"info", message:"Review fetched successfully", timestamp:"2024-10-22T02:56:01.738Z"}
{level:"info", message:"Review fetched successfully", timestamp:"2024-10-22T02:56:05.625Z"}
{level:"info", message:"Review fetched successfully", timestamp:"2024-10-22T02:56:05.635Z"}
{level:"info", message:"Review fetched successfully", timestamp:"2024-10-22T02:56:28.608Z"}
{level:"info", message:"Review fetched successfully", timestamp:"2024-10-22T02:56:28.692Z"}
{level:"info", message:"Review fetched successfully", timestamp:"2024-10-22T02:56:30.221Z"}
{level:"info", message:"Review fetched successfully", timestamp:"2024-10-22T02:56:30.234Z"}
{level:"info", message:"Review fetched successfully", timestamp:"2024-10-22T02:56:37.730Z"}
{level:"info", message:"Review fetched successfully", timestamp:"2024-10-22T02:56:43.878Z"}
{level:"info", message:"Review fetched successfully", timestamp:"2024-10-22T02:56:49.983Z"}
{level:"info", message:"Review fetched successfully", timestamp:"2024-10-22T02:56:50.048Z"}
{level:"info", message:"Review fetched successfully", timestamp:"2024-10-22T02:59:12.720Z"}
{level:"info", message:"Review fetched successfully", timestamp:"2024-10-22T02:59:47.537Z"}
{level:"info", message:"Review fetched successfully", timestamp:"2024-10-22T02:59:47.550Z"}
{level:"info", message:"Review fetched successfully", timestamp:"2024-10-22T02:59:53.821Z"}
{level:"info", message:"Review fetched successfully", timestamp:"2024-10-22T02:59:53.828Z"}
{level:"info", message:"Review fetched successfully", timestamp:"2024-10-22T03:00:02.492Z"}
{level:"info", message:"Review fetched successfully", timestamp:"2024-10-22T03:00:02.514Z"}
{level:"info", message:"Review fetched successfully", timestamp:"2024-10-22T03:00:11.726Z"}
{level:"info", message:"Review fetched successfully", timestamp:"2024-10-22T03:00:11.735Z"}
{level:"info", message:"Review fetched successfully", timestamp:"2024-10-22T03:00:17.477Z"}
{level:"info", message:"Review fetched successfully", timestamp:"2024-10-22T03:00:17.492Z"}
{level:"info", message:"Review fetched successfully", timestamp:"2024-10-22T03:01:22.738Z"}
{level:"info", message:"Review fetched successfully", timestamp:"2024-10-22T03:01:37.950Z"}
{level:"info", message:"Review fetched successfully", timestamp:"2024-10-22T03:01:37.961Z"}
{level:"info", message:"Review fetched successfully", timestamp:"2024-10-22T03:01:45.252Z"}
{level:"info", message:"Review fetched successfully", timestamp:"2024-10-22T03:01:45.261Z"}
{level:"info", message:"Review fetched successfully", timestamp:"2024-10-22T03:02:06.744Z"}
{level:"info", message:"Review fetched successfully", timestamp:"2024-10-22T03:02:15.731Z"}
{level:"info", message:"Review fetched successfully", timestamp:"2024-10-22T03:02:25.731Z"}
{level:"info", message:"Review fetched successfully", timestamp:"2024-10-22T03:02:34.726Z"}
{level:"info", message:"Review fetched successfully", timestamp:"2024-10-22T03:02:50.736Z"}
{level:"info", message:"Review fetched successfully", timestamp:"2024-10-22T03:03:03.260Z"}
{level:"info", message:"Review fetched successfully", timestamp:"2024-10-22T03:03:03.271Z"}
{level:"info", message:"Review fetched successfully", timestamp:"2024-10-22T03:03:27.644Z"}
{level:"info", message:"Review fetched successfully", timestamp:"2024-10-22T03:03:27.654Z"}
{level:"info", message:"Review fetched successfully", timestamp:"2024-10-22T03:03:33.239Z"}
{level:"info", message:"Review fetched successfully", timestamp:"2024-10-22T03:03:33.257Z"}
{level:"info", message:"Review fetched successfully", timestamp:"2024-10-22T03:04:01.724Z"}
{level:"info", message:"Review fetched successfully", timestamp:"2024-10-22T03:04:05.729Z"}
{level:"info", message:"Review fetched successfully", timestamp:"2024-10-22T03:04:11.724Z"}
{level:"info", message:"Review fetched successfully", timestamp:"2024-10-22T03:04:15.731Z"}
{level:"info", message:"Review fetched successfully", timestamp:"2024-10-22T03:04:40.955Z"}
{level:"info", message:"Review fetched successfully", timestamp:"2024-10-22T03:04:40.971Z"}
{level:"info", message:"Review fetched successfully", timestamp:"2024-10-22T03:04:42.603Z"}
{level:"info", message:"Review fetched successfully", timestamp:"2024-10-22T03:04:42.617Z"}
{level:"info", message:"Review fetched successfully", timestamp:"2024-10-22T03:05:31.631Z"}
{level:"info", message:"Review fetched successfully", timestamp:"2024-10-22T03:05:31.644Z"}
{level:"info", message:"Review fetched successfully", timestamp:"2024-10-22T03:05:35.482Z"}
{level:"info", message:"Review fetched successfully", timestamp:"2024-10-22T03:05:35.521Z"}
{level:"info", message:"Review fetched successfully", timestamp:"2024-10-22T03:05:39.107Z"}
{level:"info", message:"Review fetched successfully", timestamp:"2024-10-22T03:05:39.137Z"}
