{level:"warn", message:"Token verification failed", timestamp:"2025-01-03T07:11:06.928Z"}
{level:"info", message:"User logged in successfully", timestamp:"2025-01-03T07:11:24.522Z"}
{level:"info", message:"Review fetched successfully", timestamp:"2025-01-03T07:12:34.617Z"}
{level:"info", message:"Review fetched successfully", timestamp:"2025-01-03T07:12:38.320Z"}
{level:"info", message:"Fetched products with pagination", timestamp:"2025-01-03T07:13:08.961Z"}
{level:"info", message:"Fetched single product", timestamp:"2025-01-03T07:13:12.529Z"}
{level:"info", message:"Fetched reviews for product", timestamp:"2025-01-03T07:13:12.584Z"}
{level:"info", message:"Token verified successfully", timestamp:"2025-01-03T07:13:27.310Z"}
{level:"info", message:"Fetched single product", timestamp:"2025-01-03T07:13:27.480Z"}
{level:"info", message:"Fetched reviews for product", timestamp:"2025-01-03T07:13:27.581Z"}
{level:"info", message:"Token verified successfully", timestamp:"2025-01-03T07:14:43.922Z"}
{level:"info", message:"Fetched single product", timestamp:"2025-01-03T07:14:44.045Z"}
{level:"info", message:"Fetched reviews for product", timestamp:"2025-01-03T07:14:44.137Z"}
{level:"info", message:"Token verified successfully", timestamp:"2025-01-03T07:16:18.118Z"}
{level:"info", message:"Fetched single product", timestamp:"2025-01-03T07:16:18.194Z"}
{level:"info", message:"Fetched reviews for product", timestamp:"2025-01-03T07:16:18.214Z"}
{level:"info", message:"Token verified successfully", timestamp:"2025-01-03T07:16:34.449Z"}
{level:"info", message:"Fetched single product", timestamp:"2025-01-03T07:16:34.783Z"}
{level:"info", message:"Fetched reviews for product", timestamp:"2025-01-03T07:16:34.864Z"}
{level:"info", message:"Token verified successfully", timestamp:"2025-01-03T07:17:49.106Z"}
{level:"info", message:"Fetched single product", timestamp:"2025-01-03T07:17:49.151Z"}
{level:"info", message:"Fetched reviews for product", timestamp:"2025-01-03T07:17:49.185Z"}
{level:"info", message:"Token verified successfully", timestamp:"2025-01-03T07:18:01.186Z"}
{level:"info", message:"Fetched single product", timestamp:"2025-01-03T07:18:01.466Z"}
{level:"info", message:"Fetched reviews for product", timestamp:"2025-01-03T07:18:01.587Z"}
{level:"info", message:"Token verified successfully", timestamp:"2025-01-03T07:18:35.114Z"}
{level:"info", message:"Fetched single product", timestamp:"2025-01-03T07:18:35.144Z"}
{level:"info", message:"Fetched reviews for product", timestamp:"2025-01-03T07:18:35.175Z"}
{level:"info", message:"Token verified successfully", timestamp:"2025-01-03T07:18:43.021Z"}
{level:"info", message:"Fetched single product", timestamp:"2025-01-03T07:18:43.155Z"}
{level:"info", message:"Fetched reviews for product", timestamp:"2025-01-03T07:18:43.392Z"}
{level:"info", message:"Token verified successfully", timestamp:"2025-01-03T07:19:21.291Z"}
{level:"info", message:"Fetched single product", timestamp:"2025-01-03T07:19:21.403Z"}
{level:"info", message:"Fetched reviews for product", timestamp:"2025-01-03T07:19:21.503Z"}
{level:"info", message:"Token verified successfully", timestamp:"2025-01-03T07:20:22.240Z"}
{level:"info", message:"Fetched single product", timestamp:"2025-01-03T07:20:22.514Z"}
{level:"info", message:"Fetched reviews for product", timestamp:"2025-01-03T07:20:22.628Z"}
{level:"info", message:"Token verified successfully", timestamp:"2025-01-03T07:25:21.165Z"}
{level:"info", message:"Fetched single product", timestamp:"2025-01-03T07:25:21.286Z"}
{level:"info", message:"Fetched reviews for product", timestamp:"2025-01-03T07:25:21.400Z"}
{level:"info", message:"Token verified successfully", timestamp:"2025-01-03T07:25:27.549Z"}
{level:"info", message:"Fetched single product", timestamp:"2025-01-03T07:25:27.666Z"}
{level:"info", message:"Fetched reviews for product", timestamp:"2025-01-03T07:25:27.840Z"}
{level:"info", message:"Token verified successfully", timestamp:"2025-01-03T07:26:07.894Z"}
{level:"info", message:"Fetched single product", timestamp:"2025-01-03T07:26:07.983Z"}
{level:"info", message:"Fetched reviews for product", timestamp:"2025-01-03T07:26:08.086Z"}
{level:"info", message:"Token verified successfully", timestamp:"2025-01-03T07:30:11.069Z"}
{level:"info", message:"Fetched single product", timestamp:"2025-01-03T07:30:11.282Z"}
{level:"info", message:"Fetched reviews for product", timestamp:"2025-01-03T07:30:11.349Z"}
{level:"info", message:"Fetched products with pagination", timestamp:"2025-01-03T07:30:39.904Z"}
{level:"info", message:"Fetched single product", timestamp:"2025-01-03T07:30:41.291Z"}
{level:"info", message:"Fetched reviews for product", timestamp:"2025-01-03T07:30:41.354Z"}
{level:"info", message:"Token verified successfully", timestamp:"2025-01-03T07:33:55.748Z"}
{level:"info", message:"Fetched single product", timestamp:"2025-01-03T07:33:56.131Z"}
{level:"info", message:"Fetched reviews for product", timestamp:"2025-01-03T07:33:56.195Z"}
{level:"info", message:"Token verified successfully", timestamp:"2025-01-03T07:34:21.673Z"}
{level:"info", message:"Fetched single product", timestamp:"2025-01-03T07:34:21.763Z"}
{level:"info", message:"Fetched reviews for product", timestamp:"2025-01-03T07:34:21.821Z"}
{level:"info", message:"Token verified successfully", timestamp:"2025-01-03T07:35:52.202Z"}
{level:"info", message:"Fetched single product", timestamp:"2025-01-03T07:35:52.314Z"}
{level:"info", message:"Fetched reviews for product", timestamp:"2025-01-03T07:35:52.402Z"}
{level:"info", message:"Fetched products with pagination", timestamp:"2025-01-03T07:36:16.440Z"}
{level:"info", message:"Fetched products with pagination", timestamp:"2025-01-03T07:36:17.088Z"}
{level:"info", message:"Fetched single product", timestamp:"2025-01-03T07:36:17.765Z"}
{level:"info", message:"Fetched reviews for product", timestamp:"2025-01-03T07:36:17.875Z"}
{level:"info", message:"Token verified successfully", timestamp:"2025-01-03T07:38:04.421Z"}
{level:"info", message:"Fetched single product", timestamp:"2025-01-03T07:38:04.505Z"}
{level:"info", message:"Fetched reviews for product", timestamp:"2025-01-03T07:38:04.589Z"}
{level:"warn", message:"Token verification failed", timestamp:"2025-01-03T07:38:22.414Z"}
{level:"warn", message:"Token verification failed", timestamp:"2025-01-03T07:38:22.431Z"}
{level:"info", message:"User logged in successfully", timestamp:"2025-01-03T07:38:26.367Z"}
{level:"info", message:"Token verified successfully", timestamp:"2025-01-03T07:40:28.580Z"}
{level:"info", message:"Fetched single product", timestamp:"2025-01-03T07:40:28.842Z"}
{level:"info", message:"Fetched reviews for product", timestamp:"2025-01-03T07:40:28.861Z"}
{level:"info", message:"Token verified successfully", timestamp:"2025-01-03T07:40:30.495Z"}
{level:"info", message:"Token verified successfully", timestamp:"2025-01-03T07:40:30.534Z"}
{level:"info", message:"Token verified successfully", timestamp:"2025-01-03T07:48:47.109Z"}
{level:"info", message:"Fetched single product", timestamp:"2025-01-03T07:48:47.494Z"}
{level:"info", message:"Fetched reviews for product", timestamp:"2025-01-03T07:48:47.528Z"}
{level:"info", message:"Token verified successfully", timestamp:"2025-01-03T07:49:14.094Z"}
{level:"info", message:"Fetched single product", timestamp:"2025-01-03T07:49:14.214Z"}
{level:"info", message:"Fetched reviews for product", timestamp:"2025-01-03T07:49:14.253Z"}
{level:"info", message:"Token verified successfully", timestamp:"2025-01-03T07:49:27.225Z"}
{level:"info", message:"Fetched single product", timestamp:"2025-01-03T07:49:27.558Z"}
{level:"info", message:"Fetched reviews for product", timestamp:"2025-01-03T07:49:27.828Z"}
{level:"info", message:"Token verified successfully", timestamp:"2025-01-03T07:51:35.519Z"}
{level:"info", message:"Fetched single product", timestamp:"2025-01-03T07:51:35.712Z"}
{level:"info", message:"Fetched reviews for product", timestamp:"2025-01-03T07:51:35.740Z"}
{level:"info", message:"Token verified successfully", timestamp:"2025-01-03T07:55:16.469Z"}
{level:"info", message:"Fetched single product", timestamp:"2025-01-03T07:55:16.761Z"}
{level:"info", message:"Fetched reviews for product", timestamp:"2025-01-03T07:55:16.931Z"}
{level:"info", message:"Token verified successfully", timestamp:"2025-01-03T07:55:41.543Z"}
{level:"info", message:"Fetched single product", timestamp:"2025-01-03T07:55:41.634Z"}
{level:"info", message:"Fetched reviews for product", timestamp:"2025-01-03T07:55:41.738Z"}
{level:"info", message:"Token verified successfully", timestamp:"2025-01-03T07:56:09.307Z"}
{level:"info", message:"Fetched single product", timestamp:"2025-01-03T07:56:09.397Z"}
{level:"info", message:"Fetched reviews for product", timestamp:"2025-01-03T07:56:09.506Z"}
{level:"info", message:"Token verified successfully", timestamp:"2025-01-03T07:57:06.741Z"}
{level:"info", message:"Fetched single product", timestamp:"2025-01-03T07:57:06.797Z"}
{level:"info", message:"Fetched reviews for product", timestamp:"2025-01-03T07:57:06.872Z"}
{level:"warn", message:"Token verification failed", timestamp:"2025-01-03T08:54:05.069Z"}
{level:"info", message:"Fetched single product", timestamp:"2025-01-03T08:54:05.188Z"}
{level:"info", message:"Fetched reviews for product", timestamp:"2025-01-03T08:54:05.593Z"}
{level:"warn", message:"Token verification failed", timestamp:"2025-01-03T09:19:00.068Z"}
{level:"info", message:"Fetched single product", timestamp:"2025-01-03T09:19:00.528Z"}
{level:"info", message:"Fetched reviews for product", timestamp:"2025-01-03T09:19:00.612Z"}
{level:"warn", message:"Token verification failed", timestamp:"2025-01-03T09:19:24.990Z"}
{level:"info", message:"Fetched single product", timestamp:"2025-01-03T09:19:25.158Z"}
{level:"info", message:"Fetched reviews for product", timestamp:"2025-01-03T09:19:25.231Z"}
{level:"warn", message:"Token verification failed", timestamp:"2025-01-03T09:24:06.808Z"}
{level:"info", message:"Fetched single product", timestamp:"2025-01-03T09:24:07.102Z"}
{level:"info", message:"Fetched reviews for product", timestamp:"2025-01-03T09:24:07.325Z"}
{level:"info", message:"User logged in successfully", timestamp:"2025-01-03T09:24:11.675Z"}
{level:"info", message:"Token verified successfully", timestamp:"2025-01-03T09:25:44.625Z"}
{level:"info", message:"Fetched single product", timestamp:"2025-01-03T09:25:44.732Z"}
{level:"info", message:"Fetched reviews for product", timestamp:"2025-01-03T09:25:44.786Z"}
{level:"info", message:"Token verified successfully", timestamp:"2025-01-03T09:26:41.990Z"}
{level:"info", message:"Fetched single product", timestamp:"2025-01-03T09:26:42.071Z"}
{level:"info", message:"Fetched reviews for product", timestamp:"2025-01-03T09:26:42.169Z"}
{level:"info", message:"Fetched single product", timestamp:"2025-01-03T09:26:56.355Z"}
{level:"info", message:"Fetched reviews for product", timestamp:"2025-01-03T09:26:56.443Z"}
{level:"info", message:"User logged in successfully", timestamp:"2025-01-03T09:27:02.347Z"}
{level:"info", message:"Fetched single product", timestamp:"2025-01-03T09:27:02.436Z"}
{level:"info", message:"Fetched reviews for product", timestamp:"2025-01-03T09:27:02.462Z"}
{level:"info", message:"Fetched single product", timestamp:"2025-01-03T09:27:11.651Z"}
{level:"info", message:"Fetched reviews for product", timestamp:"2025-01-03T09:27:11.732Z"}
{level:"info", message:"Fetched products with pagination", timestamp:"2025-01-03T09:27:15.649Z"}
{level:"info", message:"Fetched single product", timestamp:"2025-01-03T09:27:16.831Z"}
{level:"info", message:"Fetched reviews for product", timestamp:"2025-01-03T09:27:16.862Z"}
{level:"info", message:"User logged in successfully", timestamp:"2025-01-03T09:27:20.459Z"}
{level:"info", message:"Fetched single product", timestamp:"2025-01-03T09:27:20.534Z"}
{level:"info", message:"Fetched reviews for product", timestamp:"2025-01-03T09:27:20.553Z"}
{level:"warn", message:"Token verification failed", timestamp:"2025-01-03T09:31:36.322Z"}
{level:"warn", message:"Token verification failed", timestamp:"2025-01-03T09:31:36.330Z"}
{level:"info", message:"User logged in successfully", timestamp:"2025-01-03T09:31:38.252Z"}
{level:"info", message:"Fetched products with pagination", timestamp:"2025-01-03T09:33:07.684Z"}
{level:"info", message:"Token verified successfully", timestamp:"2025-01-03T09:33:12.977Z"}
{level:"info", message:"Fetched products with pagination", timestamp:"2025-01-03T09:33:13.062Z"}
{level:"info", message:"Fetched single product", timestamp:"2025-01-03T09:33:14.563Z"}
{level:"info", message:"Fetched reviews for product", timestamp:"2025-01-03T09:33:14.606Z"}
{level:"info", message:"Fetched products with pagination", timestamp:"2025-01-03T09:33:15.878Z"}
{level:"info", message:"Fetched single product", timestamp:"2025-01-03T09:33:16.691Z"}
{level:"info", message:"Fetched reviews for product", timestamp:"2025-01-03T09:33:16.720Z"}
{level:"info", message:"Fetched products with pagination", timestamp:"2025-01-03T09:33:18.265Z"}
{level:"info", message:"Fetched single product", timestamp:"2025-01-03T09:33:19.048Z"}
{level:"info", message:"Fetched reviews for product", timestamp:"2025-01-03T09:33:19.069Z"}
{level:"info", message:"Fetched products with pagination", timestamp:"2025-01-03T09:33:20.449Z"}
{level:"info", message:"Fetched single product", timestamp:"2025-01-03T09:33:22.572Z"}
{level:"info", message:"Fetched reviews for product", timestamp:"2025-01-03T09:33:22.585Z"}
{level:"info", message:"Fetched products with pagination", timestamp:"2025-01-03T09:35:43.635Z"}
{level:"info", message:"Fetched single product", timestamp:"2025-01-03T09:35:45.482Z"}
{level:"info", message:"Fetched reviews for product", timestamp:"2025-01-03T09:35:45.502Z"}
{level:"info", message:"Token verified successfully", timestamp:"2025-01-03T09:46:51.067Z"}
{level:"info", message:"Token verified successfully", timestamp:"2025-01-03T09:46:51.152Z"}
{level:"info", message:"Token verified successfully", timestamp:"2025-01-03T09:46:52.825Z"}
{level:"info", message:"Fetched single product", timestamp:"2025-01-03T09:46:52.906Z"}
{level:"info", message:"Fetched reviews for product", timestamp:"2025-01-03T09:46:52.940Z"}
{level:"info", message:"Token verified successfully", timestamp:"2025-01-03T09:50:28.896Z"}
{level:"info", message:"Fetched single product", timestamp:"2025-01-03T09:50:29.017Z"}
{level:"info", message:"Fetched reviews for product", timestamp:"2025-01-03T09:50:29.251Z"}
{level:"info", message:"Token verified successfully", timestamp:"2025-01-03T09:51:20.013Z"}
{level:"info", message:"Fetched single product", timestamp:"2025-01-03T09:51:20.114Z"}
{level:"info", message:"Fetched reviews for product", timestamp:"2025-01-03T09:51:20.232Z"}
{level:"info", message:"Token verified successfully", timestamp:"2025-01-03T09:51:38.676Z"}
{level:"info", message:"Fetched single product", timestamp:"2025-01-03T09:51:38.973Z"}
{level:"info", message:"Fetched reviews for product", timestamp:"2025-01-03T09:51:39.041Z"}
{level:"info", message:"Token verified successfully", timestamp:"2025-01-03T09:51:58.390Z"}
{level:"info", message:"Fetched single product", timestamp:"2025-01-03T09:51:58.891Z"}
{level:"info", message:"Fetched reviews for product", timestamp:"2025-01-03T09:51:59.023Z"}
{level:"info", message:"Token verified successfully", timestamp:"2025-01-03T09:57:56.098Z"}
{level:"info", message:"Fetched single product", timestamp:"2025-01-03T09:57:56.207Z"}
{level:"info", message:"Fetched reviews for product", timestamp:"2025-01-03T09:57:56.308Z"}
{level:"info", message:"Token verified successfully", timestamp:"2025-01-03T09:58:01.375Z"}
{level:"info", message:"Fetched single product", timestamp:"2025-01-03T09:58:01.624Z"}
{level:"info", message:"Fetched reviews for product", timestamp:"2025-01-03T09:58:01.665Z"}
{level:"info", message:"Token verified successfully", timestamp:"2025-01-03T09:58:38.123Z"}
{level:"info", message:"Fetched single product", timestamp:"2025-01-03T09:58:38.230Z"}
{level:"info", message:"Fetched reviews for product", timestamp:"2025-01-03T09:58:38.278Z"}
{level:"info", message:"Token verified successfully", timestamp:"2025-01-03T09:58:42.352Z"}
{level:"info", message:"Fetched single product", timestamp:"2025-01-03T09:58:42.452Z"}
{level:"info", message:"Fetched reviews for product", timestamp:"2025-01-03T09:58:42.511Z"}
{level:"info", message:"Token verified successfully", timestamp:"2025-01-03T09:59:01.616Z"}
{level:"info", message:"Fetched single product", timestamp:"2025-01-03T09:59:01.872Z"}
{level:"info", message:"Fetched reviews for product", timestamp:"2025-01-03T09:59:01.988Z"}
{level:"info", message:"Token verified successfully", timestamp:"2025-01-03T09:59:03.501Z"}
{level:"info", message:"Fetched single product", timestamp:"2025-01-03T09:59:03.699Z"}
{level:"info", message:"Fetched reviews for product", timestamp:"2025-01-03T09:59:03.859Z"}
{level:"info", message:"Token verified successfully", timestamp:"2025-01-03T10:01:00.793Z"}
{level:"info", message:"Fetched single product", timestamp:"2025-01-03T10:01:00.844Z"}
{level:"info", message:"Fetched reviews for product", timestamp:"2025-01-03T10:01:00.878Z"}
{level:"info", message:"Token verified successfully", timestamp:"2025-01-03T10:01:05.433Z"}
{level:"info", message:"Fetched single product", timestamp:"2025-01-03T10:01:05.675Z"}
{level:"info", message:"Fetched reviews for product", timestamp:"2025-01-03T10:01:05.737Z"}
{level:"info", message:"Token verified successfully", timestamp:"2025-01-03T10:01:17.580Z"}
{level:"info", message:"Fetched single product", timestamp:"2025-01-03T10:01:17.691Z"}
{level:"info", message:"Fetched reviews for product", timestamp:"2025-01-03T10:01:17.762Z"}
{level:"info", message:"Token verified successfully", timestamp:"2025-01-03T10:01:32.137Z"}
{level:"info", message:"Token verified successfully", timestamp:"2025-01-03T10:01:32.157Z"}
{level:"info", message:"Token verified successfully", timestamp:"2025-01-03T10:01:58.083Z"}
{level:"info", message:"Fetched single product", timestamp:"2025-01-03T10:01:58.198Z"}
{level:"info", message:"Fetched reviews for product", timestamp:"2025-01-03T10:01:58.271Z"}
{level:"info", message:"Fetched products with pagination", timestamp:"2025-01-03T10:02:11.270Z"}
{level:"info", message:"Fetched single product", timestamp:"2025-01-03T10:02:12.332Z"}
{level:"info", message:"Fetched reviews for product", timestamp:"2025-01-03T10:02:12.373Z"}
{level:"info", message:"Token verified successfully", timestamp:"2025-01-03T10:02:25.893Z"}
{level:"info", message:"Fetched single product", timestamp:"2025-01-03T10:02:26.015Z"}
{level:"info", message:"Fetched reviews for product", timestamp:"2025-01-03T10:02:26.296Z"}
{level:"info", message:"Token verified successfully", timestamp:"2025-01-03T10:03:05.282Z"}
{level:"info", message:"Fetched single product", timestamp:"2025-01-03T10:03:05.433Z"}
{level:"info", message:"Fetched reviews for product", timestamp:"2025-01-03T10:03:05.478Z"}
{level:"info", message:"Token verified successfully", timestamp:"2025-01-03T10:03:52.075Z"}
{level:"info", message:"Fetched single product", timestamp:"2025-01-03T10:03:52.438Z"}
{level:"info", message:"Fetched reviews for product", timestamp:"2025-01-03T10:03:52.501Z"}
{level:"info", message:"Token verified successfully", timestamp:"2025-01-03T10:04:25.679Z"}
{level:"info", message:"Fetched single product", timestamp:"2025-01-03T10:04:26.108Z"}
{level:"info", message:"Fetched reviews for product", timestamp:"2025-01-03T10:04:26.664Z"}
{level:"info", message:"Token verified successfully", timestamp:"2025-01-03T10:04:28.624Z"}
{level:"info", message:"Fetched single product", timestamp:"2025-01-03T10:04:28.724Z"}
{level:"info", message:"Fetched reviews for product", timestamp:"2025-01-03T10:04:28.838Z"}
{level:"info", message:"Token verified successfully", timestamp:"2025-01-03T10:04:53.596Z"}
{level:"info", message:"Fetched single product", timestamp:"2025-01-03T10:04:53.770Z"}
{level:"info", message:"Fetched reviews for product", timestamp:"2025-01-03T10:04:53.854Z"}
{level:"info", message:"Token verified successfully", timestamp:"2025-01-03T10:05:55.076Z"}
{level:"info", message:"Fetched single product", timestamp:"2025-01-03T10:05:55.123Z"}
{level:"info", message:"Fetched reviews for product", timestamp:"2025-01-03T10:05:55.152Z"}
{level:"info", message:"Token verified successfully", timestamp:"2025-01-03T10:05:59.881Z"}
{level:"info", message:"Fetched single product", timestamp:"2025-01-03T10:06:00.171Z"}
{level:"info", message:"Fetched reviews for product", timestamp:"2025-01-03T10:06:00.266Z"}
{level:"info", message:"Token verified successfully", timestamp:"2025-01-03T10:06:16.810Z"}
{level:"info", message:"Fetched single product", timestamp:"2025-01-03T10:06:16.920Z"}
{level:"info", message:"Fetched reviews for product", timestamp:"2025-01-03T10:06:17.065Z"}
{level:"info", message:"Token verified successfully", timestamp:"2025-01-03T10:06:21.065Z"}
{level:"info", message:"Fetched single product", timestamp:"2025-01-03T10:06:21.243Z"}
{level:"info", message:"Fetched reviews for product", timestamp:"2025-01-03T10:06:21.434Z"}
{level:"info", message:"Token verified successfully", timestamp:"2025-01-03T10:08:32.078Z"}
{level:"info", message:"Fetched single product", timestamp:"2025-01-03T10:08:32.109Z"}
{level:"info", message:"Fetched reviews for product", timestamp:"2025-01-03T10:08:32.133Z"}
{level:"info", message:"Token verified successfully", timestamp:"2025-01-03T10:08:36.627Z"}
{level:"info", message:"Fetched single product", timestamp:"2025-01-03T10:08:36.785Z"}
{level:"info", message:"Fetched reviews for product", timestamp:"2025-01-03T10:08:36.852Z"}
{level:"info", message:"Token verified successfully", timestamp:"2025-01-03T10:10:13.091Z"}
{level:"info", message:"Fetched single product", timestamp:"2025-01-03T10:10:14.209Z"}
{level:"info", message:"Fetched reviews for product", timestamp:"2025-01-03T10:10:14.906Z"}
{level:"info", message:"Token verified successfully", timestamp:"2025-01-03T10:10:18.220Z"}
{level:"info", message:"Fetched single product", timestamp:"2025-01-03T10:10:18.556Z"}
{level:"info", message:"Fetched reviews for product", timestamp:"2025-01-03T10:10:18.634Z"}
{level:"info", message:"Token verified successfully", timestamp:"2025-01-03T10:10:44.885Z"}
{level:"info", message:"Fetched single product", timestamp:"2025-01-03T10:10:44.964Z"}
{level:"info", message:"Fetched reviews for product", timestamp:"2025-01-03T10:10:45.085Z"}
{level:"info", message:"Token verified successfully", timestamp:"2025-01-03T10:10:47.437Z"}
{level:"info", message:"Fetched single product", timestamp:"2025-01-03T10:10:47.541Z"}
{level:"info", message:"Fetched reviews for product", timestamp:"2025-01-03T10:10:47.680Z"}
{level:"info", message:"Token verified successfully", timestamp:"2025-01-03T10:13:12.091Z"}
{level:"info", message:"Fetched single product", timestamp:"2025-01-03T10:13:12.144Z"}
{level:"info", message:"Fetched reviews for product", timestamp:"2025-01-03T10:13:12.176Z"}
{level:"info", message:"Token verified successfully", timestamp:"2025-01-03T10:13:15.953Z"}
{level:"info", message:"Fetched single product", timestamp:"2025-01-03T10:13:16.252Z"}
{level:"info", message:"Fetched reviews for product", timestamp:"2025-01-03T10:13:16.351Z"}
{level:"info", message:"Token verified successfully", timestamp:"2025-01-03T10:14:49.444Z"}
{level:"info", message:"Fetched single product", timestamp:"2025-01-03T10:14:49.628Z"}
{level:"info", message:"Fetched reviews for product", timestamp:"2025-01-03T10:14:49.673Z"}
{level:"info", message:"Token verified successfully", timestamp:"2025-01-03T10:15:01.631Z"}
{level:"info", message:"Fetched single product", timestamp:"2025-01-03T10:15:01.786Z"}
{level:"info", message:"Fetched reviews for product", timestamp:"2025-01-03T10:15:01.872Z"}
{level:"info", message:"Token verified successfully", timestamp:"2025-01-03T10:15:23.959Z"}
{level:"info", message:"Fetched single product", timestamp:"2025-01-03T10:15:24.061Z"}
{level:"info", message:"Fetched reviews for product", timestamp:"2025-01-03T10:15:24.161Z"}
{level:"info", message:"Token verified successfully", timestamp:"2025-01-03T10:18:57.085Z"}
{level:"info", message:"Fetched single product", timestamp:"2025-01-03T10:18:57.138Z"}
{level:"info", message:"Fetched reviews for product", timestamp:"2025-01-03T10:18:57.178Z"}
{level:"info", message:"Token verified successfully", timestamp:"2025-01-03T10:19:02.648Z"}
{level:"info", message:"Fetched single product", timestamp:"2025-01-03T10:19:02.882Z"}
{level:"info", message:"Fetched reviews for product", timestamp:"2025-01-03T10:19:02.978Z"}
{level:"info", message:"Token verified successfully", timestamp:"2025-01-03T10:19:53.954Z"}
{level:"info", message:"Fetched single product", timestamp:"2025-01-03T10:19:54.062Z"}
{level:"info", message:"Fetched reviews for product", timestamp:"2025-01-03T10:19:54.151Z"}
{level:"info", message:"Token verified successfully", timestamp:"2025-01-03T10:20:28.907Z"}
{level:"info", message:"Fetched single product", timestamp:"2025-01-03T10:20:29.298Z"}
{level:"info", message:"Fetched reviews for product", timestamp:"2025-01-03T10:20:29.370Z"}
{level:"info", message:"Token verified successfully", timestamp:"2025-01-03T10:22:06.159Z"}
{level:"info", message:"Fetched single product", timestamp:"2025-01-03T10:22:06.216Z"}
{level:"info", message:"Fetched reviews for product", timestamp:"2025-01-03T10:22:06.313Z"}
{level:"info", message:"Token verified successfully", timestamp:"2025-01-03T10:22:09.824Z"}
{level:"info", message:"Fetched single product", timestamp:"2025-01-03T10:22:09.915Z"}
{level:"info", message:"Fetched reviews for product", timestamp:"2025-01-03T10:22:09.999Z"}
{level:"warn", message:"Token verification failed", timestamp:"2025-01-03T10:33:18.273Z"}
{level:"warn", message:"Token verification failed", timestamp:"2025-01-03T10:33:22.740Z"}
{level:"warn", message:"Token verification failed", timestamp:"2025-01-03T10:33:22.753Z"}
{level:"info", message:"User logged in successfully", timestamp:"2025-01-03T10:33:24.390Z"}
{level:"info", message:"Token verified successfully", timestamp:"2025-01-03T10:33:45.436Z"}
{level:"info", message:"Token verified successfully", timestamp:"2025-01-03T10:33:45.491Z"}
{level:"warn", message:"Token verification failed", timestamp:"2025-01-03T10:33:57.887Z"}
{level:"info", message:"Fetched single product", timestamp:"2025-01-03T10:33:57.982Z"}
{level:"info", message:"Fetched reviews for product", timestamp:"2025-01-03T10:33:58.175Z"}
{level:"info", message:"User logged in successfully", timestamp:"2025-01-03T10:34:01.439Z"}
{level:"info", message:"Fetched single product", timestamp:"2025-01-03T10:34:01.510Z"}
{level:"info", message:"Fetched reviews for product", timestamp:"2025-01-03T10:34:01.592Z"}
{level:"info", message:"Token verified successfully", timestamp:"2025-01-03T10:35:25.799Z"}
{level:"info", message:"Token verified successfully", timestamp:"2025-01-03T10:35:25.911Z"}
{level:"info", message:"Token verified successfully", timestamp:"2025-01-03T10:36:26.756Z"}
{level:"info", message:"Token verified successfully", timestamp:"2025-01-03T10:36:26.887Z"}
{level:"info", message:"Token verified successfully", timestamp:"2025-01-03T10:36:45.363Z"}
{level:"info", message:"Token verified successfully", timestamp:"2025-01-03T10:36:45.484Z"}
{level:"info", message:"Token verified successfully", timestamp:"2025-01-03T10:37:26.482Z"}
{level:"info", message:"Token verified successfully", timestamp:"2025-01-03T10:37:26.529Z"}
{level:"info", message:"Token verified successfully", timestamp:"2025-01-03T10:37:47.523Z"}
{level:"info", message:"Token verified successfully", timestamp:"2025-01-03T10:37:47.616Z"}
{level:"info", message:"Token verified successfully", timestamp:"2025-01-03T10:39:22.153Z"}
{level:"info", message:"Token verified successfully", timestamp:"2025-01-03T10:39:22.209Z"}
{level:"info", message:"Token verified successfully", timestamp:"2025-01-03T10:39:56.790Z"}
{level:"info", message:"Token verified successfully", timestamp:"2025-01-03T10:39:56.823Z"}
{level:"info", message:"Token verified successfully", timestamp:"2025-01-03T10:42:18.657Z"}
{level:"info", message:"Token verified successfully", timestamp:"2025-01-03T10:42:18.739Z"}
{level:"info", message:"Token verified successfully", timestamp:"2025-01-03T10:42:49.758Z"}
{level:"info", message:"Token verified successfully", timestamp:"2025-01-03T10:42:49.812Z"}
{level:"info", message:"Token verified successfully", timestamp:"2025-01-03T10:45:51.338Z"}
{level:"info", message:"Fetched single product", timestamp:"2025-01-03T10:45:51.538Z"}
{level:"info", message:"Fetched reviews for product", timestamp:"2025-01-03T10:45:51.882Z"}
{level:"info", message:"Token verified successfully", timestamp:"2025-01-03T10:45:56.338Z"}
{level:"info", message:"Token verified successfully", timestamp:"2025-01-03T10:45:56.358Z"}
{level:"info", message:"Token verified successfully", timestamp:"2025-01-03T10:46:06.973Z"}
{level:"info", message:"Token verified successfully", timestamp:"2025-01-03T10:46:06.995Z"}
{level:"info", message:"Token verified successfully", timestamp:"2025-01-03T10:48:51.910Z"}
{level:"info", message:"Token verified successfully", timestamp:"2025-01-03T10:48:51.968Z"}
{level:"info", message:"Token verified successfully", timestamp:"2025-01-03T10:49:55.037Z"}
{level:"info", message:"Token verified successfully", timestamp:"2025-01-03T10:49:55.120Z"}
{level:"info", message:"Token verified successfully", timestamp:"2025-01-03T10:50:38.089Z"}
{level:"info", message:"Token verified successfully", timestamp:"2025-01-03T10:50:38.115Z"}
{level:"info", message:"Token verified successfully", timestamp:"2025-01-03T10:51:36.322Z"}
{level:"info", message:"Token verified successfully", timestamp:"2025-01-03T10:51:36.369Z"}
{level:"info", message:"Token verified successfully", timestamp:"2025-01-03T10:52:11.325Z"}
{level:"info", message:"Fetched single product", timestamp:"2025-01-03T10:52:11.406Z"}
{level:"info", message:"Fetched reviews for product", timestamp:"2025-01-03T10:52:11.493Z"}
{level:"info", message:"Token verified successfully", timestamp:"2025-01-03T10:52:32.773Z"}
{level:"info", message:"Fetched single product", timestamp:"2025-01-03T10:52:33.163Z"}
{level:"info", message:"Fetched reviews for product", timestamp:"2025-01-03T10:52:33.300Z"}
{level:"info", message:"Fetched products with pagination", timestamp:"2025-01-03T10:52:47.097Z"}
{level:"info", message:"Fetched products with pagination", timestamp:"2025-01-03T10:52:50.314Z"}
{level:"info", message:"Fetched single product", timestamp:"2025-01-03T10:52:52.612Z"}
{level:"info", message:"Fetched reviews for product", timestamp:"2025-01-03T10:52:52.682Z"}
{level:"info", message:"Fetched single product", timestamp:"2025-01-03T10:55:10.975Z"}
{level:"info", message:"Fetched reviews for product", timestamp:"2025-01-03T10:55:11.588Z"}
{level:"info", message:"Token verified successfully", timestamp:"2025-01-03T10:55:13.079Z"}
{level:"info", message:"Fetched single product", timestamp:"2025-01-03T10:55:13.217Z"}
{level:"info", message:"Fetched reviews for product", timestamp:"2025-01-03T10:55:13.312Z"}
{level:"info", message:"Token verified successfully", timestamp:"2025-01-03T10:55:16.051Z"}
{level:"info", message:"Token verified successfully", timestamp:"2025-01-03T10:55:16.069Z"}
{level:"info", message:"Token verified successfully", timestamp:"2025-01-03T10:55:35.962Z"}
{level:"info", message:"Fetched single product", timestamp:"2025-01-03T10:55:36.148Z"}
{level:"info", message:"Fetched reviews for product", timestamp:"2025-01-03T10:55:36.220Z"}
{level:"info", message:"Token verified successfully", timestamp:"2025-01-03T10:55:55.693Z"}
{level:"info", message:"Token verified successfully", timestamp:"2025-01-03T10:55:55.708Z"}
{level:"info", message:"Token verified successfully", timestamp:"2025-01-03T10:56:02.940Z"}
{level:"info", message:"Token verified successfully", timestamp:"2025-01-03T10:56:02.970Z"}
{level:"info", message:"Token verified successfully", timestamp:"2025-01-03T10:56:26.889Z"}
{level:"info", message:"Token verified successfully", timestamp:"2025-01-03T10:56:26.957Z"}
{level:"info", message:"Fetched products with pagination", timestamp:"2025-01-03T10:56:35.834Z"}
{level:"info", message:"Fetched single product", timestamp:"2025-01-03T10:56:37.890Z"}
{level:"info", message:"Fetched reviews for product", timestamp:"2025-01-03T10:56:37.942Z"}
{level:"info", message:"Token verified successfully", timestamp:"2025-01-03T11:08:11.963Z"}
{level:"info", message:"Token verified successfully", timestamp:"2025-01-03T11:08:11.985Z"}
{level:"info", message:"Token verified successfully", timestamp:"2025-01-03T11:08:21.573Z"}
{level:"info", message:"Fetched single product", timestamp:"2025-01-03T11:08:21.664Z"}
{level:"info", message:"Fetched reviews for product", timestamp:"2025-01-03T11:08:21.746Z"}
{level:"info", message:"Token verified successfully", timestamp:"2025-01-03T11:12:39.382Z"}
{level:"info", message:"Token verified successfully", timestamp:"2025-01-03T11:12:39.433Z"}
{level:"info", message:"Token verified successfully", timestamp:"2025-01-03T11:13:23.470Z"}
{level:"info", message:"Token verified successfully", timestamp:"2025-01-03T11:13:23.652Z"}
{level:"info", message:"Token verified successfully", timestamp:"2025-01-03T11:16:12.927Z"}
{level:"info", message:"Token verified successfully", timestamp:"2025-01-03T11:16:13.013Z"}
{level:"info", message:"Token verified successfully", timestamp:"2025-01-03T11:19:49.986Z"}
{level:"info", message:"Fetched single product", timestamp:"2025-01-03T11:19:50.067Z"}
{level:"info", message:"Fetched reviews for product", timestamp:"2025-01-03T11:19:50.168Z"}
{level:"info", message:"Token verified successfully", timestamp:"2025-01-03T11:28:35.786Z"}
{level:"info", message:"Token verified successfully", timestamp:"2025-01-03T11:28:35.837Z"}
{level:"info", message:"User logged in successfully", timestamp:"2025-01-03T11:29:38.686Z"}
{level:"info", message:"Fetched products with pagination", timestamp:"2025-01-03T11:29:45.342Z"}
{level:"info", message:"Fetched single product", timestamp:"2025-01-03T11:29:47.461Z"}
{level:"info", message:"Fetched reviews for product", timestamp:"2025-01-03T11:29:47.531Z"}
{level:"info", message:"Token verified successfully", timestamp:"2025-01-03T11:37:45.767Z"}
{level:"info", message:"Fetched single product", timestamp:"2025-01-03T11:37:45.994Z"}
{level:"info", message:"Fetched reviews for product", timestamp:"2025-01-03T11:37:46.075Z"}
{level:"warn", message:"Token verification failed", timestamp:"2025-01-03T11:42:35.441Z"}
{level:"warn", message:"Token verification failed", timestamp:"2025-01-03T11:42:35.458Z"}
{level:"info", message:"Token verified successfully", timestamp:"2025-01-03T11:42:37.207Z"}
{level:"info", message:"Fetched single product", timestamp:"2025-01-03T11:42:37.284Z"}
{level:"info", message:"Fetched reviews for product", timestamp:"2025-01-03T11:42:37.317Z"}
{level:"info", message:"User logged in successfully", timestamp:"2025-01-03T11:42:39.449Z"}
{level:"info", message:"Token verified successfully", timestamp:"2025-01-03T11:42:43.548Z"}
{level:"info", message:"Token verified successfully", timestamp:"2025-01-03T11:42:43.594Z"}
{level:"info", message:"Token verified successfully", timestamp:"2025-01-03T11:42:50.249Z"}
{level:"info", message:"Fetched single product", timestamp:"2025-01-03T11:42:50.310Z"}
{level:"info", message:"Fetched reviews for product", timestamp:"2025-01-03T11:42:50.365Z"}
{level:"info", message:"Token verified successfully", timestamp:"2025-01-03T11:43:12.472Z"}
{level:"info", message:"Token verified successfully", timestamp:"2025-01-03T11:43:12.496Z"}
{level:"info", message:"Token verified successfully", timestamp:"2025-01-03T11:43:24.737Z"}
{level:"info", message:"Fetched single product", timestamp:"2025-01-03T11:43:24.857Z"}
{level:"info", message:"Fetched reviews for product", timestamp:"2025-01-03T11:43:24.880Z"}
{level:"info", message:"Token verified successfully", timestamp:"2025-01-03T11:46:03.199Z"}
{level:"info", message:"Fetched single product", timestamp:"2025-01-03T11:46:03.665Z"}
{level:"info", message:"Fetched reviews for product", timestamp:"2025-01-03T11:46:03.778Z"}
{level:"info", message:"Token verified successfully", timestamp:"2025-01-03T11:46:05.605Z"}
{level:"info", message:"Token verified successfully", timestamp:"2025-01-03T11:46:05.644Z"}
{level:"info", message:"Fetched products with pagination", timestamp:"2025-01-03T11:47:21.041Z"}
{level:"info", message:"Fetched single product", timestamp:"2025-01-03T11:47:21.738Z"}
{level:"info", message:"Fetched reviews for product", timestamp:"2025-01-03T11:47:21.760Z"}
{level:"info", message:"Token verified successfully", timestamp:"2025-01-03T11:47:39.706Z"}
{level:"info", message:"Token verified successfully", timestamp:"2025-01-03T11:47:39.872Z"}
{level:"info", message:"Token verified successfully", timestamp:"2025-01-03T11:48:33.824Z"}
{level:"info", message:"Token verified successfully", timestamp:"2025-01-03T11:48:33.907Z"}
{level:"info", message:"Token verified successfully", timestamp:"2025-01-03T11:50:03.494Z"}
{level:"info", message:"Fetched single product", timestamp:"2025-01-03T11:50:03.577Z"}
{level:"info", message:"Fetched reviews for product", timestamp:"2025-01-03T11:50:03.628Z"}
{level:"info", message:"Token verified successfully", timestamp:"2025-01-03T11:50:03.923Z"}
{level:"info", message:"Token verified successfully", timestamp:"2025-01-03T11:50:03.960Z"}
{level:"info", message:"Token verified successfully", timestamp:"2025-01-03T11:50:51.345Z"}
{level:"info", message:"Token verified successfully", timestamp:"2025-01-03T11:50:51.357Z"}
{level:"info", message:"User logged in successfully", timestamp:"2025-01-03T11:51:12.699Z"}
{level:"info", message:"User logged in successfully", timestamp:"2025-01-03T11:51:17.767Z"}
{level:"info", message:"Fetched products with pagination", timestamp:"2025-01-03T11:51:22.785Z"}
{level:"info", message:"Fetched single product", timestamp:"2025-01-03T11:51:24.834Z"}
{level:"info", message:"Fetched reviews for product", timestamp:"2025-01-03T11:51:24.850Z"}
{level:"info", message:"Token verified successfully", timestamp:"2025-01-03T11:51:41.770Z"}
{level:"info", message:"Token verified successfully", timestamp:"2025-01-03T11:51:46.139Z"}
{level:"info", message:"Token verified successfully", timestamp:"2025-01-03T11:51:46.151Z"}
{level:"info", message:"Token verified successfully", timestamp:"2025-01-03T11:59:41.721Z"}
{level:"info", message:"Fetched single product", timestamp:"2025-01-03T11:59:41.809Z"}
{level:"info", message:"Fetched reviews for product", timestamp:"2025-01-03T11:59:41.883Z"}
{level:"info", message:"Token verified successfully", timestamp:"2025-01-03T11:59:42.180Z"}
{level:"info", message:"Token verified successfully", timestamp:"2025-01-03T11:59:42.188Z"}
{level:"info", message:"Token verified successfully", timestamp:"2025-01-03T12:01:45.399Z"}
{level:"info", message:"Fetched single product", timestamp:"2025-01-03T12:01:45.469Z"}
{level:"info", message:"Fetched reviews for product", timestamp:"2025-01-03T12:01:45.552Z"}
{level:"info", message:"Token verified successfully", timestamp:"2025-01-03T12:02:54.308Z"}
{level:"info", message:"Fetched single product", timestamp:"2025-01-03T12:02:54.372Z"}
{level:"info", message:"Fetched reviews for product", timestamp:"2025-01-03T12:02:54.441Z"}
{level:"info", message:"Token verified successfully", timestamp:"2025-01-03T12:03:15.802Z"}
{level:"info", message:"Fetched single product", timestamp:"2025-01-03T12:03:15.873Z"}
{level:"info", message:"Fetched reviews for product", timestamp:"2025-01-03T12:03:15.944Z"}
{level:"info", message:"Token verified successfully", timestamp:"2025-01-03T12:03:49.335Z"}
{level:"info", message:"Token verified successfully", timestamp:"2025-01-03T12:03:49.354Z"}
{level:"info", message:"Token verified successfully", timestamp:"2025-01-03T12:05:04.578Z"}
{level:"info", message:"Token verified successfully", timestamp:"2025-01-03T12:05:04.701Z"}
{level:"info", message:"Token verified successfully", timestamp:"2025-01-03T12:05:09.412Z"}
{level:"info", message:"Token verified successfully", timestamp:"2025-01-03T12:05:09.444Z"}
{level:"info", message:"Token verified successfully", timestamp:"2025-01-03T12:06:19.510Z"}
{level:"info", message:"Fetched single product", timestamp:"2025-01-03T12:06:19.596Z"}
{level:"info", message:"Fetched reviews for product", timestamp:"2025-01-03T12:06:19.627Z"}
{level:"info", message:"Token verified successfully", timestamp:"2025-01-03T12:06:22.462Z"}
{level:"info", message:"Fetched single product", timestamp:"2025-01-03T12:06:22.553Z"}
{level:"info", message:"Fetched reviews for product", timestamp:"2025-01-03T12:06:22.602Z"}
{level:"info", message:"Token verified successfully", timestamp:"2025-01-03T12:34:45.593Z"}
{level:"info", message:"Fetched single product", timestamp:"2025-01-03T12:34:45.691Z"}
{level:"info", message:"Fetched reviews for product", timestamp:"2025-01-03T12:34:45.744Z"}
{level:"warn", message:"Token verification failed", timestamp:"2025-01-03T13:34:59.471Z"}
{level:"warn", message:"Token verification failed", timestamp:"2025-01-03T13:34:59.497Z"}
{level:"warn", message:"Token verification failed", timestamp:"2025-01-03T13:35:01.784Z"}
{level:"info", message:"Fetched single product", timestamp:"2025-01-03T13:35:02.009Z"}
{level:"info", message:"Fetched reviews for product", timestamp:"2025-01-03T13:35:02.065Z"}
{level:"info", message:"User logged in successfully", timestamp:"2025-01-03T13:35:53.546Z"}
{level:"info", message:"User logged in successfully", timestamp:"2025-01-03T13:35:59.169Z"}
{level:"info", message:"Fetched single product", timestamp:"2025-01-03T13:35:59.261Z"}
{level:"info", message:"Fetched reviews for product", timestamp:"2025-01-03T13:35:59.284Z"}
{level:"warn", message:"Token verification failed", timestamp:"2025-01-03T16:07:22.321Z"}
{level:"warn", message:"Token verification failed", timestamp:"2025-01-03T16:07:22.337Z"}
{level:"warn", message:"Incorrect email during login attempt", timestamp:"2025-01-03T16:07:26.906Z"}
{level:"warn", message:"Incorrect email during login attempt", timestamp:"2025-01-03T16:07:28.891Z"}
{level:"warn", message:"Token verification failed", timestamp:"2025-01-03T16:07:50.054Z"}
{level:"info", message:"User logged in successfully", timestamp:"2025-01-03T16:07:53.555Z"}
{level:"info", message:"Fetched products with pagination", timestamp:"2025-01-03T16:08:10.321Z"}
{level:"info", message:"Fetched single product", timestamp:"2025-01-03T16:08:12.372Z"}
{level:"info", message:"Fetched reviews for product", timestamp:"2025-01-03T16:08:12.586Z"}
{level:"info", message:"Token verified successfully", timestamp:"2025-01-03T16:08:37.171Z"}
{level:"info", message:"Fetched single product", timestamp:"2025-01-03T16:08:37.336Z"}
{level:"info", message:"Fetched reviews for product", timestamp:"2025-01-03T16:08:37.493Z"}
{level:"info", message:"Token verified successfully", timestamp:"2025-01-03T16:09:03.149Z"}
{level:"info", message:"Fetched single product", timestamp:"2025-01-03T16:09:03.286Z"}
{level:"info", message:"Fetched reviews for product", timestamp:"2025-01-03T16:09:03.461Z"}
{level:"info", message:"Token verified successfully", timestamp:"2025-01-03T16:11:47.940Z"}
{level:"info", message:"Fetched single product", timestamp:"2025-01-03T16:11:48.068Z"}
{level:"info", message:"Fetched reviews for product", timestamp:"2025-01-03T16:11:48.167Z"}
{level:"info", message:"Token verified successfully", timestamp:"2025-01-03T16:12:01.343Z"}
{level:"info", message:"Fetched single product", timestamp:"2025-01-03T16:12:01.408Z"}
{level:"info", message:"Fetched reviews for product", timestamp:"2025-01-03T16:12:01.561Z"}
{level:"info", message:"Token verified successfully", timestamp:"2025-01-03T16:12:10.362Z"}
{level:"info", message:"Fetched single product", timestamp:"2025-01-03T16:12:10.446Z"}
{level:"info", message:"Fetched reviews for product", timestamp:"2025-01-03T16:12:10.518Z"}
{level:"info", message:"Token verified successfully", timestamp:"2025-01-03T16:18:37.889Z"}
{level:"info", message:"Fetched single product", timestamp:"2025-01-03T16:18:37.976Z"}
{level:"info", message:"Fetched reviews for product", timestamp:"2025-01-03T16:18:38.096Z"}
{level:"info", message:"Token verified successfully", timestamp:"2025-01-03T16:19:34.583Z"}
{level:"info", message:"Fetched single product", timestamp:"2025-01-03T16:19:34.760Z"}
{level:"info", message:"Fetched reviews for product", timestamp:"2025-01-03T16:19:34.862Z"}
{level:"info", message:"Token verified successfully", timestamp:"2025-01-03T16:21:26.267Z"}
{level:"info", message:"Fetched single product", timestamp:"2025-01-03T16:21:26.489Z"}
{level:"info", message:"Fetched reviews for product", timestamp:"2025-01-03T16:21:26.646Z"}
{level:"info", message:"Token verified successfully", timestamp:"2025-01-03T16:22:25.072Z"}
{level:"info", message:"Fetched single product", timestamp:"2025-01-03T16:22:25.278Z"}
{level:"info", message:"Fetched reviews for product", timestamp:"2025-01-03T16:22:25.494Z"}
{level:"info", message:"Token verified successfully", timestamp:"2025-01-03T16:22:50.856Z"}
{level:"info", message:"Fetched single product", timestamp:"2025-01-03T16:22:51.115Z"}
{level:"info", message:"Fetched reviews for product", timestamp:"2025-01-03T16:22:51.250Z"}
{level:"info", message:"Token verified successfully", timestamp:"2025-01-03T16:25:03.868Z"}
{level:"info", message:"Fetched single product", timestamp:"2025-01-03T16:25:03.979Z"}
{level:"info", message:"Fetched reviews for product", timestamp:"2025-01-03T16:25:04.083Z"}
{level:"info", message:"Token verified successfully", timestamp:"2025-01-03T16:25:34.890Z"}
{level:"info", message:"Fetched single product", timestamp:"2025-01-03T16:25:35.090Z"}
{level:"info", message:"Fetched reviews for product", timestamp:"2025-01-03T16:25:35.247Z"}
{level:"info", message:"Token verified successfully", timestamp:"2025-01-03T16:25:56.665Z"}
{level:"info", message:"Fetched single product", timestamp:"2025-01-03T16:25:56.767Z"}
{level:"info", message:"Fetched reviews for product", timestamp:"2025-01-03T16:25:56.868Z"}
{level:"info", message:"Token verified successfully", timestamp:"2025-01-03T16:29:06.717Z"}
{level:"info", message:"Fetched single product", timestamp:"2025-01-03T16:29:07.149Z"}
{level:"info", message:"Fetched reviews for product", timestamp:"2025-01-03T16:29:07.330Z"}
{level:"info", message:"Token verified successfully", timestamp:"2025-01-03T16:31:43.772Z"}
{level:"info", message:"Fetched single product", timestamp:"2025-01-03T16:31:43.970Z"}
{level:"info", message:"Fetched reviews for product", timestamp:"2025-01-03T16:31:44.202Z"}
{level:"info", message:"Token verified successfully", timestamp:"2025-01-03T16:32:43.248Z"}
{level:"info", message:"Fetched single product", timestamp:"2025-01-03T16:32:43.731Z"}
{level:"info", message:"Fetched reviews for product", timestamp:"2025-01-03T16:32:43.758Z"}
{level:"info", message:"Token verified successfully", timestamp:"2025-01-03T16:33:33.764Z"}
{level:"info", message:"Fetched single product", timestamp:"2025-01-03T16:33:33.972Z"}
{level:"info", message:"Fetched reviews for product", timestamp:"2025-01-03T16:33:34.034Z"}
{level:"info", message:"Token verified successfully", timestamp:"2025-01-03T16:33:39.501Z"}
{level:"info", message:"Fetched single product", timestamp:"2025-01-03T16:33:39.586Z"}
{level:"info", message:"Fetched reviews for product", timestamp:"2025-01-03T16:33:39.635Z"}
{level:"info", message:"Token verified successfully", timestamp:"2025-01-03T16:34:01.259Z"}
{level:"info", message:"Fetched single product", timestamp:"2025-01-03T16:34:01.405Z"}
{level:"info", message:"Fetched reviews for product", timestamp:"2025-01-03T16:34:01.449Z"}
{level:"info", message:"Token verified successfully", timestamp:"2025-01-03T16:34:29.617Z"}
{level:"info", message:"Fetched single product", timestamp:"2025-01-03T16:34:29.816Z"}
{level:"info", message:"Fetched reviews for product", timestamp:"2025-01-03T16:34:29.872Z"}
{level:"info", message:"Token verified successfully", timestamp:"2025-01-03T16:35:14.444Z"}
{level:"info", message:"Fetched single product", timestamp:"2025-01-03T16:35:15.128Z"}
{level:"info", message:"Fetched reviews for product", timestamp:"2025-01-03T16:35:15.283Z"}
{level:"info", message:"Token verified successfully", timestamp:"2025-01-03T16:36:04.087Z"}
{level:"info", message:"Fetched single product", timestamp:"2025-01-03T16:36:04.385Z"}
{level:"info", message:"Fetched reviews for product", timestamp:"2025-01-03T16:36:04.455Z"}
{level:"info", message:"Token verified successfully", timestamp:"2025-01-03T16:38:24.107Z"}
{level:"info", message:"Fetched single product", timestamp:"2025-01-03T16:38:24.338Z"}
{level:"info", message:"Fetched reviews for product", timestamp:"2025-01-03T16:38:24.387Z"}
{level:"info", message:"Token verified successfully", timestamp:"2025-01-03T16:39:55.641Z"}
{level:"info", message:"Fetched single product", timestamp:"2025-01-03T16:39:55.786Z"}
{level:"info", message:"Fetched reviews for product", timestamp:"2025-01-03T16:39:55.843Z"}
{level:"info", message:"Token verified successfully", timestamp:"2025-01-03T16:42:00.285Z"}
{level:"info", message:"Fetched single product", timestamp:"2025-01-03T16:42:00.474Z"}
{level:"info", message:"Fetched reviews for product", timestamp:"2025-01-03T16:42:00.501Z"}
{level:"info", message:"Token verified successfully", timestamp:"2025-01-03T16:43:00.245Z"}
{level:"info", message:"Fetched single product", timestamp:"2025-01-03T16:43:00.402Z"}
{level:"info", message:"Fetched reviews for product", timestamp:"2025-01-03T16:43:00.513Z"}
{level:"info", message:"Token verified successfully", timestamp:"2025-01-03T16:43:57.100Z"}
{level:"info", message:"Fetched single product", timestamp:"2025-01-03T16:43:57.188Z"}
{level:"info", message:"Fetched reviews for product", timestamp:"2025-01-03T16:43:57.261Z"}
{level:"info", message:"Token verified successfully", timestamp:"2025-01-03T16:47:56.487Z"}
{level:"info", message:"Fetched single product", timestamp:"2025-01-03T16:47:56.683Z"}
{level:"info", message:"Fetched reviews for product", timestamp:"2025-01-03T16:47:56.788Z"}
{level:"info", message:"Token verified successfully", timestamp:"2025-01-03T16:49:43.327Z"}
{level:"info", message:"Fetched single product", timestamp:"2025-01-03T16:49:43.480Z"}
{level:"info", message:"Fetched reviews for product", timestamp:"2025-01-03T16:49:43.570Z"}
{level:"info", message:"Token verified successfully", timestamp:"2025-01-03T16:50:17.541Z"}
{level:"info", message:"Fetched single product", timestamp:"2025-01-03T16:50:17.667Z"}
{level:"info", message:"Fetched reviews for product", timestamp:"2025-01-03T16:50:17.774Z"}
{level:"info", message:"Token verified successfully", timestamp:"2025-01-03T16:55:33.171Z"}
{level:"info", message:"Fetched single product", timestamp:"2025-01-03T16:55:33.786Z"}
{level:"info", message:"Fetched reviews for product", timestamp:"2025-01-03T16:55:33.974Z"}
{level:"info", message:"Token verified successfully", timestamp:"2025-01-03T16:56:36.072Z"}
{level:"info", message:"Fetched single product", timestamp:"2025-01-03T16:56:36.431Z"}
{level:"info", message:"Fetched reviews for product", timestamp:"2025-01-03T16:56:36.556Z"}
{level:"info", message:"Token verified successfully", timestamp:"2025-01-03T16:59:04.252Z"}
{level:"info", message:"Fetched single product", timestamp:"2025-01-03T16:59:04.362Z"}
{level:"info", message:"Fetched reviews for product", timestamp:"2025-01-03T16:59:04.449Z"}
{level:"warn", message:"Token verification failed", timestamp:"2025-01-03T17:04:16.786Z"}
{level:"warn", message:"Token verification failed", timestamp:"2025-01-03T17:04:16.795Z"}
{level:"info", message:"User logged in successfully", timestamp:"2025-01-03T17:04:18.124Z"}
{level:"info", message:"Token verified successfully", timestamp:"2025-01-03T17:05:01.510Z"}
{level:"info", message:"Token verified successfully", timestamp:"2025-01-03T17:05:01.549Z"}
{level:"info", message:"Token verified successfully", timestamp:"2025-01-03T17:05:13.250Z"}
{level:"info", message:"Token verified successfully", timestamp:"2025-01-03T17:05:13.343Z"}
{level:"info", message:"Token verified successfully", timestamp:"2025-01-03T17:05:29.047Z"}
{level:"info", message:"Token verified successfully", timestamp:"2025-01-03T17:05:29.065Z"}
{level:"info", message:"Token verified successfully", timestamp:"2025-01-03T17:06:15.208Z"}
{level:"info", message:"Token verified successfully", timestamp:"2025-01-03T17:06:15.596Z"}
{level:"info", message:"Token verified successfully", timestamp:"2025-01-03T17:06:40.791Z"}
{level:"info", message:"Token verified successfully", timestamp:"2025-01-03T17:06:40.905Z"}
{level:"info", message:"Token verified successfully", timestamp:"2025-01-03T17:07:49.800Z"}
{level:"info", message:"Fetched single product", timestamp:"2025-01-03T17:07:50.463Z"}
{level:"info", message:"Fetched reviews for product", timestamp:"2025-01-03T17:07:50.530Z"}
{level:"warn", message:"Token verification failed", timestamp:"2025-01-03T17:09:22.063Z"}
{level:"info", message:"Fetched single product", timestamp:"2025-01-03T17:09:22.263Z"}
{level:"info", message:"Fetched reviews for product", timestamp:"2025-01-03T17:09:22.352Z"}
{level:"info", message:"Fetched single product", timestamp:"2025-01-03T17:09:36.303Z"}
{level:"info", message:"Fetched reviews for product", timestamp:"2025-01-03T17:09:36.457Z"}
{level:"info", message:"Token verified successfully", timestamp:"2025-01-03T17:09:38.238Z"}
{level:"info", message:"Token verified successfully", timestamp:"2025-01-03T17:09:38.293Z"}
{level:"info", message:"Token verified successfully", timestamp:"2025-01-03T17:09:47.722Z"}
{level:"info", message:"Token verified successfully", timestamp:"2025-01-03T17:09:47.766Z"}
{level:"info", message:"Token verified successfully", timestamp:"2025-01-03T17:10:03.465Z"}
{level:"info", message:"Token verified successfully", timestamp:"2025-01-03T17:10:03.522Z"}
{level:"info", message:"Token verified successfully", timestamp:"2025-01-03T17:10:18.167Z"}
{level:"info", message:"Token verified successfully", timestamp:"2025-01-03T17:10:18.271Z"}
{level:"info", message:"Token verified successfully", timestamp:"2025-01-03T17:10:27.312Z"}
{level:"info", message:"Token verified successfully", timestamp:"2025-01-03T17:10:27.354Z"}
{level:"info", message:"Token verified successfully", timestamp:"2025-01-03T17:11:48.006Z"}
{level:"info", message:"Token verified successfully", timestamp:"2025-01-03T17:11:48.029Z"}
{level:"info", message:"Token verified successfully", timestamp:"2025-01-03T17:12:07.277Z"}
{level:"info", message:"Token verified successfully", timestamp:"2025-01-03T17:12:07.490Z"}
{level:"info", message:"Token verified successfully", timestamp:"2025-01-03T17:12:36.621Z"}
{level:"info", message:"Token verified successfully", timestamp:"2025-01-03T17:12:36.641Z"}
{level:"info", message:"Token verified successfully", timestamp:"2025-01-03T17:12:46.972Z"}
{level:"info", message:"Token verified successfully", timestamp:"2025-01-03T17:12:47.081Z"}
{level:"info", message:"Token verified successfully", timestamp:"2025-01-03T17:12:57.209Z"}
{level:"info", message:"Token verified successfully", timestamp:"2025-01-03T17:12:57.252Z"}
{level:"info", message:"Token verified successfully", timestamp:"2025-01-03T17:13:17.923Z"}
{level:"info", message:"Token verified successfully", timestamp:"2025-01-03T17:13:18.057Z"}
{level:"info", message:"Token verified successfully", timestamp:"2025-01-03T17:13:44.732Z"}
{level:"info", message:"Token verified successfully", timestamp:"2025-01-03T17:13:44.941Z"}
{level:"info", message:"Token verified successfully", timestamp:"2025-01-03T17:15:53.218Z"}
{level:"info", message:"Token verified successfully", timestamp:"2025-01-03T17:15:53.273Z"}
{level:"info", message:"Token verified successfully", timestamp:"2025-01-03T17:17:17.689Z"}
{level:"info", message:"Token verified successfully", timestamp:"2025-01-03T17:17:17.727Z"}
{level:"info", message:"Token verified successfully", timestamp:"2025-01-03T17:17:31.631Z"}
{level:"info", message:"Token verified successfully", timestamp:"2025-01-03T17:17:31.678Z"}
{level:"info", message:"Token verified successfully", timestamp:"2025-01-03T17:18:00.255Z"}
{level:"info", message:"Token verified successfully", timestamp:"2025-01-03T17:18:00.328Z"}
{level:"info", message:"Token verified successfully", timestamp:"2025-01-03T17:18:27.111Z"}
{level:"info", message:"Token verified successfully", timestamp:"2025-01-03T17:18:27.167Z"}
{level:"info", message:"Token verified successfully", timestamp:"2025-01-03T17:19:46.742Z"}
{level:"info", message:"Token verified successfully", timestamp:"2025-01-03T17:19:46.758Z"}
{level:"info", message:"Token verified successfully", timestamp:"2025-01-03T17:21:45.019Z"}
{level:"info", message:"Token verified successfully", timestamp:"2025-01-03T17:21:45.042Z"}
{level:"warn", message:"Token verification failed", timestamp:"2025-01-03T17:22:06.616Z"}
{level:"info", message:"Fetched single product", timestamp:"2025-01-03T17:22:06.777Z"}
{level:"info", message:"Fetched reviews for product", timestamp:"2025-01-03T17:22:07.029Z"}
{level:"info", message:"User logged in successfully", timestamp:"2025-01-03T17:22:09.653Z"}
{level:"info", message:"Fetched single product", timestamp:"2025-01-03T17:22:09.735Z"}
{level:"info", message:"Fetched reviews for product", timestamp:"2025-01-03T17:22:09.802Z"}
{level:"info", message:"Token verified successfully", timestamp:"2025-01-03T17:23:04.517Z"}
{level:"info", message:"Token verified successfully", timestamp:"2025-01-03T17:23:04.528Z"}
{level:"info", message:"Token verified successfully", timestamp:"2025-01-03T17:23:32.209Z"}
{level:"info", message:"Token verified successfully", timestamp:"2025-01-03T17:23:32.269Z"}
{level:"info", message:"Token verified successfully", timestamp:"2025-01-03T17:23:35.044Z"}
{level:"info", message:"Fetched single product", timestamp:"2025-01-03T17:23:35.313Z"}
{level:"info", message:"Fetched reviews for product", timestamp:"2025-01-03T17:23:35.352Z"}
{level:"info", message:"Token verified successfully", timestamp:"2025-01-03T17:24:22.501Z"}
{level:"info", message:"Fetched single product", timestamp:"2025-01-03T17:24:22.544Z"}
{level:"info", message:"Fetched reviews for product", timestamp:"2025-01-03T17:24:22.572Z"}
{level:"info", message:"Token verified successfully", timestamp:"2025-01-03T17:24:26.664Z"}
{level:"info", message:"Fetched single product", timestamp:"2025-01-03T17:24:26.984Z"}
{level:"info", message:"Fetched reviews for product", timestamp:"2025-01-03T17:24:27.037Z"}
{level:"info", message:"Token verified successfully", timestamp:"2025-01-03T17:24:28.566Z"}
{level:"info", message:"Token verified successfully", timestamp:"2025-01-03T17:24:28.572Z"}
{level:"info", message:"Token verified successfully", timestamp:"2025-01-03T17:31:56.091Z"}
{level:"info", message:"Review fetched successfully", timestamp:"2025-01-03T17:32:02.759Z"}
{level:"info", message:"Review fetched successfully", timestamp:"2025-01-03T17:32:03.963Z"}
{level:"info", message:"Review fetched successfully", timestamp:"2025-01-03T17:32:05.692Z"}
{level:"info", message:"Review fetched successfully", timestamp:"2025-01-03T17:32:16.965Z"}
{level:"info", message:"Review fetched successfully", timestamp:"2025-01-03T17:32:18.820Z"}
{level:"info", message:"Review fetched successfully", timestamp:"2025-01-03T17:32:19.794Z"}
{level:"info", message:"Review fetched successfully", timestamp:"2025-01-03T17:32:21.587Z"}
{level:"info", message:"Review fetched successfully", timestamp:"2025-01-03T17:32:22.496Z"}
{level:"info", message:"Fetched products with pagination", timestamp:"2025-01-03T17:32:30.194Z"}
{level:"info", message:"Fetched single product", timestamp:"2025-01-03T17:32:31.622Z"}
{level:"info", message:"Fetched reviews for product", timestamp:"2025-01-03T17:32:31.680Z"}
{level:"info", message:"Token verified successfully", timestamp:"2025-01-03T17:32:40.185Z"}
{level:"info", message:"Fetched products with pagination", timestamp:"2025-01-03T17:32:51.614Z"}
{level:"info", message:"Fetched single product", timestamp:"2025-01-03T17:32:53.268Z"}
{level:"info", message:"Fetched reviews for product", timestamp:"2025-01-03T17:32:53.291Z"}
{level:"info", message:"Fetched products with pagination", timestamp:"2025-01-03T17:32:59.104Z"}
{level:"info", message:"Fetched single product", timestamp:"2025-01-03T17:33:03.488Z"}
{level:"info", message:"Fetched reviews for product", timestamp:"2025-01-03T17:33:03.536Z"}
{level:"info", message:"Token verified successfully", timestamp:"2025-01-03T17:34:09.351Z"}
{level:"info", message:"Fetched single product", timestamp:"2025-01-03T17:34:09.461Z"}
{level:"info", message:"Fetched reviews for product", timestamp:"2025-01-03T17:34:09.534Z"}
{level:"info", message:"Token verified successfully", timestamp:"2025-01-03T17:34:39.658Z"}
{level:"info", message:"Fetched single product", timestamp:"2025-01-03T17:34:39.746Z"}
{level:"info", message:"Fetched reviews for product", timestamp:"2025-01-03T17:34:39.825Z"}
{level:"info", message:"Fetched products with pagination", timestamp:"2025-01-03T17:34:55.183Z"}
{level:"info", message:"Fetched single product", timestamp:"2025-01-03T17:34:56.024Z"}
{level:"info", message:"Fetched reviews for product", timestamp:"2025-01-03T17:34:56.059Z"}
{level:"info", message:"Fetched products with pagination", timestamp:"2025-01-03T17:35:01.055Z"}
{level:"info", message:"Fetched single product", timestamp:"2025-01-03T17:35:01.595Z"}
{level:"info", message:"Fetched reviews for product", timestamp:"2025-01-03T17:35:01.623Z"}
{level:"info", message:"Token verified successfully", timestamp:"2025-01-03T17:35:38.421Z"}
{level:"info", message:"Fetched single product", timestamp:"2025-01-03T17:35:38.524Z"}
{level:"info", message:"Fetched reviews for product", timestamp:"2025-01-03T17:35:38.679Z"}
{level:"info", message:"Token verified successfully", timestamp:"2025-01-03T17:36:32.355Z"}
{level:"info", message:"Fetched single product", timestamp:"2025-01-03T17:36:32.469Z"}
{level:"info", message:"Fetched reviews for product", timestamp:"2025-01-03T17:36:32.542Z"}
{level:"warn", message:"Token verification failed", timestamp:"2025-01-03T17:40:34.102Z"}
{level:"warn", message:"Login attempt with incorrect email", timestamp:"2025-01-03T17:41:20.768Z"}
{level:"info", message:"User logged in successfully", timestamp:"2025-01-03T17:41:29.808Z"}
{level:"info", message:"Fetched products with pagination", timestamp:"2025-01-03T17:43:06.180Z"}
{level:"info", message:"Fetched single product", timestamp:"2025-01-03T17:43:17.004Z"}
{level:"info", message:"Fetched reviews for product", timestamp:"2025-01-03T17:43:17.171Z"}
{level:"info", message:"Fetched products with pagination", timestamp:"2025-01-03T17:43:19.803Z"}
{level:"info", message:"Fetched single product", timestamp:"2025-01-03T17:43:20.895Z"}
{level:"info", message:"Fetched reviews for product", timestamp:"2025-01-03T17:43:20.974Z"}
{level:"info", message:"Token verified successfully", timestamp:"2025-01-03T17:46:01.315Z"}
{level:"info", message:"Fetched single product", timestamp:"2025-01-03T17:46:01.485Z"}
{level:"info", message:"Fetched reviews for product", timestamp:"2025-01-03T17:46:01.585Z"}
{level:"info", message:"Fetched products with pagination", timestamp:"2025-01-03T17:46:45.112Z"}
{level:"info", message:"Fetched single product", timestamp:"2025-01-03T17:46:46.631Z"}
{level:"info", message:"Fetched reviews for product", timestamp:"2025-01-03T17:46:46.721Z"}
{level:"info", message:"Fetched products with pagination", timestamp:"2025-01-03T17:48:32.617Z"}
{level:"info", message:"Fetched single product", timestamp:"2025-01-03T17:48:35.632Z"}
{level:"info", message:"Fetched reviews for product", timestamp:"2025-01-03T17:48:35.701Z"}
{level:"info", message:"Fetched products with pagination", timestamp:"2025-01-03T17:50:31.786Z"}
{level:"info", message:"Fetched single product", timestamp:"2025-01-03T17:50:33.055Z"}
{level:"info", message:"Fetched reviews for product", timestamp:"2025-01-03T17:50:33.107Z"}
{level:"info", message:"Token verified successfully", timestamp:"2025-01-03T17:51:15.814Z"}
{level:"info", message:"Fetched single product", timestamp:"2025-01-03T17:51:15.924Z"}
{level:"info", message:"Fetched reviews for product", timestamp:"2025-01-03T17:51:16.016Z"}
{level:"info", message:"Token verified successfully", timestamp:"2025-01-03T17:51:48.699Z"}
{level:"info", message:"Fetched single product", timestamp:"2025-01-03T17:51:48.785Z"}
{level:"info", message:"Fetched reviews for product", timestamp:"2025-01-03T17:51:48.922Z"}
{level:"info", message:"Token verified successfully", timestamp:"2025-01-03T17:51:59.688Z"}
{level:"info", message:"Token verified successfully", timestamp:"2025-01-03T17:51:59.698Z"}
{level:"info", message:"Token verified successfully", timestamp:"2025-01-03T17:52:11.182Z"}
{level:"info", message:"Token verified successfully", timestamp:"2025-01-03T17:52:11.195Z"}
{level:"info", message:"Token verified successfully", timestamp:"2025-01-03T17:54:51.064Z"}
{level:"info", message:"Token verified successfully", timestamp:"2025-01-03T17:54:51.093Z"}
{level:"info", message:"Token verified successfully", timestamp:"2025-01-03T17:55:00.992Z"}
{level:"info", message:"Fetched single product", timestamp:"2025-01-03T17:55:01.087Z"}
{level:"info", message:"Fetched reviews for product", timestamp:"2025-01-03T17:55:01.164Z"}
{level:"info", message:"Token verified successfully", timestamp:"2025-01-03T17:55:46.652Z"}
{level:"info", message:"Fetched single product", timestamp:"2025-01-03T17:55:46.880Z"}
{level:"info", message:"Fetched reviews for product", timestamp:"2025-01-03T17:55:46.944Z"}
{level:"info", message:"Token verified successfully", timestamp:"2025-01-03T17:56:50.039Z"}
{level:"info", message:"Fetched single product", timestamp:"2025-01-03T17:56:50.123Z"}
{level:"info", message:"Fetched reviews for product", timestamp:"2025-01-03T17:56:50.260Z"}
{level:"info", message:"Token verified successfully", timestamp:"2025-01-03T17:57:34.715Z"}
{level:"info", message:"Fetched single product", timestamp:"2025-01-03T17:57:34.805Z"}
{level:"info", message:"Fetched reviews for product", timestamp:"2025-01-03T17:57:34.882Z"}
