{level:"info", message:"Token verified successfully", timestamp:"2025-01-30T08:42:06.387Z"}
{level:"info", message:"Token verified successfully", timestamp:"2025-01-30T08:45:48.446Z"}
{level:"warn", message:"Authorization header is missing", timestamp:"2025-01-30T08:53:53.911Z"}
{level:"warn", message:"Token verification failed", timestamp:"2025-01-30T08:54:52.891Z"}
{level:"info", message:"Token verified successfully", timestamp:"2025-01-30T08:55:03.088Z"}
{level:"warn", message:"Token verification failed", timestamp:"2025-01-30T08:55:03.288Z"}
{level:"warn", message:"Token verification failed", timestamp:"2025-01-30T08:55:25.429Z"}
{level:"info", message:"User logged in successfully", timestamp:"2025-01-30T08:55:27.936Z"}
{level:"info", message:"Token verified successfully", timestamp:"2025-01-30T08:55:35.931Z"}
{level:"info", message:"Token verified successfully", timestamp:"2025-01-30T08:56:10.535Z"}
{level:"info", message:"Token verified successfully", timestamp:"2025-01-30T08:56:34.030Z"}
{level:"warn", message:"Token verification failed", timestamp:"2025-01-30T08:56:34.950Z"}
{level:"info", message:"Token verified successfully", timestamp:"2025-01-30T08:56:37.709Z"}
{level:"warn", message:"Token verification failed", timestamp:"2025-01-30T08:56:37.826Z"}
{level:"info", message:"Token verified successfully", timestamp:"2025-01-30T08:56:53.891Z"}
{level:"info", message:"Token verified successfully", timestamp:"2025-01-30T08:56:57.486Z"}
{level:"info", message:"Token verified successfully", timestamp:"2025-01-30T08:56:57.636Z"}
{level:"info", message:"Token verified successfully", timestamp:"2025-01-30T08:57:21.916Z"}
{level:"info", message:"Token verified successfully", timestamp:"2025-01-30T08:58:53.220Z"}
{level:"info", message:"Token verified successfully", timestamp:"2025-01-30T09:01:18.949Z"}
{level:"info", message:"Token verified successfully", timestamp:"2025-01-30T09:01:22.103Z"}
{level:"info", message:"Token verified successfully", timestamp:"2025-01-30T09:01:22.223Z"}
{level:"info", message:"Token verified successfully", timestamp:"2025-01-30T09:02:12.218Z"}
{level:"info", message:"Token verified successfully", timestamp:"2025-01-30T09:04:29.902Z"}
{level:"info", message:"Token verified successfully", timestamp:"2025-01-30T09:04:43.748Z"}
{level:"warn", message:"Token verification failed", timestamp:"2025-01-30T09:06:05.488Z"}
{level:"warn", message:"Token verification failed", timestamp:"2025-01-30T09:06:21.581Z"}
{level:"info", message:"Token verified successfully", timestamp:"2025-01-30T09:06:25.232Z"}
{level:"warn", message:"Token verification failed", timestamp:"2025-01-30T09:06:25.341Z"}
{level:"info", message:"Token verified successfully", timestamp:"2025-01-30T09:06:44.575Z"}
{level:"info", message:"Token verified successfully", timestamp:"2025-01-30T09:06:47.218Z"}
{level:"info", message:"Token verified successfully", timestamp:"2025-01-30T09:06:47.635Z"}
{level:"info", message:"Token verified successfully", timestamp:"2025-01-30T09:06:49.634Z"}
{level:"info", message:"Token verified successfully", timestamp:"2025-01-30T09:10:04.957Z"}
{level:"info", message:"Token verified successfully", timestamp:"2025-01-30T09:10:38.877Z"}
{level:"info", message:"Token verified successfully", timestamp:"2025-01-30T09:10:38.939Z"}
{level:"info", message:"Token verified successfully", timestamp:"2025-01-30T09:10:43.101Z"}
{level:"info", message:"Token verified successfully", timestamp:"2025-01-30T09:10:43.186Z"}
{level:"info", message:"Token verified successfully", timestamp:"2025-01-30T09:10:44.915Z"}
{level:"info", message:"Token verified successfully", timestamp:"2025-01-30T09:11:08.563Z"}
{level:"info", message:"Token verified successfully", timestamp:"2025-01-30T09:11:08.618Z"}
{level:"info", message:"Token verified successfully", timestamp:"2025-01-30T09:11:10.416Z"}
{level:"info", message:"Token verified successfully", timestamp:"2025-01-30T09:11:37.025Z"}
{level:"info", message:"Token verified successfully", timestamp:"2025-01-30T09:11:50.543Z"}
{level:"info", message:"Token verified successfully", timestamp:"2025-01-30T09:11:50.628Z"}
{level:"info", message:"Token verified successfully", timestamp:"2025-01-30T09:11:53.028Z"}
{level:"info", message:"Token verified successfully", timestamp:"2025-01-30T09:22:26.738Z"}
{level:"info", message:"Token verified successfully", timestamp:"2025-01-30T09:22:26.994Z"}
{level:"info", message:"Token verified successfully", timestamp:"2025-01-30T09:22:29.329Z"}
{level:"info", message:"Token verified successfully", timestamp:"2025-01-30T09:22:29.433Z"}
{level:"info", message:"Token verified successfully", timestamp:"2025-01-30T09:22:31.081Z"}
{level:"info", message:"Token verified successfully", timestamp:"2025-01-30T09:22:34.938Z"}
{level:"info", message:"Token verified successfully", timestamp:"2025-01-30T09:23:21.868Z"}
{level:"info", message:"Token verified successfully", timestamp:"2025-01-30T09:23:21.971Z"}
{level:"info", message:"Token verified successfully", timestamp:"2025-01-30T09:23:48.891Z"}
{level:"info", message:"Token verified successfully", timestamp:"2025-01-30T09:23:49.097Z"}
{level:"info", message:"Token verified successfully", timestamp:"2025-01-30T09:23:51.001Z"}
{level:"info", message:"Token verified successfully", timestamp:"2025-01-30T09:24:00.499Z"}
{level:"info", message:"Token verified successfully", timestamp:"2025-01-30T09:24:00.768Z"}
{level:"info", message:"Token verified successfully", timestamp:"2025-01-30T09:24:01.912Z"}
{level:"info", message:"Token verified successfully", timestamp:"2025-01-30T09:25:16.900Z"}
{level:"info", message:"Token verified successfully", timestamp:"2025-01-30T09:25:19.865Z"}
{level:"info", message:"Token verified successfully", timestamp:"2025-01-30T09:25:19.972Z"}
{level:"info", message:"Token verified successfully", timestamp:"2025-01-30T09:25:34.891Z"}
{level:"info", message:"Token verified successfully", timestamp:"2025-01-30T09:25:40.561Z"}
{level:"info", message:"Token verified successfully", timestamp:"2025-01-30T09:25:40.663Z"}
{level:"info", message:"Token verified successfully", timestamp:"2025-01-30T09:25:42.907Z"}
{level:"info", message:"Token verified successfully", timestamp:"2025-01-30T09:25:44.446Z"}
{level:"info", message:"Token verified successfully", timestamp:"2025-01-30T09:28:48.897Z"}
{level:"info", message:"Token verified successfully", timestamp:"2025-01-30T09:29:04.881Z"}
{level:"info", message:"Token verified successfully", timestamp:"2025-01-30T09:29:07.177Z"}
{level:"info", message:"Token verified successfully", timestamp:"2025-01-30T09:29:07.264Z"}
{level:"info", message:"Token verified successfully", timestamp:"2025-01-30T09:29:22.877Z"}
{level:"info", message:"Token verified successfully", timestamp:"2025-01-30T09:29:26.324Z"}
{level:"info", message:"Token verified successfully", timestamp:"2025-01-30T09:29:26.401Z"}
{level:"info", message:"Token verified successfully", timestamp:"2025-01-30T09:29:28.621Z"}
{level:"info", message:"Token verified successfully", timestamp:"2025-01-30T09:31:03.949Z"}
{level:"info", message:"Token verified successfully", timestamp:"2025-01-30T09:31:05.704Z"}
{level:"info", message:"Token verified successfully", timestamp:"2025-01-30T09:31:05.801Z"}
{level:"info", message:"Token verified successfully", timestamp:"2025-01-30T09:31:53.005Z"}
{level:"info", message:"Customer updated successfully", timestamp:"2025-01-30T09:31:53.059Z"}
{level:"info", message:"Token verified successfully", timestamp:"2025-01-30T09:31:53.102Z"}
{level:"info", message:"Token verified successfully", timestamp:"2025-01-30T09:32:34.878Z"}
{level:"info", message:"Token verified successfully", timestamp:"2025-01-30T09:32:39.837Z"}
{level:"info", message:"Token verified successfully", timestamp:"2025-01-30T09:32:39.972Z"}
{level:"info", message:"Token verified successfully", timestamp:"2025-01-30T09:33:22.319Z"}
{level:"info", message:"Token verified successfully", timestamp:"2025-01-30T09:33:30.001Z"}
{level:"info", message:"Token verified successfully", timestamp:"2025-01-30T09:33:30.220Z"}
{level:"info", message:"Token verified successfully", timestamp:"2025-01-30T09:33:45.879Z"}
{level:"info", message:"Token verified successfully", timestamp:"2025-01-30T09:34:02.422Z"}
{level:"info", message:"Token verified successfully", timestamp:"2025-01-30T09:34:06.947Z"}
{level:"info", message:"Token verified successfully", timestamp:"2025-01-30T09:34:07.101Z"}
{level:"info", message:"Token verified successfully", timestamp:"2025-01-30T09:34:28.694Z"}
{level:"info", message:"Token verified successfully", timestamp:"2025-01-30T09:34:28.863Z"}
{level:"info", message:"Token verified successfully", timestamp:"2025-01-30T09:34:37.811Z"}
{level:"info", message:"Token verified successfully", timestamp:"2025-01-30T09:34:44.918Z"}
{level:"info", message:"Token verified successfully", timestamp:"2025-01-30T09:34:56.608Z"}
{level:"info", message:"Token verified successfully", timestamp:"2025-01-30T09:35:12.888Z"}
{level:"info", message:"Token verified successfully", timestamp:"2025-01-30T09:35:15.590Z"}
{level:"info", message:"Token verified successfully", timestamp:"2025-01-30T09:35:15.731Z"}
{level:"info", message:"Token verified successfully", timestamp:"2025-01-30T09:36:17.548Z"}
{level:"info", message:"Token verified successfully", timestamp:"2025-01-30T09:36:17.645Z"}
{level:"info", message:"Token verified successfully", timestamp:"2025-01-30T09:36:39.881Z"}
{level:"info", message:"Token verified successfully", timestamp:"2025-01-30T09:36:47.853Z"}
{level:"info", message:"Token verified successfully", timestamp:"2025-01-30T09:36:47.954Z"}
{level:"info", message:"Token verified successfully", timestamp:"2025-01-30T09:37:47.440Z"}
{level:"info", message:"Token verified successfully", timestamp:"2025-01-30T09:37:47.505Z"}
{level:"info", message:"Token verified successfully", timestamp:"2025-01-30T09:39:58.894Z"}
{level:"info", message:"Token verified successfully", timestamp:"2025-01-30T09:41:23.963Z"}
{level:"info", message:"Token verified successfully", timestamp:"2025-01-30T09:41:27.915Z"}
{level:"info", message:"Token verified successfully", timestamp:"2025-01-30T09:41:28.052Z"}
{level:"info", message:"Token verified successfully", timestamp:"2025-01-30T09:42:34.318Z"}
{level:"info", message:"Customer updated successfully", timestamp:"2025-01-30T09:42:34.324Z"}
{level:"info", message:"Token verified successfully", timestamp:"2025-01-30T09:42:47.158Z"}
{level:"info", message:"Token verified successfully", timestamp:"2025-01-30T09:42:47.359Z"}
{level:"info", message:"Token verified successfully", timestamp:"2025-01-30T09:44:29.280Z"}
{level:"info", message:"Token verified successfully", timestamp:"2025-01-30T09:44:31.107Z"}
{level:"info", message:"Token verified successfully", timestamp:"2025-01-30T09:44:31.191Z"}
{level:"info", message:"Token verified successfully", timestamp:"2025-01-30T09:45:10.894Z"}
{level:"info", message:"Token verified successfully", timestamp:"2025-01-30T09:45:12.775Z"}
{level:"info", message:"Token verified successfully", timestamp:"2025-01-30T09:45:12.820Z"}
{level:"info", message:"Token verified successfully", timestamp:"2025-01-30T09:45:18.474Z"}
{level:"info", message:"Customer updated successfully", timestamp:"2025-01-30T09:45:18.478Z"}
{level:"info", message:"Token verified successfully", timestamp:"2025-01-30T09:45:21.315Z"}
{level:"info", message:"Token verified successfully", timestamp:"2025-01-30T09:45:21.400Z"}
{level:"info", message:"Token verified successfully", timestamp:"2025-01-30T09:45:32.940Z"}
{level:"info", message:"Token verified successfully", timestamp:"2025-01-30T09:45:36.855Z"}
{level:"info", message:"Token verified successfully", timestamp:"2025-01-30T09:45:36.932Z"}
{level:"info", message:"Token verified successfully", timestamp:"2025-01-30T09:45:53.892Z"}
{level:"info", message:"Token verified successfully", timestamp:"2025-01-30T09:45:55.844Z"}
{level:"info", message:"Token verified successfully", timestamp:"2025-01-30T09:45:55.889Z"}
{level:"info", message:"Token verified successfully", timestamp:"2025-01-30T09:46:01.122Z"}
{level:"info", message:"Customer updated successfully", timestamp:"2025-01-30T09:46:01.126Z"}
{level:"info", message:"Token verified successfully", timestamp:"2025-01-30T09:46:03.558Z"}
{level:"info", message:"Token verified successfully", timestamp:"2025-01-30T09:46:03.626Z"}
{level:"info", message:"Token verified successfully", timestamp:"2025-01-30T09:46:12.602Z"}
{level:"info", message:"Customer updated successfully", timestamp:"2025-01-30T09:46:12.606Z"}
{level:"info", message:"Token verified successfully", timestamp:"2025-01-30T09:46:17.446Z"}
{level:"info", message:"Customer updated successfully", timestamp:"2025-01-30T09:46:17.451Z"}
{level:"info", message:"Token verified successfully", timestamp:"2025-01-30T09:46:20.690Z"}
{level:"info", message:"Token verified successfully", timestamp:"2025-01-30T09:46:20.762Z"}
{level:"info", message:"Token verified successfully", timestamp:"2025-01-30T09:46:21.523Z"}
{level:"info", message:"Token verified successfully", timestamp:"2025-01-30T09:46:21.612Z"}
{level:"info", message:"Token verified successfully", timestamp:"2025-01-30T09:46:21.846Z"}
{level:"info", message:"Token verified successfully", timestamp:"2025-01-30T09:46:21.913Z"}
{level:"info", message:"Token verified successfully", timestamp:"2025-01-30T09:47:14.649Z"}
{level:"info", message:"Token verified successfully", timestamp:"2025-01-30T09:47:14.700Z"}
{level:"info", message:"Token verified successfully", timestamp:"2025-01-30T09:49:20.310Z"}
{level:"info", message:"Token verified successfully", timestamp:"2025-01-30T09:49:26.718Z"}
{level:"info", message:"Token verified successfully", timestamp:"2025-01-30T09:49:31.728Z"}
{level:"info", message:"Token verified successfully", timestamp:"2025-01-30T09:49:48.873Z"}
{level:"info", message:"Token verified successfully", timestamp:"2025-01-30T09:50:00.553Z"}
{level:"info", message:"Token verified successfully", timestamp:"2025-01-30T09:50:10.954Z"}
{level:"info", message:"Token verified successfully", timestamp:"2025-01-30T09:50:24.879Z"}
{level:"info", message:"Token verified successfully", timestamp:"2025-01-30T09:50:36.821Z"}
{level:"info", message:"Customer updated successfully", timestamp:"2025-01-30T09:50:36.825Z"}
{level:"info", message:"Token verified successfully", timestamp:"2025-01-30T09:50:55.931Z"}
{level:"info", message:"Token verified successfully", timestamp:"2025-01-30T09:51:09.886Z"}
{level:"info", message:"Token verified successfully", timestamp:"2025-01-30T09:51:13.877Z"}
{level:"info", message:"Token verified successfully", timestamp:"2025-01-30T09:51:19.648Z"}
{level:"info", message:"Token verified successfully", timestamp:"2025-01-30T09:51:19.704Z"}
{level:"info", message:"Token verified successfully", timestamp:"2025-01-30T09:51:32.674Z"}
{level:"info", message:"Token verified successfully", timestamp:"2025-01-30T09:51:32.754Z"}
{level:"info", message:"Token verified successfully", timestamp:"2025-01-30T09:51:39.384Z"}
{level:"info", message:"Customer updated successfully", timestamp:"2025-01-30T09:51:39.387Z"}
{level:"info", message:"Token verified successfully", timestamp:"2025-01-30T09:53:08.185Z"}
{level:"info", message:"Token verified successfully", timestamp:"2025-01-30T09:53:25.884Z"}
{level:"info", message:"Token verified successfully", timestamp:"2025-01-30T09:54:38.094Z"}
{level:"info", message:"Token verified successfully", timestamp:"2025-01-30T09:59:43.896Z"}
{level:"info", message:"Token verified successfully", timestamp:"2025-01-30T09:59:47.495Z"}
{level:"info", message:"Token verified successfully", timestamp:"2025-01-30T09:59:47.545Z"}
{level:"info", message:"Token verified successfully", timestamp:"2025-01-30T09:59:49.536Z"}
{level:"info", message:"Token verified successfully", timestamp:"2025-01-30T09:59:49.645Z"}
{level:"info", message:"Token verified successfully", timestamp:"2025-01-30T09:59:51.052Z"}
{level:"info", message:"Token verified successfully", timestamp:"2025-01-30T09:59:51.123Z"}
{level:"info", message:"Token verified successfully", timestamp:"2025-01-30T09:59:51.923Z"}
{level:"info", message:"Token verified successfully", timestamp:"2025-01-30T09:59:51.992Z"}
{level:"info", message:"Token verified successfully", timestamp:"2025-01-30T09:59:52.612Z"}
{level:"info", message:"Token verified successfully", timestamp:"2025-01-30T09:59:52.698Z"}
{level:"info", message:"Token verified successfully", timestamp:"2025-01-30T09:59:53.032Z"}
{level:"info", message:"Token verified successfully", timestamp:"2025-01-30T09:59:53.102Z"}
{level:"info", message:"Token verified successfully", timestamp:"2025-01-30T09:59:53.676Z"}
{level:"info", message:"Token verified successfully", timestamp:"2025-01-30T09:59:53.750Z"}
{level:"info", message:"Token verified successfully", timestamp:"2025-01-30T09:59:54.879Z"}
{level:"info", message:"Token verified successfully", timestamp:"2025-01-30T09:59:54.941Z"}
{level:"info", message:"Token verified successfully", timestamp:"2025-01-30T10:00:03.394Z"}
{level:"info", message:"Token verified successfully", timestamp:"2025-01-30T10:00:03.482Z"}
{level:"info", message:"Token verified successfully", timestamp:"2025-01-30T10:01:13.882Z"}
{level:"info", message:"Token verified successfully", timestamp:"2025-01-30T10:01:16.277Z"}
{level:"info", message:"Token verified successfully", timestamp:"2025-01-30T10:01:16.358Z"}
{level:"info", message:"Token verified successfully", timestamp:"2025-01-30T10:01:29.939Z"}
{level:"info", message:"Token verified successfully", timestamp:"2025-01-30T10:01:46.715Z"}
{level:"info", message:"Token verified successfully", timestamp:"2025-01-30T10:01:46.894Z"}
{level:"info", message:"Token verified successfully", timestamp:"2025-01-30T10:01:49.117Z"}
{level:"info", message:"Token verified successfully", timestamp:"2025-01-30T10:01:49.371Z"}
{level:"info", message:"Token verified successfully", timestamp:"2025-01-30T10:02:01.403Z"}
{level:"info", message:"Token verified successfully", timestamp:"2025-01-30T10:02:01.553Z"}
{level:"info", message:"Token verified successfully", timestamp:"2025-01-30T10:02:04.571Z"}
{level:"info", message:"Token verified successfully", timestamp:"2025-01-30T10:02:04.836Z"}
{level:"info", message:"Token verified successfully", timestamp:"2025-01-30T10:02:23.354Z"}
{level:"info", message:"Token verified successfully", timestamp:"2025-01-30T10:02:25.306Z"}
{level:"info", message:"Token verified successfully", timestamp:"2025-01-30T10:02:25.552Z"}
{level:"info", message:"Token verified successfully", timestamp:"2025-01-30T10:02:36.575Z"}
{level:"info", message:"Token verified successfully", timestamp:"2025-01-30T10:02:39.630Z"}
{level:"info", message:"Token verified successfully", timestamp:"2025-01-30T10:03:55.892Z"}
{level:"info", message:"Token verified successfully", timestamp:"2025-01-30T10:03:58.832Z"}
{level:"info", message:"Token verified successfully", timestamp:"2025-01-30T10:03:59.088Z"}
{level:"info", message:"Token verified successfully", timestamp:"2025-01-30T10:04:01.867Z"}
{level:"info", message:"Token verified successfully", timestamp:"2025-01-30T10:04:41.737Z"}
{level:"info", message:"Review fetched successfully", timestamp:"2025-01-30T10:04:42.355Z"}
{level:"info", message:"Token verified successfully", timestamp:"2025-01-30T10:04:47.068Z"}
{level:"info", message:"Review fetched successfully", timestamp:"2025-01-30T10:04:47.757Z"}
{level:"info", message:"Token verified successfully", timestamp:"2025-01-30T10:05:03.542Z"}
{level:"info", message:"Token verified successfully", timestamp:"2025-01-30T10:05:03.719Z"}
{level:"info", message:"Token verified successfully", timestamp:"2025-01-30T10:06:31.886Z"}
{level:"info", message:"Token verified successfully", timestamp:"2025-01-30T10:10:18.067Z"}
{level:"info", message:"Token verified successfully", timestamp:"2025-01-30T10:10:18.238Z"}
{level:"info", message:"Token verified successfully", timestamp:"2025-01-30T10:10:20.806Z"}
{level:"info", message:"Token verified successfully", timestamp:"2025-01-30T10:11:08.923Z"}
{level:"info", message:"Token verified successfully", timestamp:"2025-01-30T10:11:12.290Z"}
{level:"info", message:"Token verified successfully", timestamp:"2025-01-30T10:11:12.933Z"}
{level:"info", message:"Token verified successfully", timestamp:"2025-01-30T10:11:15.255Z"}
{level:"info", message:"Token verified successfully", timestamp:"2025-01-30T10:11:56.809Z"}
{level:"info", message:"Token verified successfully", timestamp:"2025-01-30T10:11:57.903Z"}
{level:"info", message:"Token verified successfully", timestamp:"2025-01-30T10:12:41.749Z"}
{level:"info", message:"Token verified successfully", timestamp:"2025-01-30T10:15:23.922Z"}
{level:"info", message:"Token verified successfully", timestamp:"2025-01-30T10:15:26.853Z"}
{level:"info", message:"Token verified successfully", timestamp:"2025-01-30T10:15:26.962Z"}
{level:"info", message:"Token verified successfully", timestamp:"2025-01-30T10:15:45.609Z"}
{level:"info", message:"Order created", timestamp:"2025-01-30T10:15:45.645Z"}
{level:"info", message:"Review fetched successfully", timestamp:"2025-01-30T10:15:45.855Z"}
{level:"info", message:"Token verified successfully", timestamp:"2025-01-30T10:16:18.605Z"}
{level:"info", message:"Fetched products with pagination", timestamp:"2025-01-30T10:16:23.332Z"}
{level:"info", message:"Fetched products with pagination", timestamp:"2025-01-30T10:16:26.329Z"}
{level:"info", message:"Fetched products with pagination", timestamp:"2025-01-30T10:16:30.340Z"}
{level:"info", message:"Token verified successfully", timestamp:"2025-01-30T10:16:34.647Z"}
{level:"info", message:"Token verified successfully", timestamp:"2025-01-30T10:20:18.956Z"}
{level:"info", message:"Token verified successfully", timestamp:"2025-01-30T10:20:19.055Z"}
{level:"info", message:"Token verified successfully", timestamp:"2025-01-30T10:21:27.593Z"}
{level:"info", message:"Order created", timestamp:"2025-01-30T10:21:27.672Z"}
{level:"info", message:"Review fetched successfully", timestamp:"2025-01-30T10:21:27.977Z"}
{level:"info", message:"Fetched products with pagination", timestamp:"2025-01-30T10:22:55.059Z"}
{level:"info", message:"Token verified successfully", timestamp:"2025-01-30T10:22:58.559Z"}
{level:"info", message:"Token verified successfully", timestamp:"2025-01-30T10:22:59.866Z"}
{level:"info", message:"Order created", timestamp:"2025-01-30T10:22:59.946Z"}
{level:"info", message:"Review fetched successfully", timestamp:"2025-01-30T10:23:00.198Z"}
{level:"info", message:"Fetched products with pagination", timestamp:"2025-01-30T10:23:59.261Z"}
{level:"info", message:"Token verified successfully", timestamp:"2025-01-30T10:24:03.530Z"}
{level:"info", message:"Token verified successfully", timestamp:"2025-01-30T10:24:05.537Z"}
{level:"info", message:"Order created", timestamp:"2025-01-30T10:24:05.599Z"}
{level:"info", message:"Review fetched successfully", timestamp:"2025-01-30T10:24:05.842Z"}
{level:"info", message:"Token verified successfully", timestamp:"2025-01-30T10:24:57.078Z"}
{level:"info", message:"Review fetched successfully", timestamp:"2025-01-30T10:24:57.986Z"}
{level:"info", message:"Fetched products with pagination", timestamp:"2025-01-30T10:25:18.628Z"}
{level:"info", message:"Token verified successfully", timestamp:"2025-01-30T10:25:22.499Z"}
{level:"info", message:"Token verified successfully", timestamp:"2025-01-30T10:25:25.724Z"}
{level:"info", message:"Token verified successfully", timestamp:"2025-01-30T10:27:04.700Z"}
{level:"info", message:"Token verified successfully", timestamp:"2025-01-30T10:27:04.934Z"}
{level:"info", message:"Token verified successfully", timestamp:"2025-01-30T10:27:06.910Z"}
{level:"info", message:"Token verified successfully", timestamp:"2025-01-30T10:27:11.842Z"}
{level:"info", message:"Customer updated successfully", timestamp:"2025-01-30T10:27:11.858Z"}
{level:"info", message:"Token verified successfully", timestamp:"2025-01-30T10:27:31.934Z"}
{level:"info", message:"Token verified successfully", timestamp:"2025-01-30T10:27:44.197Z"}
{level:"info", message:"Token verified successfully", timestamp:"2025-01-30T10:27:44.323Z"}
{level:"info", message:"Token verified successfully", timestamp:"2025-01-30T10:27:46.184Z"}
{level:"info", message:"Customer updated successfully", timestamp:"2025-01-30T10:27:46.193Z"}
{level:"info", message:"Token verified successfully", timestamp:"2025-01-30T10:28:03.830Z"}
{level:"info", message:"Token verified successfully", timestamp:"2025-01-30T10:28:03.976Z"}
{level:"info", message:"Token verified successfully", timestamp:"2025-01-30T10:34:50.388Z"}
{level:"info", message:"Token verified successfully", timestamp:"2025-01-30T10:34:50.677Z"}
{level:"info", message:"Token verified successfully", timestamp:"2025-01-30T10:34:54.905Z"}
{level:"warn", message:"Street is required", timestamp:"2025-01-30T10:34:55.020Z"}
{level:"info", message:"Token verified successfully", timestamp:"2025-01-30T10:35:05.628Z"}
{level:"warn", message:"Street is required", timestamp:"2025-01-30T10:35:05.633Z"}
{level:"info", message:"Token verified successfully", timestamp:"2025-01-30T10:36:24.927Z"}
{level:"warn", message:"Street is required", timestamp:"2025-01-30T10:36:24.938Z"}
{level:"info", message:"Token verified successfully", timestamp:"2025-01-30T10:36:31.303Z"}
{level:"info", message:"Token verified successfully", timestamp:"2025-01-30T10:36:31.987Z"}
{level:"info", message:"Token verified successfully", timestamp:"2025-01-30T10:36:57.501Z"}
{level:"warn", message:"Street is required", timestamp:"2025-01-30T10:36:57.507Z"}
{level:"info", message:"Token verified successfully", timestamp:"2025-01-30T10:37:28.341Z"}
{level:"warn", message:"Street is required", timestamp:"2025-01-30T10:37:28.346Z"}
{level:"info", message:"Token verified successfully", timestamp:"2025-01-30T10:37:47.293Z"}
{level:"warn", message:"Street is required", timestamp:"2025-01-30T10:37:47.299Z"}
{level:"info", message:"Token verified successfully", timestamp:"2025-01-30T10:38:08.638Z"}
{level:"warn", message:"Street is required", timestamp:"2025-01-30T10:38:08.646Z"}
{level:"info", message:"Token verified successfully", timestamp:"2025-01-30T10:38:21.261Z"}
{level:"warn", message:"Street is required", timestamp:"2025-01-30T10:38:21.266Z"}
{level:"info", message:"Token verified successfully", timestamp:"2025-01-30T10:38:32.650Z"}
{level:"warn", message:"State is required", timestamp:"2025-01-30T10:38:32.652Z"}
{level:"info", message:"Token verified successfully", timestamp:"2025-01-30T10:38:37.571Z"}
{level:"info", message:"Customer updated successfully", timestamp:"2025-01-30T10:38:37.604Z"}
{level:"info", message:"Token verified successfully", timestamp:"2025-01-30T10:38:55.940Z"}
{level:"info", message:"Token verified successfully", timestamp:"2025-01-30T10:39:13.217Z"}
{level:"info", message:"Token verified successfully", timestamp:"2025-01-30T10:39:13.414Z"}
{level:"info", message:"Token verified successfully", timestamp:"2025-01-30T10:39:16.889Z"}
{level:"info", message:"Token verified successfully", timestamp:"2025-01-30T10:39:20.667Z"}
{level:"warn", message:"Street is required", timestamp:"2025-01-30T10:39:20.668Z"}
{level:"info", message:"Token verified successfully", timestamp:"2025-01-30T10:39:52.959Z"}
{level:"info", message:"Token verified successfully", timestamp:"2025-01-30T10:39:59.745Z"}
{level:"warn", message:"Street is required", timestamp:"2025-01-30T10:39:59.746Z"}
{level:"info", message:"Token verified successfully", timestamp:"2025-01-30T10:40:33.947Z"}
{level:"info", message:"Token verified successfully", timestamp:"2025-01-30T10:40:36.470Z"}
{level:"info", message:"Token verified successfully", timestamp:"2025-01-30T10:41:10.032Z"}
{level:"info", message:"Token verified successfully", timestamp:"2025-01-30T10:41:19.055Z"}
{level:"warn", message:"State is required", timestamp:"2025-01-30T10:41:19.056Z"}
{level:"info", message:"Token verified successfully", timestamp:"2025-01-30T10:41:22.129Z"}
{level:"info", message:"Token verified successfully", timestamp:"2025-01-30T10:41:22.306Z"}
{level:"info", message:"Token verified successfully", timestamp:"2025-01-30T10:41:26.673Z"}
{level:"warn", message:"Street is required", timestamp:"2025-01-30T10:41:26.674Z"}
{level:"info", message:"Token verified successfully", timestamp:"2025-01-30T10:42:20.926Z"}
{level:"info", message:"Token verified successfully", timestamp:"2025-01-30T10:42:23.849Z"}
{level:"info", message:"Token verified successfully", timestamp:"2025-01-30T10:42:23.960Z"}
{level:"info", message:"Token verified successfully", timestamp:"2025-01-30T10:42:25.142Z"}
{level:"info", message:"Token verified successfully", timestamp:"2025-01-30T10:42:30.350Z"}
{level:"warn", message:"State is required", timestamp:"2025-01-30T10:42:30.351Z"}
{level:"info", message:"Token verified successfully", timestamp:"2025-01-30T10:42:45.401Z"}
{level:"info", message:"Token verified successfully", timestamp:"2025-01-30T10:42:48.610Z"}
{level:"info", message:"Token verified successfully", timestamp:"2025-01-30T10:42:48.872Z"}
{level:"info", message:"Token verified successfully", timestamp:"2025-01-30T10:42:50.545Z"}
{level:"info", message:"Token verified successfully", timestamp:"2025-01-30T10:43:14.318Z"}
{level:"info", message:"Token verified successfully", timestamp:"2025-01-30T10:43:14.501Z"}
{level:"info", message:"Token verified successfully", timestamp:"2025-01-30T10:44:22.962Z"}
{level:"info", message:"Token verified successfully", timestamp:"2025-01-30T10:44:25.718Z"}
{level:"info", message:"Token verified successfully", timestamp:"2025-01-30T10:44:25.961Z"}
{level:"info", message:"Token verified successfully", timestamp:"2025-01-30T10:45:10.429Z"}
{level:"info", message:"Token verified successfully", timestamp:"2025-01-30T10:45:14.002Z"}
{level:"info", message:"Token verified successfully", timestamp:"2025-01-30T10:45:14.086Z"}
{level:"info", message:"Token verified successfully", timestamp:"2025-01-30T10:45:59.132Z"}
{level:"info", message:"Token verified successfully", timestamp:"2025-01-30T10:46:01.446Z"}
{level:"info", message:"Token verified successfully", timestamp:"2025-01-30T10:46:01.665Z"}
{level:"info", message:"Token verified successfully", timestamp:"2025-01-30T10:46:34.928Z"}
{level:"info", message:"Token verified successfully", timestamp:"2025-01-30T10:46:37.396Z"}
{level:"info", message:"Token verified successfully", timestamp:"2025-01-30T10:46:38.074Z"}
{level:"info", message:"Token verified successfully", timestamp:"2025-01-30T10:46:44.944Z"}
{level:"info", message:"Customer updated successfully", timestamp:"2025-01-30T10:46:44.949Z"}
{level:"info", message:"Token verified successfully", timestamp:"2025-01-30T10:47:03.144Z"}
{level:"warn", message:"State is required", timestamp:"2025-01-30T10:47:03.145Z"}
{level:"info", message:"Token verified successfully", timestamp:"2025-01-30T10:47:07.017Z"}
{level:"info", message:"Token verified successfully", timestamp:"2025-01-30T10:47:07.105Z"}
{level:"info", message:"Token verified successfully", timestamp:"2025-01-30T10:47:19.040Z"}
{level:"info", message:"Token verified successfully", timestamp:"2025-01-30T10:47:21.044Z"}
{level:"info", message:"Token verified successfully", timestamp:"2025-01-30T10:47:21.152Z"}
{level:"info", message:"Token verified successfully", timestamp:"2025-01-30T10:49:30.928Z"}
{level:"info", message:"Token verified successfully", timestamp:"2025-01-30T10:49:33.888Z"}
{level:"info", message:"Token verified successfully", timestamp:"2025-01-30T10:49:34.435Z"}
{level:"info", message:"Token verified successfully", timestamp:"2025-01-30T10:49:40.693Z"}
{level:"info", message:"Token verified successfully", timestamp:"2025-01-30T10:49:45.957Z"}
{level:"info", message:"Token verified successfully", timestamp:"2025-01-30T10:50:08.918Z"}
{level:"info", message:"Token verified successfully", timestamp:"2025-01-30T10:50:15.621Z"}
{level:"info", message:"Token verified successfully", timestamp:"2025-01-30T10:50:15.701Z"}
{level:"info", message:"Token verified successfully", timestamp:"2025-01-30T10:50:32.717Z"}
{level:"info", message:"Token verified successfully", timestamp:"2025-01-30T10:50:32.773Z"}
{level:"info", message:"Token verified successfully", timestamp:"2025-01-30T10:50:40.133Z"}
{level:"info", message:"Customer updated successfully", timestamp:"2025-01-30T10:50:40.137Z"}
{level:"info", message:"Token verified successfully", timestamp:"2025-01-30T10:50:49.600Z"}
{level:"info", message:"Token verified successfully", timestamp:"2025-01-30T10:52:10.472Z"}
{level:"info", message:"Token verified successfully", timestamp:"2025-01-30T10:52:14.234Z"}
{level:"info", message:"Token verified successfully", timestamp:"2025-01-30T10:52:28.206Z"}
{level:"info", message:"Customer updated successfully", timestamp:"2025-01-30T10:52:28.210Z"}
{level:"info", message:"Token verified successfully", timestamp:"2025-01-30T10:52:43.101Z"}
{level:"info", message:"Token verified successfully", timestamp:"2025-01-30T10:52:51.973Z"}
{level:"info", message:"Token verified successfully", timestamp:"2025-01-30T10:53:20.701Z"}
{level:"info", message:"Token verified successfully", timestamp:"2025-01-30T10:53:20.752Z"}
{level:"info", message:"Token verified successfully", timestamp:"2025-01-30T10:53:34.100Z"}
{level:"info", message:"Customer updated successfully", timestamp:"2025-01-30T10:53:34.103Z"}
{level:"info", message:"Token verified successfully", timestamp:"2025-01-30T10:53:42.446Z"}
{level:"info", message:"Token verified successfully", timestamp:"2025-01-30T10:54:37.706Z"}
{level:"info", message:"Token verified successfully", timestamp:"2025-01-30T10:54:48.008Z"}
{level:"info", message:"Token verified successfully", timestamp:"2025-01-30T10:54:48.050Z"}
{level:"info", message:"Token verified successfully", timestamp:"2025-01-30T10:54:52.002Z"}
{level:"info", message:"Token verified successfully", timestamp:"2025-01-30T10:55:07.895Z"}
{level:"info", message:"Token verified successfully", timestamp:"2025-01-30T10:55:20.955Z"}
{level:"info", message:"Token verified successfully", timestamp:"2025-01-30T10:55:33.907Z"}
{level:"info", message:"Token verified successfully", timestamp:"2025-01-30T10:56:00.952Z"}
{level:"info", message:"Token verified successfully", timestamp:"2025-01-30T10:56:07.120Z"}
{level:"info", message:"Token verified successfully", timestamp:"2025-01-30T10:56:11.883Z"}
{level:"info", message:"Token verified successfully", timestamp:"2025-01-30T10:56:17.523Z"}
{level:"info", message:"Token verified successfully", timestamp:"2025-01-30T10:56:23.478Z"}
{level:"info", message:"Token verified successfully", timestamp:"2025-01-30T10:56:33.472Z"}
{level:"info", message:"Token verified successfully", timestamp:"2025-01-30T10:57:09.315Z"}
{level:"info", message:"Review fetched successfully", timestamp:"2025-01-30T10:57:09.517Z"}
{level:"info", message:"Token verified successfully", timestamp:"2025-01-30T10:58:41.643Z"}
{level:"info", message:"Token verified successfully", timestamp:"2025-01-30T10:58:45.907Z"}
{level:"info", message:"Token verified successfully", timestamp:"2025-01-30T10:59:17.838Z"}
{level:"info", message:"Review fetched successfully", timestamp:"2025-01-30T10:59:18.038Z"}
{level:"info", message:"Order created", timestamp:"2025-01-30T10:59:19.312Z"}
{level:"info", message:"Order created", timestamp:"2025-01-30T10:59:19.320Z"}
{level:"info", message:"Token verified successfully", timestamp:"2025-01-30T10:59:26.845Z"}
{level:"info", message:"Review fetched successfully", timestamp:"2025-01-30T10:59:27.025Z"}
{level:"info", message:"Review fetched successfully", timestamp:"2025-01-30T11:00:34.701Z"}
{level:"info", message:"Fetched products with pagination", timestamp:"2025-01-30T11:00:46.958Z"}
{level:"info", message:"Fetched single product", timestamp:"2025-01-30T11:00:48.461Z"}
{level:"info", message:"Fetched reviews for product", timestamp:"2025-01-30T11:00:48.641Z"}
{level:"info", message:"Token verified successfully", timestamp:"2025-01-30T11:00:48.651Z"}
{level:"info", message:"Token verified successfully", timestamp:"2025-01-30T11:00:48.660Z"}
{level:"info", message:"Token verified successfully", timestamp:"2025-01-30T11:01:33.381Z"}
{level:"info", message:"Token verified successfully", timestamp:"2025-01-30T11:01:33.393Z"}
{level:"info", message:"Token verified successfully", timestamp:"2025-01-30T11:01:36.227Z"}
{level:"info", message:"Token verified successfully", timestamp:"2025-01-30T11:01:36.234Z"}
{level:"info", message:"Fetched products with pagination", timestamp:"2025-01-30T11:02:29.727Z"}
{level:"info", message:"Review fetched successfully", timestamp:"2025-01-30T11:02:29.946Z"}
{level:"info", message:"Fetched products with pagination", timestamp:"2025-01-30T11:02:33.635Z"}
{level:"info", message:"Fetched products with pagination", timestamp:"2025-01-30T11:02:36.793Z"}
{level:"info", message:"Fetched single product", timestamp:"2025-01-30T11:02:39.161Z"}
{level:"info", message:"Fetched reviews for product", timestamp:"2025-01-30T11:02:39.222Z"}
{level:"info", message:"Token verified successfully", timestamp:"2025-01-30T11:02:39.232Z"}
{level:"info", message:"Token verified successfully", timestamp:"2025-01-30T11:02:39.236Z"}
{level:"info", message:"Fetched products with pagination", timestamp:"2025-01-30T11:02:49.030Z"}
{level:"info", message:"Fetched single product", timestamp:"2025-01-30T11:02:53.669Z"}
{level:"info", message:"Token verified successfully", timestamp:"2025-01-30T11:02:53.725Z"}
{level:"info", message:"Token verified successfully", timestamp:"2025-01-30T11:02:53.735Z"}
{level:"info", message:"Fetched reviews for product", timestamp:"2025-01-30T11:02:53.740Z"}
{level:"info", message:"Token verified successfully", timestamp:"2025-01-30T11:03:06.301Z"}
{level:"info", message:"Token verified successfully", timestamp:"2025-01-30T11:03:12.309Z"}
{level:"info", message:"Order created", timestamp:"2025-01-30T11:03:32.294Z"}
{level:"info", message:"Order created", timestamp:"2025-01-30T11:03:32.313Z"}
{level:"info", message:"Token verified successfully", timestamp:"2025-01-30T11:03:32.546Z"}
{level:"info", message:"Review fetched successfully", timestamp:"2025-01-30T11:03:32.775Z"}
{level:"info", message:"Token verified successfully", timestamp:"2025-01-30T11:04:09.644Z"}
{level:"info", message:"Token verified successfully", timestamp:"2025-01-30T11:04:12.954Z"}
{level:"info", message:"Order created", timestamp:"2025-01-30T11:04:12.970Z"}
{level:"info", message:"Order created", timestamp:"2025-01-30T11:04:12.974Z"}
{level:"info", message:"Review fetched successfully", timestamp:"2025-01-30T11:04:13.160Z"}
{level:"info", message:"Fetched products with pagination", timestamp:"2025-01-30T11:05:52.636Z"}
{level:"info", message:"Fetched products with pagination", timestamp:"2025-01-30T11:11:34.235Z"}
{level:"info", message:"Token verified successfully", timestamp:"2025-01-30T11:15:25.237Z"}
{level:"info", message:"Token verified successfully", timestamp:"2025-01-30T11:17:45.942Z"}
{level:"info", message:"Token verified successfully", timestamp:"2025-01-30T11:19:33.960Z"}
{level:"info", message:"Token verified successfully", timestamp:"2025-01-30T11:20:16.897Z"}
{level:"info", message:"Token verified successfully", timestamp:"2025-01-30T11:20:35.888Z"}
{level:"info", message:"Token verified successfully", timestamp:"2025-01-30T11:20:41.657Z"}
{level:"info", message:"Token verified successfully", timestamp:"2025-01-30T11:20:53.889Z"}
{level:"info", message:"Token verified successfully", timestamp:"2025-01-30T11:21:00.300Z"}
{level:"info", message:"Token verified successfully", timestamp:"2025-01-30T11:21:16.384Z"}
{level:"info", message:"Token verified successfully", timestamp:"2025-01-30T11:21:20.428Z"}
{level:"info", message:"Token verified successfully", timestamp:"2025-01-30T11:21:22.879Z"}
{level:"info", message:"Token verified successfully", timestamp:"2025-01-30T11:21:30.359Z"}
{level:"info", message:"Token verified successfully", timestamp:"2025-01-30T11:22:15.107Z"}
{level:"info", message:"Token verified successfully", timestamp:"2025-01-30T11:22:29.170Z"}
{level:"info", message:"Token verified successfully", timestamp:"2025-01-30T11:23:00.899Z"}
{level:"info", message:"Token verified successfully", timestamp:"2025-01-30T11:23:10.050Z"}
{level:"info", message:"Token verified successfully", timestamp:"2025-01-30T11:23:14.553Z"}
{level:"info", message:"Order created", timestamp:"2025-01-30T11:23:14.562Z"}
{level:"info", message:"Order created", timestamp:"2025-01-30T11:23:14.566Z"}
{level:"info", message:"Review fetched successfully", timestamp:"2025-01-30T11:23:14.821Z"}
{level:"info", message:"Fetched products with pagination", timestamp:"2025-01-30T11:23:23.268Z"}
{level:"info", message:"Review fetched successfully", timestamp:"2025-01-30T11:23:47.917Z"}
{level:"info", message:"Fetched products with pagination", timestamp:"2025-01-30T11:24:20.474Z"}
{level:"info", message:"Fetched single product", timestamp:"2025-01-30T11:24:31.525Z"}
{level:"info", message:"Fetched reviews for product", timestamp:"2025-01-30T11:24:31.628Z"}
{level:"info", message:"Token verified successfully", timestamp:"2025-01-30T11:24:31.636Z"}
{level:"info", message:"Token verified successfully", timestamp:"2025-01-30T11:24:31.640Z"}
{level:"info", message:"Review fetched successfully", timestamp:"2025-01-30T11:24:56.306Z"}
{level:"info", message:"Fetched products with pagination", timestamp:"2025-01-30T11:25:28.303Z"}
{level:"info", message:"Fetched single product", timestamp:"2025-01-30T11:25:29.959Z"}
{level:"info", message:"Fetched reviews for product", timestamp:"2025-01-30T11:25:30.029Z"}
{level:"info", message:"Token verified successfully", timestamp:"2025-01-30T11:25:30.034Z"}
{level:"info", message:"Token verified successfully", timestamp:"2025-01-30T11:25:30.041Z"}
{level:"info", message:"Token verified successfully", timestamp:"2025-01-30T11:25:36.684Z"}
{level:"info", message:"Token verified successfully", timestamp:"2025-01-30T11:26:03.426Z"}
{level:"info", message:"Token verified successfully", timestamp:"2025-01-30T11:27:12.788Z"}
{level:"info", message:"Token verified successfully", timestamp:"2025-01-30T11:27:12.826Z"}
{level:"info", message:"Token verified successfully", timestamp:"2025-01-30T11:27:18.003Z"}
{level:"info", message:"Token verified successfully", timestamp:"2025-01-30T11:27:18.074Z"}
{level:"info", message:"Token verified successfully", timestamp:"2025-01-30T11:27:58.017Z"}
{level:"info", message:"Token verified successfully", timestamp:"2025-01-30T11:27:58.091Z"}
{level:"info", message:"Token verified successfully", timestamp:"2025-01-30T11:28:01.183Z"}
{level:"info", message:"Token verified successfully", timestamp:"2025-01-30T11:28:01.254Z"}
{level:"info", message:"Token verified successfully", timestamp:"2025-01-30T11:28:16.850Z"}
{level:"info", message:"Token verified successfully", timestamp:"2025-01-30T11:28:16.888Z"}
{level:"info", message:"Token verified successfully", timestamp:"2025-01-30T11:30:56.753Z"}
{level:"info", message:"Token verified successfully", timestamp:"2025-01-30T11:34:23.126Z"}
{level:"info", message:"Token verified successfully", timestamp:"2025-01-30T11:34:30.145Z"}
{level:"info", message:"Token verified successfully", timestamp:"2025-01-30T11:36:40.491Z"}
{level:"info", message:"Fetched products with pagination", timestamp:"2025-01-30T11:36:55.038Z"}
{level:"info", message:"Fetched single product", timestamp:"2025-01-30T11:36:58.801Z"}
{level:"info", message:"Fetched reviews for product", timestamp:"2025-01-30T11:36:58.914Z"}
{level:"info", message:"Token verified successfully", timestamp:"2025-01-30T11:36:58.946Z"}
{level:"info", message:"Token verified successfully", timestamp:"2025-01-30T11:36:58.952Z"}
{level:"info", message:"Token verified successfully", timestamp:"2025-01-30T11:40:06.918Z"}
{level:"info", message:"Token verified successfully", timestamp:"2025-01-30T11:40:30.925Z"}
{level:"info", message:"Order created", timestamp:"2025-01-30T11:40:30.932Z"}
{level:"info", message:"Review fetched successfully", timestamp:"2025-01-30T11:40:31.114Z"}
{level:"info", message:"Fetched products with pagination", timestamp:"2025-01-30T11:40:44.369Z"}
{level:"info", message:"Token verified successfully", timestamp:"2025-01-30T11:40:49.824Z"}
{level:"info", message:"Token verified successfully", timestamp:"2025-01-30T11:41:08.991Z"}
{level:"info", message:"Token verified successfully", timestamp:"2025-01-30T11:41:12.459Z"}
{level:"info", message:"Token verified successfully", timestamp:"2025-01-30T11:41:53.623Z"}
{level:"info", message:"Customer updated successfully", timestamp:"2025-01-30T11:41:53.634Z"}
{level:"info", message:"Token verified successfully", timestamp:"2025-01-30T11:41:58.253Z"}
{level:"info", message:"Token verified successfully", timestamp:"2025-01-30T11:42:21.626Z"}
{level:"info", message:"Token verified successfully", timestamp:"2025-01-30T11:42:58.054Z"}
{level:"info", message:"Token verified successfully", timestamp:"2025-01-30T11:42:58.333Z"}
{level:"info", message:"Token verified successfully", timestamp:"2025-01-30T11:43:43.047Z"}
{level:"info", message:"Token verified successfully", timestamp:"2025-01-30T11:44:02.355Z"}
{level:"info", message:"Token verified successfully", timestamp:"2025-01-30T11:44:11.745Z"}
{level:"info", message:"Token verified successfully", timestamp:"2025-01-30T11:44:11.815Z"}
{level:"info", message:"Token verified successfully", timestamp:"2025-01-30T11:44:21.249Z"}
{level:"info", message:"Customer updated successfully", timestamp:"2025-01-30T11:44:21.253Z"}
{level:"info", message:"Token verified successfully", timestamp:"2025-01-30T11:44:24.787Z"}
{level:"info", message:"Order created", timestamp:"2025-01-30T11:44:24.796Z"}
{level:"info", message:"Review fetched successfully", timestamp:"2025-01-30T11:44:24.993Z"}
{level:"info", message:"Fetched products with pagination", timestamp:"2025-01-30T11:44:47.389Z"}
{level:"info", message:"Token verified successfully", timestamp:"2025-01-30T11:45:12.695Z"}
{level:"info", message:"Token verified successfully", timestamp:"2025-01-30T11:46:56.896Z"}
{level:"info", message:"Token verified successfully", timestamp:"2025-01-30T11:47:32.989Z"}
{level:"info", message:"Token verified successfully", timestamp:"2025-01-30T11:47:37.578Z"}
{level:"info", message:"Token verified successfully", timestamp:"2025-01-30T11:47:58.992Z"}
{level:"info", message:"Token verified successfully", timestamp:"2025-01-30T11:48:08.875Z"}
{level:"info", message:"Token verified successfully", timestamp:"2025-01-30T11:49:29.571Z"}
{level:"info", message:"Token verified successfully", timestamp:"2025-01-30T11:50:38.138Z"}
{level:"info", message:"Token verified successfully", timestamp:"2025-01-30T11:53:01.455Z"}
{level:"info", message:"Order created", timestamp:"2025-01-30T11:53:20.936Z"}
{level:"info", message:"Token verified successfully", timestamp:"2025-01-30T11:53:24.163Z"}
{level:"info", message:"Review fetched successfully", timestamp:"2025-01-30T11:53:24.395Z"}
{level:"info", message:"Token verified successfully", timestamp:"2025-01-30T11:54:41.765Z"}
{level:"info", message:"Review fetched successfully", timestamp:"2025-01-30T11:54:41.950Z"}
{level:"info", message:"Token verified successfully", timestamp:"2025-01-30T11:54:44.387Z"}
{level:"info", message:"Token verified successfully", timestamp:"2025-01-30T11:54:48.180Z"}
{level:"info", message:"Order created", timestamp:"2025-01-30T11:55:11.713Z"}
{level:"info", message:"Token verified successfully", timestamp:"2025-01-30T11:55:13.025Z"}
{level:"info", message:"Review fetched successfully", timestamp:"2025-01-30T11:55:13.267Z"}
{level:"info", message:"Token verified successfully", timestamp:"2025-01-30T11:56:43.259Z"}
{level:"info", message:"Token verified successfully", timestamp:"2025-01-30T11:56:46.526Z"}
{level:"info", message:"Order created", timestamp:"2025-01-30T11:57:03.239Z"}
{level:"info", message:"Token verified successfully", timestamp:"2025-01-30T11:57:10.584Z"}
{level:"info", message:"Review fetched successfully", timestamp:"2025-01-30T11:57:10.764Z"}
{level:"info", message:"Token verified successfully", timestamp:"2025-01-30T11:57:30.452Z"}
{level:"info", message:"Token verified successfully", timestamp:"2025-01-30T11:57:34.097Z"}
{level:"info", message:"Order created", timestamp:"2025-01-30T11:57:51.231Z"}
{level:"info", message:"Token verified successfully", timestamp:"2025-01-30T11:57:53.600Z"}
{level:"info", message:"Review fetched successfully", timestamp:"2025-01-30T11:57:53.866Z"}
{level:"info", message:"Token verified successfully", timestamp:"2025-01-30T11:58:33.765Z"}
{level:"info", message:"Token verified successfully", timestamp:"2025-01-30T11:58:38.703Z"}
{level:"info", message:"Order created", timestamp:"2025-01-30T11:58:56.576Z"}
{level:"info", message:"Token verified successfully", timestamp:"2025-01-30T11:58:58.357Z"}
{level:"info", message:"Review fetched successfully", timestamp:"2025-01-30T11:58:58.539Z"}
{level:"info", message:"Token verified successfully", timestamp:"2025-01-30T12:02:30.993Z"}
{level:"info", message:"Token verified successfully", timestamp:"2025-01-30T12:02:36.015Z"}
{level:"info", message:"Token verified successfully", timestamp:"2025-01-30T12:04:17.695Z"}
{level:"info", message:"Order created", timestamp:"2025-01-30T12:04:34.311Z"}
{level:"info", message:"Token verified successfully", timestamp:"2025-01-30T12:04:35.809Z"}
{level:"info", message:"Review fetched successfully", timestamp:"2025-01-30T12:04:36.113Z"}
{level:"info", message:"Token verified successfully", timestamp:"2025-01-30T12:04:55.396Z"}
{level:"info", message:"Token verified successfully", timestamp:"2025-01-30T12:04:57.483Z"}
{level:"info", message:"Order created", timestamp:"2025-01-30T12:04:57.495Z"}
{level:"info", message:"Review fetched successfully", timestamp:"2025-01-30T12:04:57.661Z"}
{level:"info", message:"Fetched products with pagination", timestamp:"2025-01-30T12:06:02.131Z"}
{level:"info", message:"Token verified successfully", timestamp:"2025-01-30T12:06:06.930Z"}
{level:"info", message:"Token verified successfully", timestamp:"2025-01-30T12:06:23.686Z"}
{level:"info", message:"Token verified successfully", timestamp:"2025-01-30T12:06:29.475Z"}
{level:"info", message:"Token verified successfully", timestamp:"2025-01-30T12:07:40.951Z"}
{level:"info", message:"Token verified successfully", timestamp:"2025-01-30T12:07:50.971Z"}
{level:"info", message:"Token verified successfully", timestamp:"2025-01-30T12:08:00.243Z"}
{level:"info", message:"Token verified successfully", timestamp:"2025-01-30T12:08:06.026Z"}
{level:"info", message:"Token verified successfully", timestamp:"2025-01-30T12:09:56.934Z"}
{level:"info", message:"Token verified successfully", timestamp:"2025-01-30T12:10:17.489Z"}
{level:"info", message:"Token verified successfully", timestamp:"2025-01-30T12:10:21.757Z"}
{level:"info", message:"Order created", timestamp:"2025-01-30T12:10:21.765Z"}
{level:"info", message:"Review fetched successfully", timestamp:"2025-01-30T12:10:21.935Z"}
{level:"info", message:"Fetched products with pagination", timestamp:"2025-01-30T12:11:30.455Z"}
{level:"info", message:"Token verified successfully", timestamp:"2025-01-30T12:11:34.290Z"}
{level:"info", message:"Token verified successfully", timestamp:"2025-01-30T12:12:02.463Z"}
{level:"info", message:"Order created", timestamp:"2025-01-30T12:12:02.481Z"}
{level:"info", message:"Review fetched successfully", timestamp:"2025-01-30T12:12:02.818Z"}
{level:"info", message:"Fetched products with pagination", timestamp:"2025-01-30T12:12:20.316Z"}
{level:"info", message:"Token verified successfully", timestamp:"2025-01-30T12:13:00.049Z"}
{level:"info", message:"Token verified successfully", timestamp:"2025-01-30T12:13:20.185Z"}
{level:"info", message:"Token verified successfully", timestamp:"2025-01-30T12:13:36.097Z"}
{level:"info", message:"Token verified successfully", timestamp:"2025-01-30T12:14:01.960Z"}
{level:"info", message:"Token verified successfully", timestamp:"2025-01-30T12:14:11.187Z"}
{level:"info", message:"Token verified successfully", timestamp:"2025-01-30T12:14:17.928Z"}
{level:"info", message:"Token verified successfully", timestamp:"2025-01-30T12:14:23.664Z"}
{level:"info", message:"Token verified successfully", timestamp:"2025-01-30T12:14:45.435Z"}
{level:"info", message:"Token verified successfully", timestamp:"2025-01-30T12:15:01.386Z"}
{level:"info", message:"Token verified successfully", timestamp:"2025-01-30T12:16:55.366Z"}
{level:"info", message:"Token verified successfully", timestamp:"2025-01-30T12:18:43.205Z"}
{level:"info", message:"Token verified successfully", timestamp:"2025-01-30T12:18:43.264Z"}
{level:"info", message:"Token verified successfully", timestamp:"2025-01-30T12:18:51.015Z"}
{level:"info", message:"Token verified successfully", timestamp:"2025-01-30T12:19:07.426Z"}
{level:"info", message:"Token verified successfully", timestamp:"2025-01-30T12:19:07.477Z"}
{level:"info", message:"Token verified successfully", timestamp:"2025-01-30T12:19:10.459Z"}
{level:"info", message:"Token verified successfully", timestamp:"2025-01-30T12:19:18.481Z"}
{level:"info", message:"Token verified successfully", timestamp:"2025-01-30T12:19:36.388Z"}
{level:"info", message:"Token verified successfully", timestamp:"2025-01-30T12:19:37.543Z"}
{level:"info", message:"Token verified successfully", timestamp:"2025-01-30T12:19:42.462Z"}
{level:"info", message:"Token verified successfully", timestamp:"2025-01-30T12:19:55.732Z"}
{level:"info", message:"Token verified successfully", timestamp:"2025-01-30T12:20:48.462Z"}
{level:"info", message:"Token verified successfully", timestamp:"2025-01-30T12:20:50.086Z"}
{level:"info", message:"Token verified successfully", timestamp:"2025-01-30T12:21:04.003Z"}
{level:"info", message:"Token verified successfully", timestamp:"2025-01-30T12:21:06.956Z"}
{level:"info", message:"Token verified successfully", timestamp:"2025-01-30T12:21:07.232Z"}
{level:"info", message:"Token verified successfully", timestamp:"2025-01-30T12:21:08.588Z"}
{level:"info", message:"Token verified successfully", timestamp:"2025-01-30T12:21:21.638Z"}
{level:"warn", message:"Country is required", timestamp:"2025-01-30T12:21:21.640Z"}
{level:"info", message:"Token verified successfully", timestamp:"2025-01-30T12:21:24.849Z"}
{level:"info", message:"Customer updated successfully", timestamp:"2025-01-30T12:21:24.862Z"}
{level:"info", message:"Token verified successfully", timestamp:"2025-01-30T12:21:27.628Z"}
{level:"info", message:"Order created", timestamp:"2025-01-30T12:21:27.667Z"}
{level:"info", message:"Review fetched successfully", timestamp:"2025-01-30T12:21:27.947Z"}
{level:"info", message:"Fetched products with pagination", timestamp:"2025-01-30T12:21:36.861Z"}
{level:"info", message:"Token verified successfully", timestamp:"2025-01-30T12:21:53.252Z"}
{level:"info", message:"Token verified successfully", timestamp:"2025-01-30T12:21:56.542Z"}
{level:"info", message:"Token verified successfully", timestamp:"2025-01-30T12:22:06.250Z"}
{level:"info", message:"Customer updated successfully", timestamp:"2025-01-30T12:22:06.255Z"}
{level:"info", message:"Token verified successfully", timestamp:"2025-01-30T12:22:08.908Z"}
{level:"info", message:"Token verified successfully", timestamp:"2025-01-30T12:24:49.518Z"}
{level:"info", message:"Token verified successfully", timestamp:"2025-01-30T12:24:49.555Z"}
{level:"info", message:"Token verified successfully", timestamp:"2025-01-30T12:24:52.629Z"}
{level:"info", message:"Token verified successfully", timestamp:"2025-01-30T12:24:52.713Z"}
{level:"info", message:"Token verified successfully", timestamp:"2025-01-30T12:24:57.904Z"}
{level:"info", message:"Token verified successfully", timestamp:"2025-01-30T12:26:11.567Z"}
{level:"info", message:"Token verified successfully", timestamp:"2025-01-30T12:26:15.006Z"}
{level:"info", message:"Token verified successfully", timestamp:"2025-01-30T12:26:46.361Z"}
{level:"info", message:"Token verified successfully", timestamp:"2025-01-30T12:27:48.387Z"}
{level:"info", message:"Token verified successfully", timestamp:"2025-01-30T12:28:37.743Z"}
{level:"info", message:"Order created", timestamp:"2025-01-30T12:28:37.753Z"}
{level:"info", message:"Review fetched successfully", timestamp:"2025-01-30T12:28:37.981Z"}
{level:"info", message:"Fetched products with pagination", timestamp:"2025-01-30T12:28:44.138Z"}
{level:"info", message:"Token verified successfully", timestamp:"2025-01-30T12:28:47.734Z"}
{level:"info", message:"Token verified successfully", timestamp:"2025-01-30T12:28:51.093Z"}
{level:"info", message:"User logged in successfully", timestamp:"2025-01-30T12:29:08.615Z"}
{level:"info", message:"Token verified successfully", timestamp:"2025-01-30T12:30:54.997Z"}
{level:"info", message:"Token verified successfully", timestamp:"2025-01-30T12:31:13.341Z"}
{level:"info", message:"Token verified successfully", timestamp:"2025-01-30T12:31:13.390Z"}
{level:"info", message:"Token verified successfully", timestamp:"2025-01-30T12:31:16.131Z"}
{level:"info", message:"Token verified successfully", timestamp:"2025-01-30T12:31:17.816Z"}
{level:"info", message:"Token verified successfully", timestamp:"2025-01-30T12:31:18.157Z"}
{level:"info", message:"Token verified successfully", timestamp:"2025-01-30T12:31:18.346Z"}
{level:"info", message:"Token verified successfully", timestamp:"2025-01-30T12:31:18.531Z"}
{level:"info", message:"Token verified successfully", timestamp:"2025-01-30T12:31:21.136Z"}
{level:"info", message:"Token verified successfully", timestamp:"2025-01-30T12:31:49.389Z"}
{level:"info", message:"Token verified successfully", timestamp:"2025-01-30T12:31:51.837Z"}
{level:"info", message:"Token verified successfully", timestamp:"2025-01-30T12:31:51.890Z"}
{level:"info", message:"Token verified successfully", timestamp:"2025-01-30T12:31:54.992Z"}
{level:"info", message:"Token verified successfully", timestamp:"2025-01-30T12:31:58.921Z"}
{level:"info", message:"Token verified successfully", timestamp:"2025-01-30T12:32:00.920Z"}
{level:"info", message:"Token verified successfully", timestamp:"2025-01-30T12:32:11.114Z"}
{level:"info", message:"Customer updated successfully", timestamp:"2025-01-30T12:32:11.118Z"}
{level:"info", message:"Token verified successfully", timestamp:"2025-01-30T12:32:13.982Z"}
{level:"info", message:"Token verified successfully", timestamp:"2025-01-30T12:33:03.140Z"}
{level:"info", message:"Token verified successfully", timestamp:"2025-01-30T12:33:38.644Z"}
{level:"info", message:"Token verified successfully", timestamp:"2025-01-30T12:33:42.507Z"}
{level:"info", message:"Password reset email sent", timestamp:"2025-01-30T12:34:32.204Z"}
{level:"info", message:"Password reset email sent", timestamp:"2025-01-30T12:35:47.993Z"}
{level:"info", message:"User logged in successfully", timestamp:"2025-01-30T12:35:53.867Z"}
{level:"info", message:"Token verified successfully", timestamp:"2025-01-30T12:35:59.186Z"}
{level:"info", message:"Token verified successfully", timestamp:"2025-01-30T12:36:05.720Z"}
{level:"info", message:"Fetched products with pagination", timestamp:"2025-01-30T12:36:38.675Z"}
{level:"info", message:"Fetched single product", timestamp:"2025-01-30T12:36:40.615Z"}
{level:"info", message:"Fetched reviews for product", timestamp:"2025-01-30T12:36:40.735Z"}
{level:"info", message:"Token verified successfully", timestamp:"2025-01-30T12:36:40.740Z"}
{level:"info", message:"Token verified successfully", timestamp:"2025-01-30T12:36:40.788Z"}
{level:"info", message:"Token verified successfully", timestamp:"2025-01-30T12:36:56.887Z"}
{level:"info", message:"Fetched products with pagination", timestamp:"2025-01-30T12:39:03.043Z"}
{level:"info", message:"Token verified successfully", timestamp:"2025-01-30T12:39:17.518Z"}
{level:"info", message:"Token verified successfully", timestamp:"2025-01-30T12:39:28.690Z"}
{level:"info", message:"Order created", timestamp:"2025-01-30T12:39:48.172Z"}
{level:"info", message:"Order created", timestamp:"2025-01-30T12:39:48.184Z"}
{level:"info", message:"Token verified successfully", timestamp:"2025-01-30T12:39:48.902Z"}
{level:"info", message:"Review fetched successfully", timestamp:"2025-01-30T12:39:49.469Z"}
{level:"warn", message:"Token verification failed", timestamp:"2025-01-30T13:40:08.602Z"}
{level:"info", message:"Token verified successfully", timestamp:"2025-01-30T13:40:53.165Z"}
{level:"info", message:"Token verified successfully", timestamp:"2025-01-30T13:40:57.671Z"}
{level:"info", message:"Token verified successfully", timestamp:"2025-01-30T13:41:27.719Z"}
{level:"info", message:"Token verified successfully", timestamp:"2025-01-30T13:41:56.746Z"}
{level:"info", message:"Token verified successfully", timestamp:"2025-01-30T13:42:28.892Z"}
{level:"info", message:"Token verified successfully", timestamp:"2025-01-30T13:42:33.602Z"}
{level:"info", message:"Token verified successfully", timestamp:"2025-01-30T13:42:39.901Z"}
{level:"info", message:"Token verified successfully", timestamp:"2025-01-30T13:42:49.520Z"}
{level:"info", message:"Token verified successfully", timestamp:"2025-01-30T13:42:55.160Z"}
{level:"info", message:"Token verified successfully", timestamp:"2025-01-30T13:42:59.627Z"}
{level:"info", message:"Token verified successfully", timestamp:"2025-01-30T13:43:05.697Z"}
