{level:"warn", message:"Token verification failed", timestamp:"2025-01-04T06:58:23.958Z"}
{level:"warn", message:"Token verification failed", timestamp:"2025-01-04T06:58:23.978Z"}
{level:"info", message:"User logged in successfully", timestamp:"2025-01-04T06:58:27.704Z"}
{level:"info", message:"User logged in successfully", timestamp:"2025-01-04T06:58:30.200Z"}
{level:"info", message:"Fetched products with pagination", timestamp:"2025-01-04T06:58:46.140Z"}
{level:"info", message:"Fetched single product", timestamp:"2025-01-04T06:58:47.942Z"}
{level:"info", message:"Fetched reviews for product", timestamp:"2025-01-04T06:58:48.019Z"}
{level:"info", message:"Fetched products with pagination", timestamp:"2025-01-04T06:58:50.251Z"}
{level:"info", message:"Fetched single product", timestamp:"2025-01-04T06:58:50.840Z"}
{level:"info", message:"Fetched reviews for product", timestamp:"2025-01-04T06:58:50.897Z"}
{level:"info", message:"Token verified successfully", timestamp:"2025-01-04T07:06:42.356Z"}
{level:"info", message:"Fetched single product", timestamp:"2025-01-04T07:06:43.024Z"}
{level:"info", message:"Fetched reviews for product", timestamp:"2025-01-04T07:06:43.132Z"}
{level:"info", message:"Token verified successfully", timestamp:"2025-01-04T07:06:43.548Z"}
{level:"info", message:"Token verified successfully", timestamp:"2025-01-04T07:06:43.612Z"}
{level:"info", message:"Token verified successfully", timestamp:"2025-01-04T07:07:38.238Z"}
{level:"info", message:"Fetched single product", timestamp:"2025-01-04T07:07:38.450Z"}
{level:"info", message:"Fetched reviews for product", timestamp:"2025-01-04T07:07:38.498Z"}
{level:"info", message:"Token verified successfully", timestamp:"2025-01-04T07:07:39.876Z"}
{level:"info", message:"Token verified successfully", timestamp:"2025-01-04T07:07:39.891Z"}
{level:"info", message:"Token verified successfully", timestamp:"2025-01-04T07:08:29.447Z"}
{level:"info", message:"Token verified successfully", timestamp:"2025-01-04T07:08:29.502Z"}
{level:"info", message:"Token verified successfully", timestamp:"2025-01-04T07:08:31.687Z"}
{level:"info", message:"Fetched single product", timestamp:"2025-01-04T07:08:31.835Z"}
{level:"info", message:"Fetched reviews for product", timestamp:"2025-01-04T07:08:31.922Z"}
{level:"info", message:"Token verified successfully", timestamp:"2025-01-04T07:11:04.358Z"}
{level:"info", message:"Fetched single product", timestamp:"2025-01-04T07:11:04.441Z"}
{level:"info", message:"Fetched reviews for product", timestamp:"2025-01-04T07:11:04.554Z"}
{level:"info", message:"Token verified successfully", timestamp:"2025-01-04T07:11:12.327Z"}
{level:"info", message:"Token verified successfully", timestamp:"2025-01-04T07:11:12.342Z"}
{level:"info", message:"Token verified successfully", timestamp:"2025-01-04T07:11:48.132Z"}
{level:"info", message:"Fetched single product", timestamp:"2025-01-04T07:11:48.364Z"}
{level:"info", message:"Fetched reviews for product", timestamp:"2025-01-04T07:11:48.686Z"}
{level:"info", message:"Token verified successfully", timestamp:"2025-01-04T07:11:50.497Z"}
{level:"info", message:"Token verified successfully", timestamp:"2025-01-04T07:11:50.607Z"}
{level:"info", message:"Token verified successfully", timestamp:"2025-01-04T07:12:11.385Z"}
{level:"info", message:"Fetched single product", timestamp:"2025-01-04T07:12:11.892Z"}
{level:"info", message:"Fetched reviews for product", timestamp:"2025-01-04T07:12:11.928Z"}
{level:"info", message:"Token verified successfully", timestamp:"2025-01-04T07:18:11.635Z"}
{level:"info", message:"Token verified successfully", timestamp:"2025-01-04T07:18:11.657Z"}
{level:"info", message:"Token verified successfully", timestamp:"2025-01-04T07:18:14.257Z"}
{level:"info", message:"Fetched single product", timestamp:"2025-01-04T07:18:14.334Z"}
{level:"info", message:"Fetched reviews for product", timestamp:"2025-01-04T07:18:14.357Z"}
{level:"info", message:"Token verified successfully", timestamp:"2025-01-04T07:19:19.227Z"}
{level:"info", message:"Fetched single product", timestamp:"2025-01-04T07:19:19.320Z"}
{level:"info", message:"Fetched reviews for product", timestamp:"2025-01-04T07:19:19.474Z"}
{level:"info", message:"Token verified successfully", timestamp:"2025-01-04T07:19:20.188Z"}
{level:"info", message:"Token verified successfully", timestamp:"2025-01-04T07:19:20.205Z"}
{level:"info", message:"Token verified successfully", timestamp:"2025-01-04T07:20:10.082Z"}
{level:"info", message:"Token verified successfully", timestamp:"2025-01-04T07:20:10.106Z"}
{level:"info", message:"Token verified successfully", timestamp:"2025-01-04T07:20:12.036Z"}
{level:"info", message:"Fetched single product", timestamp:"2025-01-04T07:20:12.108Z"}
{level:"info", message:"Fetched reviews for product", timestamp:"2025-01-04T07:20:12.180Z"}
{level:"info", message:"Token verified successfully", timestamp:"2025-01-04T07:28:05.466Z"}
{level:"info", message:"Fetched single product", timestamp:"2025-01-04T07:28:05.574Z"}
{level:"info", message:"Fetched reviews for product", timestamp:"2025-01-04T07:28:05.741Z"}
{level:"info", message:"Token verified successfully", timestamp:"2025-01-04T07:28:06.022Z"}
{level:"info", message:"Token verified successfully", timestamp:"2025-01-04T07:28:06.032Z"}
{level:"info", message:"Token verified successfully", timestamp:"2025-01-04T07:28:45.985Z"}
{level:"info", message:"Token verified successfully", timestamp:"2025-01-04T07:28:46.005Z"}
{level:"info", message:"Token verified successfully", timestamp:"2025-01-04T07:29:12.599Z"}
{level:"info", message:"Token verified successfully", timestamp:"2025-01-04T07:29:12.631Z"}
{level:"info", message:"Token verified successfully", timestamp:"2025-01-04T07:29:19.250Z"}
{level:"info", message:"Fetched single product", timestamp:"2025-01-04T07:29:19.371Z"}
{level:"info", message:"Fetched reviews for product", timestamp:"2025-01-04T07:29:19.411Z"}
{level:"info", message:"Token verified successfully", timestamp:"2025-01-04T07:30:12.163Z"}
{level:"info", message:"Token verified successfully", timestamp:"2025-01-04T07:30:12.213Z"}
{level:"info", message:"Token verified successfully", timestamp:"2025-01-04T07:31:32.956Z"}
{level:"info", message:"Token verified successfully", timestamp:"2025-01-04T07:31:32.981Z"}
{level:"info", message:"Token verified successfully", timestamp:"2025-01-04T07:31:43.501Z"}
{level:"info", message:"Fetched single product", timestamp:"2025-01-04T07:31:43.654Z"}
{level:"info", message:"Fetched reviews for product", timestamp:"2025-01-04T07:31:43.902Z"}
{level:"info", message:"Token verified successfully", timestamp:"2025-01-04T07:31:45.940Z"}
{level:"info", message:"Token verified successfully", timestamp:"2025-01-04T07:31:45.951Z"}
{level:"info", message:"Token verified successfully", timestamp:"2025-01-04T07:34:42.601Z"}
{level:"info", message:"Fetched single product", timestamp:"2025-01-04T07:34:43.080Z"}
{level:"info", message:"Fetched reviews for product", timestamp:"2025-01-04T07:34:43.179Z"}
{level:"info", message:"Token verified successfully", timestamp:"2025-01-04T07:34:44.288Z"}
{level:"info", message:"Token verified successfully", timestamp:"2025-01-04T07:34:44.358Z"}
{level:"info", message:"Token verified successfully", timestamp:"2025-01-04T07:37:32.187Z"}
{level:"info", message:"Token verified successfully", timestamp:"2025-01-04T07:37:32.295Z"}
{level:"info", message:"Token verified successfully", timestamp:"2025-01-04T07:37:38.981Z"}
{level:"info", message:"Fetched single product", timestamp:"2025-01-04T07:37:39.363Z"}
{level:"info", message:"Fetched reviews for product", timestamp:"2025-01-04T07:37:39.386Z"}
{level:"info", message:"Token verified successfully", timestamp:"2025-01-04T07:52:45.765Z"}
{level:"info", message:"Token verified successfully", timestamp:"2025-01-04T07:52:45.849Z"}
{level:"info", message:"Token verified successfully", timestamp:"2025-01-04T07:53:07.908Z"}
{level:"info", message:"Fetched single product", timestamp:"2025-01-04T07:53:07.985Z"}
{level:"info", message:"Fetched reviews for product", timestamp:"2025-01-04T07:53:08.092Z"}
{level:"info", message:"Token verified successfully", timestamp:"2025-01-04T07:55:13.451Z"}
{level:"info", message:"Fetched single product", timestamp:"2025-01-04T07:55:13.580Z"}
{level:"info", message:"Fetched reviews for product", timestamp:"2025-01-04T07:55:13.875Z"}
{level:"info", message:"Token verified successfully", timestamp:"2025-01-04T07:55:33.632Z"}
{level:"info", message:"Fetched single product", timestamp:"2025-01-04T07:55:33.715Z"}
{level:"info", message:"Fetched reviews for product", timestamp:"2025-01-04T07:55:33.736Z"}
{level:"info", message:"Token verified successfully", timestamp:"2025-01-04T07:55:35.860Z"}
{level:"info", message:"Token verified successfully", timestamp:"2025-01-04T07:55:35.880Z"}
{level:"info", message:"Token verified successfully", timestamp:"2025-01-04T07:57:22.531Z"}
{level:"info", message:"Token verified successfully", timestamp:"2025-01-04T07:57:22.557Z"}
{level:"info", message:"Token verified successfully", timestamp:"2025-01-04T07:58:08.368Z"}
{level:"info", message:"Token verified successfully", timestamp:"2025-01-04T07:58:08.384Z"}
{level:"info", message:"Token verified successfully", timestamp:"2025-01-04T07:58:13.042Z"}
{level:"info", message:"Fetched single product", timestamp:"2025-01-04T07:58:13.123Z"}
{level:"info", message:"Fetched reviews for product", timestamp:"2025-01-04T07:58:13.249Z"}
{level:"warn", message:"Token verification failed", timestamp:"2025-01-04T07:58:28.660Z"}
{level:"info", message:"Fetched single product", timestamp:"2025-01-04T07:58:28.796Z"}
{level:"info", message:"Fetched reviews for product", timestamp:"2025-01-04T07:58:28.828Z"}
{level:"info", message:"User logged in successfully", timestamp:"2025-01-04T07:58:32.582Z"}
{level:"info", message:"Fetched single product", timestamp:"2025-01-04T07:58:32.666Z"}
{level:"info", message:"Fetched reviews for product", timestamp:"2025-01-04T07:58:32.724Z"}
{level:"info", message:"Token verified successfully", timestamp:"2025-01-04T07:58:42.213Z"}
{level:"info", message:"Fetched single product", timestamp:"2025-01-04T07:58:42.356Z"}
{level:"info", message:"Fetched reviews for product", timestamp:"2025-01-04T07:58:42.466Z"}
{level:"warn", message:"Token verification failed", timestamp:"2025-01-04T08:04:55.114Z"}
{level:"warn", message:"Token verification failed", timestamp:"2025-01-04T08:04:55.260Z"}
{level:"warn", message:"Token verification failed", timestamp:"2025-01-04T08:04:59.212Z"}
{level:"warn", message:"Token verification failed", timestamp:"2025-01-04T08:04:59.281Z"}
{level:"info", message:"Token verified successfully", timestamp:"2025-01-04T08:05:01.311Z"}
{level:"info", message:"Fetched single product", timestamp:"2025-01-04T08:05:01.466Z"}
{level:"info", message:"Fetched reviews for product", timestamp:"2025-01-04T08:05:01.569Z"}
{level:"info", message:"User logged in successfully", timestamp:"2025-01-04T08:05:03.596Z"}
{level:"info", message:"Token verified successfully", timestamp:"2025-01-04T08:05:07.641Z"}
{level:"info", message:"Fetched single product", timestamp:"2025-01-04T08:05:07.738Z"}
{level:"info", message:"Fetched reviews for product", timestamp:"2025-01-04T08:05:07.849Z"}
{level:"info", message:"Token verified successfully", timestamp:"2025-01-04T08:05:43.170Z"}
{level:"info", message:"Fetched single product", timestamp:"2025-01-04T08:05:43.227Z"}
{level:"info", message:"Fetched reviews for product", timestamp:"2025-01-04T08:05:43.370Z"}
{level:"info", message:"Token verified successfully", timestamp:"2025-01-04T08:05:52.664Z"}
{level:"info", message:"Fetched single product", timestamp:"2025-01-04T08:05:52.736Z"}
{level:"info", message:"Fetched reviews for product", timestamp:"2025-01-04T08:05:52.833Z"}
{level:"info", message:"Token verified successfully", timestamp:"2025-01-04T08:06:27.875Z"}
{level:"info", message:"Fetched single product", timestamp:"2025-01-04T08:06:27.922Z"}
{level:"info", message:"Fetched reviews for product", timestamp:"2025-01-04T08:06:28.230Z"}
{level:"info", message:"Token verified successfully", timestamp:"2025-01-04T08:06:30.217Z"}
{level:"info", message:"Token verified successfully", timestamp:"2025-01-04T08:06:30.367Z"}
{level:"info", message:"Token verified successfully", timestamp:"2025-01-04T08:07:21.811Z"}
{level:"info", message:"Token verified successfully", timestamp:"2025-01-04T08:07:21.866Z"}
{level:"info", message:"Token verified successfully", timestamp:"2025-01-04T08:07:51.728Z"}
{level:"info", message:"Token verified successfully", timestamp:"2025-01-04T08:07:51.796Z"}
{level:"info", message:"Token verified successfully", timestamp:"2025-01-04T08:07:54.255Z"}
{level:"info", message:"Fetched single product", timestamp:"2025-01-04T08:07:54.336Z"}
{level:"info", message:"Fetched reviews for product", timestamp:"2025-01-04T08:07:54.445Z"}
{level:"info", message:"Token verified successfully", timestamp:"2025-01-04T08:21:14.504Z"}
{level:"info", message:"Token verified successfully", timestamp:"2025-01-04T08:21:14.538Z"}
{level:"info", message:"Token verified successfully", timestamp:"2025-01-04T08:22:02.095Z"}
{level:"info", message:"Token verified successfully", timestamp:"2025-01-04T08:22:02.179Z"}
{level:"info", message:"Token verified successfully", timestamp:"2025-01-04T08:22:28.585Z"}
{level:"info", message:"Fetched single product", timestamp:"2025-01-04T08:22:28.722Z"}
{level:"info", message:"Fetched reviews for product", timestamp:"2025-01-04T08:22:28.754Z"}
{level:"info", message:"Token verified successfully", timestamp:"2025-01-04T08:22:30.238Z"}
{level:"info", message:"Token verified successfully", timestamp:"2025-01-04T08:22:30.289Z"}
{level:"info", message:"Token verified successfully", timestamp:"2025-01-04T08:22:57.350Z"}
{level:"info", message:"Token verified successfully", timestamp:"2025-01-04T08:22:57.368Z"}
{level:"info", message:"Token verified successfully", timestamp:"2025-01-04T08:22:58.610Z"}
{level:"info", message:"Fetched single product", timestamp:"2025-01-04T08:22:58.678Z"}
{level:"info", message:"Fetched reviews for product", timestamp:"2025-01-04T08:22:58.774Z"}
{level:"info", message:"Token verified successfully", timestamp:"2025-01-04T08:23:25.934Z"}
{level:"info", message:"Token verified successfully", timestamp:"2025-01-04T08:23:26.047Z"}
{level:"info", message:"Token verified successfully", timestamp:"2025-01-04T08:23:31.292Z"}
{level:"info", message:"Token verified successfully", timestamp:"2025-01-04T08:23:31.366Z"}
{level:"info", message:"Token verified successfully", timestamp:"2025-01-04T08:23:33.140Z"}
{level:"info", message:"Fetched single product", timestamp:"2025-01-04T08:23:33.265Z"}
{level:"info", message:"Fetched reviews for product", timestamp:"2025-01-04T08:23:33.381Z"}
{level:"info", message:"Token verified successfully", timestamp:"2025-01-04T08:26:52.213Z"}
{level:"info", message:"Fetched single product", timestamp:"2025-01-04T08:26:52.316Z"}
{level:"info", message:"Fetched reviews for product", timestamp:"2025-01-04T08:26:52.344Z"}
{level:"info", message:"Token verified successfully", timestamp:"2025-01-04T08:26:55.279Z"}
{level:"info", message:"Token verified successfully", timestamp:"2025-01-04T08:26:55.294Z"}
{level:"info", message:"Token verified successfully", timestamp:"2025-01-04T08:34:46.716Z"}
{level:"info", message:"Token verified successfully", timestamp:"2025-01-04T08:34:46.742Z"}
{level:"info", message:"Token verified successfully", timestamp:"2025-01-04T08:34:48.805Z"}
{level:"info", message:"Fetched single product", timestamp:"2025-01-04T08:34:48.928Z"}
{level:"info", message:"Fetched reviews for product", timestamp:"2025-01-04T08:34:49.098Z"}
{level:"info", message:"Token verified successfully", timestamp:"2025-01-04T08:34:59.391Z"}
{level:"info", message:"Token verified successfully", timestamp:"2025-01-04T08:34:59.414Z"}
{level:"info", message:"Token verified successfully", timestamp:"2025-01-04T08:35:44.711Z"}
{level:"info", message:"Token verified successfully", timestamp:"2025-01-04T08:35:44.750Z"}
{level:"info", message:"Token verified successfully", timestamp:"2025-01-04T08:35:46.980Z"}
{level:"info", message:"Fetched single product", timestamp:"2025-01-04T08:35:47.122Z"}
{level:"info", message:"Fetched reviews for product", timestamp:"2025-01-04T08:35:47.203Z"}
{level:"info", message:"Token verified successfully", timestamp:"2025-01-04T08:38:03.400Z"}
{level:"info", message:"Token verified successfully", timestamp:"2025-01-04T08:38:03.465Z"}
{level:"info", message:"Token verified successfully", timestamp:"2025-01-04T08:38:06.192Z"}
{level:"info", message:"Fetched single product", timestamp:"2025-01-04T08:38:06.270Z"}
{level:"info", message:"Fetched reviews for product", timestamp:"2025-01-04T08:38:06.354Z"}
{level:"info", message:"Token verified successfully", timestamp:"2025-01-04T08:44:52.719Z"}
{level:"info", message:"Token verified successfully", timestamp:"2025-01-04T08:44:59.308Z"}
{level:"info", message:"Token verified successfully", timestamp:"2025-01-04T08:45:20.075Z"}
{level:"info", message:"Token verified successfully", timestamp:"2025-01-04T08:48:01.330Z"}
{level:"warn", message:"Token verification failed", timestamp:"2025-01-04T09:07:43.316Z"}
{level:"warn", message:"Token verification failed", timestamp:"2025-01-04T09:07:51.932Z"}
{level:"info", message:"User logged in successfully", timestamp:"2025-01-04T09:07:53.188Z"}
{level:"info", message:"Fetched products with pagination", timestamp:"2025-01-04T09:08:07.468Z"}
{level:"info", message:"Fetched single product", timestamp:"2025-01-04T09:08:08.421Z"}
{level:"info", message:"Fetched reviews for product", timestamp:"2025-01-04T09:08:08.479Z"}
{level:"info", message:"Fetched single product", timestamp:"2025-01-04T09:09:20.707Z"}
{level:"info", message:"Fetched reviews for product", timestamp:"2025-01-04T09:09:20.881Z"}
{level:"info", message:"User logged in successfully", timestamp:"2025-01-04T09:09:26.006Z"}
{level:"info", message:"Fetched single product", timestamp:"2025-01-04T09:09:26.097Z"}
{level:"info", message:"Fetched reviews for product", timestamp:"2025-01-04T09:09:26.167Z"}
{level:"info", message:"Token verified successfully", timestamp:"2025-01-04T09:10:51.684Z"}
{level:"info", message:"Fetched single product", timestamp:"2025-01-04T09:10:51.803Z"}
{level:"info", message:"Fetched reviews for product", timestamp:"2025-01-04T09:10:52.020Z"}
{level:"info", message:"Token verified successfully", timestamp:"2025-01-04T09:12:33.420Z"}
{level:"info", message:"Fetched single product", timestamp:"2025-01-04T09:12:33.580Z"}
{level:"warn", message:"Authorization header is missing", timestamp:"2025-01-04T09:12:33.736Z"}
{level:"info", message:"Fetched reviews for product", timestamp:"2025-01-04T09:12:33.748Z"}
{level:"warn", message:"Authorization header is missing", timestamp:"2025-01-04T09:12:33.770Z"}
{level:"info", message:"Token verified successfully", timestamp:"2025-01-04T09:12:38.434Z"}
{level:"info", message:"Fetched single product", timestamp:"2025-01-04T09:12:38.510Z"}
{level:"warn", message:"Authorization header is missing", timestamp:"2025-01-04T09:12:38.630Z"}
{level:"warn", message:"Authorization header is missing", timestamp:"2025-01-04T09:12:38.645Z"}
{level:"info", message:"Fetched reviews for product", timestamp:"2025-01-04T09:12:38.651Z"}
{level:"info", message:"Token verified successfully", timestamp:"2025-01-04T09:12:48.267Z"}
{level:"info", message:"Fetched single product", timestamp:"2025-01-04T09:12:48.494Z"}
{level:"warn", message:"Authorization header is missing", timestamp:"2025-01-04T09:12:48.589Z"}
{level:"warn", message:"Authorization header is missing", timestamp:"2025-01-04T09:12:48.611Z"}
{level:"info", message:"Fetched reviews for product", timestamp:"2025-01-04T09:12:48.626Z"}
{level:"info", message:"Token verified successfully", timestamp:"2025-01-04T09:13:53.503Z"}
{level:"info", message:"Fetched single product", timestamp:"2025-01-04T09:13:53.684Z"}
{level:"warn", message:"Authorization header is missing", timestamp:"2025-01-04T09:13:53.782Z"}
{level:"warn", message:"Authorization header is missing", timestamp:"2025-01-04T09:13:53.802Z"}
{level:"info", message:"Fetched reviews for product", timestamp:"2025-01-04T09:13:53.827Z"}
{level:"info", message:"Token verified successfully", timestamp:"2025-01-04T09:14:16.478Z"}
{level:"info", message:"Fetched single product", timestamp:"2025-01-04T09:14:16.581Z"}
{level:"warn", message:"Authorization header is missing", timestamp:"2025-01-04T09:14:16.669Z"}
{level:"info", message:"Fetched reviews for product", timestamp:"2025-01-04T09:14:16.715Z"}
{level:"warn", message:"Authorization header is missing", timestamp:"2025-01-04T09:14:16.739Z"}
{level:"info", message:"Token verified successfully", timestamp:"2025-01-04T09:14:28.313Z"}
{level:"info", message:"Fetched single product", timestamp:"2025-01-04T09:14:28.453Z"}
{level:"warn", message:"Authorization header is missing", timestamp:"2025-01-04T09:14:28.533Z"}
{level:"warn", message:"Authorization header is missing", timestamp:"2025-01-04T09:14:28.645Z"}
{level:"info", message:"Fetched reviews for product", timestamp:"2025-01-04T09:14:28.679Z"}
{level:"info", message:"Token verified successfully", timestamp:"2025-01-04T09:19:39.954Z"}
{level:"info", message:"Fetched single product", timestamp:"2025-01-04T09:19:40.183Z"}
{level:"info", message:"Fetched reviews for product", timestamp:"2025-01-04T09:19:40.340Z"}
{level:"info", message:"Token verified successfully", timestamp:"2025-01-04T09:20:01.997Z"}
{level:"info", message:"Fetched single product", timestamp:"2025-01-04T09:20:02.166Z"}
{level:"info", message:"Fetched reviews for product", timestamp:"2025-01-04T09:20:02.241Z"}
{level:"info", message:"Token verified successfully", timestamp:"2025-01-04T09:20:37.334Z"}
{level:"info", message:"Fetched single product", timestamp:"2025-01-04T09:20:37.388Z"}
{level:"info", message:"Token verified successfully", timestamp:"2025-01-04T09:20:37.547Z"}
{level:"info", message:"Token verified successfully", timestamp:"2025-01-04T09:20:37.606Z"}
{level:"info", message:"Fetched reviews for product", timestamp:"2025-01-04T09:20:37.616Z"}
{level:"info", message:"Token verified successfully", timestamp:"2025-01-04T09:20:40.652Z"}
{level:"info", message:"Fetched single product", timestamp:"2025-01-04T09:20:40.823Z"}
{level:"info", message:"Token verified successfully", timestamp:"2025-01-04T09:20:40.978Z"}
{level:"info", message:"Token verified successfully", timestamp:"2025-01-04T09:20:40.984Z"}
{level:"info", message:"Fetched reviews for product", timestamp:"2025-01-04T09:20:40.989Z"}
{level:"info", message:"Token verified successfully", timestamp:"2025-01-04T09:21:12.196Z"}
{level:"info", message:"Token verified successfully", timestamp:"2025-01-04T09:21:12.274Z"}
{level:"info", message:"Token verified successfully", timestamp:"2025-01-04T09:21:15.882Z"}
{level:"info", message:"Fetched single product", timestamp:"2025-01-04T09:21:16.008Z"}
{level:"info", message:"Fetched reviews for product", timestamp:"2025-01-04T09:21:16.161Z"}
{level:"info", message:"Token verified successfully", timestamp:"2025-01-04T09:21:16.181Z"}
{level:"info", message:"Token verified successfully", timestamp:"2025-01-04T09:21:16.191Z"}
{level:"info", message:"Fetched single product", timestamp:"2025-01-04T09:23:20.210Z"}
{level:"info", message:"Fetched reviews for product", timestamp:"2025-01-04T09:23:20.516Z"}
{level:"info", message:"User logged in successfully", timestamp:"2025-01-04T09:23:30.485Z"}
{level:"info", message:"Fetched single product", timestamp:"2025-01-04T09:23:30.564Z"}
{level:"info", message:"Token verified successfully", timestamp:"2025-01-04T09:23:30.699Z"}
{level:"info", message:"Token verified successfully", timestamp:"2025-01-04T09:23:30.706Z"}
{level:"info", message:"Fetched reviews for product", timestamp:"2025-01-04T09:23:30.722Z"}
{level:"warn", message:"Token verification failed", timestamp:"2025-01-04T09:24:47.954Z"}
{level:"info", message:"Fetched single product", timestamp:"2025-01-04T09:24:48.091Z"}
{level:"info", message:"Fetched reviews for product", timestamp:"2025-01-04T09:24:48.290Z"}
{level:"info", message:"User logged in successfully", timestamp:"2025-01-04T09:24:56.716Z"}
{level:"info", message:"Fetched single product", timestamp:"2025-01-04T09:24:56.785Z"}
{level:"info", message:"Token verified successfully", timestamp:"2025-01-04T09:24:56.856Z"}
{level:"info", message:"Token verified successfully", timestamp:"2025-01-04T09:24:56.865Z"}
{level:"info", message:"Fetched reviews for product", timestamp:"2025-01-04T09:24:56.869Z"}
{level:"info", message:"Fetched single product", timestamp:"2025-01-04T09:25:53.092Z"}
{level:"info", message:"Fetched reviews for product", timestamp:"2025-01-04T09:25:53.256Z"}
{level:"info", message:"User logged in successfully", timestamp:"2025-01-04T09:26:02.377Z"}
{level:"info", message:"Fetched single product", timestamp:"2025-01-04T09:26:02.494Z"}
{level:"info", message:"Token verified successfully", timestamp:"2025-01-04T09:26:02.585Z"}
{level:"info", message:"Fetched reviews for product", timestamp:"2025-01-04T09:26:02.591Z"}
{level:"info", message:"Token verified successfully", timestamp:"2025-01-04T09:26:02.603Z"}
{level:"info", message:"Token verified successfully", timestamp:"2025-01-04T09:56:57.703Z"}
{level:"info", message:"Fetched products with pagination", timestamp:"2025-01-04T09:57:06.372Z"}
{level:"info", message:"Fetched products with pagination", timestamp:"2025-01-04T09:57:10.110Z"}
{level:"info", message:"Fetched single product", timestamp:"2025-01-04T09:57:11.376Z"}
{level:"info", message:"Token verified successfully", timestamp:"2025-01-04T09:57:11.527Z"}
{level:"info", message:"Token verified successfully", timestamp:"2025-01-04T09:57:11.538Z"}
{level:"info", message:"Fetched reviews for product", timestamp:"2025-01-04T09:57:11.550Z"}
{level:"info", message:"Fetched single product", timestamp:"2025-01-04T09:57:27.295Z"}
{level:"info", message:"Fetched reviews for product", timestamp:"2025-01-04T09:57:27.432Z"}
{level:"info", message:"Fetched single product", timestamp:"2025-01-04T09:57:57.269Z"}
{level:"info", message:"Fetched reviews for product", timestamp:"2025-01-04T09:57:57.438Z"}
{level:"info", message:"Fetched single product", timestamp:"2025-01-04T09:59:19.050Z"}
{level:"info", message:"Fetched reviews for product", timestamp:"2025-01-04T09:59:19.255Z"}
{level:"info", message:"Fetched single product", timestamp:"2025-01-04T09:59:34.213Z"}
{level:"info", message:"Fetched reviews for product", timestamp:"2025-01-04T09:59:34.444Z"}
{level:"info", message:"Fetched single product", timestamp:"2025-01-04T10:04:20.629Z"}
{level:"info", message:"Fetched reviews for product", timestamp:"2025-01-04T10:04:20.886Z"}
{level:"info", message:"Fetched single product", timestamp:"2025-01-04T10:04:32.372Z"}
{level:"info", message:"Fetched reviews for product", timestamp:"2025-01-04T10:04:32.512Z"}
{level:"info", message:"User logged in successfully", timestamp:"2025-01-04T10:04:36.461Z"}
{level:"info", message:"Fetched single product", timestamp:"2025-01-04T10:04:36.561Z"}
{level:"info", message:"Fetched reviews for product", timestamp:"2025-01-04T10:04:36.749Z"}
{level:"info", message:"Token verified successfully", timestamp:"2025-01-04T10:04:36.761Z"}
{level:"info", message:"Token verified successfully", timestamp:"2025-01-04T10:04:36.775Z"}
{level:"info", message:"Token verified successfully", timestamp:"2025-01-04T10:04:39.835Z"}
{level:"info", message:"Fetched single product", timestamp:"2025-01-04T10:04:40.326Z"}
{level:"info", message:"Fetched reviews for product", timestamp:"2025-01-04T10:04:40.446Z"}
{level:"info", message:"Token verified successfully", timestamp:"2025-01-04T10:04:40.455Z"}
{level:"info", message:"Token verified successfully", timestamp:"2025-01-04T10:04:40.461Z"}
{level:"warn", message:"Token verification failed", timestamp:"2025-01-04T10:05:03.211Z"}
{level:"info", message:"Fetched single product", timestamp:"2025-01-04T10:05:04.133Z"}
{level:"info", message:"Fetched reviews for product", timestamp:"2025-01-04T10:05:04.401Z"}
{level:"warn", message:"Token verification failed", timestamp:"2025-01-04T10:05:23.297Z"}
{level:"info", message:"Fetched single product", timestamp:"2025-01-04T10:05:23.440Z"}
{level:"info", message:"Fetched reviews for product", timestamp:"2025-01-04T10:05:23.602Z"}
{level:"info", message:"User logged in successfully", timestamp:"2025-01-04T10:05:28.213Z"}
{level:"info", message:"Fetched single product", timestamp:"2025-01-04T10:05:28.308Z"}
{level:"info", message:"Token verified successfully", timestamp:"2025-01-04T10:05:28.463Z"}
{level:"info", message:"Token verified successfully", timestamp:"2025-01-04T10:05:28.472Z"}
{level:"info", message:"Fetched reviews for product", timestamp:"2025-01-04T10:05:28.475Z"}
{level:"info", message:"Token verified successfully", timestamp:"2025-01-04T10:33:12.920Z"}
{level:"info", message:"Fetched products with pagination", timestamp:"2025-01-04T10:33:17.195Z"}
{level:"info", message:"Fetched products with pagination", timestamp:"2025-01-04T10:33:20.005Z"}
{level:"info", message:"Fetched products with pagination", timestamp:"2025-01-04T10:33:24.858Z"}
{level:"info", message:"Fetched single product", timestamp:"2025-01-04T10:33:26.415Z"}
{level:"info", message:"Fetched reviews for product", timestamp:"2025-01-04T10:33:26.565Z"}
{level:"info", message:"Token verified successfully", timestamp:"2025-01-04T10:33:26.576Z"}
{level:"info", message:"Token verified successfully", timestamp:"2025-01-04T10:33:26.584Z"}
{level:"info", message:"Token verified successfully", timestamp:"2025-01-04T10:33:33.580Z"}
{level:"info", message:"Fetched single product", timestamp:"2025-01-04T10:33:33.656Z"}
{level:"info", message:"Token verified successfully", timestamp:"2025-01-04T10:33:33.804Z"}
{level:"info", message:"Token verified successfully", timestamp:"2025-01-04T10:33:33.811Z"}
{level:"info", message:"Fetched reviews for product", timestamp:"2025-01-04T10:33:33.827Z"}
{level:"info", message:"Fetched single product", timestamp:"2025-01-04T10:33:53.117Z"}
{level:"info", message:"Fetched reviews for product", timestamp:"2025-01-04T10:33:53.275Z"}
{level:"info", message:"User logged in successfully", timestamp:"2025-01-04T10:34:02.227Z"}
{level:"info", message:"Fetched single product", timestamp:"2025-01-04T10:34:02.375Z"}
{level:"info", message:"Token verified successfully", timestamp:"2025-01-04T10:34:02.500Z"}
{level:"info", message:"Token verified successfully", timestamp:"2025-01-04T10:34:02.506Z"}
{level:"info", message:"Fetched reviews for product", timestamp:"2025-01-04T10:34:02.513Z"}
{level:"info", message:"Fetched single product", timestamp:"2025-01-04T10:35:41.177Z"}
{level:"info", message:"Fetched reviews for product", timestamp:"2025-01-04T10:35:41.494Z"}
{level:"info", message:"Token verified successfully", timestamp:"2025-01-04T10:35:41.576Z"}
{level:"info", message:"Token verified successfully", timestamp:"2025-01-04T10:35:41.770Z"}
{level:"info", message:"Fetched single product", timestamp:"2025-01-04T10:36:35.156Z"}
{level:"info", message:"Fetched reviews for product", timestamp:"2025-01-04T10:36:35.861Z"}
{level:"info", message:"Token verified successfully", timestamp:"2025-01-04T10:36:35.867Z"}
{level:"info", message:"Token verified successfully", timestamp:"2025-01-04T10:36:35.872Z"}
{level:"info", message:"Fetched products with pagination", timestamp:"2025-01-04T10:36:51.161Z"}
{level:"info", message:"Token verified successfully", timestamp:"2025-01-04T10:36:54.979Z"}
{level:"info", message:"Fetched products with pagination", timestamp:"2025-01-04T10:36:55.053Z"}
{level:"info", message:"Fetched single product", timestamp:"2025-01-04T10:36:56.477Z"}
{level:"info", message:"Token verified successfully", timestamp:"2025-01-04T10:36:56.590Z"}
{level:"info", message:"Fetched reviews for product", timestamp:"2025-01-04T10:36:56.595Z"}
{level:"info", message:"Token verified successfully", timestamp:"2025-01-04T10:36:56.611Z"}
{level:"info", message:"Fetched single product", timestamp:"2025-01-04T10:37:35.760Z"}
{level:"info", message:"Fetched reviews for product", timestamp:"2025-01-04T10:37:35.810Z"}
{level:"info", message:"Token verified successfully", timestamp:"2025-01-04T10:37:35.819Z"}
{level:"info", message:"Token verified successfully", timestamp:"2025-01-04T10:37:35.825Z"}
{level:"info", message:"Fetched single product", timestamp:"2025-01-04T10:37:40.031Z"}
{level:"info", message:"Fetched reviews for product", timestamp:"2025-01-04T10:37:40.247Z"}
{level:"info", message:"Token verified successfully", timestamp:"2025-01-04T10:37:40.255Z"}
{level:"info", message:"Token verified successfully", timestamp:"2025-01-04T10:37:40.260Z"}
{level:"info", message:"Fetched single product", timestamp:"2025-01-04T10:38:38.245Z"}
{level:"info", message:"Token verified successfully", timestamp:"2025-01-04T10:38:38.340Z"}
{level:"info", message:"Token verified successfully", timestamp:"2025-01-04T10:38:38.344Z"}
{level:"info", message:"Fetched reviews for product", timestamp:"2025-01-04T10:38:38.348Z"}
{level:"info", message:"Token verified successfully", timestamp:"2025-01-04T10:38:47.066Z"}
{level:"info", message:"Fetched single product", timestamp:"2025-01-04T10:38:47.164Z"}
{level:"info", message:"Fetched reviews for product", timestamp:"2025-01-04T10:38:47.251Z"}
{level:"info", message:"Token verified successfully", timestamp:"2025-01-04T10:38:47.258Z"}
{level:"info", message:"Token verified successfully", timestamp:"2025-01-04T10:38:47.264Z"}
{level:"info", message:"Fetched products with pagination", timestamp:"2025-01-04T10:38:52.155Z"}
{level:"info", message:"Fetched single product", timestamp:"2025-01-04T10:38:53.293Z"}
{level:"info", message:"Token verified successfully", timestamp:"2025-01-04T10:38:53.354Z"}
{level:"info", message:"Token verified successfully", timestamp:"2025-01-04T10:38:53.359Z"}
{level:"info", message:"Fetched reviews for product", timestamp:"2025-01-04T10:38:53.362Z"}
{level:"info", message:"Fetched products with pagination", timestamp:"2025-01-04T10:38:55.915Z"}
{level:"info", message:"Fetched single product", timestamp:"2025-01-04T10:38:56.889Z"}
{level:"info", message:"Fetched reviews for product", timestamp:"2025-01-04T10:38:56.942Z"}
{level:"info", message:"Token verified successfully", timestamp:"2025-01-04T10:38:56.954Z"}
{level:"info", message:"Token verified successfully", timestamp:"2025-01-04T10:38:56.958Z"}
{level:"info", message:"Fetched products with pagination", timestamp:"2025-01-04T10:38:58.766Z"}
{level:"info", message:"Fetched single product", timestamp:"2025-01-04T10:39:00.657Z"}
{level:"info", message:"Token verified successfully", timestamp:"2025-01-04T10:39:00.710Z"}
{level:"info", message:"Fetched reviews for product", timestamp:"2025-01-04T10:39:00.715Z"}
{level:"info", message:"Token verified successfully", timestamp:"2025-01-04T10:39:00.730Z"}
{level:"info", message:"Fetched single product", timestamp:"2025-01-04T10:42:17.715Z"}
{level:"info", message:"Fetched reviews for product", timestamp:"2025-01-04T10:42:17.773Z"}
{level:"info", message:"Token verified successfully", timestamp:"2025-01-04T10:42:17.805Z"}
{level:"info", message:"Token verified successfully", timestamp:"2025-01-04T10:42:17.849Z"}
{level:"info", message:"Fetched single product", timestamp:"2025-01-04T10:44:38.015Z"}
{level:"info", message:"Fetched reviews for product", timestamp:"2025-01-04T10:44:38.056Z"}
{level:"info", message:"Token verified successfully", timestamp:"2025-01-04T10:44:38.073Z"}
{level:"info", message:"Token verified successfully", timestamp:"2025-01-04T10:44:38.140Z"}
{level:"info", message:"Token verified successfully", timestamp:"2025-01-04T10:45:38.095Z"}
{level:"info", message:"Fetched single product", timestamp:"2025-01-04T10:45:38.172Z"}
{level:"info", message:"Token verified successfully", timestamp:"2025-01-04T10:45:38.295Z"}
{level:"info", message:"Token verified successfully", timestamp:"2025-01-04T10:45:38.308Z"}
{level:"info", message:"Fetched reviews for product", timestamp:"2025-01-04T10:45:38.313Z"}
{level:"info", message:"Fetched single product", timestamp:"2025-01-04T10:46:55.428Z"}
{level:"info", message:"Fetched reviews for product", timestamp:"2025-01-04T10:46:55.471Z"}
{level:"info", message:"Fetched single product", timestamp:"2025-01-04T10:47:16.313Z"}
{level:"info", message:"Fetched reviews for product", timestamp:"2025-01-04T10:47:16.362Z"}
{level:"info", message:"Fetched single product", timestamp:"2025-01-04T10:47:21.433Z"}
{level:"info", message:"Fetched reviews for product", timestamp:"2025-01-04T10:47:21.464Z"}
{level:"info", message:"Fetched single product", timestamp:"2025-01-04T10:47:27.027Z"}
{level:"info", message:"Fetched reviews for product", timestamp:"2025-01-04T10:47:27.069Z"}
{level:"info", message:"Fetched single product", timestamp:"2025-01-04T10:47:34.395Z"}
{level:"info", message:"Fetched reviews for product", timestamp:"2025-01-04T10:47:34.613Z"}
{level:"info", message:"Fetched single product", timestamp:"2025-01-04T10:49:12.017Z"}
{level:"info", message:"Fetched reviews for product", timestamp:"2025-01-04T10:49:12.055Z"}
{level:"info", message:"Fetched products with pagination", timestamp:"2025-01-04T10:49:56.487Z"}
{level:"info", message:"Fetched single product", timestamp:"2025-01-04T10:49:58.072Z"}
{level:"info", message:"Fetched reviews for product", timestamp:"2025-01-04T10:49:58.087Z"}
{level:"info", message:"Fetched single product", timestamp:"2025-01-04T10:51:42.004Z"}
{level:"info", message:"Fetched reviews for product", timestamp:"2025-01-04T10:51:42.028Z"}
{level:"info", message:"Token verified successfully", timestamp:"2025-01-04T10:51:46.103Z"}
{level:"info", message:"Fetched single product", timestamp:"2025-01-04T10:51:46.188Z"}
{level:"info", message:"Fetched reviews for product", timestamp:"2025-01-04T10:51:46.249Z"}
{level:"info", message:"Fetched single product", timestamp:"2025-01-04T10:52:03.917Z"}
{level:"info", message:"Fetched reviews for product", timestamp:"2025-01-04T10:52:03.992Z"}
{level:"info", message:"Fetched products with pagination", timestamp:"2025-01-04T10:52:08.336Z"}
{level:"info", message:"Fetched single product", timestamp:"2025-01-04T10:52:09.282Z"}
{level:"info", message:"Fetched reviews for product", timestamp:"2025-01-04T10:52:09.305Z"}
{level:"info", message:"Fetched single product", timestamp:"2025-01-04T10:53:31.010Z"}
{level:"info", message:"Fetched reviews for product", timestamp:"2025-01-04T10:53:31.043Z"}
{level:"info", message:"Fetched products with pagination", timestamp:"2025-01-04T10:53:37.124Z"}
{level:"info", message:"Token verified successfully", timestamp:"2025-01-04T10:54:19.006Z"}
{level:"info", message:"Fetched single product", timestamp:"2025-01-04T10:54:19.203Z"}
{level:"info", message:"Fetched reviews for product", timestamp:"2025-01-04T10:54:19.334Z"}
{level:"info", message:"Token verified successfully", timestamp:"2025-01-04T10:54:23.887Z"}
{level:"info", message:"Fetched single product", timestamp:"2025-01-04T10:54:24.077Z"}
{level:"info", message:"Fetched reviews for product", timestamp:"2025-01-04T10:54:24.192Z"}
{level:"info", message:"Fetched products with pagination", timestamp:"2025-01-04T10:54:26.055Z"}
{level:"info", message:"Fetched single product", timestamp:"2025-01-04T10:54:27.081Z"}
{level:"info", message:"Fetched reviews for product", timestamp:"2025-01-04T10:54:27.128Z"}
{level:"info", message:"Fetched products with pagination", timestamp:"2025-01-04T10:54:30.028Z"}
{level:"info", message:"Fetched single product", timestamp:"2025-01-04T10:54:31.712Z"}
{level:"info", message:"Fetched reviews for product", timestamp:"2025-01-04T10:54:31.740Z"}
{level:"info", message:"Fetched products with pagination", timestamp:"2025-01-04T10:54:56.172Z"}
{level:"info", message:"Fetched single product", timestamp:"2025-01-04T10:54:57.008Z"}
{level:"info", message:"Fetched reviews for product", timestamp:"2025-01-04T10:54:57.055Z"}
{level:"info", message:"Fetched single product", timestamp:"2025-01-04T10:55:53.034Z"}
{level:"info", message:"Fetched reviews for product", timestamp:"2025-01-04T10:55:53.056Z"}
{level:"info", message:"Fetched single product", timestamp:"2025-01-04T10:55:58.009Z"}
{level:"info", message:"Fetched reviews for product", timestamp:"2025-01-04T10:55:58.213Z"}
{level:"info", message:"Fetched single product", timestamp:"2025-01-04T10:56:04.074Z"}
{level:"info", message:"Fetched reviews for product", timestamp:"2025-01-04T10:56:04.152Z"}
{level:"info", message:"Fetched single product", timestamp:"2025-01-04T10:56:48.045Z"}
{level:"info", message:"Fetched reviews for product", timestamp:"2025-01-04T10:56:49.643Z"}
{level:"info", message:"Fetched single product", timestamp:"2025-01-04T10:59:06.682Z"}
{level:"info", message:"Token verified successfully", timestamp:"2025-01-04T10:59:06.695Z"}
{level:"info", message:"Token verified successfully", timestamp:"2025-01-04T10:59:06.705Z"}
{level:"info", message:"Fetched reviews for product", timestamp:"2025-01-04T10:59:06.790Z"}
{level:"info", message:"Token verified successfully", timestamp:"2025-01-04T10:59:06.826Z"}
{level:"info", message:"Token verified successfully", timestamp:"2025-01-04T10:59:06.950Z"}
{level:"info", message:"Token verified successfully", timestamp:"2025-01-04T10:59:11.003Z"}
{level:"info", message:"Fetched single product", timestamp:"2025-01-04T10:59:11.090Z"}
{level:"info", message:"Token verified successfully", timestamp:"2025-01-04T10:59:11.219Z"}
{level:"info", message:"Token verified successfully", timestamp:"2025-01-04T10:59:11.235Z"}
{level:"info", message:"Fetched reviews for product", timestamp:"2025-01-04T10:59:11.240Z"}
{level:"info", message:"Token verified successfully", timestamp:"2025-01-04T10:59:17.290Z"}
{level:"info", message:"Token verified successfully", timestamp:"2025-01-04T10:59:17.302Z"}
{level:"info", message:"Token verified successfully", timestamp:"2025-01-04T10:59:19.126Z"}
{level:"info", message:"Token verified successfully", timestamp:"2025-01-04T10:59:19.130Z"}
{level:"info", message:"Token verified successfully", timestamp:"2025-01-04T10:59:20.493Z"}
{level:"info", message:"Token verified successfully", timestamp:"2025-01-04T10:59:20.497Z"}
{level:"info", message:"Token verified successfully", timestamp:"2025-01-04T10:59:22.885Z"}
{level:"info", message:"Token verified successfully", timestamp:"2025-01-04T10:59:22.891Z"}
{level:"info", message:"Token verified successfully", timestamp:"2025-01-04T11:00:11.199Z"}
{level:"info", message:"Fetched single product", timestamp:"2025-01-04T11:00:11.275Z"}
{level:"info", message:"Token verified successfully", timestamp:"2025-01-04T11:00:11.390Z"}
{level:"info", message:"Token verified successfully", timestamp:"2025-01-04T11:00:11.400Z"}
{level:"info", message:"Fetched reviews for product", timestamp:"2025-01-04T11:00:11.406Z"}
{level:"info", message:"Token verified successfully", timestamp:"2025-01-04T11:00:44.914Z"}
{level:"info", message:"Fetched single product", timestamp:"2025-01-04T11:00:45.033Z"}
{level:"info", message:"Token verified successfully", timestamp:"2025-01-04T11:00:45.164Z"}
{level:"info", message:"Fetched reviews for product", timestamp:"2025-01-04T11:00:45.166Z"}
{level:"info", message:"Token verified successfully", timestamp:"2025-01-04T11:00:45.183Z"}
{level:"info", message:"Fetched single product", timestamp:"2025-01-04T11:01:44.802Z"}
{level:"info", message:"Fetched reviews for product", timestamp:"2025-01-04T11:01:44.823Z"}
{level:"info", message:"Token verified successfully", timestamp:"2025-01-04T11:01:44.845Z"}
{level:"info", message:"Token verified successfully", timestamp:"2025-01-04T11:01:44.866Z"}
{level:"info", message:"Fetched single product", timestamp:"2025-01-04T11:01:52.023Z"}
{level:"info", message:"Fetched reviews for product", timestamp:"2025-01-04T11:01:52.061Z"}
{level:"info", message:"Token verified successfully", timestamp:"2025-01-04T11:01:52.093Z"}
{level:"info", message:"Token verified successfully", timestamp:"2025-01-04T11:01:52.129Z"}
{level:"info", message:"Token verified successfully", timestamp:"2025-01-04T11:01:55.476Z"}
{level:"info", message:"Fetched single product", timestamp:"2025-01-04T11:01:55.536Z"}
{level:"info", message:"Token verified successfully", timestamp:"2025-01-04T11:01:55.647Z"}
{level:"info", message:"Token verified successfully", timestamp:"2025-01-04T11:01:55.683Z"}
{level:"info", message:"Fetched reviews for product", timestamp:"2025-01-04T11:01:55.706Z"}
{level:"info", message:"Token verified successfully", timestamp:"2025-01-04T11:02:18.797Z"}
{level:"info", message:"Fetched single product", timestamp:"2025-01-04T11:02:18.904Z"}
{level:"info", message:"Fetched reviews for product", timestamp:"2025-01-04T11:02:18.994Z"}
{level:"info", message:"Token verified successfully", timestamp:"2025-01-04T11:02:19.008Z"}
{level:"info", message:"Token verified successfully", timestamp:"2025-01-04T11:02:19.012Z"}
{level:"info", message:"Fetched products with pagination", timestamp:"2025-01-04T11:02:26.377Z"}
{level:"info", message:"Fetched single product", timestamp:"2025-01-04T11:02:27.771Z"}
{level:"info", message:"Token verified successfully", timestamp:"2025-01-04T11:02:27.839Z"}
{level:"info", message:"Fetched reviews for product", timestamp:"2025-01-04T11:02:27.842Z"}
{level:"info", message:"Token verified successfully", timestamp:"2025-01-04T11:02:27.847Z"}
{level:"info", message:"Fetched products with pagination", timestamp:"2025-01-04T11:02:29.599Z"}
{level:"info", message:"Fetched single product", timestamp:"2025-01-04T11:02:30.410Z"}
{level:"info", message:"Token verified successfully", timestamp:"2025-01-04T11:02:30.470Z"}
{level:"info", message:"Token verified successfully", timestamp:"2025-01-04T11:02:30.474Z"}
{level:"info", message:"Fetched reviews for product", timestamp:"2025-01-04T11:02:30.479Z"}
{level:"info", message:"Fetched products with pagination", timestamp:"2025-01-04T11:02:31.758Z"}
{level:"info", message:"Fetched single product", timestamp:"2025-01-04T11:02:32.313Z"}
{level:"info", message:"Token verified successfully", timestamp:"2025-01-04T11:02:32.366Z"}
{level:"info", message:"Token verified successfully", timestamp:"2025-01-04T11:02:32.372Z"}
{level:"info", message:"Fetched reviews for product", timestamp:"2025-01-04T11:02:32.377Z"}
{level:"info", message:"Fetched products with pagination", timestamp:"2025-01-04T11:02:38.655Z"}
{level:"info", message:"Fetched single product", timestamp:"2025-01-04T11:02:39.430Z"}
{level:"info", message:"Fetched reviews for product", timestamp:"2025-01-04T11:02:39.491Z"}
{level:"info", message:"Token verified successfully", timestamp:"2025-01-04T11:02:39.498Z"}
{level:"info", message:"Token verified successfully", timestamp:"2025-01-04T11:02:39.505Z"}
{level:"info", message:"Fetched products with pagination", timestamp:"2025-01-04T11:02:40.885Z"}
{level:"info", message:"Fetched single product", timestamp:"2025-01-04T11:02:41.869Z"}
{level:"info", message:"Token verified successfully", timestamp:"2025-01-04T11:02:41.891Z"}
{level:"info", message:"Fetched reviews for product", timestamp:"2025-01-04T11:02:41.898Z"}
{level:"info", message:"Token verified successfully", timestamp:"2025-01-04T11:02:41.925Z"}
{level:"info", message:"Fetched products with pagination", timestamp:"2025-01-04T11:02:43.288Z"}
{level:"info", message:"Fetched single product", timestamp:"2025-01-04T11:02:44.175Z"}
{level:"info", message:"Token verified successfully", timestamp:"2025-01-04T11:02:44.235Z"}
{level:"info", message:"Token verified successfully", timestamp:"2025-01-04T11:02:44.240Z"}
{level:"info", message:"Fetched reviews for product", timestamp:"2025-01-04T11:02:44.243Z"}
{level:"info", message:"Fetched products with pagination", timestamp:"2025-01-04T11:02:45.577Z"}
{level:"info", message:"Fetched single product", timestamp:"2025-01-04T11:02:46.087Z"}
{level:"info", message:"Fetched reviews for product", timestamp:"2025-01-04T11:02:46.147Z"}
{level:"info", message:"Token verified successfully", timestamp:"2025-01-04T11:02:46.153Z"}
{level:"info", message:"Token verified successfully", timestamp:"2025-01-04T11:02:46.157Z"}
{level:"info", message:"Fetched products with pagination", timestamp:"2025-01-04T11:02:47.753Z"}
{level:"info", message:"Fetched single product", timestamp:"2025-01-04T11:04:35.306Z"}
{level:"info", message:"Token verified successfully", timestamp:"2025-01-04T11:04:35.384Z"}
{level:"info", message:"Token verified successfully", timestamp:"2025-01-04T11:04:35.390Z"}
{level:"info", message:"Fetched reviews for product", timestamp:"2025-01-04T11:04:35.408Z"}
{level:"info", message:"Fetched single product", timestamp:"2025-01-04T11:04:49.022Z"}
{level:"info", message:"Fetched reviews for product", timestamp:"2025-01-04T11:04:49.104Z"}
{level:"info", message:"Token verified successfully", timestamp:"2025-01-04T11:04:49.116Z"}
{level:"info", message:"Token verified successfully", timestamp:"2025-01-04T11:04:49.166Z"}
{level:"info", message:"Token verified successfully", timestamp:"2025-01-04T11:04:54.677Z"}
{level:"info", message:"Fetched single product", timestamp:"2025-01-04T11:04:54.759Z"}
{level:"info", message:"Token verified successfully", timestamp:"2025-01-04T11:04:54.871Z"}
{level:"info", message:"Token verified successfully", timestamp:"2025-01-04T11:04:54.877Z"}
{level:"info", message:"Fetched reviews for product", timestamp:"2025-01-04T11:04:54.880Z"}
{level:"info", message:"Fetched single product", timestamp:"2025-01-04T11:04:59.029Z"}
{level:"info", message:"Fetched reviews for product", timestamp:"2025-01-04T11:04:59.109Z"}
{level:"info", message:"Token verified successfully", timestamp:"2025-01-04T11:04:59.283Z"}
{level:"info", message:"Token verified successfully", timestamp:"2025-01-04T11:04:59.287Z"}
{level:"info", message:"Fetched single product", timestamp:"2025-01-04T11:05:07.026Z"}
{level:"info", message:"Fetched reviews for product", timestamp:"2025-01-04T11:05:07.059Z"}
{level:"info", message:"Token verified successfully", timestamp:"2025-01-04T11:05:07.091Z"}
{level:"info", message:"Token verified successfully", timestamp:"2025-01-04T11:05:07.143Z"}
{level:"info", message:"Fetched single product", timestamp:"2025-01-04T11:06:00.606Z"}
{level:"info", message:"Fetched reviews for product", timestamp:"2025-01-04T11:06:00.636Z"}
{level:"info", message:"Token verified successfully", timestamp:"2025-01-04T11:06:00.648Z"}
{level:"info", message:"Token verified successfully", timestamp:"2025-01-04T11:06:00.669Z"}
{level:"info", message:"Fetched single product", timestamp:"2025-01-04T11:06:40.042Z"}
{level:"info", message:"Fetched reviews for product", timestamp:"2025-01-04T11:06:40.070Z"}
{level:"info", message:"Token verified successfully", timestamp:"2025-01-04T11:06:40.091Z"}
{level:"info", message:"Token verified successfully", timestamp:"2025-01-04T11:06:40.115Z"}
{level:"info", message:"Token verified successfully", timestamp:"2025-01-04T11:06:52.670Z"}
{level:"info", message:"Fetched single product", timestamp:"2025-01-04T11:06:52.785Z"}
{level:"info", message:"Token verified successfully", timestamp:"2025-01-04T11:06:52.888Z"}
{level:"info", message:"Fetched reviews for product", timestamp:"2025-01-04T11:06:52.894Z"}
{level:"info", message:"Token verified successfully", timestamp:"2025-01-04T11:06:52.898Z"}
{level:"info", message:"Fetched single product", timestamp:"2025-01-04T11:07:05.225Z"}
{level:"info", message:"Token verified successfully", timestamp:"2025-01-04T11:07:05.291Z"}
{level:"info", message:"Token verified successfully", timestamp:"2025-01-04T11:07:05.295Z"}
{level:"info", message:"Fetched reviews for product", timestamp:"2025-01-04T11:07:05.329Z"}
{level:"info", message:"Token verified successfully", timestamp:"2025-01-04T11:07:07.490Z"}
{level:"info", message:"Fetched single product", timestamp:"2025-01-04T11:07:07.637Z"}
{level:"info", message:"Token verified successfully", timestamp:"2025-01-04T11:07:07.760Z"}
{level:"info", message:"Token verified successfully", timestamp:"2025-01-04T11:07:07.764Z"}
{level:"info", message:"Fetched reviews for product", timestamp:"2025-01-04T11:07:07.767Z"}
{level:"info", message:"Fetched products with pagination", timestamp:"2025-01-04T11:07:13.585Z"}
{level:"info", message:"Fetched single product", timestamp:"2025-01-04T11:07:14.632Z"}
{level:"info", message:"Token verified successfully", timestamp:"2025-01-04T11:07:14.686Z"}
{level:"info", message:"Fetched reviews for product", timestamp:"2025-01-04T11:07:14.690Z"}
{level:"info", message:"Token verified successfully", timestamp:"2025-01-04T11:07:14.695Z"}
{level:"info", message:"Fetched products with pagination", timestamp:"2025-01-04T11:07:19.120Z"}
{level:"info", message:"Fetched single product", timestamp:"2025-01-04T11:07:19.949Z"}
{level:"info", message:"Token verified successfully", timestamp:"2025-01-04T11:07:20.010Z"}
{level:"info", message:"Token verified successfully", timestamp:"2025-01-04T11:07:20.014Z"}
{level:"info", message:"Fetched reviews for product", timestamp:"2025-01-04T11:07:20.018Z"}
{level:"info", message:"Token verified successfully", timestamp:"2025-01-04T11:12:07.766Z"}
{level:"info", message:"Token verified successfully", timestamp:"2025-01-04T11:12:07.818Z"}
{level:"info", message:"Token verified successfully", timestamp:"2025-01-04T11:12:09.675Z"}
{level:"info", message:"Token verified successfully", timestamp:"2025-01-04T11:12:09.687Z"}
{level:"info", message:"Token verified successfully", timestamp:"2025-01-04T11:12:23.150Z"}
{level:"info", message:"Token verified successfully", timestamp:"2025-01-04T11:12:23.196Z"}
{level:"info", message:"Token verified successfully", timestamp:"2025-01-04T11:12:23.233Z"}
{level:"info", message:"Token verified successfully", timestamp:"2025-01-04T11:12:23.252Z"}
{level:"info", message:"Token verified successfully", timestamp:"2025-01-04T11:12:26.986Z"}
{level:"info", message:"Token verified successfully", timestamp:"2025-01-04T11:12:27.074Z"}
{level:"info", message:"Token verified successfully", timestamp:"2025-01-04T11:12:49.643Z"}
{level:"info", message:"Token verified successfully", timestamp:"2025-01-04T11:12:49.647Z"}
{level:"info", message:"Token verified successfully", timestamp:"2025-01-04T11:12:58.132Z"}
{level:"info", message:"Token verified successfully", timestamp:"2025-01-04T11:12:58.150Z"}
{level:"info", message:"Token verified successfully", timestamp:"2025-01-04T11:13:31.438Z"}
{level:"info", message:"Fetched single product", timestamp:"2025-01-04T11:13:31.610Z"}
{level:"info", message:"Fetched reviews for product", timestamp:"2025-01-04T11:13:31.780Z"}
{level:"info", message:"Token verified successfully", timestamp:"2025-01-04T11:13:31.790Z"}
{level:"info", message:"Token verified successfully", timestamp:"2025-01-04T11:13:31.801Z"}
{level:"info", message:"Token verified successfully", timestamp:"2025-01-04T11:13:49.015Z"}
{level:"info", message:"Fetched single product", timestamp:"2025-01-04T11:13:49.048Z"}
{level:"info", message:"Fetched reviews for product", timestamp:"2025-01-04T11:13:49.093Z"}
{level:"info", message:"Token verified successfully", timestamp:"2025-01-04T11:13:49.112Z"}
{level:"info", message:"Token verified successfully", timestamp:"2025-01-04T11:13:49.117Z"}
{level:"info", message:"Token verified successfully", timestamp:"2025-01-04T11:14:01.408Z"}
{level:"info", message:"Fetched single product", timestamp:"2025-01-04T11:14:01.507Z"}
{level:"info", message:"Fetched reviews for product", timestamp:"2025-01-04T11:14:01.686Z"}
{level:"info", message:"Token verified successfully", timestamp:"2025-01-04T11:14:01.697Z"}
{level:"info", message:"Token verified successfully", timestamp:"2025-01-04T11:14:01.702Z"}
{level:"info", message:"Token verified successfully", timestamp:"2025-01-04T11:14:05.457Z"}
{level:"info", message:"Token verified successfully", timestamp:"2025-01-04T11:14:05.462Z"}
{level:"info", message:"Token verified successfully", timestamp:"2025-01-04T11:14:25.722Z"}
{level:"info", message:"Token verified successfully", timestamp:"2025-01-04T11:14:25.726Z"}
{level:"info", message:"Token verified successfully", timestamp:"2025-01-04T11:14:25.732Z"}
{level:"info", message:"Token verified successfully", timestamp:"2025-01-04T11:14:25.890Z"}
{level:"info", message:"Token verified successfully", timestamp:"2025-01-04T11:14:27.721Z"}
{level:"info", message:"Token verified successfully", timestamp:"2025-01-04T11:14:27.757Z"}
{level:"info", message:"Token verified successfully", timestamp:"2025-01-04T11:15:07.253Z"}
{level:"info", message:"Token verified successfully", timestamp:"2025-01-04T11:15:07.256Z"}
{level:"warn", message:"Token verification failed", timestamp:"2025-01-04T11:15:39.526Z"}
{level:"info", message:"User logged in successfully", timestamp:"2025-01-04T11:15:40.798Z"}
{level:"info", message:"Product updated successfully", timestamp:"2025-01-04T11:16:33.656Z"}
{level:"info", message:"Token verified successfully", timestamp:"2025-01-04T11:16:45.599Z"}
{level:"info", message:"Fetched single product", timestamp:"2025-01-04T11:16:45.679Z"}
{level:"info", message:"Fetched reviews for product", timestamp:"2025-01-04T11:16:45.765Z"}
{level:"info", message:"Token verified successfully", timestamp:"2025-01-04T11:16:45.796Z"}
{level:"info", message:"Token verified successfully", timestamp:"2025-01-04T11:16:45.818Z"}
{level:"info", message:"Fetched single product", timestamp:"2025-01-04T11:20:12.920Z"}
{level:"info", message:"Fetched reviews for product", timestamp:"2025-01-04T11:20:13.020Z"}
{level:"info", message:"Token verified successfully", timestamp:"2025-01-04T11:20:13.026Z"}
{level:"info", message:"Token verified successfully", timestamp:"2025-01-04T11:20:13.031Z"}
{level:"info", message:"Fetched single product", timestamp:"2025-01-04T11:20:22.181Z"}
{level:"info", message:"Token verified successfully", timestamp:"2025-01-04T11:20:22.374Z"}
{level:"info", message:"Token verified successfully", timestamp:"2025-01-04T11:20:22.378Z"}
{level:"info", message:"Fetched reviews for product", timestamp:"2025-01-04T11:20:22.381Z"}
{level:"info", message:"Fetched single product", timestamp:"2025-01-04T11:20:36.680Z"}
{level:"info", message:"Token verified successfully", timestamp:"2025-01-04T11:20:36.824Z"}
{level:"info", message:"Token verified successfully", timestamp:"2025-01-04T11:20:36.829Z"}
{level:"info", message:"Fetched reviews for product", timestamp:"2025-01-04T11:20:36.832Z"}
{level:"info", message:"Fetched single product", timestamp:"2025-01-04T11:20:43.017Z"}
{level:"info", message:"Fetched reviews for product", timestamp:"2025-01-04T11:20:43.060Z"}
{level:"info", message:"Token verified successfully", timestamp:"2025-01-04T11:20:43.071Z"}
{level:"info", message:"Token verified successfully", timestamp:"2025-01-04T11:20:43.099Z"}
{level:"info", message:"Fetched products with pagination", timestamp:"2025-01-04T11:20:50.768Z"}
{level:"info", message:"Fetched single product", timestamp:"2025-01-04T11:20:52.104Z"}
{level:"info", message:"Token verified successfully", timestamp:"2025-01-04T11:20:52.168Z"}
{level:"info", message:"Token verified successfully", timestamp:"2025-01-04T11:20:52.175Z"}
{level:"info", message:"Fetched reviews for product", timestamp:"2025-01-04T11:20:52.190Z"}
{level:"info", message:"Fetched products with pagination", timestamp:"2025-01-04T11:20:53.465Z"}
{level:"info", message:"Fetched single product", timestamp:"2025-01-04T11:20:54.017Z"}
{level:"info", message:"Token verified successfully", timestamp:"2025-01-04T11:20:54.068Z"}
{level:"info", message:"Token verified successfully", timestamp:"2025-01-04T11:20:54.072Z"}
{level:"info", message:"Fetched reviews for product", timestamp:"2025-01-04T11:20:54.086Z"}
{level:"info", message:"Fetched products with pagination", timestamp:"2025-01-04T11:20:59.086Z"}
{level:"info", message:"Fetched single product", timestamp:"2025-01-04T11:20:59.946Z"}
{level:"info", message:"Token verified successfully", timestamp:"2025-01-04T11:20:59.999Z"}
{level:"info", message:"Token verified successfully", timestamp:"2025-01-04T11:21:00.004Z"}
{level:"info", message:"Fetched reviews for product", timestamp:"2025-01-04T11:21:00.018Z"}
{level:"info", message:"Fetched single product", timestamp:"2025-01-04T11:22:25.253Z"}
{level:"info", message:"Token verified successfully", timestamp:"2025-01-04T11:22:25.337Z"}
{level:"info", message:"Token verified successfully", timestamp:"2025-01-04T11:22:25.345Z"}
{level:"info", message:"Fetched reviews for product", timestamp:"2025-01-04T11:22:25.349Z"}
{level:"info", message:"Fetched single product", timestamp:"2025-01-04T11:22:50.371Z"}
{level:"info", message:"Token verified successfully", timestamp:"2025-01-04T11:22:50.440Z"}
{level:"info", message:"Token verified successfully", timestamp:"2025-01-04T11:22:50.444Z"}
{level:"info", message:"Fetched reviews for product", timestamp:"2025-01-04T11:22:50.450Z"}
{level:"info", message:"Token verified successfully", timestamp:"2025-01-04T11:25:36.661Z"}
{level:"info", message:"Fetched single product", timestamp:"2025-01-04T11:25:37.134Z"}
{level:"info", message:"Fetched reviews for product", timestamp:"2025-01-04T11:25:37.185Z"}
{level:"info", message:"Token verified successfully", timestamp:"2025-01-04T11:25:37.198Z"}
{level:"info", message:"Token verified successfully", timestamp:"2025-01-04T11:25:37.224Z"}
{level:"info", message:"Token verified successfully", timestamp:"2025-01-04T11:25:45.317Z"}
{level:"info", message:"Fetched single product", timestamp:"2025-01-04T11:25:45.506Z"}
{level:"info", message:"Token verified successfully", timestamp:"2025-01-04T11:25:45.704Z"}
{level:"info", message:"Token verified successfully", timestamp:"2025-01-04T11:25:45.711Z"}
{level:"info", message:"Fetched reviews for product", timestamp:"2025-01-04T11:25:45.728Z"}
{level:"info", message:"Fetched single product", timestamp:"2025-01-04T11:27:09.935Z"}
{level:"info", message:"Token verified successfully", timestamp:"2025-01-04T11:27:10.028Z"}
{level:"info", message:"Token verified successfully", timestamp:"2025-01-04T11:27:10.035Z"}
{level:"info", message:"Fetched reviews for product", timestamp:"2025-01-04T11:27:10.042Z"}
{level:"info", message:"Fetched products with pagination", timestamp:"2025-01-04T11:27:25.264Z"}
{level:"info", message:"Fetched single product", timestamp:"2025-01-04T11:27:26.710Z"}
{level:"info", message:"Fetched reviews for product", timestamp:"2025-01-04T11:27:26.765Z"}
{level:"info", message:"Token verified successfully", timestamp:"2025-01-04T11:27:26.770Z"}
{level:"info", message:"Token verified successfully", timestamp:"2025-01-04T11:27:26.780Z"}
{level:"info", message:"Fetched products with pagination", timestamp:"2025-01-04T11:27:28.282Z"}
{level:"info", message:"Fetched single product", timestamp:"2025-01-04T11:27:28.863Z"}
{level:"info", message:"Token verified successfully", timestamp:"2025-01-04T11:27:28.917Z"}
{level:"info", message:"Token verified successfully", timestamp:"2025-01-04T11:27:28.922Z"}
{level:"info", message:"Fetched reviews for product", timestamp:"2025-01-04T11:27:28.927Z"}
{level:"info", message:"Token verified successfully", timestamp:"2025-01-04T11:28:35.555Z"}
{level:"info", message:"Fetched single product", timestamp:"2025-01-04T11:28:35.658Z"}
{level:"info", message:"Token verified successfully", timestamp:"2025-01-04T11:28:35.753Z"}
{level:"info", message:"Token verified successfully", timestamp:"2025-01-04T11:28:35.757Z"}
{level:"info", message:"Fetched reviews for product", timestamp:"2025-01-04T11:28:35.760Z"}
{level:"info", message:"Token verified successfully", timestamp:"2025-01-04T11:29:34.889Z"}
{level:"info", message:"Fetched single product", timestamp:"2025-01-04T11:29:34.976Z"}
{level:"info", message:"Token verified successfully", timestamp:"2025-01-04T11:29:35.106Z"}
{level:"info", message:"Token verified successfully", timestamp:"2025-01-04T11:29:35.112Z"}
{level:"info", message:"Fetched reviews for product", timestamp:"2025-01-04T11:29:35.115Z"}
{level:"info", message:"Token verified successfully", timestamp:"2025-01-04T11:29:59.898Z"}
{level:"info", message:"Fetched single product", timestamp:"2025-01-04T11:29:59.982Z"}
{level:"info", message:"Fetched reviews for product", timestamp:"2025-01-04T11:30:00.121Z"}
{level:"info", message:"Token verified successfully", timestamp:"2025-01-04T11:30:00.127Z"}
{level:"info", message:"Token verified successfully", timestamp:"2025-01-04T11:30:00.135Z"}
{level:"info", message:"Fetched products with pagination", timestamp:"2025-01-04T11:30:11.345Z"}
{level:"info", message:"Fetched single product", timestamp:"2025-01-04T11:30:12.480Z"}
{level:"info", message:"Token verified successfully", timestamp:"2025-01-04T11:30:12.539Z"}
{level:"info", message:"Token verified successfully", timestamp:"2025-01-04T11:30:12.544Z"}
{level:"info", message:"Fetched reviews for product", timestamp:"2025-01-04T11:30:12.547Z"}
{level:"info", message:"Fetched products with pagination", timestamp:"2025-01-04T11:30:31.762Z"}
{level:"info", message:"Fetched single product", timestamp:"2025-01-04T11:30:32.735Z"}
{level:"info", message:"Fetched reviews for product", timestamp:"2025-01-04T11:30:32.783Z"}
{level:"info", message:"Token verified successfully", timestamp:"2025-01-04T11:30:32.789Z"}
{level:"info", message:"Token verified successfully", timestamp:"2025-01-04T11:30:32.808Z"}
{level:"info", message:"Fetched single product", timestamp:"2025-01-04T11:31:28.106Z"}
{level:"info", message:"Token verified successfully", timestamp:"2025-01-04T11:31:28.163Z"}
{level:"info", message:"Token verified successfully", timestamp:"2025-01-04T11:31:28.171Z"}
{level:"info", message:"Fetched reviews for product", timestamp:"2025-01-04T11:31:28.174Z"}
{level:"info", message:"Review fetched successfully", timestamp:"2025-01-04T11:32:02.191Z"}
{level:"info", message:"Fetched single product", timestamp:"2025-01-04T11:32:07.895Z"}
{level:"info", message:"Fetched reviews for product", timestamp:"2025-01-04T11:32:08.009Z"}
{level:"info", message:"Token verified successfully", timestamp:"2025-01-04T11:32:08.019Z"}
{level:"info", message:"Token verified successfully", timestamp:"2025-01-04T11:32:08.023Z"}
{level:"info", message:"Token verified successfully", timestamp:"2025-01-04T11:33:52.811Z"}
{level:"info", message:"Token verified successfully", timestamp:"2025-01-04T11:33:52.820Z"}
{level:"info", message:"Token verified successfully", timestamp:"2025-01-04T11:33:55.447Z"}
{level:"info", message:"Token verified successfully", timestamp:"2025-01-04T11:33:55.460Z"}
{level:"info", message:"Token verified successfully", timestamp:"2025-01-04T11:33:56.851Z"}
{level:"info", message:"Token verified successfully", timestamp:"2025-01-04T11:33:56.861Z"}
{level:"info", message:"Token verified successfully", timestamp:"2025-01-04T11:33:58.635Z"}
{level:"info", message:"Token verified successfully", timestamp:"2025-01-04T11:33:58.646Z"}
{level:"info", message:"Fetched products with pagination", timestamp:"2025-01-04T11:35:04.641Z"}
{level:"info", message:"Fetched single product", timestamp:"2025-01-04T11:35:06.281Z"}
{level:"warn", message:"Token verification failed", timestamp:"2025-01-04T11:35:06.335Z"}
{level:"info", message:"Fetched reviews for product", timestamp:"2025-01-04T11:35:06.340Z"}
{level:"warn", message:"Token verification failed", timestamp:"2025-01-04T11:35:06.355Z"}
{level:"warn", message:"Authorization header is missing", timestamp:"2025-01-04T11:36:56.346Z"}
{level:"warn", message:"Token verification failed", timestamp:"2025-01-04T11:38:28.735Z"}
{level:"info", message:"Fetched single product", timestamp:"2025-01-04T11:38:28.907Z"}
{level:"info", message:"Fetched reviews for product", timestamp:"2025-01-04T11:38:29.022Z"}
{level:"info", message:"User logged in successfully", timestamp:"2025-01-04T11:38:34.586Z"}
{level:"info", message:"Fetched single product", timestamp:"2025-01-04T11:38:34.678Z"}
{level:"info", message:"Token verified successfully", timestamp:"2025-01-04T11:38:34.784Z"}
{level:"info", message:"Token verified successfully", timestamp:"2025-01-04T11:38:34.795Z"}
{level:"info", message:"Fetched reviews for product", timestamp:"2025-01-04T11:38:34.800Z"}
{level:"info", message:"User logged in successfully", timestamp:"2025-01-04T11:41:31.781Z"}
{level:"info", message:"Fetched products with pagination", timestamp:"2025-01-04T11:41:41.543Z"}
{level:"info", message:"Fetched single product", timestamp:"2025-01-04T11:41:43.738Z"}
{level:"info", message:"Token verified successfully", timestamp:"2025-01-04T11:41:43.817Z"}
{level:"info", message:"Token verified successfully", timestamp:"2025-01-04T11:41:43.828Z"}
{level:"info", message:"Fetched reviews for product", timestamp:"2025-01-04T11:41:43.841Z"}
{level:"warn", message:"Token verification failed", timestamp:"2025-01-04T11:43:44.240Z"}
{level:"warn", message:"Token verification failed", timestamp:"2025-01-04T11:43:44.251Z"}
{level:"warn", message:"Token verification failed", timestamp:"2025-01-04T11:43:52.354Z"}
{level:"warn", message:"Token verification failed", timestamp:"2025-01-04T11:43:52.364Z"}
{level:"warn", message:"Token verification failed", timestamp:"2025-01-04T11:43:55.587Z"}
{level:"warn", message:"Token verification failed", timestamp:"2025-01-04T11:43:55.599Z"}
{level:"warn", message:"Token verification failed", timestamp:"2025-01-04T11:43:59.083Z"}
{level:"warn", message:"Token verification failed", timestamp:"2025-01-04T11:43:59.103Z"}
{level:"warn", message:"Token verification failed", timestamp:"2025-01-04T11:45:03.977Z"}
{level:"info", message:"Fetched single product", timestamp:"2025-01-04T11:45:04.250Z"}
{level:"info", message:"Fetched reviews for product", timestamp:"2025-01-04T11:45:04.339Z"}
{level:"info", message:"User logged in successfully", timestamp:"2025-01-04T11:45:10.529Z"}
{level:"info", message:"Fetched single product", timestamp:"2025-01-04T11:45:10.649Z"}
{level:"info", message:"Fetched reviews for product", timestamp:"2025-01-04T11:45:10.775Z"}
{level:"info", message:"Token verified successfully", timestamp:"2025-01-04T11:45:10.796Z"}
{level:"info", message:"Token verified successfully", timestamp:"2025-01-04T11:45:10.804Z"}
{level:"info", message:"Fetched single product", timestamp:"2025-01-04T11:45:33.841Z"}
{level:"info", message:"Fetched reviews for product", timestamp:"2025-01-04T11:45:33.969Z"}
{level:"info", message:"User logged in successfully", timestamp:"2025-01-04T11:45:39.242Z"}
{level:"info", message:"Fetched single product", timestamp:"2025-01-04T11:45:39.329Z"}
{level:"info", message:"Fetched reviews for product", timestamp:"2025-01-04T11:45:39.389Z"}
{level:"info", message:"Token verified successfully", timestamp:"2025-01-04T11:45:39.394Z"}
{level:"info", message:"Token verified successfully", timestamp:"2025-01-04T11:45:39.400Z"}
{level:"info", message:"Fetched reviews for product", timestamp:"2025-01-04T11:51:21.523Z"}
{level:"info", message:"Fetched reviews for product", timestamp:"2025-01-04T11:54:33.324Z"}
{level:"info", message:"Fetched reviews for product", timestamp:"2025-01-04T11:55:19.035Z"}
{level:"info", message:"Fetched reviews for product", timestamp:"2025-01-04T11:56:34.028Z"}
{level:"info", message:"Fetched reviews for product", timestamp:"2025-01-04T11:56:41.926Z"}
{level:"info", message:"Fetched reviews for product", timestamp:"2025-01-04T11:56:46.425Z"}
{level:"info", message:"Fetched reviews for product", timestamp:"2025-01-04T11:56:52.527Z"}
{level:"info", message:"Fetched reviews for product", timestamp:"2025-01-04T11:56:57.359Z"}
{level:"info", message:"Fetched reviews for product", timestamp:"2025-01-04T11:57:01.003Z"}
{level:"info", message:"Fetched reviews for product", timestamp:"2025-01-04T11:57:39.072Z"}
{level:"info", message:"Fetched reviews for product", timestamp:"2025-01-04T11:58:59.104Z"}
{level:"info", message:"Token verified successfully", timestamp:"2025-01-04T11:59:11.805Z"}
{level:"info", message:"Fetched single product", timestamp:"2025-01-04T11:59:11.895Z"}
{level:"info", message:"Token verified successfully", timestamp:"2025-01-04T11:59:12.049Z"}
{level:"info", message:"Token verified successfully", timestamp:"2025-01-04T11:59:12.058Z"}
{level:"info", message:"Fetched reviews for product", timestamp:"2025-01-04T11:59:12.065Z"}
{level:"info", message:"Fetched reviews for product", timestamp:"2025-01-04T11:59:16.405Z"}
{level:"info", message:"Fetched reviews for product", timestamp:"2025-01-04T12:01:15.131Z"}
{level:"info", message:"Fetched reviews for product", timestamp:"2025-01-04T12:01:19.019Z"}
{level:"info", message:"Fetched reviews for product", timestamp:"2025-01-04T12:01:28.820Z"}
{level:"info", message:"Fetched reviews for product", timestamp:"2025-01-04T12:01:34.020Z"}
{level:"info", message:"Token verified successfully", timestamp:"2025-01-04T12:04:51.905Z"}
{level:"info", message:"Fetched single product", timestamp:"2025-01-04T12:04:51.974Z"}
{level:"info", message:"Fetched reviews for product", timestamp:"2025-01-04T12:04:52.090Z"}
{level:"info", message:"Token verified successfully", timestamp:"2025-01-04T12:04:52.120Z"}
{level:"info", message:"Token verified successfully", timestamp:"2025-01-04T12:04:52.132Z"}
{level:"info", message:"Fetched products with pagination", timestamp:"2025-01-04T12:06:17.066Z"}
{level:"info", message:"Token verified successfully", timestamp:"2025-01-04T12:11:04.119Z"}
{level:"info", message:"Fetched products with pagination", timestamp:"2025-01-04T12:11:04.254Z"}
{level:"info", message:"Token verified successfully", timestamp:"2025-01-04T12:11:11.267Z"}
{level:"info", message:"Fetched products with pagination", timestamp:"2025-01-04T12:11:11.734Z"}
{level:"info", message:"Fetched products with pagination", timestamp:"2025-01-04T12:13:26.419Z"}
{level:"info", message:"Fetched products with pagination", timestamp:"2025-01-04T12:13:33.150Z"}
{level:"info", message:"Fetched products with pagination", timestamp:"2025-01-04T12:13:38.695Z"}
{level:"info", message:"Fetched products with pagination", timestamp:"2025-01-04T12:14:36.641Z"}
{level:"info", message:"Fetched single product", timestamp:"2025-01-04T12:14:38.492Z"}
{level:"info", message:"Token verified successfully", timestamp:"2025-01-04T12:14:38.609Z"}
{level:"info", message:"Token verified successfully", timestamp:"2025-01-04T12:14:38.614Z"}
{level:"info", message:"Fetched reviews for product", timestamp:"2025-01-04T12:14:38.618Z"}
{level:"info", message:"Fetched single product", timestamp:"2025-01-04T12:15:01.009Z"}
{level:"info", message:"Fetched reviews for product", timestamp:"2025-01-04T12:15:01.086Z"}
{level:"info", message:"Token verified successfully", timestamp:"2025-01-04T12:15:01.099Z"}
{level:"info", message:"Token verified successfully", timestamp:"2025-01-04T12:15:01.118Z"}
{level:"info", message:"Fetched single product", timestamp:"2025-01-04T12:15:07.764Z"}
{level:"info", message:"Fetched reviews for product", timestamp:"2025-01-04T12:15:07.874Z"}
{level:"info", message:"Token verified successfully", timestamp:"2025-01-04T12:15:07.897Z"}
{level:"info", message:"Token verified successfully", timestamp:"2025-01-04T12:15:07.903Z"}
{level:"info", message:"Fetched single product", timestamp:"2025-01-04T12:16:51.847Z"}
{level:"info", message:"Token verified successfully", timestamp:"2025-01-04T12:16:53.271Z"}
{level:"info", message:"Token verified successfully", timestamp:"2025-01-04T12:16:53.383Z"}
{level:"info", message:"Fetched reviews for product", timestamp:"2025-01-04T12:16:53.498Z"}
{level:"info", message:"Fetched single product", timestamp:"2025-01-04T12:18:10.990Z"}
{level:"info", message:"Fetched single product", timestamp:"2025-01-04T12:18:11.583Z"}
{level:"info", message:"Fetched reviews for product", timestamp:"2025-01-04T12:18:12.215Z"}
{level:"info", message:"Token verified successfully", timestamp:"2025-01-04T12:18:12.306Z"}
{level:"info", message:"Token verified successfully", timestamp:"2025-01-04T12:18:12.479Z"}
{level:"info", message:"Fetched reviews for product", timestamp:"2025-01-04T12:20:08.802Z"}
{level:"info", message:"Fetched reviews for product", timestamp:"2025-01-04T12:20:15.015Z"}
{level:"info", message:"Fetched reviews for product", timestamp:"2025-01-04T12:20:21.566Z"}
{level:"info", message:"Fetched reviews for product", timestamp:"2025-01-04T12:20:27.095Z"}
{level:"info", message:"Fetched reviews for product", timestamp:"2025-01-04T12:20:40.583Z"}
{level:"info", message:"Fetched reviews for product", timestamp:"2025-01-04T12:20:43.513Z"}
{level:"info", message:"Fetched reviews for product", timestamp:"2025-01-04T12:20:48.786Z"}
{level:"info", message:"Fetched reviews for product", timestamp:"2025-01-04T12:20:52.521Z"}
{level:"info", message:"Fetched reviews for product", timestamp:"2025-01-04T12:20:58.614Z"}
{level:"info", message:"Fetched reviews for product", timestamp:"2025-01-04T12:21:17.312Z"}
{level:"info", message:"Fetched reviews for product", timestamp:"2025-01-04T12:21:23.414Z"}
{level:"info", message:"Fetched reviews for product", timestamp:"2025-01-04T12:21:27.020Z"}
{level:"info", message:"Fetched reviews for product", timestamp:"2025-01-04T12:21:30.509Z"}
{level:"info", message:"Fetched reviews for product", timestamp:"2025-01-04T12:21:55.735Z"}
{level:"info", message:"Token verified successfully", timestamp:"2025-01-04T12:25:16.875Z"}
{level:"info", message:"Fetched single product", timestamp:"2025-01-04T12:25:16.957Z"}
{level:"info", message:"Token verified successfully", timestamp:"2025-01-04T12:25:17.057Z"}
{level:"info", message:"Token verified successfully", timestamp:"2025-01-04T12:25:17.079Z"}
{level:"info", message:"Fetched reviews for product", timestamp:"2025-01-04T12:25:17.085Z"}
{level:"info", message:"Fetched single product", timestamp:"2025-01-04T12:30:22.216Z"}
{level:"info", message:"Fetched reviews for product", timestamp:"2025-01-04T12:30:22.291Z"}
{level:"info", message:"Token verified successfully", timestamp:"2025-01-04T12:30:22.296Z"}
{level:"info", message:"Token verified successfully", timestamp:"2025-01-04T12:30:22.303Z"}
{level:"info", message:"Fetched single product", timestamp:"2025-01-04T12:30:28.009Z"}
{level:"info", message:"Fetched reviews for product", timestamp:"2025-01-04T12:30:28.062Z"}
{level:"info", message:"Token verified successfully", timestamp:"2025-01-04T12:30:28.070Z"}
{level:"info", message:"Token verified successfully", timestamp:"2025-01-04T12:30:28.092Z"}
{level:"info", message:"Fetched reviews for product", timestamp:"2025-01-04T12:35:19.021Z"}
{level:"info", message:"Token verified successfully", timestamp:"2025-01-04T12:35:25.470Z"}
{level:"info", message:"Fetched single product", timestamp:"2025-01-04T12:35:25.561Z"}
{level:"info", message:"Token verified successfully", timestamp:"2025-01-04T12:35:26.114Z"}
{level:"info", message:"Token verified successfully", timestamp:"2025-01-04T12:35:26.121Z"}
{level:"info", message:"Fetched reviews for product", timestamp:"2025-01-04T12:35:26.166Z"}
{level:"info", message:"Fetched reviews for product", timestamp:"2025-01-04T12:37:29.018Z"}
{level:"info", message:"Token verified successfully", timestamp:"2025-01-04T12:38:34.713Z"}
{level:"info", message:"Fetched single product", timestamp:"2025-01-04T12:38:34.783Z"}
{level:"info", message:"Token verified successfully", timestamp:"2025-01-04T12:38:34.970Z"}
{level:"info", message:"Token verified successfully", timestamp:"2025-01-04T12:38:34.975Z"}
{level:"info", message:"Fetched reviews for product", timestamp:"2025-01-04T12:38:34.982Z"}
{level:"info", message:"Fetched single product", timestamp:"2025-01-04T12:39:00.153Z"}
{level:"info", message:"Fetched reviews for product", timestamp:"2025-01-04T12:39:00.187Z"}
{level:"info", message:"Token verified successfully", timestamp:"2025-01-04T12:39:00.207Z"}
{level:"info", message:"Token verified successfully", timestamp:"2025-01-04T12:39:00.261Z"}
{level:"info", message:"Fetched reviews for product", timestamp:"2025-01-04T12:39:14.571Z"}
{level:"info", message:"Fetched reviews for product", timestamp:"2025-01-04T12:39:24.023Z"}
{level:"info", message:"Fetched reviews for product", timestamp:"2025-01-04T12:40:01.021Z"}
{level:"info", message:"Fetched reviews for product", timestamp:"2025-01-04T12:40:39.221Z"}
{level:"info", message:"Fetched reviews for product", timestamp:"2025-01-04T12:40:53.314Z"}
{level:"info", message:"Token verified successfully", timestamp:"2025-01-04T12:41:11.864Z"}
{level:"info", message:"Fetched single product", timestamp:"2025-01-04T12:41:11.998Z"}
{level:"info", message:"Token verified successfully", timestamp:"2025-01-04T12:41:12.249Z"}
{level:"info", message:"Token verified successfully", timestamp:"2025-01-04T12:41:12.262Z"}
{level:"info", message:"Fetched reviews for product", timestamp:"2025-01-04T12:41:12.276Z"}
{level:"info", message:"Fetched products with pagination", timestamp:"2025-01-04T12:45:06.043Z"}
{level:"info", message:"Fetched single product", timestamp:"2025-01-04T12:45:08.244Z"}
{level:"info", message:"Token verified successfully", timestamp:"2025-01-04T12:45:08.337Z"}
{level:"info", message:"Token verified successfully", timestamp:"2025-01-04T12:45:08.342Z"}
{level:"info", message:"Fetched reviews for product", timestamp:"2025-01-04T12:45:08.346Z"}
