{level:"info", message:"Token verified successfully", timestamp:"2025-01-31T04:58:34.722Z"}
{level:"info", message:"Token verified successfully", timestamp:"2025-01-31T04:58:40.721Z"}
{level:"info", message:"Token verified successfully", timestamp:"2025-01-31T04:58:57.075Z"}
{level:"info", message:"Token verified successfully", timestamp:"2025-01-31T04:58:57.145Z"}
{level:"info", message:"Token verified successfully", timestamp:"2025-01-31T04:59:22.689Z"}
{level:"info", message:"Token verified successfully", timestamp:"2025-01-31T04:59:22.784Z"}
{level:"info", message:"Token verified successfully", timestamp:"2025-01-31T04:59:51.046Z"}
{level:"info", message:"Customer updated successfully", timestamp:"2025-01-31T04:59:51.060Z"}
{level:"info", message:"Token verified successfully", timestamp:"2025-01-31T04:59:54.773Z"}
{level:"info", message:"Token verified successfully", timestamp:"2025-01-31T04:59:54.878Z"}
{level:"info", message:"Token verified successfully", timestamp:"2025-01-31T05:00:15.429Z"}
{level:"info", message:"Token verified successfully", timestamp:"2025-01-31T05:00:17.958Z"}
{level:"info", message:"Token verified successfully", timestamp:"2025-01-31T05:00:18.081Z"}
{level:"info", message:"Token verified successfully", timestamp:"2025-01-31T05:00:27.365Z"}
{level:"info", message:"Token verified successfully", timestamp:"2025-01-31T05:00:48.316Z"}
{level:"info", message:"Token verified successfully", timestamp:"2025-01-31T05:00:56.661Z"}
{level:"info", message:"Token verified successfully", timestamp:"2025-01-31T05:01:13.539Z"}
{level:"info", message:"Token verified successfully", timestamp:"2025-01-31T05:02:40.430Z"}
{level:"info", message:"Token verified successfully", timestamp:"2025-01-31T05:02:53.103Z"}
{level:"info", message:"Token verified successfully", timestamp:"2025-01-31T05:02:53.764Z"}
{level:"info", message:"Token verified successfully", timestamp:"2025-01-31T05:03:33.148Z"}
{level:"info", message:"Token verified successfully", timestamp:"2025-01-31T05:04:07.390Z"}
{level:"info", message:"Review fetched successfully", timestamp:"2025-01-31T05:04:07.599Z"}
{level:"info", message:"Token verified successfully", timestamp:"2025-01-31T05:04:13.310Z"}
{level:"info", message:"Review fetched successfully", timestamp:"2025-01-31T05:04:13.505Z"}
{level:"info", message:"Token verified successfully", timestamp:"2025-01-31T05:10:20.120Z"}
{level:"info", message:"Token verified successfully", timestamp:"2025-01-31T05:11:15.000Z"}
{level:"info", message:"Token verified successfully", timestamp:"2025-01-31T05:12:02.494Z"}
{level:"info", message:"Token verified successfully", timestamp:"2025-01-31T05:12:11.517Z"}
{level:"warn", message:"Street is required", timestamp:"2025-01-31T05:12:11.520Z"}
{level:"info", message:"Fetched single customer", timestamp:"2025-01-31T05:12:19.957Z"}
{level:"info", message:"Token verified successfully", timestamp:"2025-01-31T05:12:30.438Z"}
{level:"warn", message:"Street is required", timestamp:"2025-01-31T05:12:30.443Z"}
{level:"info", message:"Token verified successfully", timestamp:"2025-01-31T05:13:35.486Z"}
{level:"info", message:"Token verified successfully", timestamp:"2025-01-31T05:13:36.100Z"}
{level:"info", message:"Token verified successfully", timestamp:"2025-01-31T05:13:41.574Z"}
{level:"warn", message:"Street is required", timestamp:"2025-01-31T05:13:41.580Z"}
{level:"info", message:"Token verified successfully", timestamp:"2025-01-31T05:14:29.164Z"}
{level:"info", message:"Token verified successfully", timestamp:"2025-01-31T05:14:29.269Z"}
{level:"info", message:"Token verified successfully", timestamp:"2025-01-31T05:15:03.176Z"}
{level:"info", message:"Token verified successfully", timestamp:"2025-01-31T05:15:03.254Z"}
{level:"info", message:"Token verified successfully", timestamp:"2025-01-31T05:15:16.093Z"}
{level:"info", message:"Token verified successfully", timestamp:"2025-01-31T05:15:16.244Z"}
{level:"info", message:"Token verified successfully", timestamp:"2025-01-31T05:15:48.851Z"}
{level:"info", message:"Token verified successfully", timestamp:"2025-01-31T05:15:50.862Z"}
{level:"info", message:"Token verified successfully", timestamp:"2025-01-31T05:15:50.941Z"}
{level:"info", message:"Token verified successfully", timestamp:"2025-01-31T05:15:53.824Z"}
{level:"info", message:"Customer updated successfully", timestamp:"2025-01-31T05:15:53.832Z"}
{level:"info", message:"Token verified successfully", timestamp:"2025-01-31T05:16:01.617Z"}
{level:"info", message:"Customer updated successfully", timestamp:"2025-01-31T05:16:01.624Z"}
{level:"info", message:"Token verified successfully", timestamp:"2025-01-31T05:16:27.202Z"}
{level:"warn", message:"Country is required", timestamp:"2025-01-31T05:16:27.203Z"}
{level:"info", message:"Token verified successfully", timestamp:"2025-01-31T05:25:11.784Z"}
{level:"info", message:"Token verified successfully", timestamp:"2025-01-31T05:25:15.768Z"}
{level:"info", message:"Token verified successfully", timestamp:"2025-01-31T05:25:16.066Z"}
{level:"info", message:"Token verified successfully", timestamp:"2025-01-31T05:25:19.977Z"}
{level:"info", message:"Token verified successfully", timestamp:"2025-01-31T05:28:37.466Z"}
{level:"info", message:"Token verified successfully", timestamp:"2025-01-31T05:28:43.170Z"}
{level:"warn", message:"Country is required", timestamp:"2025-01-31T05:28:43.215Z"}
{level:"info", message:"Token verified successfully", timestamp:"2025-01-31T05:28:48.849Z"}
{level:"warn", message:"Country is required", timestamp:"2025-01-31T05:28:48.851Z"}
{level:"info", message:"Token verified successfully", timestamp:"2025-01-31T05:29:24.442Z"}
{level:"info", message:"Token verified successfully", timestamp:"2025-01-31T05:29:28.499Z"}
{level:"info", message:"Token verified successfully", timestamp:"2025-01-31T05:29:28.744Z"}
{level:"info", message:"Token verified successfully", timestamp:"2025-01-31T05:29:31.750Z"}
{level:"info", message:"Customer updated successfully", timestamp:"2025-01-31T05:29:31.755Z"}
{level:"info", message:"Token verified successfully", timestamp:"2025-01-31T05:29:42.446Z"}
{level:"info", message:"Token verified successfully", timestamp:"2025-01-31T05:29:46.059Z"}
{level:"info", message:"Token verified successfully", timestamp:"2025-01-31T05:29:46.445Z"}
{level:"info", message:"Token verified successfully", timestamp:"2025-01-31T05:29:54.072Z"}
{level:"info", message:"Customer updated successfully", timestamp:"2025-01-31T05:29:54.077Z"}
{level:"info", message:"Token verified successfully", timestamp:"2025-01-31T05:29:58.698Z"}
{level:"warn", message:"Phone Number is required", timestamp:"2025-01-31T05:29:58.703Z"}
{level:"info", message:"Token verified successfully", timestamp:"2025-01-31T05:30:23.193Z"}
{level:"info", message:"Token verified successfully", timestamp:"2025-01-31T05:30:25.820Z"}
{level:"warn", message:"Phone Number is required", timestamp:"2025-01-31T05:30:25.821Z"}
{level:"info", message:"Token verified successfully", timestamp:"2025-01-31T05:32:23.504Z"}
{level:"info", message:"Token verified successfully", timestamp:"2025-01-31T05:32:26.939Z"}
{level:"info", message:"Token verified successfully", timestamp:"2025-01-31T05:32:27.165Z"}
{level:"info", message:"Token verified successfully", timestamp:"2025-01-31T05:32:46.813Z"}
{level:"info", message:"Token verified successfully", timestamp:"2025-01-31T05:32:48.808Z"}
{level:"info", message:"Token verified successfully", timestamp:"2025-01-31T05:32:48.909Z"}
{level:"info", message:"Token verified successfully", timestamp:"2025-01-31T05:32:57.845Z"}
{level:"info", message:"Customer updated successfully", timestamp:"2025-01-31T05:32:57.850Z"}
{level:"info", message:"Token verified successfully", timestamp:"2025-01-31T05:33:09.830Z"}
{level:"info", message:"Customer updated successfully", timestamp:"2025-01-31T05:33:09.836Z"}
{level:"info", message:"Token verified successfully", timestamp:"2025-01-31T05:33:28.573Z"}
{level:"info", message:"User logged in successfully", timestamp:"2025-01-31T05:33:43.659Z"}
{level:"info", message:"Token verified successfully", timestamp:"2025-01-31T05:33:48.644Z"}
{level:"info", message:"Token verified successfully", timestamp:"2025-01-31T05:33:49.003Z"}
{level:"info", message:"Token verified successfully", timestamp:"2025-01-31T05:35:58.549Z"}
{level:"info", message:"Token verified successfully", timestamp:"2025-01-31T05:35:58.715Z"}
{level:"info", message:"Token verified successfully", timestamp:"2025-01-31T05:36:29.860Z"}
{level:"info", message:"Token verified successfully", timestamp:"2025-01-31T05:36:29.967Z"}
{level:"info", message:"Token verified successfully", timestamp:"2025-01-31T05:37:02.485Z"}
{level:"info", message:"Token verified successfully", timestamp:"2025-01-31T05:37:06.187Z"}
{level:"info", message:"Token verified successfully", timestamp:"2025-01-31T05:37:06.260Z"}
{level:"info", message:"Token verified successfully", timestamp:"2025-01-31T05:37:14.464Z"}
{level:"info", message:"Token verified successfully", timestamp:"2025-01-31T05:38:21.445Z"}
{level:"info", message:"Token verified successfully", timestamp:"2025-01-31T05:38:59.800Z"}
{level:"info", message:"Token verified successfully", timestamp:"2025-01-31T05:38:59.888Z"}
{level:"info", message:"Token verified successfully", timestamp:"2025-01-31T05:39:14.874Z"}
{level:"info", message:"Token verified successfully", timestamp:"2025-01-31T05:39:15.159Z"}
{level:"info", message:"Token verified successfully", timestamp:"2025-01-31T05:39:31.758Z"}
{level:"info", message:"Token verified successfully", timestamp:"2025-01-31T05:39:52.248Z"}
{level:"info", message:"Token verified successfully", timestamp:"2025-01-31T05:39:53.429Z"}
{level:"info", message:"Customer updated successfully", timestamp:"2025-01-31T05:39:53.432Z"}
{level:"info", message:"Token verified successfully", timestamp:"2025-01-31T05:41:49.058Z"}
{level:"info", message:"Token verified successfully", timestamp:"2025-01-31T05:41:49.137Z"}
{level:"info", message:"Token verified successfully", timestamp:"2025-01-31T05:43:42.378Z"}
{level:"info", message:"Token verified successfully", timestamp:"2025-01-31T05:43:45.445Z"}
{level:"info", message:"Token verified successfully", timestamp:"2025-01-31T05:43:50.455Z"}
{level:"info", message:"Token verified successfully", timestamp:"2025-01-31T05:44:03.658Z"}
{level:"info", message:"Token verified successfully", timestamp:"2025-01-31T05:44:03.798Z"}
{level:"info", message:"Token verified successfully", timestamp:"2025-01-31T05:44:54.090Z"}
{level:"info", message:"Token verified successfully", timestamp:"2025-01-31T05:44:54.227Z"}
{level:"info", message:"Token verified successfully", timestamp:"2025-01-31T05:44:55.541Z"}
{level:"info", message:"Token verified successfully", timestamp:"2025-01-31T05:45:32.400Z"}
{level:"info", message:"Token verified successfully", timestamp:"2025-01-31T05:45:36.509Z"}
{level:"info", message:"Token verified successfully", timestamp:"2025-01-31T05:45:36.690Z"}
{level:"info", message:"Token verified successfully", timestamp:"2025-01-31T05:45:40.573Z"}
{level:"info", message:"Token verified successfully", timestamp:"2025-01-31T05:45:56.103Z"}
{level:"info", message:"Token verified successfully", timestamp:"2025-01-31T05:46:04.193Z"}
{level:"info", message:"Token verified successfully", timestamp:"2025-01-31T05:46:19.453Z"}
{level:"info", message:"Token verified successfully", timestamp:"2025-01-31T05:46:25.180Z"}
{level:"info", message:"Token verified successfully", timestamp:"2025-01-31T05:47:04.300Z"}
{level:"info", message:"Token verified successfully", timestamp:"2025-01-31T05:47:39.461Z"}
{level:"info", message:"Token verified successfully", timestamp:"2025-01-31T05:47:42.205Z"}
{level:"info", message:"Token verified successfully", timestamp:"2025-01-31T05:48:02.975Z"}
{level:"info", message:"Token verified successfully", timestamp:"2025-01-31T05:48:03.052Z"}
{level:"info", message:"Token verified successfully", timestamp:"2025-01-31T05:48:18.443Z"}
{level:"info", message:"Token verified successfully", timestamp:"2025-01-31T05:48:23.124Z"}
{level:"info", message:"Token verified successfully", timestamp:"2025-01-31T05:51:19.310Z"}
{level:"info", message:"Token verified successfully", timestamp:"2025-01-31T05:54:49.920Z"}
{level:"info", message:"Token verified successfully", timestamp:"2025-01-31T05:54:50.014Z"}
{level:"info", message:"User logged in successfully", timestamp:"2025-01-31T05:54:56.051Z"}
{level:"info", message:"Token verified successfully", timestamp:"2025-01-31T05:54:59.996Z"}
{level:"info", message:"Token verified successfully", timestamp:"2025-01-31T05:55:05.176Z"}
{level:"info", message:"Token verified successfully", timestamp:"2025-01-31T05:58:15.582Z"}
{level:"info", message:"Token verified successfully", timestamp:"2025-01-31T05:59:15.173Z"}
{level:"info", message:"Token verified successfully", timestamp:"2025-01-31T05:59:15.280Z"}
{level:"info", message:"Token verified successfully", timestamp:"2025-01-31T05:59:50.445Z"}
{level:"info", message:"Token verified successfully", timestamp:"2025-01-31T05:59:50.561Z"}
{level:"info", message:"Token verified successfully", timestamp:"2025-01-31T06:00:06.935Z"}
{level:"info", message:"Token verified successfully", timestamp:"2025-01-31T06:04:38.858Z"}
{level:"info", message:"Token verified successfully", timestamp:"2025-01-31T06:06:21.718Z"}
{level:"info", message:"Token verified successfully", timestamp:"2025-01-31T06:06:21.868Z"}
{level:"info", message:"Review fetched successfully", timestamp:"2025-01-31T06:06:54.592Z"}
{level:"info", message:"Review fetched successfully", timestamp:"2025-01-31T06:06:56.314Z"}
{level:"info", message:"Token verified successfully", timestamp:"2025-01-31T06:07:04.153Z"}
{level:"info", message:"Token verified successfully", timestamp:"2025-01-31T06:07:56.668Z"}
{level:"info", message:"Token verified successfully", timestamp:"2025-01-31T06:08:11.620Z"}
{level:"info", message:"Token verified successfully", timestamp:"2025-01-31T06:08:45.450Z"}
{level:"info", message:"Token verified successfully", timestamp:"2025-01-31T06:09:25.451Z"}
{level:"info", message:"Token verified successfully", timestamp:"2025-01-31T06:09:38.772Z"}
{level:"info", message:"Token verified successfully", timestamp:"2025-01-31T06:09:45.623Z"}
{level:"info", message:"Token verified successfully", timestamp:"2025-01-31T06:09:49.296Z"}
{level:"info", message:"Token verified successfully", timestamp:"2025-01-31T06:09:54.854Z"}
{level:"info", message:"Token verified successfully", timestamp:"2025-01-31T06:10:35.964Z"}
{level:"info", message:"Token verified successfully", timestamp:"2025-01-31T06:11:21.016Z"}
{level:"info", message:"Token verified successfully", timestamp:"2025-01-31T06:11:27.721Z"}
{level:"info", message:"Token verified successfully", timestamp:"2025-01-31T06:11:35.473Z"}
{level:"info", message:"Token verified successfully", timestamp:"2025-01-31T06:11:46.716Z"}
{level:"info", message:"Token verified successfully", timestamp:"2025-01-31T06:11:51.831Z"}
{level:"info", message:"Token verified successfully", timestamp:"2025-01-31T06:12:12.932Z"}
{level:"info", message:"Token verified successfully", timestamp:"2025-01-31T06:12:13.134Z"}
{level:"info", message:"Token verified successfully", timestamp:"2025-01-31T06:12:58.521Z"}
{level:"info", message:"Token verified successfully", timestamp:"2025-01-31T06:13:41.793Z"}
{level:"info", message:"Token verified successfully", timestamp:"2025-01-31T06:14:52.520Z"}
{level:"info", message:"Token verified successfully", timestamp:"2025-01-31T06:15:04.113Z"}
{level:"info", message:"Token verified successfully", timestamp:"2025-01-31T06:15:18.430Z"}
{level:"info", message:"Token verified successfully", timestamp:"2025-01-31T06:15:36.439Z"}
{level:"info", message:"Token verified successfully", timestamp:"2025-01-31T06:15:44.465Z"}
{level:"info", message:"Token verified successfully", timestamp:"2025-01-31T06:17:16.118Z"}
{level:"info", message:"Token verified successfully", timestamp:"2025-01-31T06:17:22.322Z"}
{level:"info", message:"Order created", timestamp:"2025-01-31T06:17:22.363Z"}
{level:"info", message:"Review fetched successfully", timestamp:"2025-01-31T06:17:22.455Z"}
{level:"info", message:"Fetched products with pagination", timestamp:"2025-01-31T06:25:34.043Z"}
{level:"info", message:"Fetched single product", timestamp:"2025-01-31T06:25:37.953Z"}
{level:"info", message:"Token verified successfully", timestamp:"2025-01-31T06:25:38.047Z"}
{level:"info", message:"Token verified successfully", timestamp:"2025-01-31T06:25:38.061Z"}
{level:"info", message:"Fetched reviews for product", timestamp:"2025-01-31T06:25:38.065Z"}
{level:"info", message:"Token verified successfully", timestamp:"2025-01-31T06:25:52.069Z"}
{level:"info", message:"Fetched single product", timestamp:"2025-01-31T06:25:52.133Z"}
{level:"info", message:"Fetched reviews for product", timestamp:"2025-01-31T06:25:52.212Z"}
{level:"info", message:"Token verified successfully", timestamp:"2025-01-31T06:25:52.223Z"}
{level:"info", message:"Token verified successfully", timestamp:"2025-01-31T06:25:52.232Z"}
{level:"info", message:"Fetched products with pagination", timestamp:"2025-01-31T06:26:24.088Z"}
{level:"info", message:"Token verified successfully", timestamp:"2025-01-31T06:28:06.148Z"}
{level:"info", message:"Fetched products with pagination", timestamp:"2025-01-31T06:28:06.238Z"}
{level:"info", message:"Fetched single product", timestamp:"2025-01-31T06:28:07.276Z"}
{level:"info", message:"Token verified successfully", timestamp:"2025-01-31T06:28:07.336Z"}
{level:"info", message:"Token verified successfully", timestamp:"2025-01-31T06:28:07.343Z"}
{level:"info", message:"Fetched reviews for product", timestamp:"2025-01-31T06:28:07.355Z"}
{level:"info", message:"Fetched products with pagination", timestamp:"2025-01-31T06:28:30.292Z"}
{level:"info", message:"Fetched products with pagination", timestamp:"2025-01-31T06:28:35.090Z"}
{level:"info", message:"Fetched products with pagination", timestamp:"2025-01-31T06:28:38.221Z"}
{level:"info", message:"Fetched single product", timestamp:"2025-01-31T06:28:39.924Z"}
{level:"info", message:"Token verified successfully", timestamp:"2025-01-31T06:28:39.968Z"}
{level:"info", message:"Token verified successfully", timestamp:"2025-01-31T06:28:39.974Z"}
{level:"info", message:"Fetched reviews for product", timestamp:"2025-01-31T06:28:39.993Z"}
{level:"info", message:"Token verified successfully", timestamp:"2025-01-31T06:28:49.353Z"}
{level:"info", message:"Fetched products with pagination", timestamp:"2025-01-31T06:28:58.802Z"}
{level:"info", message:"Fetched products with pagination", timestamp:"2025-01-31T06:29:11.366Z"}
{level:"info", message:"Token verified successfully", timestamp:"2025-01-31T06:29:16.968Z"}
{level:"info", message:"Token verified successfully", timestamp:"2025-01-31T06:29:31.560Z"}
{level:"info", message:"Token verified successfully", timestamp:"2025-01-31T06:29:38.602Z"}
{level:"info", message:"Token verified successfully", timestamp:"2025-01-31T06:29:53.793Z"}
{level:"info", message:"Token verified successfully", timestamp:"2025-01-31T06:29:59.744Z"}
{level:"info", message:"Token verified successfully", timestamp:"2025-01-31T06:30:18.568Z"}
{level:"info", message:"Token verified successfully", timestamp:"2025-01-31T06:30:43.432Z"}
{level:"info", message:"Token verified successfully", timestamp:"2025-01-31T06:30:50.613Z"}
{level:"info", message:"Token verified successfully", timestamp:"2025-01-31T06:31:03.104Z"}
{level:"info", message:"Token verified successfully", timestamp:"2025-01-31T06:31:33.769Z"}
{level:"info", message:"Token verified successfully", timestamp:"2025-01-31T06:31:39.805Z"}
{level:"info", message:"Review fetched successfully", timestamp:"2025-01-31T06:33:23.723Z"}
{level:"info", message:"Token verified successfully", timestamp:"2025-01-31T06:34:36.519Z"}
{level:"info", message:"Token verified successfully", timestamp:"2025-01-31T06:34:39.029Z"}
{level:"info", message:"Fetched products with pagination", timestamp:"2025-01-31T06:34:59.570Z"}
{level:"info", message:"Fetched single product", timestamp:"2025-01-31T06:35:02.832Z"}
{level:"info", message:"Token verified successfully", timestamp:"2025-01-31T06:35:02.881Z"}
{level:"info", message:"Fetched reviews for product", timestamp:"2025-01-31T06:35:02.884Z"}
{level:"info", message:"Token verified successfully", timestamp:"2025-01-31T06:35:02.904Z"}
{level:"info", message:"Token verified successfully", timestamp:"2025-01-31T06:35:08.292Z"}
{level:"info", message:"Fetched single product", timestamp:"2025-01-31T06:35:08.358Z"}
{level:"info", message:"Token verified successfully", timestamp:"2025-01-31T06:35:08.400Z"}
{level:"info", message:"Token verified successfully", timestamp:"2025-01-31T06:35:08.404Z"}
{level:"info", message:"Fetched reviews for product", timestamp:"2025-01-31T06:35:08.411Z"}
{level:"info", message:"Token verified successfully", timestamp:"2025-01-31T06:35:46.110Z"}
{level:"info", message:"Token verified successfully", timestamp:"2025-01-31T06:42:38.119Z"}
{level:"info", message:"Token verified successfully", timestamp:"2025-01-31T06:42:43.934Z"}
{level:"info", message:"Token verified successfully", timestamp:"2025-01-31T07:06:39.787Z"}
{level:"info", message:"Token verified successfully", timestamp:"2025-01-31T07:09:17.342Z"}
{level:"info", message:"Token verified successfully", timestamp:"2025-01-31T07:10:55.800Z"}
{level:"info", message:"Token verified successfully", timestamp:"2025-01-31T07:11:03.137Z"}
{level:"info", message:"Token verified successfully", timestamp:"2025-01-31T07:11:03.249Z"}
{level:"info", message:"Token verified successfully", timestamp:"2025-01-31T07:12:18.907Z"}
{level:"info", message:"Token verified successfully", timestamp:"2025-01-31T07:12:58.885Z"}
{level:"info", message:"Token verified successfully", timestamp:"2025-01-31T07:13:17.586Z"}
{level:"info", message:"Token verified successfully", timestamp:"2025-01-31T07:14:35.796Z"}
{level:"info", message:"Token verified successfully", timestamp:"2025-01-31T07:14:35.923Z"}
{level:"info", message:"Token verified successfully", timestamp:"2025-01-31T07:14:48.777Z"}
{level:"info", message:"Token verified successfully", timestamp:"2025-01-31T07:14:58.659Z"}
{level:"info", message:"Token verified successfully", timestamp:"2025-01-31T07:15:05.310Z"}
{level:"info", message:"Token verified successfully", timestamp:"2025-01-31T07:15:11.721Z"}
{level:"info", message:"Review fetched successfully", timestamp:"2025-01-31T07:15:16.989Z"}
{level:"info", message:"Token verified successfully", timestamp:"2025-01-31T07:15:18.123Z"}
{level:"info", message:"Token verified successfully", timestamp:"2025-01-31T07:16:21.196Z"}
