{level:"warn", message:"Token verification failed", timestamp:"2024-10-28T10:56:07.299Z"}
{level:"warn", message:"Token verification failed", timestamp:"2024-10-28T10:56:08.127Z"}
{level:"warn", message:"Token verification failed", timestamp:"2024-10-28T10:56:08.148Z"}
{level:"info", message:"User logged in successfully", timestamp:"2024-10-28T10:56:10.232Z"}
{level:"info", message:"User logged in successfully", timestamp:"2024-10-28T10:56:16.044Z"}
{level:"info", message:"Fetched products with pagination", timestamp:"2024-10-28T10:56:23.423Z"}
{level:"info", message:"Fetched single product", timestamp:"2024-10-28T10:56:25.101Z"}
{level:"info", message:"Fetched reviews for product", timestamp:"2024-10-28T10:56:25.193Z"}
{level:"info", message:"Fetched single product", timestamp:"2024-10-28T10:58:46.545Z"}
{level:"info", message:"Token verified successfully", timestamp:"2024-10-28T10:58:46.556Z"}
{level:"info", message:"Fetched reviews for product", timestamp:"2024-10-28T10:58:46.693Z"}
{level:"info", message:"Fetched single product", timestamp:"2024-10-28T11:01:23.332Z"}
{level:"info", message:"Fetched reviews for product", timestamp:"2024-10-28T11:01:23.361Z"}
{level:"info", message:"Fetched single product", timestamp:"2024-10-28T11:02:26.388Z"}
{level:"info", message:"Token verified successfully", timestamp:"2024-10-28T11:02:26.402Z"}
{level:"info", message:"Fetched reviews for product", timestamp:"2024-10-28T11:02:26.489Z"}
{level:"info", message:"Token verified successfully", timestamp:"2024-10-28T11:02:59.469Z"}
{level:"info", message:"Fetched single product", timestamp:"2024-10-28T11:02:59.503Z"}
{level:"info", message:"Fetched reviews for product", timestamp:"2024-10-28T11:02:59.707Z"}
{level:"info", message:"Fetched products with pagination", timestamp:"2024-10-28T11:03:13.102Z"}
{level:"info", message:"Fetched products with pagination", timestamp:"2024-10-28T11:03:21.506Z"}
{level:"info", message:"Fetched single product", timestamp:"2024-10-28T11:03:23.287Z"}
{level:"info", message:"Fetched reviews for product", timestamp:"2024-10-28T11:03:23.321Z"}
{level:"info", message:"Token verified successfully", timestamp:"2024-10-28T11:06:33.570Z"}
{level:"info", message:"Fetched single product", timestamp:"2024-10-28T11:06:33.605Z"}
{level:"info", message:"Fetched reviews for product", timestamp:"2024-10-28T11:06:33.736Z"}
{level:"info", message:"Fetched products with pagination", timestamp:"2024-10-28T11:06:41.402Z"}
{level:"info", message:"Fetched single product", timestamp:"2024-10-28T11:06:52.118Z"}
{level:"info", message:"Fetched reviews for product", timestamp:"2024-10-28T11:06:52.201Z"}
{level:"info", message:"Review fetched successfully", timestamp:"2024-10-28T11:06:55.901Z"}
{level:"info", message:"Fetched single product", timestamp:"2024-10-28T11:07:04.734Z"}
{level:"info", message:"Fetched reviews for product", timestamp:"2024-10-28T11:07:04.826Z"}
{level:"info", message:"Fetched single product", timestamp:"2024-10-28T11:08:25.559Z"}
{level:"info", message:"Token verified successfully", timestamp:"2024-10-28T11:08:25.575Z"}
{level:"info", message:"Fetched reviews for product", timestamp:"2024-10-28T11:08:25.639Z"}
{level:"info", message:"Fetched single product", timestamp:"2024-10-28T11:10:13.574Z"}
{level:"info", message:"Token verified successfully", timestamp:"2024-10-28T11:10:13.579Z"}
{level:"info", message:"Fetched reviews for product", timestamp:"2024-10-28T11:10:13.641Z"}
{level:"info", message:"Fetched single product", timestamp:"2024-10-28T11:10:15.315Z"}
{level:"info", message:"Token verified successfully", timestamp:"2024-10-28T11:10:15.334Z"}
{level:"info", message:"Fetched reviews for product", timestamp:"2024-10-28T11:10:15.514Z"}
{level:"info", message:"Fetched single product", timestamp:"2024-10-28T11:10:42.526Z"}
{level:"info", message:"Fetched single product", timestamp:"2024-10-28T11:10:46.224Z"}
{level:"info", message:"Token verified successfully", timestamp:"2024-10-28T11:10:46.232Z"}
{level:"info", message:"Fetched reviews for product", timestamp:"2024-10-28T11:10:46.331Z"}
{level:"info", message:"Fetched single product", timestamp:"2024-10-28T11:11:46.276Z"}
{level:"info", message:"Token verified successfully", timestamp:"2024-10-28T11:11:46.343Z"}
{level:"info", message:"Fetched reviews for product", timestamp:"2024-10-28T11:11:46.436Z"}
{level:"info", message:"Token verified successfully", timestamp:"2024-10-28T11:12:50.756Z"}
{level:"info", message:"Token verified successfully", timestamp:"2024-10-28T11:12:50.791Z"}
{level:"info", message:"Fetched single product", timestamp:"2024-10-28T11:12:51.401Z"}
{level:"info", message:"Token verified successfully", timestamp:"2024-10-28T11:12:51.412Z"}
{level:"info", message:"Fetched reviews for product", timestamp:"2024-10-28T11:12:51.498Z"}
{level:"info", message:"Fetched single product", timestamp:"2024-10-28T11:14:00.627Z"}
{level:"info", message:"Token verified successfully", timestamp:"2024-10-28T11:14:00.642Z"}
{level:"info", message:"Fetched reviews for product", timestamp:"2024-10-28T11:14:00.767Z"}
{level:"info", message:"Fetched single product", timestamp:"2024-10-28T11:14:52.322Z"}
{level:"info", message:"Token verified successfully", timestamp:"2024-10-28T11:14:52.358Z"}
{level:"info", message:"Fetched reviews for product", timestamp:"2024-10-28T11:14:52.482Z"}
{level:"info", message:"Token verified successfully", timestamp:"2024-10-28T11:14:57.213Z"}
{level:"info", message:"Fetched single product", timestamp:"2024-10-28T11:14:57.217Z"}
{level:"info", message:"Fetched reviews for product", timestamp:"2024-10-28T11:14:57.304Z"}
{level:"info", message:"Fetched products with pagination", timestamp:"2024-10-28T11:15:44.297Z"}
{level:"info", message:"Token verified successfully", timestamp:"2024-10-28T11:16:44.295Z"}
{level:"info", message:"Fetched products with pagination", timestamp:"2024-10-28T11:16:44.346Z"}
{level:"info", message:"Fetched single product", timestamp:"2024-10-28T11:16:45.729Z"}
{level:"info", message:"Fetched reviews for product", timestamp:"2024-10-28T11:16:45.805Z"}
