{level:"warn", message:"Token verification failed", timestamp:"2024-11-10T12:55:58.763Z"}
{level:"info", message:"User logged in successfully", timestamp:"2024-11-10T12:56:03.278Z"}
{level:"info", message:"Review fetched successfully", timestamp:"2024-11-10T12:56:07.759Z"}
{level:"info", message:"User logged in successfully", timestamp:"2024-11-10T12:57:06.949Z"}
{level:"info", message:"Token verified successfully", timestamp:"2024-11-10T12:57:27.811Z"}
{level:"info", message:"Order created", timestamp:"2024-11-10T12:57:27.863Z"}
{level:"info", message:"User logged in successfully", timestamp:"2024-11-10T12:57:32.541Z"}
{level:"info", message:"Review fetched successfully", timestamp:"2024-11-10T12:57:34.619Z"}
{level:"info", message:"Token verified successfully", timestamp:"2024-11-10T12:57:37.727Z"}
{level:"info", message:"Review fetched successfully", timestamp:"2024-11-10T12:57:38.946Z"}
{level:"info", message:"Token verified successfully", timestamp:"2024-11-10T12:57:41.243Z"}
{level:"info", message:"Review fetched successfully", timestamp:"2024-11-10T12:57:42.257Z"}
{level:"info", message:"User logged in successfully", timestamp:"2024-11-10T12:58:26.845Z"}
{level:"info", message:"Token verified successfully", timestamp:"2024-11-10T12:58:35.167Z"}
{level:"info", message:"Order created", timestamp:"2024-11-10T12:58:35.186Z"}
{level:"info", message:"User logged in successfully", timestamp:"2024-11-10T12:58:41.296Z"}
{level:"info", message:"Review fetched successfully", timestamp:"2024-11-10T12:58:47.000Z"}
{level:"warn", message:"Token verification failed", timestamp:"2024-11-10T12:58:59.556Z"}
{level:"warn", message:"Token verification failed", timestamp:"2024-11-10T12:58:59.570Z"}
{level:"info", message:"User logged in successfully", timestamp:"2024-11-10T12:59:01.691Z"}
{level:"info", message:"User logged in successfully", timestamp:"2024-11-10T12:59:25.042Z"}
{level:"info", message:"Token verified successfully", timestamp:"2024-11-10T12:59:26.964Z"}
{level:"info", message:"Fetched orders for shop", timestamp:"2024-11-10T12:59:27.035Z"}
{level:"info", message:"Token verified successfully", timestamp:"2024-11-10T12:59:27.050Z"}
{level:"info", message:"Fetched orders for shop", timestamp:"2024-11-10T12:59:27.140Z"}
{level:"error", message:"Error updating order status", timestamp:"2024-11-10T12:59:46.622Z"}
{level:"info", message:"Token verified successfully", timestamp:"2024-11-10T12:59:46.652Z"}
{level:"info", message:"Fetched orders for shop", timestamp:"2024-11-10T12:59:46.670Z"}
{level:"info", message:"Token verified successfully", timestamp:"2024-11-10T12:59:49.281Z"}
{level:"info", message:"Review fetched successfully", timestamp:"2024-11-10T12:59:50.217Z"}
{level:"info", message:"Token verified successfully", timestamp:"2024-11-10T13:00:03.927Z"}
{level:"info", message:"Token verified successfully", timestamp:"2024-11-10T13:00:03.962Z"}
{level:"info", message:"Token verified successfully", timestamp:"2024-11-10T13:00:04.700Z"}
{level:"info", message:"Fetched orders for shop", timestamp:"2024-11-10T13:00:04.712Z"}
{level:"info", message:"Token verified successfully", timestamp:"2024-11-10T13:00:04.721Z"}
{level:"info", message:"Fetched orders for shop", timestamp:"2024-11-10T13:00:04.807Z"}
{level:"error", message:"Error updating order status", timestamp:"2024-11-10T13:00:21.924Z"}
{level:"info", message:"Token verified successfully", timestamp:"2024-11-10T13:00:21.941Z"}
{level:"info", message:"Fetched orders for shop", timestamp:"2024-11-10T13:00:21.956Z"}
{level:"info", message:"Token verified successfully", timestamp:"2024-11-10T13:00:26.218Z"}
{level:"info", message:"Token verified successfully", timestamp:"2024-11-10T13:00:26.261Z"}
{level:"info", message:"Token verified successfully", timestamp:"2024-11-10T13:00:30.044Z"}
{level:"info", message:"Fetched orders for shop", timestamp:"2024-11-10T13:00:30.054Z"}
{level:"info", message:"Token verified successfully", timestamp:"2024-11-10T13:00:30.078Z"}
{level:"info", message:"Fetched orders for shop", timestamp:"2024-11-10T13:00:30.092Z"}
{level:"info", message:"Token verified successfully", timestamp:"2024-11-10T13:00:38.733Z"}
{level:"info", message:"Review fetched successfully", timestamp:"2024-11-10T13:00:39.540Z"}
{level:"info", message:"Token verified successfully", timestamp:"2024-11-10T13:00:45.619Z"}
{level:"info", message:"Token verified successfully", timestamp:"2024-11-10T13:00:45.670Z"}
{level:"info", message:"Token verified successfully", timestamp:"2024-11-10T13:00:46.975Z"}
{level:"info", message:"Fetched orders for shop", timestamp:"2024-11-10T13:00:46.984Z"}
{level:"info", message:"Token verified successfully", timestamp:"2024-11-10T13:00:46.990Z"}
{level:"info", message:"Fetched orders for shop", timestamp:"2024-11-10T13:00:47.010Z"}
{level:"info", message:"Order updated successfully", timestamp:"2024-11-10T13:04:18.298Z"}
{level:"info", message:"Token verified successfully", timestamp:"2024-11-10T13:04:18.322Z"}
{level:"info", message:"Fetched orders for shop", timestamp:"2024-11-10T13:04:18.340Z"}
{level:"info", message:"Order updated successfully", timestamp:"2024-11-10T13:04:24.601Z"}
{level:"info", message:"Token verified successfully", timestamp:"2024-11-10T13:04:24.621Z"}
{level:"info", message:"Fetched orders for shop", timestamp:"2024-11-10T13:04:24.639Z"}
{level:"info", message:"Token verified successfully", timestamp:"2024-11-10T13:04:33.757Z"}
{level:"info", message:"Review fetched successfully", timestamp:"2024-11-10T13:04:34.586Z"}
{level:"info", message:"Order updated successfully", timestamp:"2024-11-10T13:04:41.555Z"}
{level:"info", message:"Token verified successfully", timestamp:"2024-11-10T13:04:41.582Z"}
{level:"info", message:"Fetched orders for shop", timestamp:"2024-11-10T13:04:41.590Z"}
{level:"info", message:"Token verified successfully", timestamp:"2024-11-10T13:04:43.717Z"}
{level:"info", message:"Review fetched successfully", timestamp:"2024-11-10T13:04:44.365Z"}
{level:"info", message:"Order updated successfully", timestamp:"2024-11-10T13:04:50.812Z"}
{level:"info", message:"Token verified successfully", timestamp:"2024-11-10T13:04:50.834Z"}
{level:"info", message:"Fetched orders for shop", timestamp:"2024-11-10T13:04:50.846Z"}
{level:"info", message:"Token verified successfully", timestamp:"2024-11-10T13:04:52.630Z"}
{level:"info", message:"Review fetched successfully", timestamp:"2024-11-10T13:04:53.708Z"}
{level:"error", message:"Error updating order status", timestamp:"2024-11-10T13:04:59.248Z"}
{level:"info", message:"Token verified successfully", timestamp:"2024-11-10T13:04:59.265Z"}
{level:"info", message:"Fetched orders for shop", timestamp:"2024-11-10T13:04:59.278Z"}
{level:"info", message:"Token verified successfully", timestamp:"2024-11-10T13:05:01.283Z"}
{level:"info", message:"Review fetched successfully", timestamp:"2024-11-10T13:05:02.446Z"}
{level:"info", message:"Order updated successfully", timestamp:"2024-11-10T13:05:50.953Z"}
{level:"info", message:"Token verified successfully", timestamp:"2024-11-10T13:05:50.999Z"}
{level:"info", message:"Fetched orders for shop", timestamp:"2024-11-10T13:05:51.017Z"}
{level:"info", message:"Order updated successfully", timestamp:"2024-11-10T13:05:58.522Z"}
{level:"info", message:"Token verified successfully", timestamp:"2024-11-10T13:05:58.552Z"}
{level:"info", message:"Fetched orders for shop", timestamp:"2024-11-10T13:05:58.562Z"}
{level:"error", message:"Error updating order status", timestamp:"2024-11-10T13:06:05.642Z"}
{level:"info", message:"Token verified successfully", timestamp:"2024-11-10T13:06:05.658Z"}
{level:"info", message:"Fetched orders for shop", timestamp:"2024-11-10T13:06:05.665Z"}
{level:"info", message:"Token verified successfully", timestamp:"2024-11-10T13:06:32.215Z"}
{level:"info", message:"Review fetched successfully", timestamp:"2024-11-10T13:06:33.208Z"}
{level:"info", message:"Order updated successfully", timestamp:"2024-11-10T13:06:40.112Z"}
{level:"info", message:"Token verified successfully", timestamp:"2024-11-10T13:06:40.134Z"}
{level:"info", message:"Fetched orders for shop", timestamp:"2024-11-10T13:06:40.152Z"}
{level:"error", message:"Error updating order status", timestamp:"2024-11-10T13:06:50.358Z"}
{level:"info", message:"Token verified successfully", timestamp:"2024-11-10T13:06:50.374Z"}
{level:"info", message:"Fetched orders for shop", timestamp:"2024-11-10T13:06:50.381Z"}
{level:"info", message:"Order updated successfully", timestamp:"2024-11-10T13:07:39.180Z"}
{level:"info", message:"Token verified successfully", timestamp:"2024-11-10T13:07:39.227Z"}
{level:"info", message:"Fetched orders for shop", timestamp:"2024-11-10T13:07:39.238Z"}
{level:"info", message:"Token verified successfully", timestamp:"2024-11-10T13:11:31.199Z"}
{level:"info", message:"Token verified successfully", timestamp:"2024-11-10T13:11:31.271Z"}
{level:"info", message:"Token verified successfully", timestamp:"2024-11-10T13:11:35.505Z"}
{level:"info", message:"Fetched orders for shop", timestamp:"2024-11-10T13:11:35.517Z"}
{level:"info", message:"Token verified successfully", timestamp:"2024-11-10T13:11:35.529Z"}
{level:"info", message:"Fetched orders for shop", timestamp:"2024-11-10T13:11:35.553Z"}
{level:"info", message:"Order updated successfully", timestamp:"2024-11-10T13:11:40.092Z"}
{level:"info", message:"Token verified successfully", timestamp:"2024-11-10T13:11:40.110Z"}
{level:"info", message:"Fetched orders for shop", timestamp:"2024-11-10T13:11:40.125Z"}
{level:"info", message:"Token verified successfully", timestamp:"2024-11-10T13:11:42.271Z"}
{level:"info", message:"Review fetched successfully", timestamp:"2024-11-10T13:11:43.204Z"}
{level:"info", message:"Order updated successfully", timestamp:"2024-11-10T13:11:48.528Z"}
{level:"info", message:"Token verified successfully", timestamp:"2024-11-10T13:11:48.549Z"}
{level:"info", message:"Fetched orders for shop", timestamp:"2024-11-10T13:11:48.563Z"}
{level:"info", message:"Token verified successfully", timestamp:"2024-11-10T13:11:51.197Z"}
{level:"info", message:"Review fetched successfully", timestamp:"2024-11-10T13:11:52.118Z"}
{level:"info", message:"Token verified successfully", timestamp:"2024-11-10T13:12:13.812Z"}
{level:"info", message:"Token verified successfully", timestamp:"2024-11-10T13:12:13.854Z"}
{level:"info", message:"Token verified successfully", timestamp:"2024-11-10T13:12:15.333Z"}
{level:"info", message:"Fetched orders for shop", timestamp:"2024-11-10T13:12:15.340Z"}
{level:"info", message:"Token verified successfully", timestamp:"2024-11-10T13:12:15.346Z"}
{level:"info", message:"Fetched orders for shop", timestamp:"2024-11-10T13:12:15.393Z"}
{level:"info", message:"Fetched single product", timestamp:"2024-11-10T13:12:18.995Z"}
{level:"info", message:"Fetched single product", timestamp:"2024-11-10T13:13:26.887Z"}
{level:"info", message:"Fetched single product", timestamp:"2024-11-10T13:13:44.819Z"}
{level:"info", message:"Fetched single product", timestamp:"2024-11-10T13:13:53.940Z"}
{level:"info", message:"Fetched single product", timestamp:"2024-11-10T13:14:38.840Z"}
{level:"info", message:"Fetched single product", timestamp:"2024-11-10T13:14:46.823Z"}
{level:"info", message:"Fetched single product", timestamp:"2024-11-10T13:14:48.818Z"}
{level:"info", message:"Token verified successfully", timestamp:"2024-11-10T13:16:14.854Z"}
{level:"info", message:"Review created successfully", timestamp:"2024-11-10T13:16:17.860Z"}
{level:"info", message:"Fetched single product", timestamp:"2024-11-10T13:16:17.926Z"}
{level:"info", message:"Fetched reviews for product", timestamp:"2024-11-10T13:16:18.139Z"}
{level:"info", message:"Review fetched successfully", timestamp:"2024-11-10T13:16:54.359Z"}
{level:"info", message:"Token verified successfully", timestamp:"2024-11-10T13:16:58.407Z"}
{level:"info", message:"Token verified successfully", timestamp:"2024-11-10T13:17:25.241Z"}
{level:"info", message:"Order created", timestamp:"2024-11-10T13:17:25.257Z"}
{level:"info", message:"Order created", timestamp:"2024-11-10T13:17:25.266Z"}
{level:"info", message:"Token verified successfully", timestamp:"2024-11-10T13:17:28.299Z"}
{level:"info", message:"Review fetched successfully", timestamp:"2024-11-10T13:17:29.123Z"}
{level:"info", message:"Token verified successfully", timestamp:"2024-11-10T13:17:32.966Z"}
{level:"info", message:"Token verified successfully", timestamp:"2024-11-10T13:17:32.986Z"}
{level:"info", message:"Token verified successfully", timestamp:"2024-11-10T13:17:34.458Z"}
{level:"info", message:"Fetched orders for shop", timestamp:"2024-11-10T13:17:34.466Z"}
{level:"info", message:"Token verified successfully", timestamp:"2024-11-10T13:17:34.474Z"}
{level:"info", message:"Fetched orders for shop", timestamp:"2024-11-10T13:17:34.500Z"}
{level:"info", message:"Order updated successfully", timestamp:"2024-11-10T13:17:43.901Z"}
{level:"info", message:"Token verified successfully", timestamp:"2024-11-10T13:17:43.929Z"}
{level:"info", message:"Fetched orders for shop", timestamp:"2024-11-10T13:17:43.936Z"}
{level:"info", message:"Fetched products with pagination", timestamp:"2024-11-10T13:17:55.093Z"}
{level:"info", message:"Fetched single product", timestamp:"2024-11-10T13:17:56.796Z"}
{level:"info", message:"Fetched reviews for product", timestamp:"2024-11-10T13:17:56.855Z"}
{level:"info", message:"User logged in successfully", timestamp:"2024-11-10T13:18:14.744Z"}
{level:"info", message:"Token verified successfully", timestamp:"2024-11-10T13:18:16.529Z"}
{level:"info", message:"Fetched orders for shop", timestamp:"2024-11-10T13:18:16.538Z"}
{level:"info", message:"Token verified successfully", timestamp:"2024-11-10T13:18:16.562Z"}
{level:"info", message:"Fetched orders for shop", timestamp:"2024-11-10T13:18:16.640Z"}
{level:"info", message:"Order updated successfully", timestamp:"2024-11-10T13:18:21.577Z"}
{level:"info", message:"Token verified successfully", timestamp:"2024-11-10T13:18:21.596Z"}
{level:"info", message:"Fetched orders for shop", timestamp:"2024-11-10T13:18:21.614Z"}
{level:"info", message:"Review fetched successfully", timestamp:"2024-11-10T13:18:27.935Z"}
{level:"info", message:"Fetched single product", timestamp:"2024-11-10T13:18:31.820Z"}
{level:"info", message:"Token verified successfully", timestamp:"2024-11-10T13:18:45.737Z"}
{level:"info", message:"Review created successfully", timestamp:"2024-11-10T13:18:48.804Z"}
{level:"info", message:"Fetched single product", timestamp:"2024-11-10T13:18:48.850Z"}
{level:"info", message:"Fetched reviews for product", timestamp:"2024-11-10T13:18:48.879Z"}
{level:"info", message:"Review fetched successfully", timestamp:"2024-11-10T13:19:01.860Z"}
{level:"info", message:"Token verified successfully", timestamp:"2024-11-10T13:19:08.863Z"}
{level:"info", message:"Order created", timestamp:"2024-11-10T13:19:08.873Z"}
{level:"info", message:"Order created", timestamp:"2024-11-10T13:19:08.880Z"}
{level:"info", message:"Token verified successfully", timestamp:"2024-11-10T13:19:11.823Z"}
{level:"info", message:"Token verified successfully", timestamp:"2024-11-10T13:19:11.857Z"}
{level:"info", message:"Token verified successfully", timestamp:"2024-11-10T13:19:15.336Z"}
{level:"info", message:"Fetched orders for shop", timestamp:"2024-11-10T13:19:15.346Z"}
{level:"info", message:"Token verified successfully", timestamp:"2024-11-10T13:19:15.351Z"}
{level:"info", message:"Fetched orders for shop", timestamp:"2024-11-10T13:19:15.373Z"}
{level:"info", message:"Order updated successfully", timestamp:"2024-11-10T13:19:18.451Z"}
{level:"info", message:"Token verified successfully", timestamp:"2024-11-10T13:19:18.466Z"}
{level:"info", message:"Fetched orders for shop", timestamp:"2024-11-10T13:19:18.484Z"}
{level:"info", message:"User logged in successfully", timestamp:"2024-11-10T13:19:32.337Z"}
{level:"info", message:"Token verified successfully", timestamp:"2024-11-10T13:19:33.702Z"}
{level:"info", message:"Fetched orders for shop", timestamp:"2024-11-10T13:19:33.712Z"}
{level:"info", message:"Token verified successfully", timestamp:"2024-11-10T13:19:33.720Z"}
{level:"info", message:"Fetched orders for shop", timestamp:"2024-11-10T13:19:33.786Z"}
{level:"info", message:"Order updated successfully", timestamp:"2024-11-10T13:19:37.336Z"}
{level:"info", message:"Token verified successfully", timestamp:"2024-11-10T13:19:37.378Z"}
{level:"info", message:"Fetched orders for shop", timestamp:"2024-11-10T13:19:37.389Z"}
{level:"info", message:"Token verified successfully", timestamp:"2024-11-10T13:19:39.688Z"}
{level:"info", message:"Review fetched successfully", timestamp:"2024-11-10T13:19:40.783Z"}
{level:"info", message:"Fetched single product", timestamp:"2024-11-10T13:19:59.818Z"}
{level:"info", message:"Token verified successfully", timestamp:"2024-11-10T13:20:37.999Z"}
{level:"info", message:"Review created successfully", timestamp:"2024-11-10T13:20:39.278Z"}
{level:"info", message:"Fetched single product", timestamp:"2024-11-10T13:20:39.348Z"}
{level:"info", message:"Fetched reviews for product", timestamp:"2024-11-10T13:20:39.398Z"}
{level:"info", message:"Fetched single product", timestamp:"2024-11-10T13:20:53.144Z"}
{level:"info", message:"Token verified successfully", timestamp:"2024-11-10T13:21:10.636Z"}
{level:"warn", message:"User has already reviewed this product", timestamp:"2024-11-10T13:21:11.735Z"}
{level:"info", message:"Review fetched successfully", timestamp:"2024-11-10T13:21:18.885Z"}
{level:"info", message:"Token verified successfully", timestamp:"2024-11-10T13:21:20.578Z"}
{level:"info", message:"Review fetched successfully", timestamp:"2024-11-10T13:21:25.255Z"}
{level:"info", message:"Fetched products with pagination", timestamp:"2024-11-10T13:22:28.583Z"}
{level:"info", message:"Fetched products with pagination", timestamp:"2024-11-10T13:22:30.790Z"}
{level:"info", message:"Fetched products with pagination", timestamp:"2024-11-10T13:22:31.514Z"}
{level:"info", message:"Fetched products with pagination", timestamp:"2024-11-10T13:22:32.747Z"}
{level:"info", message:"Fetched products with pagination", timestamp:"2024-11-10T13:22:34.964Z"}
{level:"info", message:"Fetched products with pagination", timestamp:"2024-11-10T13:22:36.964Z"}
{level:"info", message:"Fetched products with pagination", timestamp:"2024-11-10T13:22:37.870Z"}
{level:"info", message:"Fetched products with pagination", timestamp:"2024-11-10T13:22:38.519Z"}
{level:"info", message:"Fetched products with pagination", timestamp:"2024-11-10T13:22:39.115Z"}
{level:"info", message:"Fetched products with pagination", timestamp:"2024-11-10T13:22:40.113Z"}
{level:"info", message:"Fetched products with pagination", timestamp:"2024-11-10T13:25:16.569Z"}
{level:"warn", message:"Login attempt with incorrect email", timestamp:"2024-11-10T13:25:23.110Z"}
{level:"warn", message:"Login attempt with incorrect email", timestamp:"2024-11-10T13:25:52.206Z"}
{level:"warn", message:"Login attempt with incorrect password", timestamp:"2024-11-10T13:26:02.737Z"}
{level:"warn", message:"Login attempt with incorrect password", timestamp:"2024-11-10T13:26:08.477Z"}
{level:"info", message:"User logged in successfully", timestamp:"2024-11-10T13:26:15.440Z"}
{level:"info", message:"Fetched products with pagination", timestamp:"2024-11-10T13:26:47.718Z"}
{level:"info", message:"Fetched single product", timestamp:"2024-11-10T13:26:49.523Z"}
{level:"info", message:"Fetched reviews for product", timestamp:"2024-11-10T13:26:49.581Z"}
{level:"info", message:"Review fetched successfully", timestamp:"2024-11-10T13:27:20.414Z"}
{level:"info", message:"Fetched single product", timestamp:"2024-11-10T13:27:41.679Z"}
{level:"info", message:"Fetched reviews for product", timestamp:"2024-11-10T13:27:41.702Z"}
{level:"info", message:"Fetched single product", timestamp:"2024-11-10T13:27:45.605Z"}
{level:"info", message:"Fetched reviews for product", timestamp:"2024-11-10T13:27:45.635Z"}
{level:"info", message:"Fetched single product", timestamp:"2024-11-10T13:27:47.285Z"}
{level:"info", message:"Token verified successfully", timestamp:"2024-11-10T13:27:47.316Z"}
{level:"info", message:"Fetched reviews for product", timestamp:"2024-11-10T13:27:47.336Z"}
{level:"info", message:"Fetched products with pagination", timestamp:"2024-11-10T13:27:48.750Z"}
{level:"info", message:"Fetched single product", timestamp:"2024-11-10T13:27:50.579Z"}
{level:"info", message:"Fetched reviews for product", timestamp:"2024-11-10T13:27:50.599Z"}
{level:"info", message:"Fetched products with pagination", timestamp:"2024-11-10T13:27:53.500Z"}
{level:"info", message:"Fetched single product", timestamp:"2024-11-10T13:27:54.327Z"}
{level:"info", message:"Fetched reviews for product", timestamp:"2024-11-10T13:27:54.384Z"}
{level:"info", message:"Fetched products with pagination", timestamp:"2024-11-10T13:27:56.180Z"}
{level:"info", message:"Fetched single product", timestamp:"2024-11-10T13:27:57.339Z"}
{level:"info", message:"Fetched reviews for product", timestamp:"2024-11-10T13:27:57.368Z"}
{level:"info", message:"Fetched products with pagination", timestamp:"2024-11-10T13:27:59.390Z"}
{level:"info", message:"Fetched single product", timestamp:"2024-11-10T13:28:00.131Z"}
{level:"info", message:"Fetched reviews for product", timestamp:"2024-11-10T13:28:00.161Z"}
{level:"info", message:"Fetched single product", timestamp:"2024-11-10T13:29:14.613Z"}
{level:"info", message:"Token verified successfully", timestamp:"2024-11-10T13:29:14.631Z"}
{level:"info", message:"Fetched reviews for product", timestamp:"2024-11-10T13:29:14.712Z"}
{level:"info", message:"Token verified successfully", timestamp:"2024-11-10T13:29:46.827Z"}
{level:"info", message:"Fetched single product", timestamp:"2024-11-10T13:29:46.895Z"}
{level:"info", message:"Fetched reviews for product", timestamp:"2024-11-10T13:29:47.067Z"}
{level:"info", message:"Fetched single product", timestamp:"2024-11-10T13:30:07.576Z"}
{level:"info", message:"Token verified successfully", timestamp:"2024-11-10T13:30:07.624Z"}
{level:"info", message:"Fetched reviews for product", timestamp:"2024-11-10T13:30:07.744Z"}
{level:"info", message:"Fetched products with pagination", timestamp:"2024-11-10T13:30:22.812Z"}
{level:"info", message:"Token verified successfully", timestamp:"2024-11-10T13:30:25.528Z"}
{level:"info", message:"Fetched products with pagination", timestamp:"2024-11-10T13:30:25.569Z"}
{level:"info", message:"Token verified successfully", timestamp:"2024-11-10T13:30:37.198Z"}
{level:"info", message:"Fetched products with pagination", timestamp:"2024-11-10T13:30:43.925Z"}
{level:"info", message:"Fetched single product", timestamp:"2024-11-10T13:30:45.304Z"}
{level:"info", message:"Fetched reviews for product", timestamp:"2024-11-10T13:30:45.359Z"}
{level:"info", message:"Token verified successfully", timestamp:"2024-11-10T13:30:49.187Z"}
{level:"info", message:"Fetched single product", timestamp:"2024-11-10T13:30:49.205Z"}
{level:"info", message:"Fetched reviews for product", timestamp:"2024-11-10T13:30:49.295Z"}
{level:"info", message:"Fetched single product", timestamp:"2024-11-10T13:31:05.116Z"}
{level:"info", message:"Token verified successfully", timestamp:"2024-11-10T13:31:05.175Z"}
{level:"info", message:"Fetched reviews for product", timestamp:"2024-11-10T13:31:05.243Z"}
{level:"info", message:"Token verified successfully", timestamp:"2024-11-10T13:31:14.075Z"}
{level:"info", message:"Token verified successfully", timestamp:"2024-11-10T13:31:18.135Z"}
{level:"info", message:"Fetched single product", timestamp:"2024-11-10T13:31:38.462Z"}
{level:"info", message:"Fetched reviews for product", timestamp:"2024-11-10T13:31:38.483Z"}
{level:"info", message:"Token verified successfully", timestamp:"2024-11-10T13:32:20.463Z"}
{level:"info", message:"Fetched orders for shop", timestamp:"2024-11-10T13:32:20.473Z"}
{level:"info", message:"Token verified successfully", timestamp:"2024-11-10T13:32:20.478Z"}
{level:"info", message:"Fetched orders for shop", timestamp:"2024-11-10T13:32:20.489Z"}
{level:"info", message:"Token verified successfully", timestamp:"2024-11-10T13:34:03.788Z"}
{level:"info", message:"Fetched orders for shop", timestamp:"2024-11-10T13:34:03.799Z"}
{level:"info", message:"Token verified successfully", timestamp:"2024-11-10T13:34:03.809Z"}
{level:"info", message:"Fetched orders for shop", timestamp:"2024-11-10T13:34:03.851Z"}
{level:"info", message:"Fetched reviews for product", timestamp:"2024-11-10T13:40:59.051Z"}
{level:"info", message:"Fetched single product", timestamp:"2024-11-10T13:41:04.493Z"}
{level:"info", message:"Fetched reviews for product", timestamp:"2024-11-10T13:41:04.524Z"}
{level:"info", message:"Fetched reviews for product", timestamp:"2024-11-10T13:41:11.756Z"}
{level:"info", message:"Fetched products with pagination", timestamp:"2024-11-10T13:41:18.713Z"}
{level:"info", message:"Fetched single product", timestamp:"2024-11-10T13:41:21.211Z"}
{level:"info", message:"Fetched reviews for product", timestamp:"2024-11-10T13:41:21.242Z"}
{level:"info", message:"Fetched products with pagination", timestamp:"2024-11-10T13:41:23.019Z"}
{level:"info", message:"Fetched single product", timestamp:"2024-11-10T13:41:23.928Z"}
{level:"info", message:"Fetched reviews for product", timestamp:"2024-11-10T13:41:23.946Z"}
{level:"info", message:"Fetched products with pagination", timestamp:"2024-11-10T13:41:26.056Z"}
{level:"info", message:"Fetched single product", timestamp:"2024-11-10T13:41:26.679Z"}
{level:"info", message:"Fetched reviews for product", timestamp:"2024-11-10T13:41:26.725Z"}
{level:"info", message:"Fetched products with pagination", timestamp:"2024-11-10T13:41:28.605Z"}
{level:"info", message:"Fetched products with pagination", timestamp:"2024-11-10T13:41:33.878Z"}
{level:"info", message:"Fetched single product", timestamp:"2024-11-10T13:41:35.984Z"}
{level:"info", message:"Fetched reviews for product", timestamp:"2024-11-10T13:41:36.005Z"}
{level:"info", message:"Fetched products with pagination", timestamp:"2024-11-10T13:41:37.920Z"}
{level:"info", message:"Token verified successfully", timestamp:"2024-11-10T13:41:52.998Z"}
{level:"info", message:"Fetched products with pagination", timestamp:"2024-11-10T13:41:53.025Z"}
{level:"info", message:"Fetched single product", timestamp:"2024-11-10T13:54:31.829Z"}
{level:"info", message:"Fetched reviews for product", timestamp:"2024-11-10T13:54:31.880Z"}
{level:"info", message:"Fetched products with pagination", timestamp:"2024-11-10T13:54:34.402Z"}
{level:"info", message:"Fetched single product", timestamp:"2024-11-10T13:54:35.465Z"}
{level:"info", message:"Fetched reviews for product", timestamp:"2024-11-10T13:54:35.485Z"}
{level:"info", message:"Fetched products with pagination", timestamp:"2024-11-10T13:54:36.723Z"}
{level:"info", message:"Fetched single product", timestamp:"2024-11-10T13:54:37.609Z"}
{level:"info", message:"Fetched reviews for product", timestamp:"2024-11-10T13:54:37.638Z"}
{level:"info", message:"Fetched products with pagination", timestamp:"2024-11-10T13:54:38.860Z"}
{level:"info", message:"Fetched single product", timestamp:"2024-11-10T13:54:40.030Z"}
{level:"info", message:"Fetched reviews for product", timestamp:"2024-11-10T13:54:40.048Z"}
{level:"info", message:"Fetched products with pagination", timestamp:"2024-11-10T13:54:41.190Z"}
{level:"info", message:"Fetched single product", timestamp:"2024-11-10T13:58:01.514Z"}
{level:"info", message:"Fetched reviews for product", timestamp:"2024-11-10T13:58:01.531Z"}
{level:"info", message:"Fetched products with pagination", timestamp:"2024-11-10T13:58:02.908Z"}
{level:"info", message:"Fetched single product", timestamp:"2024-11-10T13:58:03.760Z"}
{level:"info", message:"Fetched reviews for product", timestamp:"2024-11-10T13:58:03.788Z"}
{level:"info", message:"Fetched single product", timestamp:"2024-11-10T14:08:38.537Z"}
{level:"info", message:"Fetched reviews for product", timestamp:"2024-11-10T14:08:38.557Z"}
{level:"info", message:"Fetched products with pagination", timestamp:"2024-11-10T14:11:07.700Z"}
{level:"info", message:"Fetched single product", timestamp:"2024-11-10T14:11:13.514Z"}
{level:"info", message:"Fetched reviews for product", timestamp:"2024-11-10T14:11:13.554Z"}
{level:"info", message:"Fetched products with pagination", timestamp:"2024-11-10T14:11:15.776Z"}
{level:"info", message:"Fetched single product", timestamp:"2024-11-10T14:11:16.789Z"}
{level:"info", message:"Fetched reviews for product", timestamp:"2024-11-10T14:11:16.806Z"}
{level:"info", message:"Fetched products with pagination", timestamp:"2024-11-10T14:11:18.571Z"}
{level:"info", message:"Fetched single product", timestamp:"2024-11-10T14:11:19.917Z"}
{level:"info", message:"Fetched reviews for product", timestamp:"2024-11-10T14:11:19.940Z"}
{level:"info", message:"Fetched products with pagination", timestamp:"2024-11-10T14:11:21.152Z"}
{level:"info", message:"Fetched single product", timestamp:"2024-11-10T14:11:23.756Z"}
{level:"info", message:"Fetched reviews for product", timestamp:"2024-11-10T14:11:23.778Z"}
{level:"info", message:"Token verified successfully", timestamp:"2024-11-10T14:11:31.991Z"}
{level:"info", message:"Token verified successfully", timestamp:"2024-11-10T14:13:14.711Z"}
{level:"info", message:"Fetched orders for shop", timestamp:"2024-11-10T14:13:14.720Z"}
{level:"info", message:"Token verified successfully", timestamp:"2024-11-10T14:13:14.725Z"}
{level:"info", message:"Fetched orders for shop", timestamp:"2024-11-10T14:13:14.735Z"}
{level:"info", message:"Token verified successfully", timestamp:"2024-11-10T14:15:17.741Z"}
{level:"info", message:"Fetched orders for shop", timestamp:"2024-11-10T14:15:17.748Z"}
{level:"info", message:"Token verified successfully", timestamp:"2024-11-10T14:15:17.755Z"}
{level:"info", message:"Fetched orders for shop", timestamp:"2024-11-10T14:15:17.767Z"}
