{level:"warn", message:"Password validation failed: Password must be at least 8 characters long", timestamp:"2024-10-17T11:54:14.423Z"}
{level:"info", message:"User registered successfully", timestamp:"2024-10-17T11:54:35.010Z"}
{level:"info", message:"User registered successfully", timestamp:"2024-10-17T12:05:57.132Z"}
{level:"info", message:"User logged in successfully", timestamp:"2024-10-17T12:06:16.091Z"}
{level:"info", message:"User registered successfully", timestamp:"2024-10-17T13:06:30.332Z"}
{level:"warn", message:"Username already registered", timestamp:"2024-10-17T13:07:00.257Z"}
{level:"info", message:"User registered successfully", timestamp:"2024-10-17T13:07:25.470Z"}
{level:"warn", message:"Login attempt without email", timestamp:"2024-10-17T13:28:11.012Z"}
{level:"warn", message:"Login attempt without email", timestamp:"2024-10-17T13:28:57.175Z"}
{level:"warn", message:"Login attempt without email", timestamp:"2024-10-17T13:29:06.934Z"}
{level:"warn", message:"Login attempt without email", timestamp:"2024-10-17T13:30:30.469Z"}
{level:"warn", message:"Login attempt without email", timestamp:"2024-10-17T13:30:43.306Z"}
{level:"warn", message:"Login attempt with incorrect password", timestamp:"2024-10-17T13:32:02.948Z"}
{level:"info", message:"User logged in successfully", timestamp:"2024-10-17T13:32:09.479Z"}
{level:"info", message:"Token verified successfully", timestamp:"2024-10-17T13:32:32.559Z"}
{level:"info", message:"Token verified successfully", timestamp:"2024-10-17T13:32:32.628Z"}
{level:"info", message:"Token verified successfully", timestamp:"2024-10-17T13:33:59.914Z"}
{level:"info", message:"Token verified successfully", timestamp:"2024-10-17T13:33:59.951Z"}
{level:"info", message:"Token verified successfully", timestamp:"2024-10-17T13:34:15.270Z"}
{level:"info", message:"Token verified successfully", timestamp:"2024-10-17T13:34:15.305Z"}
{level:"info", message:"Token verified successfully", timestamp:"2024-10-17T13:34:23.848Z"}
{level:"info", message:"Token verified successfully", timestamp:"2024-10-17T13:34:23.959Z"}
{level:"info", message:"Token verified successfully", timestamp:"2024-10-17T13:39:00.675Z"}
{level:"info", message:"Token verified successfully", timestamp:"2024-10-17T13:39:00.689Z"}
{level:"info", message:"Token verified successfully", timestamp:"2024-10-17T13:39:06.125Z"}
{level:"info", message:"Token verified successfully", timestamp:"2024-10-17T13:39:06.150Z"}
{level:"info", message:"Token verified successfully", timestamp:"2024-10-17T13:39:16.771Z"}
{level:"info", message:"Token verified successfully", timestamp:"2024-10-17T13:39:16.791Z"}
{level:"info", message:"User logged in successfully", timestamp:"2024-10-17T13:40:20.658Z"}
{level:"info", message:"Token verified successfully", timestamp:"2024-10-17T13:40:28.323Z"}
{level:"info", message:"Token verified successfully", timestamp:"2024-10-17T13:40:28.372Z"}
{level:"info", message:"Token verified successfully", timestamp:"2024-10-17T13:40:34.737Z"}
{level:"info", message:"Token verified successfully", timestamp:"2024-10-17T13:40:34.763Z"}
{level:"warn", message:"Login attempt with incorrect email", timestamp:"2024-10-17T13:43:24.611Z"}
{level:"warn", message:"Login attempt with incorrect email", timestamp:"2024-10-17T13:43:38.255Z"}
{level:"warn", message:"Login attempt with incorrect password", timestamp:"2024-10-17T13:43:46.958Z"}
{level:"warn", message:"Login attempt with incorrect email", timestamp:"2024-10-17T13:44:22.840Z"}
{level:"warn", message:"Login attempt with incorrect email", timestamp:"2024-10-17T13:46:47.092Z"}
{level:"warn", message:"Login attempt with incorrect email", timestamp:"2024-10-17T13:47:23.738Z"}
{level:"warn", message:"Login attempt with incorrect email", timestamp:"2024-10-17T13:47:49.737Z"}
{level:"warn", message:"Login attempt with incorrect password", timestamp:"2024-10-17T13:48:00.959Z"}
{level:"warn", message:"Login attempt with incorrect email", timestamp:"2024-10-17T13:48:07.756Z"}
{level:"warn", message:"Login attempt with incorrect email", timestamp:"2024-10-17T13:48:12.391Z"}
{level:"warn", message:"Login attempt with incorrect email", timestamp:"2024-10-17T13:48:12.929Z"}
{level:"warn", message:"Login attempt with incorrect email", timestamp:"2024-10-17T13:48:13.841Z"}
{level:"warn", message:"Login attempt with incorrect email", timestamp:"2024-10-17T13:49:32.064Z"}
{level:"warn", message:"Login attempt with incorrect password", timestamp:"2024-10-17T13:49:41.367Z"}
{level:"warn", message:"Login attempt with incorrect password", timestamp:"2024-10-17T13:50:12.426Z"}
{level:"warn", message:"Login attempt with incorrect password", timestamp:"2024-10-17T13:54:31.534Z"}
{level:"warn", message:"Login attempt with incorrect password", timestamp:"2024-10-17T13:54:32.192Z"}
{level:"warn", message:"Login attempt with incorrect password", timestamp:"2024-10-17T13:54:32.629Z"}
{level:"warn", message:"Login attempt with incorrect password", timestamp:"2024-10-17T13:54:32.982Z"}
{level:"warn", message:"Login attempt with incorrect password", timestamp:"2024-10-17T13:54:33.247Z"}
{level:"warn", message:"Login attempt with incorrect password", timestamp:"2024-10-17T13:54:33.473Z"}
{level:"warn", message:"Login attempt with incorrect password", timestamp:"2024-10-17T13:54:33.792Z"}
{level:"warn", message:"Login attempt with incorrect password", timestamp:"2024-10-17T13:54:34.092Z"}
{level:"info", message:"User logged in successfully", timestamp:"2024-10-17T13:55:09.256Z"}
{level:"info", message:"Token verified successfully", timestamp:"2024-10-17T13:57:17.031Z"}
{level:"info", message:"Token verified successfully", timestamp:"2024-10-17T13:57:17.055Z"}
{level:"info", message:"Token verified successfully", timestamp:"2024-10-17T13:57:22.759Z"}
{level:"info", message:"Token verified successfully", timestamp:"2024-10-17T13:57:22.783Z"}
{level:"info", message:"Token verified successfully", timestamp:"2024-10-17T13:58:00.221Z"}
{level:"info", message:"Token verified successfully", timestamp:"2024-10-17T13:58:00.237Z"}
{level:"warn", message:"Token verification failed", timestamp:"2024-10-17T14:55:59.124Z"}
{level:"warn", message:"Token verification failed", timestamp:"2024-10-17T14:55:59.311Z"}
{level:"warn", message:"Token verification failed", timestamp:"2024-10-17T14:56:21.385Z"}
{level:"warn", message:"Token verification failed", timestamp:"2024-10-17T14:56:21.586Z"}
{level:"info", message:"User logged in successfully", timestamp:"2024-10-17T14:56:52.966Z"}
{level:"warn", message:"Token verification failed", timestamp:"2024-10-18T05:27:31.835Z"}
{level:"warn", message:"Token verification failed", timestamp:"2024-10-18T05:27:31.852Z"}
{level:"info", message:"Fetched products with pagination", timestamp:"2024-10-18T05:27:39.909Z"}
{level:"info", message:"Fetched products with pagination", timestamp:"2024-10-18T05:27:39.928Z"}
{level:"warn", message:"Token verification failed", timestamp:"2024-10-18T05:28:04.070Z"}
{level:"info", message:"Fetched products with pagination", timestamp:"2024-10-18T05:28:04.082Z"}
{level:"warn", message:"Token verification failed", timestamp:"2024-10-18T05:28:04.111Z"}
{level:"info", message:"Fetched products with pagination", timestamp:"2024-10-18T05:28:04.136Z"}
{level:"warn", message:"Token verification failed", timestamp:"2024-10-18T05:28:43.199Z"}
{level:"warn", message:"Token verification failed", timestamp:"2024-10-18T05:28:43.232Z"}
{level:"info", message:"Fetched products with pagination", timestamp:"2024-10-18T05:28:43.250Z"}
{level:"info", message:"Fetched products with pagination", timestamp:"2024-10-18T05:28:43.429Z"}
{level:"info", message:"Fetched products with pagination", timestamp:"2024-10-18T05:29:02.948Z"}
{level:"info", message:"Fetched products with pagination", timestamp:"2024-10-18T05:29:02.997Z"}
{level:"info", message:"Fetched products with pagination", timestamp:"2024-10-18T05:29:33.447Z"}
{level:"info", message:"Fetched products with pagination", timestamp:"2024-10-18T05:29:33.466Z"}
{level:"info", message:"Fetched single product", timestamp:"2024-10-18T05:29:38.715Z"}
{level:"info", message:"Fetched single product", timestamp:"2024-10-18T05:29:38.725Z"}
{level:"info", message:"Fetched reviews for product", timestamp:"2024-10-18T05:29:38.845Z"}
{level:"info", message:"Fetched reviews for product", timestamp:"2024-10-18T05:29:38.859Z"}
{level:"info", message:"Fetched reviews for product", timestamp:"2024-10-18T05:29:38.879Z"}
{level:"info", message:"Fetched products with pagination", timestamp:"2024-10-18T05:29:43.411Z"}
{level:"info", message:"Fetched products with pagination", timestamp:"2024-10-18T05:29:43.429Z"}
{level:"info", message:"Fetched reviews for product", timestamp:"2024-10-18T05:29:44.216Z"}
{level:"info", message:"Fetched single product", timestamp:"2024-10-18T05:29:44.222Z"}
{level:"info", message:"Fetched single product", timestamp:"2024-10-18T05:29:44.233Z"}
{level:"info", message:"Fetched reviews for product", timestamp:"2024-10-18T05:29:44.274Z"}
{level:"info", message:"Fetched reviews for product", timestamp:"2024-10-18T05:29:44.295Z"}
{level:"info", message:"Fetched products with pagination", timestamp:"2024-10-18T05:32:53.320Z"}
{level:"info", message:"Fetched products with pagination", timestamp:"2024-10-18T05:32:53.340Z"}
{level:"info", message:"Fetched single product", timestamp:"2024-10-18T05:34:53.495Z"}
{level:"info", message:"Fetched reviews for product", timestamp:"2024-10-18T05:34:53.499Z"}
{level:"info", message:"Fetched single product", timestamp:"2024-10-18T05:34:53.510Z"}
{level:"info", message:"Fetched reviews for product", timestamp:"2024-10-18T05:34:53.551Z"}
{level:"info", message:"Fetched reviews for product", timestamp:"2024-10-18T05:34:53.567Z"}
{level:"info", message:"Fetched reviews for product", timestamp:"2024-10-18T05:52:46.509Z"}
{level:"info", message:"Fetched single product", timestamp:"2024-10-18T05:52:46.517Z"}
{level:"info", message:"Fetched reviews for product", timestamp:"2024-10-18T05:52:46.578Z"}
{level:"info", message:"Fetched single product", timestamp:"2024-10-18T05:52:46.969Z"}
{level:"info", message:"Fetched reviews for product", timestamp:"2024-10-18T05:52:47.081Z"}
{level:"info", message:"Fetched reviews for product", timestamp:"2024-10-18T05:52:47.642Z"}
{level:"info", message:"Fetched single product", timestamp:"2024-10-18T05:52:47.647Z"}
{level:"info", message:"Fetched reviews for product", timestamp:"2024-10-18T05:52:47.657Z"}
{level:"info", message:"Fetched single product", timestamp:"2024-10-18T05:52:47.668Z"}
{level:"info", message:"Fetched reviews for product", timestamp:"2024-10-18T05:52:47.714Z"}
{level:"info", message:"Fetched products with pagination", timestamp:"2024-10-18T05:53:36.334Z"}
{level:"info", message:"Fetched products with pagination", timestamp:"2024-10-18T05:53:36.384Z"}
{level:"info", message:"Fetched products with pagination", timestamp:"2024-10-18T05:55:17.775Z"}
{level:"info", message:"Fetched products with pagination", timestamp:"2024-10-18T05:55:17.862Z"}
{level:"info", message:"Fetched products with pagination", timestamp:"2024-10-18T05:55:49.359Z"}
{level:"info", message:"Fetched products with pagination", timestamp:"2024-10-18T05:55:49.372Z"}
{level:"info", message:"Fetched products with pagination", timestamp:"2024-10-18T05:55:54.867Z"}
{level:"info", message:"Fetched products with pagination", timestamp:"2024-10-18T05:55:54.879Z"}
{level:"info", message:"Fetched products with pagination", timestamp:"2024-10-18T05:56:02.720Z"}
{level:"info", message:"Fetched products with pagination", timestamp:"2024-10-18T05:56:02.736Z"}
{level:"info", message:"Fetched products with pagination", timestamp:"2024-10-18T05:56:05.541Z"}
{level:"info", message:"Fetched products with pagination", timestamp:"2024-10-18T05:56:05.556Z"}
{level:"info", message:"Fetched products with pagination", timestamp:"2024-10-18T05:56:15.542Z"}
{level:"info", message:"Fetched products with pagination", timestamp:"2024-10-18T05:56:15.559Z"}
{level:"info", message:"Fetched products with pagination", timestamp:"2024-10-18T05:59:51.679Z"}
{level:"info", message:"Fetched products with pagination", timestamp:"2024-10-18T05:59:51.736Z"}
{level:"info", message:"Fetched products with pagination", timestamp:"2024-10-18T06:00:09.718Z"}
{level:"info", message:"Fetched products with pagination", timestamp:"2024-10-18T06:00:09.755Z"}
{level:"info", message:"Fetched products with pagination", timestamp:"2024-10-18T06:00:12.179Z"}
{level:"info", message:"Fetched products with pagination", timestamp:"2024-10-18T06:00:12.196Z"}
{level:"info", message:"Fetched products with pagination", timestamp:"2024-10-18T06:01:01.208Z"}
{level:"info", message:"Fetched products with pagination", timestamp:"2024-10-18T06:01:01.278Z"}
{level:"info", message:"Fetched products with pagination", timestamp:"2024-10-18T06:02:07.597Z"}
{level:"info", message:"Fetched products with pagination", timestamp:"2024-10-18T06:02:07.642Z"}
{level:"info", message:"Fetched products with pagination", timestamp:"2024-10-18T06:02:13.919Z"}
{level:"info", message:"Fetched products with pagination", timestamp:"2024-10-18T06:02:13.940Z"}
{level:"info", message:"Fetched products with pagination", timestamp:"2024-10-18T06:02:22.637Z"}
{level:"info", message:"Fetched products with pagination", timestamp:"2024-10-18T06:02:22.649Z"}
{level:"info", message:"Fetched products with pagination", timestamp:"2024-10-18T06:03:37.978Z"}
{level:"info", message:"Fetched products with pagination", timestamp:"2024-10-18T06:03:38.001Z"}
{level:"info", message:"Fetched products with pagination", timestamp:"2024-10-18T06:04:12.541Z"}
{level:"info", message:"Fetched products with pagination", timestamp:"2024-10-18T06:04:12.557Z"}
{level:"info", message:"Fetched products with pagination", timestamp:"2024-10-18T06:04:18.023Z"}
{level:"info", message:"Fetched products with pagination", timestamp:"2024-10-18T06:04:18.047Z"}
{level:"info", message:"Fetched products with pagination", timestamp:"2024-10-18T06:04:44.692Z"}
{level:"info", message:"Fetched products with pagination", timestamp:"2024-10-18T06:04:44.720Z"}
{level:"info", message:"Fetched products with pagination", timestamp:"2024-10-18T06:04:53.807Z"}
{level:"info", message:"Fetched products with pagination", timestamp:"2024-10-18T06:04:53.841Z"}
{level:"info", message:"Fetched products with pagination", timestamp:"2024-10-18T06:04:58.901Z"}
{level:"info", message:"Fetched products with pagination", timestamp:"2024-10-18T06:04:58.930Z"}
{level:"info", message:"Fetched products with pagination", timestamp:"2024-10-18T06:12:21.505Z"}
{level:"info", message:"Fetched products with pagination", timestamp:"2024-10-18T06:12:21.524Z"}
{level:"info", message:"Fetched products with pagination", timestamp:"2024-10-18T06:18:12.522Z"}
{level:"info", message:"Fetched products with pagination", timestamp:"2024-10-18T06:18:12.568Z"}
{level:"info", message:"Fetched products with pagination", timestamp:"2024-10-18T06:21:22.612Z"}
{level:"info", message:"Fetched products with pagination", timestamp:"2024-10-18T06:21:22.631Z"}
{level:"info", message:"Fetched products with pagination", timestamp:"2024-10-18T06:22:13.515Z"}
{level:"info", message:"Fetched products with pagination", timestamp:"2024-10-18T06:22:13.595Z"}
{level:"info", message:"Fetched products with pagination", timestamp:"2024-10-18T06:23:17.979Z"}
{level:"info", message:"Fetched products with pagination", timestamp:"2024-10-18T06:23:18.015Z"}
{level:"info", message:"Fetched products with pagination", timestamp:"2024-10-18T06:25:49.798Z"}
{level:"info", message:"Fetched products with pagination", timestamp:"2024-10-18T06:25:49.810Z"}
{level:"info", message:"Fetched products with pagination", timestamp:"2024-10-18T06:28:35.870Z"}
{level:"info", message:"Fetched products with pagination", timestamp:"2024-10-18T06:28:35.881Z"}
{level:"info", message:"Fetched products with pagination", timestamp:"2024-10-18T06:28:40.133Z"}
{level:"info", message:"Fetched products with pagination", timestamp:"2024-10-18T06:28:40.153Z"}
{level:"info", message:"Fetched products with pagination", timestamp:"2024-10-18T06:28:45.804Z"}
{level:"info", message:"Fetched products with pagination", timestamp:"2024-10-18T06:28:45.818Z"}
{level:"info", message:"Fetched products with pagination", timestamp:"2024-10-18T06:28:54.482Z"}
{level:"info", message:"Fetched products with pagination", timestamp:"2024-10-18T06:28:54.497Z"}
{level:"info", message:"Fetched products with pagination", timestamp:"2024-10-18T06:29:41.517Z"}
{level:"info", message:"Fetched products with pagination", timestamp:"2024-10-18T06:29:41.582Z"}
{level:"info", message:"Fetched products with pagination", timestamp:"2024-10-18T06:29:48.109Z"}
{level:"info", message:"Fetched products with pagination", timestamp:"2024-10-18T06:29:48.161Z"}
{level:"info", message:"Fetched products with pagination", timestamp:"2024-10-18T06:31:27.788Z"}
{level:"info", message:"Fetched products with pagination", timestamp:"2024-10-18T06:31:27.837Z"}
{level:"info", message:"Fetched products with pagination", timestamp:"2024-10-18T06:31:28.592Z"}
{level:"info", message:"Fetched products with pagination", timestamp:"2024-10-18T06:31:28.652Z"}
{level:"info", message:"Fetched products with pagination", timestamp:"2024-10-18T06:32:56.626Z"}
{level:"info", message:"Fetched products with pagination", timestamp:"2024-10-18T06:32:56.648Z"}
{level:"info", message:"Fetched products with pagination", timestamp:"2024-10-18T06:32:57.515Z"}
{level:"info", message:"Fetched products with pagination", timestamp:"2024-10-18T06:32:57.580Z"}
{level:"info", message:"Fetched products with pagination", timestamp:"2024-10-18T06:36:34.783Z"}
{level:"info", message:"Fetched products with pagination", timestamp:"2024-10-18T06:36:34.799Z"}
{level:"info", message:"Fetched products with pagination", timestamp:"2024-10-18T06:36:40.734Z"}
{level:"info", message:"Fetched products with pagination", timestamp:"2024-10-18T06:36:40.755Z"}
{level:"info", message:"Fetched products with pagination", timestamp:"2024-10-18T07:11:30.864Z"}
{level:"info", message:"Fetched products with pagination", timestamp:"2024-10-18T07:11:30.916Z"}
{level:"info", message:"Fetched products with pagination", timestamp:"2024-10-18T07:21:11.133Z"}
{level:"info", message:"Fetched products with pagination", timestamp:"2024-10-18T07:21:11.187Z"}
{level:"info", message:"Fetched products with pagination", timestamp:"2024-10-18T07:32:39.508Z"}
{level:"info", message:"Fetched products with pagination", timestamp:"2024-10-18T07:32:39.547Z"}
{level:"info", message:"Fetched products with pagination", timestamp:"2024-10-18T07:33:00.577Z"}
{level:"info", message:"Fetched products with pagination", timestamp:"2024-10-18T07:33:00.611Z"}
{level:"info", message:"Fetched products with pagination", timestamp:"2024-10-18T07:33:01.682Z"}
{level:"info", message:"Fetched products with pagination", timestamp:"2024-10-18T07:33:01.716Z"}
{level:"info", message:"Fetched products with pagination", timestamp:"2024-10-18T07:33:12.365Z"}
{level:"info", message:"Fetched products with pagination", timestamp:"2024-10-18T07:33:12.380Z"}
{level:"info", message:"Fetched products with pagination", timestamp:"2024-10-18T07:33:13.173Z"}
{level:"info", message:"Fetched products with pagination", timestamp:"2024-10-18T07:33:13.198Z"}
{level:"info", message:"Fetched products with pagination", timestamp:"2024-10-18T07:33:18.811Z"}
{level:"info", message:"Fetched products with pagination", timestamp:"2024-10-18T07:33:18.827Z"}
{level:"info", message:"Fetched products with pagination", timestamp:"2024-10-18T07:33:19.695Z"}
{level:"info", message:"Fetched products with pagination", timestamp:"2024-10-18T07:33:19.698Z"}
{level:"info", message:"Fetched products with pagination", timestamp:"2024-10-18T07:33:20.812Z"}
{level:"info", message:"Fetched products with pagination", timestamp:"2024-10-18T07:33:20.818Z"}
{level:"info", message:"Fetched products with pagination", timestamp:"2024-10-18T07:33:23.977Z"}
{level:"info", message:"Fetched products with pagination", timestamp:"2024-10-18T07:33:23.980Z"}
{level:"info", message:"Fetched products with pagination", timestamp:"2024-10-18T07:33:24.629Z"}
{level:"info", message:"Fetched products with pagination", timestamp:"2024-10-18T07:33:24.634Z"}
{level:"info", message:"Fetched products with pagination", timestamp:"2024-10-18T07:33:30.446Z"}
{level:"info", message:"Fetched products with pagination", timestamp:"2024-10-18T07:33:30.451Z"}
{level:"info", message:"Fetched products with pagination", timestamp:"2024-10-18T07:33:37.728Z"}
{level:"info", message:"Fetched products with pagination", timestamp:"2024-10-18T07:33:37.732Z"}
{level:"info", message:"Fetched products with pagination", timestamp:"2024-10-18T07:33:38.606Z"}
{level:"info", message:"Fetched products with pagination", timestamp:"2024-10-18T07:33:38.610Z"}
{level:"info", message:"Fetched products with pagination", timestamp:"2024-10-18T07:33:39.224Z"}
{level:"info", message:"Fetched products with pagination", timestamp:"2024-10-18T07:33:39.229Z"}
{level:"info", message:"Fetched products with pagination", timestamp:"2024-10-18T07:33:39.802Z"}
{level:"info", message:"Fetched products with pagination", timestamp:"2024-10-18T07:33:39.806Z"}
{level:"info", message:"Fetched products with pagination", timestamp:"2024-10-18T07:33:42.021Z"}
{level:"info", message:"Fetched products with pagination", timestamp:"2024-10-18T07:33:42.079Z"}
{level:"info", message:"Fetched products with pagination", timestamp:"2024-10-18T07:34:48.154Z"}
{level:"info", message:"Fetched products with pagination", timestamp:"2024-10-18T07:34:48.170Z"}
{level:"info", message:"Fetched products with pagination", timestamp:"2024-10-18T07:34:53.382Z"}
{level:"info", message:"Fetched products with pagination", timestamp:"2024-10-18T07:34:53.398Z"}
{level:"info", message:"Fetched products with pagination", timestamp:"2024-10-18T07:35:00.315Z"}
{level:"info", message:"Fetched products with pagination", timestamp:"2024-10-18T07:35:00.332Z"}
{level:"info", message:"Fetched products with pagination", timestamp:"2024-10-18T07:35:04.303Z"}
{level:"info", message:"Fetched products with pagination", timestamp:"2024-10-18T07:35:04.316Z"}
{level:"info", message:"Fetched products with pagination", timestamp:"2024-10-18T07:35:09.149Z"}
{level:"info", message:"Fetched products with pagination", timestamp:"2024-10-18T07:35:09.165Z"}
{level:"info", message:"Fetched products with pagination", timestamp:"2024-10-18T07:35:21.906Z"}
{level:"info", message:"Fetched products with pagination", timestamp:"2024-10-18T07:35:21.929Z"}
{level:"info", message:"Fetched reviews for product", timestamp:"2024-10-18T07:35:23.558Z"}
{level:"info", message:"Fetched single product", timestamp:"2024-10-18T07:35:23.564Z"}
{level:"info", message:"Fetched single product", timestamp:"2024-10-18T07:35:23.591Z"}
{level:"info", message:"Fetched reviews for product", timestamp:"2024-10-18T07:35:23.614Z"}
{level:"info", message:"Fetched reviews for product", timestamp:"2024-10-18T07:35:23.623Z"}
{level:"info", message:"Fetched products with pagination", timestamp:"2024-10-18T07:35:24.707Z"}
{level:"info", message:"Fetched products with pagination", timestamp:"2024-10-18T07:35:24.719Z"}
{level:"info", message:"Fetched single product", timestamp:"2024-10-18T07:35:25.512Z"}
{level:"info", message:"Fetched reviews for product", timestamp:"2024-10-18T07:35:25.515Z"}
{level:"info", message:"Fetched single product", timestamp:"2024-10-18T07:35:25.524Z"}
{level:"info", message:"Fetched reviews for product", timestamp:"2024-10-18T07:35:25.543Z"}
{level:"info", message:"Fetched reviews for product", timestamp:"2024-10-18T07:35:25.558Z"}
{level:"info", message:"Fetched products with pagination", timestamp:"2024-10-18T07:35:26.677Z"}
{level:"info", message:"Fetched products with pagination", timestamp:"2024-10-18T07:35:26.686Z"}
{level:"info", message:"Fetched reviews for product", timestamp:"2024-10-18T07:35:27.580Z"}
{level:"info", message:"Fetched single product", timestamp:"2024-10-18T07:35:27.583Z"}
{level:"info", message:"Fetched reviews for product", timestamp:"2024-10-18T07:35:27.592Z"}
{level:"info", message:"Fetched single product", timestamp:"2024-10-18T07:35:27.606Z"}
{level:"info", message:"Fetched reviews for product", timestamp:"2024-10-18T07:35:27.608Z"}
{level:"info", message:"Fetched products with pagination", timestamp:"2024-10-18T07:35:39.773Z"}
{level:"info", message:"Fetched products with pagination", timestamp:"2024-10-18T07:35:39.783Z"}
{level:"info", message:"Fetched reviews for product", timestamp:"2024-10-18T07:35:40.717Z"}
{level:"info", message:"Fetched single product", timestamp:"2024-10-18T07:35:40.722Z"}
{level:"info", message:"Fetched reviews for product", timestamp:"2024-10-18T07:35:40.733Z"}
{level:"info", message:"Fetched single product", timestamp:"2024-10-18T07:35:40.746Z"}
{level:"info", message:"Fetched reviews for product", timestamp:"2024-10-18T07:35:40.748Z"}
{level:"info", message:"Fetched products with pagination", timestamp:"2024-10-18T07:35:49.123Z"}
{level:"info", message:"Fetched products with pagination", timestamp:"2024-10-18T07:35:49.139Z"}
{level:"info", message:"Fetched single product", timestamp:"2024-10-18T07:35:49.962Z"}
{level:"info", message:"Fetched reviews for product", timestamp:"2024-10-18T07:35:49.965Z"}
{level:"info", message:"Fetched single product", timestamp:"2024-10-18T07:35:49.994Z"}
{level:"info", message:"Fetched reviews for product", timestamp:"2024-10-18T07:35:49.999Z"}
{level:"info", message:"Fetched reviews for product", timestamp:"2024-10-18T07:35:50.012Z"}
{level:"info", message:"Fetched products with pagination", timestamp:"2024-10-18T07:38:09.899Z"}
{level:"info", message:"Fetched products with pagination", timestamp:"2024-10-18T07:38:09.914Z"}
{level:"info", message:"Fetched products with pagination", timestamp:"2024-10-18T07:38:22.657Z"}
{level:"info", message:"Fetched products with pagination", timestamp:"2024-10-18T07:38:22.681Z"}
