{level:"warn", message:"Token verification failed", timestamp:"2024-11-14T07:02:10.904Z"}
{level:"warn", message:"Token verification failed", timestamp:"2024-11-14T07:09:25.979Z"}
{level:"warn", message:"Token verification failed", timestamp:"2024-11-14T07:09:32.977Z"}
{level:"info", message:"User logged in successfully", timestamp:"2024-11-14T07:09:36.290Z"}
{level:"info", message:"Token verified successfully", timestamp:"2024-11-14T07:09:47.109Z"}
{level:"info", message:"Token verified successfully", timestamp:"2024-11-14T07:10:30.741Z"}
{level:"info", message:"Token verified successfully", timestamp:"2024-11-14T07:11:01.124Z"}
{level:"info", message:"Fetched products with pagination", timestamp:"2024-11-14T07:13:22.486Z"}
{level:"info", message:"Token verified successfully", timestamp:"2024-11-14T07:15:47.284Z"}
{level:"info", message:"Token verified successfully", timestamp:"2024-11-14T07:15:50.354Z"}
{level:"info", message:"Token verified successfully", timestamp:"2024-11-14T07:17:41.389Z"}
{level:"info", message:"Fetched products with pagination", timestamp:"2024-11-14T07:24:27.757Z"}
{level:"info", message:"Token verified successfully", timestamp:"2024-11-14T07:24:40.428Z"}
{level:"info", message:"Token verified successfully", timestamp:"2024-11-14T07:28:00.497Z"}
{level:"info", message:"Token verified successfully", timestamp:"2024-11-14T07:31:14.528Z"}
{level:"info", message:"Token verified successfully", timestamp:"2024-11-14T07:31:20.373Z"}
{level:"info", message:"Token verified successfully", timestamp:"2024-11-14T07:33:31.758Z"}
{level:"info", message:"Token verified successfully", timestamp:"2024-11-14T07:43:18.453Z"}
{level:"info", message:"Token verified successfully", timestamp:"2024-11-14T07:44:08.766Z"}
{level:"info", message:"Token verified successfully", timestamp:"2024-11-14T07:48:13.471Z"}
{level:"info", message:"Token verified successfully", timestamp:"2024-11-14T07:49:48.255Z"}
{level:"warn", message:"Token verification failed", timestamp:"2024-11-14T08:10:10.725Z"}
{level:"info", message:"User logged in successfully", timestamp:"2024-11-14T08:10:12.574Z"}
{level:"info", message:"Token verified successfully", timestamp:"2024-11-14T08:10:21.907Z"}
{level:"info", message:"User logged in successfully", timestamp:"2024-11-14T08:14:52.071Z"}
{level:"info", message:"Token verified successfully", timestamp:"2024-11-14T08:15:22.141Z"}
{level:"info", message:"Order created", timestamp:"2024-11-14T08:15:22.188Z"}
{level:"info", message:"Order created", timestamp:"2024-11-14T08:15:22.197Z"}
{level:"info", message:"Token verified successfully", timestamp:"2024-11-14T08:32:14.356Z"}
{level:"info", message:"Token verified successfully", timestamp:"2024-11-14T08:32:37.693Z"}
{level:"warn", message:"Authorization header is missing", timestamp:"2024-11-14T08:35:25.412Z"}
{level:"info", message:"User logged in successfully", timestamp:"2024-11-14T08:35:45.917Z"}
{level:"warn", message:"Authorization header is missing", timestamp:"2024-11-14T08:36:05.575Z"}
{level:"info", message:"Token verified successfully", timestamp:"2024-11-14T08:38:02.256Z"}
{level:"info", message:"Order created", timestamp:"2024-11-14T08:38:02.310Z"}
{level:"info", message:"Order created", timestamp:"2024-11-14T08:38:02.319Z"}
{level:"info", message:"Token verified successfully", timestamp:"2024-11-14T08:39:32.110Z"}
{level:"info", message:"Order created", timestamp:"2024-11-14T08:39:32.134Z"}
{level:"info", message:"Order created", timestamp:"2024-11-14T08:39:32.146Z"}
{level:"info", message:"Review fetched successfully", timestamp:"2024-11-14T08:39:32.333Z"}
{level:"info", message:"Review fetched successfully", timestamp:"2024-11-14T08:39:56.536Z"}
{level:"info", message:"Token verified successfully", timestamp:"2024-11-14T08:42:14.183Z"}
{level:"info", message:"Review fetched successfully", timestamp:"2024-11-14T08:42:14.401Z"}
{level:"info", message:"Token verified successfully", timestamp:"2024-11-14T08:42:19.550Z"}
{level:"info", message:"Token verified successfully", timestamp:"2024-11-14T08:42:39.702Z"}
{level:"info", message:"Order created", timestamp:"2024-11-14T08:42:39.718Z"}
{level:"info", message:"Order created", timestamp:"2024-11-14T08:42:39.735Z"}
{level:"info", message:"Token verified successfully", timestamp:"2024-11-14T08:43:13.150Z"}
{level:"info", message:"Order created", timestamp:"2024-11-14T08:43:13.162Z"}
{level:"info", message:"Order created", timestamp:"2024-11-14T08:43:13.176Z"}
{level:"info", message:"Review fetched successfully", timestamp:"2024-11-14T08:43:13.385Z"}
{level:"info", message:"Token verified successfully", timestamp:"2024-11-14T08:43:37.289Z"}
{level:"info", message:"Review fetched successfully", timestamp:"2024-11-14T08:43:37.627Z"}
{level:"info", message:"Token verified successfully", timestamp:"2024-11-14T08:47:10.924Z"}
{level:"info", message:"Fetched products with pagination", timestamp:"2024-11-14T08:47:17.638Z"}
{level:"info", message:"Token verified successfully", timestamp:"2024-11-14T08:47:29.223Z"}
{level:"info", message:"Token verified successfully", timestamp:"2024-11-14T08:47:49.407Z"}
{level:"info", message:"Order created", timestamp:"2024-11-14T08:47:49.417Z"}
{level:"info", message:"Order created", timestamp:"2024-11-14T08:47:49.423Z"}
{level:"info", message:"Review fetched successfully", timestamp:"2024-11-14T08:47:49.581Z"}
{level:"info", message:"Token verified successfully", timestamp:"2024-11-14T08:49:30.651Z"}
{level:"info", message:"Review fetched successfully", timestamp:"2024-11-14T08:49:30.893Z"}
{level:"info", message:"Token verified successfully", timestamp:"2024-11-14T08:50:09.184Z"}
{level:"info", message:"Review fetched successfully", timestamp:"2024-11-14T08:50:09.478Z"}
{level:"info", message:"Token verified successfully", timestamp:"2024-11-14T08:50:22.841Z"}
{level:"info", message:"Review fetched successfully", timestamp:"2024-11-14T08:50:23.072Z"}
{level:"info", message:"Fetched products with pagination", timestamp:"2024-11-14T08:51:17.054Z"}
{level:"info", message:"Token verified successfully", timestamp:"2024-11-14T08:51:28.291Z"}
{level:"info", message:"Token verified successfully", timestamp:"2024-11-14T08:51:30.720Z"}
{level:"info", message:"Token verified successfully", timestamp:"2024-11-14T08:51:59.063Z"}
{level:"info", message:"Order created", timestamp:"2024-11-14T08:51:59.102Z"}
{level:"info", message:"Order created", timestamp:"2024-11-14T08:51:59.116Z"}
{level:"info", message:"Review fetched successfully", timestamp:"2024-11-14T08:51:59.315Z"}
{level:"info", message:"Fetched products with pagination", timestamp:"2024-11-14T08:56:59.964Z"}
{level:"info", message:"Token verified successfully", timestamp:"2024-11-14T08:57:08.532Z"}
{level:"info", message:"Token verified successfully", timestamp:"2024-11-14T08:57:56.246Z"}
{level:"info", message:"Token verified successfully", timestamp:"2024-11-14T08:58:20.770Z"}
{level:"info", message:"Token verified successfully", timestamp:"2024-11-14T09:01:02.518Z"}
{level:"info", message:"Order created", timestamp:"2024-11-14T09:01:02.589Z"}
{level:"info", message:"Order created", timestamp:"2024-11-14T09:01:02.598Z"}
{level:"info", message:"Token verified successfully", timestamp:"2024-11-14T09:04:09.421Z"}
{level:"info", message:"Token verified successfully", timestamp:"2024-11-14T09:04:26.013Z"}
{level:"info", message:"Token verified successfully", timestamp:"2024-11-14T09:04:27.409Z"}
{level:"info", message:"Token verified successfully", timestamp:"2024-11-14T09:04:33.970Z"}
{level:"info", message:"Order created", timestamp:"2024-11-14T09:04:34.044Z"}
{level:"info", message:"Order created", timestamp:"2024-11-14T09:04:34.057Z"}
{level:"info", message:"Token verified successfully", timestamp:"2024-11-14T09:06:32.790Z"}
{level:"info", message:"Token verified successfully", timestamp:"2024-11-14T09:10:27.222Z"}
{level:"info", message:"Token verified successfully", timestamp:"2024-11-14T09:17:10.118Z"}
{level:"info", message:"Token verified successfully", timestamp:"2024-11-14T09:17:31.087Z"}
{level:"info", message:"Token verified successfully", timestamp:"2024-11-14T09:18:14.318Z"}
{level:"info", message:"Token verified successfully", timestamp:"2024-11-14T09:18:30.890Z"}
{level:"info", message:"Token verified successfully", timestamp:"2024-11-14T09:18:53.707Z"}
{level:"info", message:"Token verified successfully", timestamp:"2024-11-14T09:28:28.801Z"}
{level:"info", message:"Token verified successfully", timestamp:"2024-11-14T09:28:38.316Z"}
{level:"info", message:"Token verified successfully", timestamp:"2024-11-14T09:30:53.921Z"}
{level:"info", message:"Token verified successfully", timestamp:"2024-11-14T09:30:59.551Z"}
{level:"info", message:"Token verified successfully", timestamp:"2024-11-14T09:31:06.286Z"}
{level:"info", message:"Token verified successfully", timestamp:"2024-11-14T09:31:39.577Z"}
{level:"info", message:"Token verified successfully", timestamp:"2024-11-14T09:32:33.823Z"}
{level:"info", message:"Token verified successfully", timestamp:"2024-11-14T09:32:42.915Z"}
{level:"info", message:"Order created", timestamp:"2024-11-14T09:32:42.955Z"}
{level:"info", message:"Review fetched successfully", timestamp:"2024-11-14T09:32:43.137Z"}
{level:"warn", message:"Token verification failed", timestamp:"2024-11-14T09:40:14.719Z"}
{level:"warn", message:"Token verification failed", timestamp:"2024-11-14T09:40:18.469Z"}
{level:"warn", message:"Token verification failed", timestamp:"2024-11-14T09:40:19.768Z"}
{level:"warn", message:"Token verification failed", timestamp:"2024-11-14T09:40:32.664Z"}
{level:"info", message:"User logged in successfully", timestamp:"2024-11-14T09:40:41.923Z"}
{level:"info", message:"Token verified successfully", timestamp:"2024-11-14T09:40:47.974Z"}
{level:"info", message:"Token verified successfully", timestamp:"2024-11-14T09:41:01.897Z"}
{level:"info", message:"Token verified successfully", timestamp:"2024-11-14T09:44:15.125Z"}
{level:"info", message:"Token verified successfully", timestamp:"2024-11-14T09:44:20.120Z"}
{level:"info", message:"Token verified successfully", timestamp:"2024-11-14T09:45:26.932Z"}
{level:"info", message:"Token verified successfully", timestamp:"2024-11-14T09:46:27.220Z"}
{level:"info", message:"Token verified successfully", timestamp:"2024-11-14T09:50:27.962Z"}
{level:"info", message:"Token verified successfully", timestamp:"2024-11-14T09:50:36.921Z"}
{level:"info", message:"Token verified successfully", timestamp:"2024-11-14T09:50:49.969Z"}
{level:"info", message:"Token verified successfully", timestamp:"2024-11-14T09:50:56.730Z"}
{level:"info", message:"User logged in successfully", timestamp:"2024-11-14T09:51:29.584Z"}
{level:"info", message:"Token verified successfully", timestamp:"2024-11-14T09:51:33.639Z"}
{level:"info", message:"Fetched products with pagination", timestamp:"2024-11-14T09:51:40.780Z"}
{level:"info", message:"Token verified successfully", timestamp:"2024-11-14T09:51:49.479Z"}
{level:"info", message:"Token verified successfully", timestamp:"2024-11-14T09:52:05.465Z"}
{level:"warn", message:"Token verification failed", timestamp:"2024-11-14T11:31:48.008Z"}
{level:"warn", message:"Token verification failed", timestamp:"2024-11-14T11:32:18.614Z"}
{level:"info", message:"User logged in successfully", timestamp:"2024-11-14T11:33:03.159Z"}
{level:"info", message:"Token verified successfully", timestamp:"2024-11-14T11:33:07.740Z"}
{level:"info", message:"Token verified successfully", timestamp:"2024-11-14T11:33:44.699Z"}
{level:"info", message:"Fetched products with pagination", timestamp:"2024-11-14T11:51:03.123Z"}
{level:"info", message:"Token verified successfully", timestamp:"2024-11-14T11:53:16.484Z"}
{level:"info", message:"Fetched products with pagination", timestamp:"2024-11-14T11:53:17.054Z"}
{level:"info", message:"Fetched single product", timestamp:"2024-11-14T11:53:20.781Z"}
{level:"info", message:"Fetched reviews for product", timestamp:"2024-11-14T11:53:20.862Z"}
{level:"info", message:"Fetched single product", timestamp:"2024-11-14T11:53:52.733Z"}
{level:"info", message:"Fetched reviews for product", timestamp:"2024-11-14T11:53:52.857Z"}
{level:"info", message:"Fetched single product", timestamp:"2024-11-14T11:54:12.372Z"}
{level:"info", message:"Fetched reviews for product", timestamp:"2024-11-14T11:54:12.565Z"}
{level:"info", message:"Fetched single product", timestamp:"2024-11-14T11:54:46.963Z"}
{level:"info", message:"Fetched reviews for product", timestamp:"2024-11-14T11:54:47.161Z"}
{level:"info", message:"Fetched single product", timestamp:"2024-11-14T11:54:52.528Z"}
{level:"info", message:"Fetched reviews for product", timestamp:"2024-11-14T11:54:52.663Z"}
{level:"info", message:"Fetched single product", timestamp:"2024-11-14T11:54:55.739Z"}
{level:"info", message:"Fetched reviews for product", timestamp:"2024-11-14T11:54:56.308Z"}
{level:"info", message:"Fetched single product", timestamp:"2024-11-14T11:55:22.719Z"}
{level:"info", message:"Fetched reviews for product", timestamp:"2024-11-14T11:55:22.838Z"}
{level:"info", message:"Fetched single product", timestamp:"2024-11-14T11:55:30.814Z"}
{level:"info", message:"Fetched reviews for product", timestamp:"2024-11-14T11:55:31.052Z"}
{level:"info", message:"Fetched single product", timestamp:"2024-11-14T11:55:36.712Z"}
{level:"info", message:"Fetched reviews for product", timestamp:"2024-11-14T11:55:36.770Z"}
{level:"info", message:"Fetched products with pagination", timestamp:"2024-11-14T11:55:55.772Z"}
{level:"info", message:"Fetched single product", timestamp:"2024-11-14T11:55:57.634Z"}
{level:"info", message:"Fetched reviews for product", timestamp:"2024-11-14T11:55:57.706Z"}
{level:"info", message:"Fetched products with pagination", timestamp:"2024-11-14T11:55:59.271Z"}
{level:"info", message:"Fetched single product", timestamp:"2024-11-14T11:56:01.541Z"}
{level:"info", message:"Fetched reviews for product", timestamp:"2024-11-14T11:56:01.632Z"}
{level:"info", message:"Fetched products with pagination", timestamp:"2024-11-14T11:56:04.799Z"}
{level:"info", message:"Token verified successfully", timestamp:"2024-11-14T11:56:08.583Z"}
{level:"info", message:"Fetched products with pagination", timestamp:"2024-11-14T11:56:08.786Z"}
{level:"info", message:"Fetched single product", timestamp:"2024-11-14T11:56:12.466Z"}
{level:"info", message:"Fetched reviews for product", timestamp:"2024-11-14T11:56:12.727Z"}
{level:"info", message:"Fetched single product", timestamp:"2024-11-14T11:56:35.737Z"}
{level:"info", message:"Fetched reviews for product", timestamp:"2024-11-14T11:56:36.005Z"}
{level:"info", message:"Fetched single product", timestamp:"2024-11-14T11:56:42.713Z"}
{level:"info", message:"Fetched reviews for product", timestamp:"2024-11-14T11:56:42.804Z"}
{level:"info", message:"Fetched single product", timestamp:"2024-11-14T11:56:59.720Z"}
{level:"info", message:"Fetched reviews for product", timestamp:"2024-11-14T11:56:59.793Z"}
{level:"info", message:"Fetched single product", timestamp:"2024-11-14T11:57:15.720Z"}
{level:"info", message:"Fetched reviews for product", timestamp:"2024-11-14T11:57:15.793Z"}
{level:"info", message:"Fetched single product", timestamp:"2024-11-14T11:57:24.718Z"}
{level:"info", message:"Fetched reviews for product", timestamp:"2024-11-14T11:57:25.001Z"}
{level:"info", message:"User logged in successfully", timestamp:"2024-11-14T11:58:14.008Z"}
{level:"info", message:"Token verified successfully", timestamp:"2024-11-14T11:58:44.200Z"}
{level:"info", message:"Product created successfully", timestamp:"2024-11-14T11:58:46.173Z"}
{level:"info", message:"Fetched products with pagination", timestamp:"2024-11-14T11:58:51.139Z"}
{level:"info", message:"Token verified successfully", timestamp:"2024-11-14T11:58:53.776Z"}
{level:"info", message:"Fetched products with pagination", timestamp:"2024-11-14T11:58:54.059Z"}
{level:"info", message:"Fetched single product", timestamp:"2024-11-14T11:58:57.889Z"}
{level:"info", message:"Fetched reviews for product", timestamp:"2024-11-14T11:58:57.999Z"}
{level:"info", message:"Fetched single product", timestamp:"2024-11-14T12:00:13.718Z"}
{level:"info", message:"Fetched reviews for product", timestamp:"2024-11-14T12:00:13.773Z"}
{level:"info", message:"Fetched products with pagination", timestamp:"2024-11-14T12:00:27.398Z"}
{level:"info", message:"Fetched single product", timestamp:"2024-11-14T12:00:28.510Z"}
{level:"info", message:"Fetched reviews for product", timestamp:"2024-11-14T12:00:28.573Z"}
{level:"info", message:"Fetched single product", timestamp:"2024-11-14T12:00:43.725Z"}
{level:"info", message:"Fetched reviews for product", timestamp:"2024-11-14T12:00:43.818Z"}
{level:"info", message:"Fetched products with pagination", timestamp:"2024-11-14T12:00:48.658Z"}
{level:"info", message:"Fetched single product", timestamp:"2024-11-14T12:00:51.940Z"}
{level:"info", message:"Fetched reviews for product", timestamp:"2024-11-14T12:00:52.169Z"}
{level:"info", message:"Fetched single product", timestamp:"2024-11-14T12:03:11.744Z"}
{level:"info", message:"Fetched reviews for product", timestamp:"2024-11-14T12:03:11.763Z"}
{level:"info", message:"Fetched single product", timestamp:"2024-11-14T12:03:23.102Z"}
{level:"info", message:"Fetched reviews for product", timestamp:"2024-11-14T12:03:23.180Z"}
{level:"info", message:"Fetched single product", timestamp:"2024-11-14T12:03:27.120Z"}
{level:"info", message:"Fetched reviews for product", timestamp:"2024-11-14T12:03:27.168Z"}
{level:"info", message:"Fetched single product", timestamp:"2024-11-14T12:03:41.751Z"}
{level:"info", message:"Fetched reviews for product", timestamp:"2024-11-14T12:03:41.907Z"}
{level:"info", message:"Fetched single product", timestamp:"2024-11-14T12:03:49.715Z"}
{level:"info", message:"Fetched reviews for product", timestamp:"2024-11-14T12:03:49.732Z"}
{level:"info", message:"Fetched single product", timestamp:"2024-11-14T12:04:01.362Z"}
{level:"info", message:"Fetched reviews for product", timestamp:"2024-11-14T12:04:01.474Z"}
{level:"info", message:"Fetched single product", timestamp:"2024-11-14T12:04:15.713Z"}
{level:"info", message:"Fetched reviews for product", timestamp:"2024-11-14T12:04:15.734Z"}
{level:"info", message:"Token verified successfully", timestamp:"2024-11-14T12:04:46.086Z"}
{level:"info", message:"Product created successfully", timestamp:"2024-11-14T12:04:47.905Z"}
{level:"info", message:"Token verified successfully", timestamp:"2024-11-14T12:04:58.156Z"}
{level:"info", message:"Fetched single product", timestamp:"2024-11-14T12:04:58.227Z"}
{level:"info", message:"Fetched reviews for product", timestamp:"2024-11-14T12:04:58.304Z"}
{level:"info", message:"Fetched products with pagination", timestamp:"2024-11-14T12:05:00.840Z"}
{level:"info", message:"Token verified successfully", timestamp:"2024-11-14T12:05:04.058Z"}
{level:"info", message:"Fetched products with pagination", timestamp:"2024-11-14T12:05:04.174Z"}
{level:"info", message:"Fetched single product", timestamp:"2024-11-14T12:05:06.743Z"}
{level:"info", message:"Fetched reviews for product", timestamp:"2024-11-14T12:05:06.773Z"}
{level:"info", message:"Token verified successfully", timestamp:"2024-11-14T12:05:57.235Z"}
{level:"info", message:"Fetched single product", timestamp:"2024-11-14T12:05:57.574Z"}
{level:"info", message:"Token verified successfully", timestamp:"2024-11-14T12:08:29.716Z"}
{level:"info", message:"Fetched single product", timestamp:"2024-11-14T12:08:29.969Z"}
{level:"info", message:"Token verified successfully", timestamp:"2024-11-14T12:08:34.623Z"}
{level:"info", message:"Fetched single product", timestamp:"2024-11-14T12:08:34.715Z"}
{level:"info", message:"Fetched single product", timestamp:"2024-11-14T12:08:49.738Z"}
{level:"info", message:"Fetched single product", timestamp:"2024-11-14T12:09:50.780Z"}
{level:"info", message:"Token verified successfully", timestamp:"2024-11-14T12:11:02.655Z"}
{level:"info", message:"Fetched single product", timestamp:"2024-11-14T12:11:03.221Z"}
{level:"info", message:"Token verified successfully", timestamp:"2024-11-14T12:12:41.878Z"}
{level:"warn", message:"Product not found", timestamp:"2024-11-14T12:12:42.038Z"}
{level:"warn", message:"Product not found", timestamp:"2024-11-14T12:13:12.967Z"}
{level:"info", message:"Token verified successfully", timestamp:"2024-11-14T12:14:11.882Z"}
{level:"warn", message:"Product not found", timestamp:"2024-11-14T12:14:11.962Z"}
{level:"info", message:"Token verified successfully", timestamp:"2024-11-14T12:15:35.730Z"}
{level:"warn", message:"Product not found", timestamp:"2024-11-14T12:15:35.772Z"}
{level:"info", message:"Fetched reviews for product", timestamp:"2024-11-14T12:15:35.835Z"}
{level:"warn", message:"Product not found", timestamp:"2024-11-14T12:15:57.768Z"}
{level:"info", message:"Fetched reviews for product", timestamp:"2024-11-14T12:15:57.844Z"}
{level:"info", message:"Token verified successfully", timestamp:"2024-11-14T12:16:05.044Z"}
{level:"warn", message:"Product not found", timestamp:"2024-11-14T12:16:05.156Z"}
{level:"info", message:"Fetched reviews for product", timestamp:"2024-11-14T12:16:05.280Z"}
{level:"warn", message:"Product not found", timestamp:"2024-11-14T12:16:13.720Z"}
{level:"info", message:"Token verified successfully", timestamp:"2024-11-14T12:16:17.103Z"}
{level:"warn", message:"Product not found", timestamp:"2024-11-14T12:16:17.172Z"}
{level:"warn", message:"Product not found", timestamp:"2024-11-14T12:16:38.724Z"}
{level:"warn", message:"Product not found", timestamp:"2024-11-14T12:17:06.613Z"}
{level:"warn", message:"Product not found", timestamp:"2024-11-14T12:17:16.713Z"}
{level:"info", message:"Token verified successfully", timestamp:"2024-11-14T12:17:20.980Z"}
{level:"warn", message:"Product not found", timestamp:"2024-11-14T12:17:21.151Z"}
{level:"info", message:"Token verified successfully", timestamp:"2024-11-14T12:17:28.260Z"}
{level:"warn", message:"Product not found", timestamp:"2024-11-14T12:17:28.444Z"}
{level:"info", message:"Token verified successfully", timestamp:"2024-11-14T12:18:09.428Z"}
{level:"warn", message:"Product not found", timestamp:"2024-11-14T12:18:09.513Z"}
{level:"warn", message:"Product not found", timestamp:"2024-11-14T12:18:38.768Z"}
{level:"info", message:"Fetched products with pagination", timestamp:"2024-11-14T12:18:47.005Z"}
{level:"info", message:"Fetched single product", timestamp:"2024-11-14T12:19:01.301Z"}
{level:"info", message:"Fetched reviews for product", timestamp:"2024-11-14T12:19:01.639Z"}
{level:"info", message:"Fetched single product", timestamp:"2024-11-14T12:28:22.783Z"}
{level:"info", message:"Fetched reviews for product", timestamp:"2024-11-14T12:28:22.948Z"}
{level:"info", message:"Token verified successfully", timestamp:"2024-11-14T12:28:28.499Z"}
{level:"info", message:"Fetched single product", timestamp:"2024-11-14T12:28:28.620Z"}
{level:"info", message:"Fetched reviews for product", timestamp:"2024-11-14T12:28:28.813Z"}
{level:"info", message:"Fetched single product", timestamp:"2024-11-14T12:28:52.733Z"}
{level:"info", message:"Fetched reviews for product", timestamp:"2024-11-14T12:28:52.792Z"}
{level:"info", message:"Fetched single product", timestamp:"2024-11-14T12:29:00.722Z"}
{level:"info", message:"Fetched reviews for product", timestamp:"2024-11-14T12:29:00.779Z"}
{level:"info", message:"Fetched single product", timestamp:"2024-11-14T12:29:05.721Z"}
{level:"info", message:"Fetched reviews for product", timestamp:"2024-11-14T12:29:05.851Z"}
{level:"info", message:"Fetched single product", timestamp:"2024-11-14T12:29:20.722Z"}
{level:"info", message:"Fetched reviews for product", timestamp:"2024-11-14T12:29:20.770Z"}
{level:"info", message:"Fetched single product", timestamp:"2024-11-14T12:29:27.719Z"}
{level:"info", message:"Fetched reviews for product", timestamp:"2024-11-14T12:29:27.915Z"}
{level:"info", message:"Token verified successfully", timestamp:"2024-11-14T12:31:05.607Z"}
{level:"warn", message:"Product not found", timestamp:"2024-11-14T12:31:05.774Z"}
{level:"info", message:"Fetched products with pagination", timestamp:"2024-11-14T12:31:08.656Z"}
{level:"info", message:"Token verified successfully", timestamp:"2024-11-14T12:31:12.083Z"}
{level:"info", message:"Fetched products with pagination", timestamp:"2024-11-14T12:31:12.442Z"}
{level:"info", message:"Fetched single product", timestamp:"2024-11-14T12:31:14.217Z"}
{level:"info", message:"Fetched reviews for product", timestamp:"2024-11-14T12:31:14.459Z"}
{level:"info", message:"Fetched products with pagination", timestamp:"2024-11-14T12:31:25.192Z"}
{level:"info", message:"Fetched single product", timestamp:"2024-11-14T12:31:30.535Z"}
{level:"info", message:"Fetched reviews for product", timestamp:"2024-11-14T12:31:30.723Z"}
{level:"warn", message:"Token verification failed", timestamp:"2024-11-14T12:34:28.900Z"}
{level:"warn", message:"Token verification failed", timestamp:"2024-11-14T12:34:35.456Z"}
{level:"info", message:"User logged in successfully", timestamp:"2024-11-14T12:34:48.756Z"}
{level:"info", message:"Token verified successfully", timestamp:"2024-11-14T12:35:00.333Z"}
{level:"info", message:"Token verified successfully", timestamp:"2024-11-14T12:35:20.359Z"}
{level:"info", message:"Order created", timestamp:"2024-11-14T12:35:20.392Z"}
{level:"info", message:"Review fetched successfully", timestamp:"2024-11-14T12:35:47.798Z"}
{level:"info", message:"Token verified successfully", timestamp:"2024-11-14T12:35:52.843Z"}
{level:"info", message:"Fetched products with pagination", timestamp:"2024-11-14T12:36:10.396Z"}
{level:"info", message:"Fetched products with pagination", timestamp:"2024-11-14T12:36:16.754Z"}
{level:"info", message:"Token verified successfully", timestamp:"2024-11-14T12:36:42.991Z"}
{level:"info", message:"Order created", timestamp:"2024-11-14T12:36:43.006Z"}
{level:"info", message:"Token verified successfully", timestamp:"2024-11-14T12:37:20.756Z"}
{level:"info", message:"Review fetched successfully", timestamp:"2024-11-14T12:37:25.211Z"}
{level:"info", message:"Fetched products with pagination", timestamp:"2024-11-14T12:37:43.736Z"}
{level:"info", message:"Token verified successfully", timestamp:"2024-11-14T12:38:10.462Z"}
{level:"info", message:"Order created", timestamp:"2024-11-14T12:38:10.470Z"}
{level:"info", message:"Review fetched successfully", timestamp:"2024-11-14T12:38:10.647Z"}
{level:"info", message:"Review fetched successfully", timestamp:"2024-11-14T12:39:35.821Z"}
{level:"info", message:"Review fetched successfully", timestamp:"2024-11-14T12:39:40.965Z"}
{level:"info", message:"Token verified successfully", timestamp:"2024-11-14T12:40:17.683Z"}
{level:"info", message:"Review fetched successfully", timestamp:"2024-11-14T12:40:17.815Z"}
{level:"info", message:"Token verified successfully", timestamp:"2024-11-14T12:42:51.760Z"}
{level:"info", message:"Token verified successfully", timestamp:"2024-11-14T12:42:58.444Z"}
{level:"info", message:"Fetched products with pagination", timestamp:"2024-11-14T12:43:04.523Z"}
{level:"info", message:"Token verified successfully", timestamp:"2024-11-14T12:43:27.659Z"}
{level:"info", message:"Order created", timestamp:"2024-11-14T12:43:27.669Z"}
{level:"info", message:"Review fetched successfully", timestamp:"2024-11-14T12:43:43.641Z"}
{level:"info", message:"Fetched products with pagination", timestamp:"2024-11-14T12:43:49.820Z"}
{level:"info", message:"Token verified successfully", timestamp:"2024-11-14T12:44:08.048Z"}
{level:"info", message:"Order created", timestamp:"2024-11-14T12:44:08.057Z"}
{level:"info", message:"Review fetched successfully", timestamp:"2024-11-14T12:46:11.895Z"}
{level:"info", message:"Review fetched successfully", timestamp:"2024-11-14T12:46:42.395Z"}
{level:"info", message:"Fetched products with pagination", timestamp:"2024-11-14T12:46:50.174Z"}
{level:"info", message:"Fetched single product", timestamp:"2024-11-14T12:46:52.719Z"}
{level:"info", message:"Fetched reviews for product", timestamp:"2024-11-14T12:46:52.782Z"}
{level:"info", message:"Fetched products with pagination", timestamp:"2024-11-14T12:46:54.073Z"}
{level:"info", message:"Token verified successfully", timestamp:"2024-11-14T12:46:59.049Z"}
{level:"info", message:"Fetched products with pagination", timestamp:"2024-11-14T12:46:59.185Z"}
{level:"info", message:"Fetched single product", timestamp:"2024-11-14T12:47:02.013Z"}
{level:"info", message:"Fetched reviews for product", timestamp:"2024-11-14T12:47:02.078Z"}
{level:"info", message:"Fetched single product", timestamp:"2024-11-14T12:51:45.735Z"}
{level:"info", message:"Fetched reviews for product", timestamp:"2024-11-14T12:51:45.788Z"}
{level:"info", message:"Token verified successfully", timestamp:"2024-11-14T12:51:59.846Z"}
{level:"info", message:"Fetched single product", timestamp:"2024-11-14T12:51:59.912Z"}
{level:"info", message:"Fetched reviews for product", timestamp:"2024-11-14T12:52:00.047Z"}
{level:"info", message:"Fetched products with pagination", timestamp:"2024-11-14T12:52:38.678Z"}
{level:"info", message:"Fetched products with pagination", timestamp:"2024-11-14T12:53:20.747Z"}
{level:"info", message:"Fetched products with pagination", timestamp:"2024-11-14T12:53:24.721Z"}
{level:"info", message:"Fetched products with pagination", timestamp:"2024-11-14T12:53:33.723Z"}
{level:"info", message:"Fetched single product", timestamp:"2024-11-14T12:53:49.585Z"}
{level:"info", message:"Fetched reviews for product", timestamp:"2024-11-14T12:53:49.607Z"}
{level:"info", message:"Fetched products with pagination", timestamp:"2024-11-14T12:54:10.318Z"}
{level:"info", message:"Fetched products with pagination", timestamp:"2024-11-14T12:54:23.348Z"}
{level:"info", message:"Fetched products with pagination", timestamp:"2024-11-14T12:54:27.430Z"}
{level:"info", message:"Token verified successfully", timestamp:"2024-11-14T13:12:23.963Z"}
{level:"info", message:"Fetched products with pagination", timestamp:"2024-11-14T13:12:24.055Z"}
{level:"info", message:"Token verified successfully", timestamp:"2024-11-14T13:12:28.283Z"}
{level:"warn", message:"Invalid token", timestamp:"2024-11-14T13:12:50.675Z"}
{level:"warn", message:"Invalid token", timestamp:"2024-11-14T13:13:06.547Z"}
{level:"warn", message:"Invalid token", timestamp:"2024-11-14T13:13:16.497Z"}
{level:"warn", message:"Invalid token", timestamp:"2024-11-14T13:13:18.334Z"}
{level:"error", message:"Error during password reset process", timestamp:"2024-11-14T13:15:16.822Z"}
{level:"error", message:"Error during password reset process", timestamp:"2024-11-14T13:16:37.614Z"}
{level:"error", message:"Error during password reset process", timestamp:"2024-11-14T13:16:38.383Z"}
{level:"error", message:"Error during password reset process", timestamp:"2024-11-14T13:18:04.543Z"}
{level:"warn", message:"Invalid token", timestamp:"2024-11-14T13:57:54.308Z"}
{level:"warn", message:"Invalid token", timestamp:"2024-11-14T14:00:12.633Z"}
{level:"warn", message:"Invalid token", timestamp:"2024-11-14T14:00:14.723Z"}
{level:"warn", message:"Invalid token", timestamp:"2024-11-14T14:00:33.728Z"}
{level:"warn", message:"Invalid token", timestamp:"2024-11-14T14:00:34.528Z"}
{level:"warn", message:"Invalid token", timestamp:"2024-11-14T14:00:49.646Z"}
{level:"warn", message:"Invalid token", timestamp:"2024-11-14T14:01:13.185Z"}
{level:"warn", message:"Invalid token", timestamp:"2024-11-14T14:01:14.495Z"}
{level:"warn", message:"Invalid token", timestamp:"2024-11-14T14:01:27.562Z"}
{level:"warn", message:"Invalid token", timestamp:"2024-11-14T14:01:33.795Z"}
{level:"warn", message:"Invalid token", timestamp:"2024-11-14T14:01:55.148Z"}
{level:"warn", message:"Invalid token", timestamp:"2024-11-14T14:02:30.887Z"}
{level:"warn", message:"Invalid token", timestamp:"2024-11-14T14:03:06.252Z"}
{level:"warn", message:"Invalid token", timestamp:"2024-11-14T14:03:48.229Z"}
{level:"info", message:"Password reset email sent", timestamp:"2024-11-14T14:04:00.960Z"}
{level:"info", message:"Token verified successfully", timestamp:"2024-11-14T14:04:35.478Z"}
{level:"warn", message:"Invalid token", timestamp:"2024-11-14T14:04:43.827Z"}
{level:"info", message:"Token verified successfully", timestamp:"2024-11-14T14:05:02.901Z"}
{level:"info", message:"Token verified successfully", timestamp:"2024-11-14T14:05:11.922Z"}
{level:"warn", message:"Invalid token", timestamp:"2024-11-14T14:05:17.550Z"}
{level:"warn", message:"Invalid token", timestamp:"2024-11-14T14:06:06.079Z"}
{level:"warn", message:"Invalid token", timestamp:"2024-11-14T14:06:20.447Z"}
{level:"info", message:"User logged in successfully", timestamp:"2024-11-14T14:07:12.222Z"}
{level:"info", message:"Token verified successfully", timestamp:"2024-11-14T14:11:04.971Z"}
{level:"info", message:"Order created", timestamp:"2024-11-14T14:11:05.002Z"}
{level:"info", message:"Order created", timestamp:"2024-11-14T14:11:05.012Z"}
{level:"info", message:"Fetched products with pagination", timestamp:"2024-11-14T14:12:02.368Z"}
{level:"info", message:"Token verified successfully", timestamp:"2024-11-14T14:12:22.670Z"}
{level:"info", message:"Order created", timestamp:"2024-11-14T14:12:22.678Z"}
{level:"info", message:"Token verified successfully", timestamp:"2024-11-14T14:13:32.132Z"}
{level:"info", message:"Token verified successfully", timestamp:"2024-11-14T14:15:00.485Z"}
{level:"info", message:"Token verified successfully", timestamp:"2024-11-14T14:17:37.917Z"}
{level:"info", message:"Review fetched successfully", timestamp:"2024-11-14T14:17:41.749Z"}
{level:"info", message:"Review fetched successfully", timestamp:"2024-11-14T14:17:51.496Z"}
{level:"info", message:"Fetched products with pagination", timestamp:"2024-11-14T14:19:36.889Z"}
{level:"info", message:"Fetched products with pagination", timestamp:"2024-11-14T14:19:43.622Z"}
{level:"info", message:"Token verified successfully", timestamp:"2024-11-14T14:20:44.783Z"}
{level:"info", message:"Order created", timestamp:"2024-11-14T14:20:44.792Z"}
{level:"info", message:"Review fetched successfully", timestamp:"2024-11-14T14:20:45.057Z"}
{level:"info", message:"Token verified successfully", timestamp:"2024-11-14T14:20:53.160Z"}
{level:"info", message:"Token verified successfully", timestamp:"2024-11-14T14:21:23.678Z"}
{level:"info", message:"Review fetched successfully", timestamp:"2024-11-14T14:21:35.214Z"}
{level:"info", message:"Token verified successfully", timestamp:"2024-11-14T14:22:12.185Z"}
{level:"info", message:"User logged in successfully", timestamp:"2024-11-14T14:22:30.204Z"}
{level:"info", message:"Token verified successfully", timestamp:"2024-11-14T14:22:57.661Z"}
{level:"info", message:"Token verified successfully", timestamp:"2024-11-14T14:23:36.851Z"}
{level:"info", message:"Password has been reset successfully", timestamp:"2024-11-14T14:23:36.964Z"}
{level:"warn", message:"Token already used or invalid", timestamp:"2024-11-14T14:23:43.753Z"}
{level:"info", message:"User logged in successfully", timestamp:"2024-11-14T14:23:54.145Z"}
{level:"info", message:"Fetched products with pagination", timestamp:"2024-11-14T14:24:02.131Z"}
{level:"info", message:"Token verified successfully", timestamp:"2024-11-14T14:24:43.857Z"}
{level:"info", message:"Review fetched successfully", timestamp:"2024-11-14T14:24:46.726Z"}
{level:"info", message:"Review fetched successfully", timestamp:"2024-11-14T14:24:47.994Z"}
{level:"info", message:"Token verified successfully", timestamp:"2024-11-14T14:25:25.103Z"}
{level:"info", message:"Review fetched successfully", timestamp:"2024-11-14T14:31:16.576Z"}
{level:"info", message:"Token verified successfully", timestamp:"2024-11-14T14:32:51.146Z"}
{level:"info", message:"Review fetched successfully", timestamp:"2024-11-14T14:32:51.326Z"}
{level:"info", message:"Token verified successfully", timestamp:"2024-11-14T14:33:22.039Z"}
{level:"info", message:"Review fetched successfully", timestamp:"2024-11-14T14:33:22.151Z"}
{level:"info", message:"Fetched single product", timestamp:"2024-11-14T14:33:31.506Z"}
{level:"info", message:"Fetched single product", timestamp:"2024-11-14T14:44:25.163Z"}
{level:"info", message:"Token verified successfully", timestamp:"2024-11-14T14:57:03.870Z"}
{level:"info", message:"Token verified successfully", timestamp:"2024-11-14T14:59:23.365Z"}
{level:"info", message:"Token verified successfully", timestamp:"2024-11-14T14:59:29.003Z"}
{level:"info", message:"Fetched single product", timestamp:"2024-11-14T14:59:29.130Z"}
{level:"info", message:"Fetched reviews for product", timestamp:"2024-11-14T14:59:29.260Z"}
{level:"info", message:"Fetched single product", timestamp:"2024-11-14T14:59:34.299Z"}
{level:"info", message:"Fetched reviews for product", timestamp:"2024-11-14T14:59:34.322Z"}
{level:"info", message:"Review fetched successfully", timestamp:"2024-11-14T15:28:58.196Z"}
{level:"warn", message:"Token verification failed", timestamp:"2024-11-14T15:39:49.739Z"}
{level:"info", message:"User logged in successfully", timestamp:"2024-11-14T15:43:47.347Z"}
{level:"info", message:"Token verified successfully", timestamp:"2024-11-14T15:43:53.031Z"}
{level:"info", message:"Token verified successfully", timestamp:"2024-11-14T15:47:51.946Z"}
{level:"info", message:"Review fetched successfully", timestamp:"2024-11-14T15:47:56.484Z"}
{level:"info", message:"User logged in successfully", timestamp:"2024-11-14T15:48:27.812Z"}
{level:"warn", message:"Product not found", timestamp:"2024-11-14T15:49:56.777Z"}
{level:"warn", message:"Product not found", timestamp:"2024-11-14T15:51:44.864Z"}
{level:"warn", message:"Token verification failed", timestamp:"2024-11-14T15:53:37.061Z"}
{level:"info", message:"User logged in successfully", timestamp:"2024-11-14T15:53:38.687Z"}
{level:"info", message:"Review fetched successfully", timestamp:"2024-11-14T15:53:44.310Z"}
{level:"info", message:"Review fetched successfully", timestamp:"2024-11-14T16:19:32.012Z"}
{level:"info", message:"Review fetched successfully", timestamp:"2024-11-14T16:19:33.657Z"}
{level:"info", message:"Token verified successfully", timestamp:"2024-11-14T16:19:37.351Z"}
{level:"info", message:"Review fetched successfully", timestamp:"2024-11-14T16:19:42.467Z"}
{level:"info", message:"Fetched products with pagination", timestamp:"2024-11-14T16:19:47.411Z"}
{level:"info", message:"Fetched single product", timestamp:"2024-11-14T16:19:55.194Z"}
{level:"info", message:"Fetched reviews for product", timestamp:"2024-11-14T16:19:55.257Z"}
{level:"info", message:"Fetched products with pagination", timestamp:"2024-11-14T16:20:12.346Z"}
{level:"info", message:"Fetched single product", timestamp:"2024-11-14T16:20:14.209Z"}
{level:"info", message:"Fetched reviews for product", timestamp:"2024-11-14T16:20:14.259Z"}
{level:"info", message:"Token verified successfully", timestamp:"2024-11-14T16:26:42.551Z"}
{level:"info", message:"User logged in successfully", timestamp:"2024-11-14T16:28:31.042Z"}
{level:"info", message:"User logged in successfully", timestamp:"2024-11-14T16:28:54.991Z"}
{level:"info", message:"User logged in successfully", timestamp:"2024-11-14T16:32:27.299Z"}
{level:"info", message:"Token verified successfully", timestamp:"2024-11-14T16:33:52.661Z"}
{level:"info", message:"Token verified successfully", timestamp:"2024-11-14T16:37:15.496Z"}
{level:"info", message:"User logged in successfully", timestamp:"2024-11-14T16:37:34.519Z"}
{level:"info", message:"Password reset email sent", timestamp:"2024-11-14T16:38:15.502Z"}
{level:"info", message:"Token verified successfully", timestamp:"2024-11-14T16:38:36.869Z"}
