{level:"warn", message:"Token verification failed", timestamp:"2025-01-28T04:55:08.407Z"}
{level:"warn", message:"Token verification failed", timestamp:"2025-01-28T04:55:28.024Z"}
{level:"info", message:"User logged in successfully", timestamp:"2025-01-28T04:55:38.482Z"}
{level:"info", message:"Token verified successfully", timestamp:"2025-01-28T04:56:17.672Z"}
{level:"info", message:"Token verified successfully", timestamp:"2025-01-28T04:57:00.830Z"}
{level:"info", message:"Token verified successfully", timestamp:"2025-01-28T04:57:35.052Z"}
{level:"info", message:"Review fetched successfully", timestamp:"2025-01-28T04:57:35.316Z"}
{level:"info", message:"Token verified successfully", timestamp:"2025-01-28T04:57:48.666Z"}
{level:"info", message:"Review fetched successfully", timestamp:"2025-01-28T04:57:48.828Z"}
{level:"info", message:"Token verified successfully", timestamp:"2025-01-28T04:57:55.613Z"}
{level:"info", message:"Token verified successfully", timestamp:"2025-01-28T04:58:15.529Z"}
{level:"info", message:"Review fetched successfully", timestamp:"2025-01-28T04:58:15.741Z"}
{level:"info", message:"Token verified successfully", timestamp:"2025-01-28T05:00:09.329Z"}
{level:"info", message:"Token verified successfully", timestamp:"2025-01-28T05:00:30.439Z"}
{level:"info", message:"Review fetched successfully", timestamp:"2025-01-28T05:00:30.814Z"}
{level:"info", message:"Token verified successfully", timestamp:"2025-01-28T05:01:37.044Z"}
{level:"info", message:"Token verified successfully", timestamp:"2025-01-28T05:01:58.728Z"}
{level:"info", message:"Review fetched successfully", timestamp:"2025-01-28T05:01:58.966Z"}
{level:"info", message:"Token verified successfully", timestamp:"2025-01-28T05:06:45.275Z"}
{level:"info", message:"Order created", timestamp:"2025-01-28T05:07:03.943Z"}
{level:"info", message:"Order created", timestamp:"2025-01-28T05:07:04.067Z"}
{level:"info", message:"Token verified successfully", timestamp:"2025-01-28T05:07:04.397Z"}
{level:"info", message:"Review fetched successfully", timestamp:"2025-01-28T05:07:04.628Z"}
{level:"info", message:"Token verified successfully", timestamp:"2025-01-28T05:25:43.492Z"}
{level:"info", message:"Token verified successfully", timestamp:"2025-01-28T05:29:44.279Z"}
{level:"info", message:"Token verified successfully", timestamp:"2025-01-28T05:30:19.881Z"}
{level:"info", message:"Token verified successfully", timestamp:"2025-01-28T05:30:56.957Z"}
{level:"info", message:"Token verified successfully", timestamp:"2025-01-28T05:31:40.266Z"}
{level:"info", message:"Token verified successfully", timestamp:"2025-01-28T05:32:12.466Z"}
{level:"info", message:"Order created", timestamp:"2025-01-28T05:32:31.904Z"}
{level:"info", message:"Order created", timestamp:"2025-01-28T05:32:31.911Z"}
{level:"info", message:"Token verified successfully", timestamp:"2025-01-28T05:32:33.894Z"}
{level:"info", message:"Review fetched successfully", timestamp:"2025-01-28T05:32:34.083Z"}
{level:"info", message:"Token verified successfully", timestamp:"2025-01-28T05:33:07.072Z"}
{level:"info", message:"Order created", timestamp:"2025-01-28T05:33:26.014Z"}
{level:"info", message:"Order created", timestamp:"2025-01-28T05:33:26.027Z"}
{level:"info", message:"Token verified successfully", timestamp:"2025-01-28T05:33:27.063Z"}
{level:"info", message:"Review fetched successfully", timestamp:"2025-01-28T05:33:27.377Z"}
{level:"info", message:"Token verified successfully", timestamp:"2025-01-28T05:46:10.657Z"}
{level:"info", message:"Token verified successfully", timestamp:"2025-01-28T05:47:50.275Z"}
{level:"info", message:"Token verified successfully", timestamp:"2025-01-28T05:48:26.128Z"}
{level:"info", message:"Token verified successfully", timestamp:"2025-01-28T06:18:18.025Z"}
