{level:"info", message:"Fetched products with pagination", timestamp:"2024-12-06T11:42:59.988Z"}
{level:"info", message:"Fetched products with pagination", timestamp:"2024-12-06T11:43:09.212Z"}
{level:"info", message:"Fetched products with pagination", timestamp:"2024-12-06T11:43:12.194Z"}
{level:"info", message:"Fetched single product", timestamp:"2024-12-06T11:43:26.624Z"}
{level:"info", message:"Fetched reviews for product", timestamp:"2024-12-06T11:43:26.799Z"}
{level:"info", message:"Fetched products with pagination", timestamp:"2024-12-06T11:43:34.971Z"}
{level:"info", message:"Fetched products with pagination", timestamp:"2024-12-06T11:43:49.560Z"}
{level:"info", message:"Fetched products with pagination", timestamp:"2024-12-06T11:44:02.310Z"}
{level:"info", message:"Fetched single product", timestamp:"2024-12-06T11:44:07.832Z"}
{level:"info", message:"Fetched reviews for product", timestamp:"2024-12-06T11:44:07.873Z"}
{level:"info", message:"User logged in successfully", timestamp:"2024-12-06T11:44:22.989Z"}
{level:"info", message:"Fetched single product", timestamp:"2024-12-06T11:44:23.200Z"}
{level:"info", message:"Fetched reviews for product", timestamp:"2024-12-06T11:44:23.285Z"}
{level:"info", message:"Token verified successfully", timestamp:"2024-12-06T11:45:58.214Z"}
{level:"info", message:"Order created", timestamp:"2024-12-06T11:45:58.293Z"}
{level:"info", message:"Review fetched successfully", timestamp:"2024-12-06T11:45:58.511Z"}
{level:"info", message:"Fetched products with pagination", timestamp:"2024-12-06T11:49:42.863Z"}
{level:"info", message:"Token verified successfully", timestamp:"2024-12-06T11:50:15.371Z"}
{level:"info", message:"Fetched products with pagination", timestamp:"2024-12-06T11:50:15.471Z"}
{level:"info", message:"Fetched products with pagination", timestamp:"2024-12-06T11:50:43.570Z"}
{level:"info", message:"Fetched products with pagination", timestamp:"2024-12-06T11:54:08.413Z"}
{level:"info", message:"Token verified successfully", timestamp:"2024-12-06T11:54:23.134Z"}
{level:"info", message:"Fetched products with pagination", timestamp:"2024-12-06T11:54:23.259Z"}
{level:"info", message:"Fetched products with pagination", timestamp:"2024-12-06T11:54:23.403Z"}
{level:"info", message:"Token verified successfully", timestamp:"2024-12-06T11:54:40.870Z"}
{level:"info", message:"Fetched products with pagination", timestamp:"2024-12-06T11:54:41.032Z"}
{level:"info", message:"Fetched products with pagination", timestamp:"2024-12-06T11:54:41.170Z"}
{level:"info", message:"Token verified successfully", timestamp:"2024-12-06T11:55:04.056Z"}
{level:"info", message:"Fetched products with pagination", timestamp:"2024-12-06T11:55:04.222Z"}
{level:"info", message:"Token verified successfully", timestamp:"2024-12-06T11:55:13.404Z"}
{level:"info", message:"Fetched products with pagination", timestamp:"2024-12-06T11:55:13.485Z"}
{level:"info", message:"Fetched products with pagination", timestamp:"2024-12-06T11:55:13.589Z"}
{level:"info", message:"Token verified successfully", timestamp:"2024-12-06T11:55:15.008Z"}
{level:"info", message:"Fetched products with pagination", timestamp:"2024-12-06T11:55:15.091Z"}
{level:"info", message:"Fetched products with pagination", timestamp:"2024-12-06T11:55:15.111Z"}
{level:"info", message:"Token verified successfully", timestamp:"2024-12-06T11:55:28.839Z"}
{level:"info", message:"Fetched products with pagination", timestamp:"2024-12-06T11:55:28.977Z"}
{level:"info", message:"Token verified successfully", timestamp:"2024-12-06T12:00:08.642Z"}
{level:"info", message:"Fetched products with pagination", timestamp:"2024-12-06T12:00:08.861Z"}
{level:"info", message:"Token verified successfully", timestamp:"2024-12-06T12:00:15.520Z"}
{level:"info", message:"Fetched products with pagination", timestamp:"2024-12-06T12:00:15.711Z"}
{level:"info", message:"Token verified successfully", timestamp:"2024-12-06T12:00:25.678Z"}
{level:"info", message:"Fetched products with pagination", timestamp:"2024-12-06T12:00:25.812Z"}
{level:"info", message:"Fetched products with pagination", timestamp:"2024-12-06T12:02:48.362Z"}
{level:"info", message:"Token verified successfully", timestamp:"2024-12-06T12:02:58.643Z"}
{level:"info", message:"Fetched products with pagination", timestamp:"2024-12-06T12:02:59.883Z"}
{level:"info", message:"Token verified successfully", timestamp:"2024-12-06T12:03:04.068Z"}
{level:"info", message:"Fetched products with pagination", timestamp:"2024-12-06T12:03:05.189Z"}
{level:"info", message:"Token verified successfully", timestamp:"2024-12-06T12:06:49.825Z"}
{level:"info", message:"Fetched products with pagination", timestamp:"2024-12-06T12:06:51.001Z"}
{level:"info", message:"Fetched products with pagination", timestamp:"2024-12-06T12:06:57.562Z"}
{level:"info", message:"Fetched products with pagination", timestamp:"2024-12-06T12:07:01.234Z"}
{level:"info", message:"Token verified successfully", timestamp:"2024-12-06T12:07:04.976Z"}
{level:"info", message:"Fetched products with pagination", timestamp:"2024-12-06T12:07:06.095Z"}
{level:"info", message:"Fetched products with pagination", timestamp:"2024-12-06T12:07:09.706Z"}
{level:"info", message:"Fetched products with pagination", timestamp:"2024-12-06T12:07:14.264Z"}
{level:"info", message:"Token verified successfully", timestamp:"2024-12-06T12:08:25.813Z"}
{level:"info", message:"Fetched products with pagination", timestamp:"2024-12-06T12:08:26.982Z"}
{level:"info", message:"Token verified successfully", timestamp:"2024-12-06T12:08:38.349Z"}
{level:"info", message:"Fetched products with pagination", timestamp:"2024-12-06T12:08:39.530Z"}
{level:"info", message:"Token verified successfully", timestamp:"2024-12-06T12:08:57.793Z"}
{level:"info", message:"Fetched products with pagination", timestamp:"2024-12-06T12:08:57.984Z"}
{level:"info", message:"Fetched products with pagination", timestamp:"2024-12-06T12:09:06.487Z"}
{level:"info", message:"Token verified successfully", timestamp:"2024-12-06T12:09:09.996Z"}
{level:"info", message:"Fetched products with pagination", timestamp:"2024-12-06T12:09:10.205Z"}
{level:"info", message:"Fetched products with pagination", timestamp:"2024-12-06T12:09:17.095Z"}
{level:"info", message:"Token verified successfully", timestamp:"2024-12-06T12:09:20.994Z"}
{level:"info", message:"Fetched products with pagination", timestamp:"2024-12-06T12:09:21.097Z"}
{level:"info", message:"Fetched products with pagination", timestamp:"2024-12-06T12:12:12.357Z"}
{level:"info", message:"Token verified successfully", timestamp:"2024-12-06T12:12:16.147Z"}
{level:"info", message:"Fetched products with pagination", timestamp:"2024-12-06T12:12:16.389Z"}
{level:"info", message:"Token verified successfully", timestamp:"2024-12-06T12:13:04.390Z"}
{level:"info", message:"Fetched products with pagination", timestamp:"2024-12-06T12:13:04.608Z"}
{level:"info", message:"Fetched products with pagination", timestamp:"2024-12-06T12:13:20.183Z"}
{level:"info", message:"Token verified successfully", timestamp:"2024-12-06T12:13:30.945Z"}
{level:"info", message:"Fetched products with pagination", timestamp:"2024-12-06T12:13:31.086Z"}
{level:"info", message:"Token verified successfully", timestamp:"2024-12-06T12:13:43.583Z"}
{level:"info", message:"Fetched products with pagination", timestamp:"2024-12-06T12:13:43.684Z"}
{level:"info", message:"Fetched products with pagination", timestamp:"2024-12-06T12:13:51.380Z"}
{level:"info", message:"Fetched products with pagination", timestamp:"2024-12-06T12:15:15.358Z"}
{level:"info", message:"Token verified successfully", timestamp:"2024-12-06T12:15:31.411Z"}
{level:"info", message:"Fetched products with pagination", timestamp:"2024-12-06T12:15:31.545Z"}
{level:"info", message:"Token verified successfully", timestamp:"2024-12-06T12:15:36.163Z"}
{level:"info", message:"Fetched products with pagination", timestamp:"2024-12-06T12:15:36.327Z"}
{level:"info", message:"Token verified successfully", timestamp:"2024-12-06T12:21:01.588Z"}
{level:"info", message:"Fetched products with pagination", timestamp:"2024-12-06T12:21:01.681Z"}
{level:"info", message:"Fetched products with pagination", timestamp:"2024-12-06T12:21:09.195Z"}
{level:"info", message:"Fetched products with pagination", timestamp:"2024-12-06T12:21:13.542Z"}
{level:"info", message:"Token verified successfully", timestamp:"2024-12-06T12:21:36.505Z"}
{level:"info", message:"Fetched products with pagination", timestamp:"2024-12-06T12:21:36.720Z"}
{level:"info", message:"Fetched products with pagination", timestamp:"2024-12-06T12:22:08.361Z"}
{level:"info", message:"Fetched products with pagination", timestamp:"2024-12-06T12:22:14.383Z"}
{level:"info", message:"Fetched products with pagination", timestamp:"2024-12-06T12:22:23.356Z"}
{level:"info", message:"Token verified successfully", timestamp:"2024-12-06T12:22:25.973Z"}
{level:"info", message:"Fetched products with pagination", timestamp:"2024-12-06T12:22:26.165Z"}
{level:"info", message:"Fetched products with pagination", timestamp:"2024-12-06T12:22:28.937Z"}
{level:"info", message:"Fetched products with pagination", timestamp:"2024-12-06T12:22:34.555Z"}
{level:"info", message:"Fetched products with pagination", timestamp:"2024-12-06T12:22:36.703Z"}
{level:"info", message:"Token verified successfully", timestamp:"2024-12-06T12:23:23.759Z"}
{level:"info", message:"Fetched products with pagination", timestamp:"2024-12-06T12:23:23.903Z"}
{level:"info", message:"Token verified successfully", timestamp:"2024-12-06T12:23:28.858Z"}
{level:"info", message:"Fetched products with pagination", timestamp:"2024-12-06T12:23:29.033Z"}
{level:"info", message:"Fetched single product", timestamp:"2024-12-06T12:23:35.895Z"}
{level:"info", message:"Fetched reviews for product", timestamp:"2024-12-06T12:23:35.949Z"}
