{level:"warn", message:"Token verification failed", timestamp:"2024-10-26T10:04:22.651Z"}
{level:"info", message:"User logged in successfully", timestamp:"2024-10-26T10:04:27.334Z"}
{level:"info", message:"Fetched products with pagination", timestamp:"2024-10-26T10:04:34.181Z"}
{level:"info", message:"Fetched products with pagination", timestamp:"2024-10-26T10:04:39.293Z"}
{level:"info", message:"Token verified successfully", timestamp:"2024-10-26T10:04:47.468Z"}
{level:"warn", message:"Token verification failed", timestamp:"2024-10-26T10:04:52.615Z"}
{level:"warn", message:"Token verification failed", timestamp:"2024-10-26T10:04:52.646Z"}
{level:"info", message:"User logged in successfully", timestamp:"2024-10-26T10:04:53.994Z"}
{level:"info", message:"Fetched single product", timestamp:"2024-10-26T10:04:59.683Z"}
{level:"info", message:"Fetched reviews for product", timestamp:"2024-10-26T10:04:59.770Z"}
{level:"info", message:"Token verified successfully", timestamp:"2024-10-26T10:08:25.648Z"}
{level:"info", message:"Fetched single product", timestamp:"2024-10-26T10:08:25.665Z"}
{level:"info", message:"Fetched reviews for product", timestamp:"2024-10-26T10:08:25.714Z"}
{level:"info", message:"Token verified successfully", timestamp:"2024-10-26T10:14:20.230Z"}
{level:"info", message:"Fetched single product", timestamp:"2024-10-26T10:14:20.241Z"}
{level:"info", message:"Fetched reviews for product", timestamp:"2024-10-26T10:14:20.337Z"}
{level:"info", message:"Token verified successfully", timestamp:"2024-10-26T10:22:38.413Z"}
{level:"info", message:"Token verified successfully", timestamp:"2024-10-26T10:22:38.471Z"}
{level:"info", message:"Fetched single product", timestamp:"2024-10-26T10:22:40.054Z"}
{level:"info", message:"Token verified successfully", timestamp:"2024-10-26T10:22:40.067Z"}
{level:"info", message:"Fetched reviews for product", timestamp:"2024-10-26T10:22:40.106Z"}
{level:"info", message:"Fetched single product", timestamp:"2024-10-26T10:22:55.863Z"}
{level:"info", message:"Token verified successfully", timestamp:"2024-10-26T10:22:55.882Z"}
{level:"info", message:"Fetched reviews for product", timestamp:"2024-10-26T10:22:55.936Z"}
{level:"info", message:"Fetched single product", timestamp:"2024-10-26T10:22:58.742Z"}
{level:"info", message:"Fetched reviews for product", timestamp:"2024-10-26T10:22:58.764Z"}
{level:"info", message:"Fetched single product", timestamp:"2024-10-26T10:23:29.624Z"}
{level:"info", message:"Token verified successfully", timestamp:"2024-10-26T10:23:29.639Z"}
{level:"info", message:"Fetched reviews for product", timestamp:"2024-10-26T10:23:29.701Z"}
{level:"info", message:"Fetched single product", timestamp:"2024-10-26T10:24:33.796Z"}
{level:"info", message:"Token verified successfully", timestamp:"2024-10-26T10:24:33.809Z"}
{level:"info", message:"Fetched reviews for product", timestamp:"2024-10-26T10:24:33.858Z"}
{level:"info", message:"Token verified successfully", timestamp:"2024-10-26T10:24:35.252Z"}
{level:"info", message:"Token verified successfully", timestamp:"2024-10-26T10:24:35.344Z"}
{level:"info", message:"Token verified successfully", timestamp:"2024-10-26T10:25:12.398Z"}
{level:"info", message:"Token verified successfully", timestamp:"2024-10-26T10:25:16.872Z"}
{level:"info", message:"Fetched products with pagination", timestamp:"2024-10-26T10:25:22.026Z"}
{level:"info", message:"Fetched single product", timestamp:"2024-10-26T10:25:23.534Z"}
{level:"info", message:"Fetched reviews for product", timestamp:"2024-10-26T10:25:23.591Z"}
{level:"info", message:"Token verified successfully", timestamp:"2024-10-26T10:25:48.879Z"}
{level:"info", message:"Fetched single product", timestamp:"2024-10-26T10:25:48.886Z"}
{level:"info", message:"Fetched reviews for product", timestamp:"2024-10-26T10:25:48.988Z"}
{level:"info", message:"Fetched single product", timestamp:"2024-10-26T10:26:01.156Z"}
{level:"info", message:"Token verified successfully", timestamp:"2024-10-26T10:26:01.168Z"}
{level:"info", message:"Fetched reviews for product", timestamp:"2024-10-26T10:26:01.231Z"}
{level:"info", message:"Fetched single product", timestamp:"2024-10-26T10:27:46.283Z"}
{level:"info", message:"Token verified successfully", timestamp:"2024-10-26T10:27:46.296Z"}
{level:"info", message:"Fetched reviews for product", timestamp:"2024-10-26T10:27:46.394Z"}
{level:"info", message:"Token verified successfully", timestamp:"2024-10-26T10:31:11.246Z"}
{level:"info", message:"Token verified successfully", timestamp:"2024-10-26T10:31:11.317Z"}
{level:"info", message:"Token verified successfully", timestamp:"2024-10-26T10:31:12.215Z"}
{level:"info", message:"Fetched single product", timestamp:"2024-10-26T10:31:12.242Z"}
{level:"info", message:"Fetched reviews for product", timestamp:"2024-10-26T10:31:12.346Z"}
{level:"info", message:"Token verified successfully", timestamp:"2024-10-26T10:32:30.997Z"}
{level:"info", message:"Token verified successfully", timestamp:"2024-10-26T10:32:31.040Z"}
{level:"info", message:"Fetched single product", timestamp:"2024-10-26T10:32:33.899Z"}
{level:"info", message:"Token verified successfully", timestamp:"2024-10-26T10:32:33.906Z"}
{level:"info", message:"Fetched reviews for product", timestamp:"2024-10-26T10:32:33.963Z"}
{level:"info", message:"Token verified successfully", timestamp:"2024-10-26T10:33:01.866Z"}
{level:"info", message:"Token verified successfully", timestamp:"2024-10-26T10:33:01.954Z"}
{level:"info", message:"Fetched single product", timestamp:"2024-10-26T10:33:08.250Z"}
{level:"info", message:"Token verified successfully", timestamp:"2024-10-26T10:33:08.280Z"}
{level:"info", message:"Fetched reviews for product", timestamp:"2024-10-26T10:33:08.374Z"}
{level:"info", message:"Fetched single product", timestamp:"2024-10-26T10:33:26.787Z"}
{level:"info", message:"Token verified successfully", timestamp:"2024-10-26T10:33:26.799Z"}
{level:"info", message:"Fetched reviews for product", timestamp:"2024-10-26T10:33:26.935Z"}
{level:"info", message:"Token verified successfully", timestamp:"2024-10-26T10:35:01.512Z"}
{level:"info", message:"Token verified successfully", timestamp:"2024-10-26T10:35:01.540Z"}
{level:"info", message:"Fetched single product", timestamp:"2024-10-26T10:35:02.651Z"}
{level:"info", message:"Token verified successfully", timestamp:"2024-10-26T10:35:02.662Z"}
{level:"info", message:"Fetched reviews for product", timestamp:"2024-10-26T10:35:02.827Z"}
{level:"info", message:"Fetched single product", timestamp:"2024-10-26T10:37:08.500Z"}
{level:"info", message:"Token verified successfully", timestamp:"2024-10-26T10:37:08.561Z"}
{level:"info", message:"Fetched reviews for product", timestamp:"2024-10-26T10:37:08.820Z"}
{level:"info", message:"Token verified successfully", timestamp:"2024-10-26T10:41:25.448Z"}
{level:"info", message:"Token verified successfully", timestamp:"2024-10-26T10:41:25.484Z"}
{level:"info", message:"Fetched single product", timestamp:"2024-10-26T10:41:28.124Z"}
{level:"info", message:"Token verified successfully", timestamp:"2024-10-26T10:41:28.163Z"}
{level:"info", message:"Fetched reviews for product", timestamp:"2024-10-26T10:41:28.330Z"}
{level:"info", message:"Token verified successfully", timestamp:"2024-10-26T10:54:28.699Z"}
{level:"info", message:"Token verified successfully", timestamp:"2024-10-26T10:54:28.737Z"}
{level:"info", message:"Fetched single product", timestamp:"2024-10-26T10:59:15.585Z"}
{level:"info", message:"Token verified successfully", timestamp:"2024-10-26T10:59:15.602Z"}
{level:"info", message:"Fetched reviews for product", timestamp:"2024-10-26T10:59:15.748Z"}
{level:"info", message:"Token verified successfully", timestamp:"2024-10-26T10:59:16.428Z"}
{level:"info", message:"Token verified successfully", timestamp:"2024-10-26T10:59:16.468Z"}
{level:"info", message:"Fetched single product", timestamp:"2024-10-26T10:59:20.404Z"}
{level:"info", message:"Fetched reviews for product", timestamp:"2024-10-26T10:59:20.506Z"}
{level:"info", message:"Token verified successfully", timestamp:"2024-10-26T10:59:30.405Z"}
{level:"info", message:"Token verified successfully", timestamp:"2024-10-26T10:59:30.435Z"}
{level:"info", message:"Token verified successfully", timestamp:"2024-10-26T11:02:30.681Z"}
{level:"info", message:"Token verified successfully", timestamp:"2024-10-26T11:02:30.731Z"}
{level:"info", message:"Token verified successfully", timestamp:"2024-10-26T11:02:36.730Z"}
{level:"info", message:"Fetched single product", timestamp:"2024-10-26T11:02:36.750Z"}
{level:"info", message:"Fetched reviews for product", timestamp:"2024-10-26T11:02:36.882Z"}
{level:"info", message:"Token verified successfully", timestamp:"2024-10-26T11:02:49.895Z"}
{level:"info", message:"Token verified successfully", timestamp:"2024-10-26T11:02:49.949Z"}
{level:"info", message:"Token verified successfully", timestamp:"2024-10-26T11:04:17.658Z"}
{level:"info", message:"Fetched single product", timestamp:"2024-10-26T11:04:17.675Z"}
{level:"info", message:"Fetched reviews for product", timestamp:"2024-10-26T11:04:17.926Z"}
{level:"info", message:"Fetched single product", timestamp:"2024-10-26T11:04:25.465Z"}
{level:"info", message:"Token verified successfully", timestamp:"2024-10-26T11:04:25.476Z"}
{level:"info", message:"Fetched reviews for product", timestamp:"2024-10-26T11:04:25.640Z"}
{level:"info", message:"Fetched single product", timestamp:"2024-10-26T11:04:29.219Z"}
{level:"warn", message:"Token verification failed", timestamp:"2024-10-26T11:04:29.228Z"}
{level:"info", message:"Fetched reviews for product", timestamp:"2024-10-26T11:04:29.298Z"}
{level:"info", message:"Token verified successfully", timestamp:"2024-10-26T11:04:30.242Z"}
{level:"info", message:"Token verified successfully", timestamp:"2024-10-26T11:04:30.325Z"}
{level:"info", message:"User logged in successfully", timestamp:"2024-10-26T11:04:38.005Z"}
{level:"info", message:"Token verified successfully", timestamp:"2024-10-26T11:04:47.884Z"}
{level:"info", message:"Fetched products with pagination", timestamp:"2024-10-26T11:04:53.699Z"}
{level:"info", message:"Fetched single product", timestamp:"2024-10-26T11:04:55.173Z"}
{level:"info", message:"Fetched reviews for product", timestamp:"2024-10-26T11:04:55.238Z"}
{level:"warn", message:"Token verification failed", timestamp:"2024-10-26T11:05:07.269Z"}
{level:"warn", message:"Token verification failed", timestamp:"2024-10-26T11:05:07.287Z"}
{level:"info", message:"User logged in successfully", timestamp:"2024-10-26T11:05:09.298Z"}
{level:"info", message:"Token verified successfully", timestamp:"2024-10-26T11:05:13.060Z"}
{level:"info", message:"Token verified successfully", timestamp:"2024-10-26T11:05:13.222Z"}
{level:"info", message:"Token verified successfully", timestamp:"2024-10-26T11:05:19.260Z"}
{level:"info", message:"Token verified successfully", timestamp:"2024-10-26T11:05:19.301Z"}
{level:"info", message:"Fetched single product", timestamp:"2024-10-26T11:05:22.122Z"}
{level:"info", message:"Token verified successfully", timestamp:"2024-10-26T11:05:22.137Z"}
{level:"info", message:"Fetched reviews for product", timestamp:"2024-10-26T11:05:22.255Z"}
{level:"info", message:"Token verified successfully", timestamp:"2024-10-26T11:05:22.938Z"}
{level:"info", message:"Token verified successfully", timestamp:"2024-10-26T11:05:22.983Z"}
{level:"info", message:"Token verified successfully", timestamp:"2024-10-26T11:06:35.510Z"}
{level:"info", message:"Token verified successfully", timestamp:"2024-10-26T11:06:35.560Z"}
{level:"info", message:"Token verified successfully", timestamp:"2024-10-26T11:06:43.243Z"}
{level:"info", message:"Token verified successfully", timestamp:"2024-10-26T11:06:43.276Z"}
{level:"info", message:"Fetched single product", timestamp:"2024-10-26T11:06:45.006Z"}
{level:"info", message:"Token verified successfully", timestamp:"2024-10-26T11:06:45.019Z"}
{level:"info", message:"Fetched reviews for product", timestamp:"2024-10-26T11:06:45.254Z"}
{level:"info", message:"Token verified successfully", timestamp:"2024-10-26T11:07:15.366Z"}
{level:"info", message:"Token verified successfully", timestamp:"2024-10-26T11:07:15.576Z"}
{level:"info", message:"Fetched single product", timestamp:"2024-10-26T11:07:20.119Z"}
{level:"info", message:"Token verified successfully", timestamp:"2024-10-26T11:07:20.125Z"}
{level:"info", message:"Fetched reviews for product", timestamp:"2024-10-26T11:07:20.305Z"}
{level:"info", message:"Token verified successfully", timestamp:"2024-10-26T11:07:45.490Z"}
{level:"info", message:"Token verified successfully", timestamp:"2024-10-26T11:07:45.817Z"}
{level:"info", message:"Token verified successfully", timestamp:"2024-10-26T11:07:51.677Z"}
{level:"info", message:"Token verified successfully", timestamp:"2024-10-26T11:07:51.688Z"}
{level:"info", message:"Fetched single product", timestamp:"2024-10-26T11:07:53.469Z"}
{level:"info", message:"Token verified successfully", timestamp:"2024-10-26T11:07:53.538Z"}
{level:"info", message:"Fetched reviews for product", timestamp:"2024-10-26T11:07:53.649Z"}
{level:"info", message:"Token verified successfully", timestamp:"2024-10-26T11:08:28.026Z"}
{level:"info", message:"Token verified successfully", timestamp:"2024-10-26T11:08:28.036Z"}
{level:"info", message:"Fetched single product", timestamp:"2024-10-26T11:08:29.655Z"}
{level:"info", message:"Token verified successfully", timestamp:"2024-10-26T11:08:29.664Z"}
{level:"info", message:"Fetched reviews for product", timestamp:"2024-10-26T11:08:29.945Z"}
{level:"info", message:"Token verified successfully", timestamp:"2024-10-26T11:08:51.564Z"}
{level:"info", message:"Token verified successfully", timestamp:"2024-10-26T11:08:51.707Z"}
{level:"info", message:"Token verified successfully", timestamp:"2024-10-26T11:09:04.713Z"}
{level:"info", message:"Token verified successfully", timestamp:"2024-10-26T11:09:04.763Z"}
{level:"info", message:"Fetched single product", timestamp:"2024-10-26T11:09:13.249Z"}
{level:"info", message:"Token verified successfully", timestamp:"2024-10-26T11:09:13.459Z"}
{level:"info", message:"Fetched reviews for product", timestamp:"2024-10-26T11:09:13.511Z"}
{level:"info", message:"Token verified successfully", timestamp:"2024-10-26T11:14:48.878Z"}
{level:"info", message:"Token verified successfully", timestamp:"2024-10-26T11:14:49.317Z"}
{level:"info", message:"Token verified successfully", timestamp:"2024-10-26T11:14:57.245Z"}
{level:"info", message:"Fetched single product", timestamp:"2024-10-26T11:14:57.267Z"}
{level:"info", message:"Fetched reviews for product", timestamp:"2024-10-26T11:14:57.406Z"}
{level:"info", message:"Fetched single product", timestamp:"2024-10-26T11:15:26.667Z"}
{level:"info", message:"Token verified successfully", timestamp:"2024-10-26T11:15:26.831Z"}
{level:"info", message:"Fetched reviews for product", timestamp:"2024-10-26T11:15:26.917Z"}
{level:"info", message:"Token verified successfully", timestamp:"2024-10-26T11:15:35.299Z"}
{level:"info", message:"Token verified successfully", timestamp:"2024-10-26T11:15:35.350Z"}
{level:"info", message:"Token verified successfully", timestamp:"2024-10-26T11:15:39.001Z"}
{level:"info", message:"Fetched single product", timestamp:"2024-10-26T11:15:39.059Z"}
{level:"info", message:"Fetched reviews for product", timestamp:"2024-10-26T11:15:39.291Z"}
{level:"info", message:"Token verified successfully", timestamp:"2024-10-26T11:41:05.697Z"}
{level:"info", message:"Token verified successfully", timestamp:"2024-10-26T11:41:05.712Z"}
{level:"info", message:"Token verified successfully", timestamp:"2024-10-26T11:42:52.930Z"}
{level:"info", message:"Token verified successfully", timestamp:"2024-10-26T11:42:52.942Z"}
{level:"info", message:"Token verified successfully", timestamp:"2024-10-26T11:42:59.153Z"}
{level:"info", message:"Token verified successfully", timestamp:"2024-10-26T11:42:59.176Z"}
{level:"info", message:"User logged in successfully", timestamp:"2024-10-26T11:43:43.931Z"}
{level:"info", message:"Fetched single product", timestamp:"2024-10-26T11:43:51.894Z"}
{level:"info", message:"Token verified successfully", timestamp:"2024-10-26T11:43:51.938Z"}
{level:"info", message:"Fetched reviews for product", timestamp:"2024-10-26T11:43:52.126Z"}
{level:"info", message:"Fetched single product", timestamp:"2024-10-26T12:01:47.294Z"}
{level:"info", message:"Token verified successfully", timestamp:"2024-10-26T12:01:47.326Z"}
{level:"info", message:"Fetched reviews for product", timestamp:"2024-10-26T12:01:47.432Z"}
{level:"info", message:"Fetched single product", timestamp:"2024-10-26T12:01:54.471Z"}
{level:"info", message:"Token verified successfully", timestamp:"2024-10-26T12:01:54.478Z"}
{level:"info", message:"Fetched reviews for product", timestamp:"2024-10-26T12:01:54.575Z"}
{level:"info", message:"User logged in successfully", timestamp:"2024-10-26T12:02:01.724Z"}
{level:"info", message:"Token verified successfully", timestamp:"2024-10-26T12:02:03.271Z"}
{level:"info", message:"Token verified successfully", timestamp:"2024-10-26T12:02:03.311Z"}
{level:"info", message:"Token verified successfully", timestamp:"2024-10-26T12:02:05.413Z"}
{level:"info", message:"Token verified successfully", timestamp:"2024-10-26T12:02:05.498Z"}
{level:"info", message:"Token verified successfully", timestamp:"2024-10-26T12:02:08.533Z"}
{level:"info", message:"Fetched single product", timestamp:"2024-10-26T12:02:08.550Z"}
{level:"info", message:"Fetched reviews for product", timestamp:"2024-10-26T12:02:08.705Z"}
{level:"info", message:"Token verified successfully", timestamp:"2024-10-26T12:03:48.051Z"}
{level:"info", message:"Token verified successfully", timestamp:"2024-10-26T12:03:48.095Z"}
{level:"info", message:"Token verified successfully", timestamp:"2024-10-26T12:03:52.426Z"}
{level:"info", message:"Fetched single product", timestamp:"2024-10-26T12:03:52.437Z"}
{level:"info", message:"Fetched reviews for product", timestamp:"2024-10-26T12:03:52.528Z"}
{level:"info", message:"Token verified successfully", timestamp:"2024-10-26T12:04:10.083Z"}
{level:"info", message:"Token verified successfully", timestamp:"2024-10-26T12:04:10.108Z"}
{level:"info", message:"Token verified successfully", timestamp:"2024-10-26T12:04:30.232Z"}
{level:"info", message:"Token verified successfully", timestamp:"2024-10-26T12:04:30.451Z"}
{level:"info", message:"Fetched single product", timestamp:"2024-10-26T12:04:30.766Z"}
{level:"info", message:"Token verified successfully", timestamp:"2024-10-26T12:04:30.782Z"}
{level:"info", message:"Fetched reviews for product", timestamp:"2024-10-26T12:04:30.876Z"}
{level:"info", message:"Token verified successfully", timestamp:"2024-10-26T12:14:37.088Z"}
{level:"info", message:"Token verified successfully", timestamp:"2024-10-26T12:14:37.165Z"}
{level:"warn", message:"Token verification failed", timestamp:"2024-10-26T12:14:40.561Z"}
{level:"info", message:"Fetched single product", timestamp:"2024-10-26T12:14:40.576Z"}
{level:"info", message:"Fetched reviews for product", timestamp:"2024-10-26T12:14:40.735Z"}
{level:"info", message:"User logged in successfully", timestamp:"2024-10-26T12:14:46.329Z"}
{level:"info", message:"Token verified successfully", timestamp:"2024-10-26T12:14:48.794Z"}
{level:"info", message:"Fetched products with pagination", timestamp:"2024-10-26T12:14:54.942Z"}
{level:"info", message:"Fetched single product", timestamp:"2024-10-26T12:14:56.370Z"}
{level:"info", message:"Fetched reviews for product", timestamp:"2024-10-26T12:14:56.425Z"}
{level:"info", message:"Token verified successfully", timestamp:"2024-10-26T12:19:30.140Z"}
{level:"info", message:"Token verified successfully", timestamp:"2024-10-26T12:19:30.282Z"}
{level:"info", message:"Fetched single product", timestamp:"2024-10-26T12:19:40.787Z"}
{level:"info", message:"Token verified successfully", timestamp:"2024-10-26T12:19:40.799Z"}
{level:"info", message:"Fetched reviews for product", timestamp:"2024-10-26T12:19:40.922Z"}
{level:"info", message:"Token verified successfully", timestamp:"2024-10-26T12:19:41.441Z"}
{level:"info", message:"Token verified successfully", timestamp:"2024-10-26T12:19:41.486Z"}
{level:"info", message:"Token verified successfully", timestamp:"2024-10-26T12:19:59.408Z"}
{level:"info", message:"Fetched single product", timestamp:"2024-10-26T12:20:03.072Z"}
{level:"info", message:"Token verified successfully", timestamp:"2024-10-26T12:20:03.081Z"}
{level:"info", message:"Fetched reviews for product", timestamp:"2024-10-26T12:20:03.185Z"}
{level:"info", message:"Token verified successfully", timestamp:"2024-10-26T12:20:03.818Z"}
{level:"info", message:"Token verified successfully", timestamp:"2024-10-26T12:20:03.929Z"}
{level:"info", message:"Token verified successfully", timestamp:"2024-10-26T12:22:50.847Z"}
{level:"info", message:"Token verified successfully", timestamp:"2024-10-26T12:22:50.881Z"}
{level:"info", message:"Fetched single product", timestamp:"2024-10-26T12:25:34.089Z"}
{level:"info", message:"Token verified successfully", timestamp:"2024-10-26T12:25:34.508Z"}
{level:"info", message:"Token verified successfully", timestamp:"2024-10-26T12:25:35.247Z"}
{level:"info", message:"Token verified successfully", timestamp:"2024-10-26T12:25:35.303Z"}
{level:"info", message:"Fetched reviews for product", timestamp:"2024-10-26T12:25:36.070Z"}
{level:"info", message:"Token verified successfully", timestamp:"2024-10-26T12:30:52.956Z"}
{level:"info", message:"Token verified successfully", timestamp:"2024-10-26T12:30:52.971Z"}
{level:"info", message:"Fetched single product", timestamp:"2024-10-26T12:30:55.176Z"}
{level:"info", message:"Token verified successfully", timestamp:"2024-10-26T12:30:55.185Z"}
{level:"info", message:"Fetched reviews for product", timestamp:"2024-10-26T12:30:55.266Z"}
{level:"info", message:"Token verified successfully", timestamp:"2024-10-26T12:31:21.430Z"}
{level:"info", message:"Fetched single product", timestamp:"2024-10-26T12:31:21.446Z"}
{level:"info", message:"Fetched reviews for product", timestamp:"2024-10-26T12:31:21.609Z"}
{level:"info", message:"Token verified successfully", timestamp:"2024-10-26T12:32:52.188Z"}
{level:"info", message:"Token verified successfully", timestamp:"2024-10-26T12:32:52.286Z"}
{level:"info", message:"Fetched single product", timestamp:"2024-10-26T12:32:55.199Z"}
{level:"info", message:"Token verified successfully", timestamp:"2024-10-26T12:32:55.380Z"}
{level:"info", message:"Fetched reviews for product", timestamp:"2024-10-26T12:32:55.432Z"}
{level:"info", message:"Fetched single product", timestamp:"2024-10-26T12:37:49.643Z"}
{level:"info", message:"Token verified successfully", timestamp:"2024-10-26T12:37:49.727Z"}
{level:"info", message:"Fetched reviews for product", timestamp:"2024-10-26T12:37:49.822Z"}
{level:"info", message:"Token verified successfully", timestamp:"2024-10-26T12:37:51.233Z"}
{level:"info", message:"Token verified successfully", timestamp:"2024-10-26T12:37:51.247Z"}
{level:"info", message:"Fetched single product", timestamp:"2024-10-26T12:38:42.487Z"}
{level:"info", message:"Token verified successfully", timestamp:"2024-10-26T12:38:42.512Z"}
{level:"info", message:"Fetched reviews for product", timestamp:"2024-10-26T12:38:42.732Z"}
{level:"info", message:"Token verified successfully", timestamp:"2024-10-26T12:38:44.861Z"}
{level:"info", message:"Token verified successfully", timestamp:"2024-10-26T12:38:44.877Z"}
{level:"info", message:"Token verified successfully", timestamp:"2024-10-26T12:49:32.823Z"}
{level:"info", message:"Token verified successfully", timestamp:"2024-10-26T12:49:32.896Z"}
