{level:"info", message:"Token verified successfully", timestamp:"2024-10-19T07:53:11.920Z"}
{level:"info", message:"Token verified successfully", timestamp:"2024-10-19T07:53:12.008Z"}
{level:"info", message:"Token verified successfully", timestamp:"2024-10-19T07:53:19.744Z"}
{level:"info", message:"Token verified successfully", timestamp:"2024-10-19T07:53:19.822Z"}
{level:"info", message:"Token verified successfully", timestamp:"2024-10-19T07:53:48.593Z"}
{level:"info", message:"Token verified successfully", timestamp:"2024-10-19T07:53:48.649Z"}
{level:"info", message:"Token verified successfully", timestamp:"2024-10-19T07:54:44.206Z"}
{level:"info", message:"Token verified successfully", timestamp:"2024-10-19T07:54:44.298Z"}
{level:"info", message:"Token verified successfully", timestamp:"2024-10-19T07:55:05.281Z"}
{level:"info", message:"Token verified successfully", timestamp:"2024-10-19T07:55:17.275Z"}
{level:"info", message:"Token verified successfully", timestamp:"2024-10-19T07:57:45.265Z"}
{level:"info", message:"Token verified successfully", timestamp:"2024-10-19T07:58:06.679Z"}
{level:"info", message:"Token verified successfully", timestamp:"2024-10-19T07:58:06.734Z"}
{level:"info", message:"Token verified successfully", timestamp:"2024-10-19T07:59:30.303Z"}
{level:"info", message:"Token verified successfully", timestamp:"2024-10-19T07:59:30.321Z"}
{level:"info", message:"Token verified successfully", timestamp:"2024-10-19T07:59:41.113Z"}
{level:"info", message:"Token verified successfully", timestamp:"2024-10-19T07:59:41.202Z"}
{level:"info", message:"Token verified successfully", timestamp:"2024-10-19T07:59:49.446Z"}
{level:"info", message:"Token verified successfully", timestamp:"2024-10-19T07:59:49.499Z"}
{level:"info", message:"User logged in successfully", timestamp:"2024-10-19T08:01:09.961Z"}
{level:"info", message:"Token verified successfully", timestamp:"2024-10-19T08:01:16.029Z"}
{level:"info", message:"Token verified successfully", timestamp:"2024-10-19T08:01:16.156Z"}
{level:"info", message:"Token verified successfully", timestamp:"2024-10-19T08:01:20.742Z"}
{level:"info", message:"Token verified successfully", timestamp:"2024-10-19T08:01:20.775Z"}
{level:"info", message:"Token verified successfully", timestamp:"2024-10-19T08:01:57.874Z"}
{level:"info", message:"Token verified successfully", timestamp:"2024-10-19T08:01:57.971Z"}
{level:"info", message:"Token verified successfully", timestamp:"2024-10-19T08:01:58.726Z"}
{level:"info", message:"Token verified successfully", timestamp:"2024-10-19T08:01:58.756Z"}
{level:"info", message:"Token verified successfully", timestamp:"2024-10-19T08:02:06.055Z"}
{level:"info", message:"Token verified successfully", timestamp:"2024-10-19T08:02:06.108Z"}
{level:"info", message:"Token verified successfully", timestamp:"2024-10-19T08:02:42.758Z"}
{level:"info", message:"Token verified successfully", timestamp:"2024-10-19T08:02:42.881Z"}
{level:"info", message:"Token verified successfully", timestamp:"2024-10-19T08:02:47.281Z"}
{level:"info", message:"Token verified successfully", timestamp:"2024-10-19T08:02:47.437Z"}
{level:"info", message:"Token verified successfully", timestamp:"2024-10-19T08:04:08.310Z"}
{level:"info", message:"Token verified successfully", timestamp:"2024-10-19T08:04:13.909Z"}
{level:"info", message:"Token verified successfully", timestamp:"2024-10-19T08:04:13.962Z"}
{level:"info", message:"Token verified successfully", timestamp:"2024-10-19T08:05:47.283Z"}
{level:"info", message:"Token verified successfully", timestamp:"2024-10-19T08:05:47.298Z"}
{level:"info", message:"Token verified successfully", timestamp:"2024-10-19T08:05:53.098Z"}
{level:"info", message:"Token verified successfully", timestamp:"2024-10-19T08:05:53.119Z"}
{level:"info", message:"Token verified successfully", timestamp:"2024-10-19T08:08:23.279Z"}
{level:"info", message:"Token verified successfully", timestamp:"2024-10-19T08:08:23.298Z"}
{level:"info", message:"Token verified successfully", timestamp:"2024-10-19T08:08:29.068Z"}
{level:"info", message:"Token verified successfully", timestamp:"2024-10-19T08:08:29.183Z"}
{level:"info", message:"Token verified successfully", timestamp:"2024-10-19T08:08:46.475Z"}
{level:"info", message:"Token verified successfully", timestamp:"2024-10-19T08:08:46.623Z"}
{level:"info", message:"Token verified successfully", timestamp:"2024-10-19T08:08:50.896Z"}
{level:"info", message:"Token verified successfully", timestamp:"2024-10-19T08:08:50.952Z"}
{level:"info", message:"Token verified successfully", timestamp:"2024-10-19T08:08:58.967Z"}
{level:"info", message:"Token verified successfully", timestamp:"2024-10-19T08:08:59.024Z"}
{level:"info", message:"Token verified successfully", timestamp:"2024-10-19T08:09:01.284Z"}
{level:"info", message:"Token verified successfully", timestamp:"2024-10-19T08:09:01.368Z"}
{level:"info", message:"Token verified successfully", timestamp:"2024-10-19T08:09:05.561Z"}
{level:"info", message:"Token verified successfully", timestamp:"2024-10-19T08:09:05.688Z"}
{level:"warn", message:"Login attempt with incorrect password", timestamp:"2024-10-19T08:12:30.461Z"}
{level:"warn", message:"Login attempt with incorrect email", timestamp:"2024-10-19T08:12:37.062Z"}
{level:"info", message:"User logged in successfully", timestamp:"2024-10-19T08:12:51.186Z"}
{level:"info", message:"Token verified successfully", timestamp:"2024-10-19T08:13:01.092Z"}
{level:"info", message:"Token verified successfully", timestamp:"2024-10-19T08:13:01.128Z"}
{level:"info", message:"Token verified successfully", timestamp:"2024-10-19T08:13:09.202Z"}
{level:"info", message:"Token verified successfully", timestamp:"2024-10-19T08:13:09.244Z"}
{level:"info", message:"Token verified successfully", timestamp:"2024-10-19T08:13:57.265Z"}
{level:"info", message:"Token verified successfully", timestamp:"2024-10-19T08:13:59.923Z"}
{level:"info", message:"Token verified successfully", timestamp:"2024-10-19T08:14:00.042Z"}
{level:"info", message:"Token verified successfully", timestamp:"2024-10-19T08:14:02.197Z"}
{level:"info", message:"Token verified successfully", timestamp:"2024-10-19T08:14:02.216Z"}
{level:"info", message:"Token verified successfully", timestamp:"2024-10-19T08:14:04.260Z"}
{level:"info", message:"Token verified successfully", timestamp:"2024-10-19T08:14:04.416Z"}
{level:"info", message:"Token verified successfully", timestamp:"2024-10-19T08:14:16.266Z"}
{level:"info", message:"Token verified successfully", timestamp:"2024-10-19T08:14:25.486Z"}
{level:"info", message:"Token verified successfully", timestamp:"2024-10-19T08:14:25.533Z"}
{level:"info", message:"Token verified successfully", timestamp:"2024-10-19T08:16:30.294Z"}
{level:"info", message:"Token verified successfully", timestamp:"2024-10-19T08:16:39.174Z"}
{level:"info", message:"Token verified successfully", timestamp:"2024-10-19T08:16:39.207Z"}
{level:"info", message:"Token verified successfully", timestamp:"2024-10-19T08:16:43.235Z"}
{level:"info", message:"Token verified successfully", timestamp:"2024-10-19T08:16:43.309Z"}
{level:"info", message:"Token verified successfully", timestamp:"2024-10-19T08:16:50.468Z"}
{level:"info", message:"Token verified successfully", timestamp:"2024-10-19T08:16:50.543Z"}
{level:"info", message:"Token verified successfully", timestamp:"2024-10-19T08:17:36.267Z"}
{level:"info", message:"Token verified successfully", timestamp:"2024-10-19T08:18:29.928Z"}
{level:"info", message:"Token verified successfully", timestamp:"2024-10-19T08:18:29.950Z"}
{level:"info", message:"Token verified successfully", timestamp:"2024-10-19T08:18:41.639Z"}
{level:"info", message:"Token verified successfully", timestamp:"2024-10-19T08:18:41.658Z"}
{level:"info", message:"Token verified successfully", timestamp:"2024-10-19T08:18:46.459Z"}
{level:"info", message:"Token verified successfully", timestamp:"2024-10-19T08:18:46.537Z"}
{level:"info", message:"Token verified successfully", timestamp:"2024-10-19T08:18:50.645Z"}
{level:"info", message:"Token verified successfully", timestamp:"2024-10-19T08:18:50.700Z"}
{level:"info", message:"Token verified successfully", timestamp:"2024-10-19T08:23:13.272Z"}
{level:"info", message:"Token verified successfully", timestamp:"2024-10-19T08:38:05.295Z"}
{level:"info", message:"Token verified successfully", timestamp:"2024-10-19T08:38:05.302Z"}
{level:"info", message:"Token verified successfully", timestamp:"2024-10-19T08:38:26.836Z"}
{level:"info", message:"Token verified successfully", timestamp:"2024-10-19T08:38:27.059Z"}
{level:"info", message:"Token verified successfully", timestamp:"2024-10-19T08:38:42.634Z"}
{level:"info", message:"Token verified successfully", timestamp:"2024-10-19T08:38:47.130Z"}
{level:"info", message:"Token verified successfully", timestamp:"2024-10-19T08:38:50.981Z"}
{level:"info", message:"Token verified successfully", timestamp:"2024-10-19T08:38:51.027Z"}
{level:"info", message:"Token verified successfully", timestamp:"2024-10-19T08:38:54.507Z"}
{level:"info", message:"Token verified successfully", timestamp:"2024-10-19T08:38:54.566Z"}
{level:"info", message:"Token verified successfully", timestamp:"2024-10-19T08:38:58.815Z"}
{level:"info", message:"Token verified successfully", timestamp:"2024-10-19T08:38:58.928Z"}
{level:"info", message:"Token verified successfully", timestamp:"2024-10-19T08:39:07.960Z"}
{level:"info", message:"Token verified successfully", timestamp:"2024-10-19T08:39:08.144Z"}
{level:"info", message:"Token verified successfully", timestamp:"2024-10-19T08:39:24.428Z"}
{level:"info", message:"Token verified successfully", timestamp:"2024-10-19T08:39:24.449Z"}
{level:"info", message:"User logged in successfully", timestamp:"2024-10-19T08:42:36.258Z"}
{level:"info", message:"Token verified successfully", timestamp:"2024-10-19T08:42:40.752Z"}
{level:"info", message:"Token verified successfully", timestamp:"2024-10-19T08:42:40.905Z"}
{level:"info", message:"Token verified successfully", timestamp:"2024-10-19T08:42:48.385Z"}
{level:"info", message:"Token verified successfully", timestamp:"2024-10-19T08:42:48.430Z"}
{level:"info", message:"Token verified successfully", timestamp:"2024-10-19T08:42:53.630Z"}
{level:"info", message:"Token verified successfully", timestamp:"2024-10-19T08:42:53.663Z"}
{level:"info", message:"User logged in successfully", timestamp:"2024-10-19T08:44:36.979Z"}
{level:"info", message:"Token verified successfully", timestamp:"2024-10-19T08:44:40.330Z"}
{level:"info", message:"Token verified successfully", timestamp:"2024-10-19T08:44:40.339Z"}
{level:"info", message:"Token verified successfully", timestamp:"2024-10-19T08:44:46.058Z"}
{level:"info", message:"Token verified successfully", timestamp:"2024-10-19T08:44:46.091Z"}
{level:"info", message:"Token verified successfully", timestamp:"2024-10-19T08:44:49.315Z"}
{level:"info", message:"Token verified successfully", timestamp:"2024-10-19T08:44:49.327Z"}
{level:"info", message:"Token verified successfully", timestamp:"2024-10-19T08:44:52.544Z"}
{level:"info", message:"Token verified successfully", timestamp:"2024-10-19T08:44:52.553Z"}
{level:"info", message:"Token verified successfully", timestamp:"2024-10-19T08:44:57.758Z"}
{level:"info", message:"Token verified successfully", timestamp:"2024-10-19T08:44:57.809Z"}
{level:"info", message:"Token verified successfully", timestamp:"2024-10-19T08:45:01.396Z"}
{level:"info", message:"Token verified successfully", timestamp:"2024-10-19T08:45:01.416Z"}
{level:"info", message:"Token verified successfully", timestamp:"2024-10-19T08:52:20.168Z"}
{level:"info", message:"Token verified successfully", timestamp:"2024-10-19T08:52:20.265Z"}
{level:"info", message:"Token verified successfully", timestamp:"2024-10-19T08:52:49.911Z"}
{level:"info", message:"Token verified successfully", timestamp:"2024-10-19T08:52:49.926Z"}
{level:"info", message:"Token verified successfully", timestamp:"2024-10-19T08:54:46.202Z"}
{level:"info", message:"Token verified successfully", timestamp:"2024-10-19T08:54:46.283Z"}
{level:"info", message:"Token verified successfully", timestamp:"2024-10-19T08:54:49.437Z"}
{level:"info", message:"Token verified successfully", timestamp:"2024-10-19T08:54:49.446Z"}
{level:"info", message:"Token verified successfully", timestamp:"2024-10-19T08:54:58.401Z"}
{level:"info", message:"Token verified successfully", timestamp:"2024-10-19T08:54:58.428Z"}
{level:"warn", message:"Token verification failed", timestamp:"2024-10-19T10:41:10.907Z"}
{level:"warn", message:"Token verification failed", timestamp:"2024-10-19T10:41:10.943Z"}
{level:"warn", message:"Token verification failed", timestamp:"2024-10-19T10:41:23.929Z"}
{level:"warn", message:"Token verification failed", timestamp:"2024-10-19T10:41:23.956Z"}
{level:"warn", message:"Token verification failed", timestamp:"2024-10-19T10:41:27.283Z"}
{level:"warn", message:"Token verification failed", timestamp:"2024-10-19T10:41:27.304Z"}
{level:"warn", message:"Token verification failed", timestamp:"2024-10-19T10:41:42.350Z"}
{level:"warn", message:"Token verification failed", timestamp:"2024-10-19T10:41:42.376Z"}
{level:"warn", message:"Token verification failed", timestamp:"2024-10-19T10:42:29.857Z"}
{level:"warn", message:"Token verification failed", timestamp:"2024-10-19T10:42:29.870Z"}
{level:"warn", message:"Token verification failed", timestamp:"2024-10-19T10:42:31.767Z"}
{level:"warn", message:"Token verification failed", timestamp:"2024-10-19T10:42:31.780Z"}
{level:"warn", message:"Token verification failed", timestamp:"2024-10-19T10:42:36.425Z"}
{level:"warn", message:"Token verification failed", timestamp:"2024-10-19T10:42:36.462Z"}
{level:"warn", message:"Token verification failed", timestamp:"2024-10-19T10:42:37.276Z"}
{level:"warn", message:"Token verification failed", timestamp:"2024-10-19T10:42:37.301Z"}
{level:"warn", message:"Token verification failed", timestamp:"2024-10-19T10:42:44.144Z"}
{level:"warn", message:"Token verification failed", timestamp:"2024-10-19T10:42:44.165Z"}
{level:"warn", message:"Token verification failed", timestamp:"2024-10-19T10:42:47.908Z"}
{level:"warn", message:"Token verification failed", timestamp:"2024-10-19T10:42:47.930Z"}
{level:"warn", message:"Token verification failed", timestamp:"2024-10-19T10:42:55.848Z"}
{level:"warn", message:"Token verification failed", timestamp:"2024-10-19T10:42:55.891Z"}
{level:"warn", message:"Token verification failed", timestamp:"2024-10-19T10:43:05.753Z"}
{level:"warn", message:"Token verification failed", timestamp:"2024-10-19T10:43:05.792Z"}
{level:"warn", message:"Token verification failed", timestamp:"2024-10-19T10:47:20.860Z"}
{level:"warn", message:"Token verification failed", timestamp:"2024-10-19T10:47:20.887Z"}
{level:"warn", message:"Token verification failed", timestamp:"2024-10-19T10:47:32.217Z"}
{level:"warn", message:"Token verification failed", timestamp:"2024-10-19T10:47:32.233Z"}
{level:"warn", message:"Token verification failed", timestamp:"2024-10-19T10:47:59.561Z"}
{level:"warn", message:"Token verification failed", timestamp:"2024-10-19T10:47:59.584Z"}
{level:"warn", message:"Token verification failed", timestamp:"2024-10-19T10:48:04.774Z"}
{level:"warn", message:"Token verification failed", timestamp:"2024-10-19T10:48:04.809Z"}
{level:"warn", message:"Token verification failed", timestamp:"2024-10-19T10:48:09.264Z"}
{level:"warn", message:"Token verification failed", timestamp:"2024-10-19T10:48:09.284Z"}
{level:"warn", message:"Token verification failed", timestamp:"2024-10-19T10:48:34.509Z"}
{level:"warn", message:"Token verification failed", timestamp:"2024-10-19T10:48:34.534Z"}
{level:"warn", message:"Token verification failed", timestamp:"2024-10-19T10:49:04.762Z"}
{level:"warn", message:"Token verification failed", timestamp:"2024-10-19T10:49:04.797Z"}
{level:"warn", message:"Token verification failed", timestamp:"2024-10-19T10:49:17.838Z"}
{level:"warn", message:"Token verification failed", timestamp:"2024-10-19T10:49:17.877Z"}
{level:"warn", message:"Token verification failed", timestamp:"2024-10-19T10:49:30.698Z"}
{level:"warn", message:"Token verification failed", timestamp:"2024-10-19T10:49:30.722Z"}
{level:"warn", message:"Token verification failed", timestamp:"2024-10-19T10:49:38.322Z"}
{level:"warn", message:"Token verification failed", timestamp:"2024-10-19T10:49:38.356Z"}
{level:"warn", message:"Token verification failed", timestamp:"2024-10-19T10:50:05.880Z"}
{level:"warn", message:"Token verification failed", timestamp:"2024-10-19T10:50:05.913Z"}
{level:"warn", message:"Token verification failed", timestamp:"2024-10-19T10:50:13.047Z"}
{level:"warn", message:"Token verification failed", timestamp:"2024-10-19T10:50:13.077Z"}
{level:"warn", message:"Token verification failed", timestamp:"2024-10-19T10:50:22.177Z"}
{level:"warn", message:"Token verification failed", timestamp:"2024-10-19T10:50:22.194Z"}
{level:"warn", message:"Token verification failed", timestamp:"2024-10-19T10:50:29.065Z"}
{level:"warn", message:"Token verification failed", timestamp:"2024-10-19T10:50:29.097Z"}
{level:"warn", message:"Token verification failed", timestamp:"2024-10-19T10:50:37.556Z"}
{level:"warn", message:"Token verification failed", timestamp:"2024-10-19T10:50:37.577Z"}
{level:"warn", message:"Token verification failed", timestamp:"2024-10-19T10:50:39.765Z"}
{level:"warn", message:"Token verification failed", timestamp:"2024-10-19T10:50:39.787Z"}
{level:"warn", message:"Token verification failed", timestamp:"2024-10-19T10:50:44.171Z"}
{level:"warn", message:"Token verification failed", timestamp:"2024-10-19T10:50:44.194Z"}
{level:"warn", message:"Token verification failed", timestamp:"2024-10-19T10:50:45.830Z"}
{level:"warn", message:"Token verification failed", timestamp:"2024-10-19T10:50:45.841Z"}
{level:"warn", message:"Token verification failed", timestamp:"2024-10-19T10:50:48.893Z"}
{level:"warn", message:"Token verification failed", timestamp:"2024-10-19T10:50:48.900Z"}
{level:"warn", message:"Token verification failed", timestamp:"2024-10-19T10:50:52.946Z"}
{level:"warn", message:"Token verification failed", timestamp:"2024-10-19T10:50:52.958Z"}
{level:"warn", message:"Token verification failed", timestamp:"2024-10-19T10:50:54.846Z"}
{level:"warn", message:"Token verification failed", timestamp:"2024-10-19T10:50:54.861Z"}
{level:"warn", message:"Token verification failed", timestamp:"2024-10-19T10:50:58.431Z"}
{level:"warn", message:"Token verification failed", timestamp:"2024-10-19T10:50:58.450Z"}
{level:"warn", message:"Token verification failed", timestamp:"2024-10-19T10:51:15.437Z"}
{level:"warn", message:"Token verification failed", timestamp:"2024-10-19T10:51:15.454Z"}
{level:"warn", message:"Token verification failed", timestamp:"2024-10-19T10:51:21.623Z"}
{level:"warn", message:"Token verification failed", timestamp:"2024-10-19T10:51:21.646Z"}
{level:"warn", message:"Token verification failed", timestamp:"2024-10-19T10:51:23.684Z"}
{level:"warn", message:"Token verification failed", timestamp:"2024-10-19T10:51:23.707Z"}
{level:"warn", message:"Token verification failed", timestamp:"2024-10-19T10:51:27.454Z"}
{level:"warn", message:"Token verification failed", timestamp:"2024-10-19T10:51:27.463Z"}
{level:"warn", message:"Token verification failed", timestamp:"2024-10-19T10:51:35.898Z"}
{level:"warn", message:"Token verification failed", timestamp:"2024-10-19T10:51:35.907Z"}
{level:"warn", message:"Token verification failed", timestamp:"2024-10-19T10:51:47.809Z"}
{level:"warn", message:"Token verification failed", timestamp:"2024-10-19T10:51:47.828Z"}
{level:"warn", message:"Token verification failed", timestamp:"2024-10-19T10:51:49.102Z"}
{level:"warn", message:"Token verification failed", timestamp:"2024-10-19T10:51:49.392Z"}
{level:"warn", message:"Token verification failed", timestamp:"2024-10-19T10:51:49.415Z"}
{level:"warn", message:"Token verification failed", timestamp:"2024-10-19T10:51:49.972Z"}
{level:"warn", message:"Token verification failed", timestamp:"2024-10-19T10:51:49.989Z"}
{level:"warn", message:"Login attempt with incorrect email", timestamp:"2024-10-19T10:51:52.326Z"}
{level:"warn", message:"Login attempt with incorrect email", timestamp:"2024-10-19T10:51:52.961Z"}
{level:"warn", message:"Token verification failed", timestamp:"2024-10-19T10:51:54.879Z"}
{level:"warn", message:"Token verification failed", timestamp:"2024-10-19T10:51:54.889Z"}
{level:"warn", message:"Token verification failed", timestamp:"2024-10-19T10:52:06.638Z"}
{level:"warn", message:"Token verification failed", timestamp:"2024-10-19T10:52:06.655Z"}
{level:"warn", message:"Login attempt with incorrect email", timestamp:"2024-10-19T10:52:53.718Z"}
{level:"warn", message:"Login attempt with incorrect email", timestamp:"2024-10-19T10:52:54.376Z"}
{level:"warn", message:"Login attempt with incorrect email", timestamp:"2024-10-19T10:52:54.521Z"}
{level:"warn", message:"Login attempt with incorrect email", timestamp:"2024-10-19T10:52:54.705Z"}
{level:"warn", message:"Login attempt with incorrect email", timestamp:"2024-10-19T10:52:54.880Z"}
{level:"warn", message:"Login attempt with incorrect email", timestamp:"2024-10-19T10:52:55.044Z"}
{level:"warn", message:"Login attempt with incorrect email", timestamp:"2024-10-19T10:52:55.209Z"}
{level:"warn", message:"Login attempt with incorrect email", timestamp:"2024-10-19T10:52:55.382Z"}
{level:"warn", message:"Login attempt with incorrect email", timestamp:"2024-10-19T10:52:55.577Z"}
{level:"warn", message:"Login attempt with incorrect email", timestamp:"2024-10-19T10:52:55.742Z"}
{level:"warn", message:"Login attempt with incorrect email", timestamp:"2024-10-19T10:52:55.905Z"}
{level:"warn", message:"Login attempt with incorrect email", timestamp:"2024-10-19T10:52:56.081Z"}
{level:"warn", message:"Login attempt with incorrect email", timestamp:"2024-10-19T10:52:56.234Z"}
{level:"warn", message:"Login attempt with incorrect email", timestamp:"2024-10-19T10:52:56.399Z"}
{level:"warn", message:"Login attempt with incorrect email", timestamp:"2024-10-19T10:52:56.543Z"}
{level:"warn", message:"Login attempt with incorrect email", timestamp:"2024-10-19T10:52:56.669Z"}
{level:"warn", message:"Login attempt with incorrect email", timestamp:"2024-10-19T10:52:56.804Z"}
{level:"warn", message:"Login attempt with incorrect email", timestamp:"2024-10-19T10:52:56.939Z"}
{level:"warn", message:"Login attempt with incorrect email", timestamp:"2024-10-19T10:52:57.057Z"}
{level:"warn", message:"Login attempt with incorrect email", timestamp:"2024-10-19T10:52:57.172Z"}
{level:"warn", message:"Login attempt with incorrect email", timestamp:"2024-10-19T10:52:57.298Z"}
{level:"warn", message:"Login attempt with incorrect email", timestamp:"2024-10-19T10:52:57.337Z"}
{level:"warn", message:"Login attempt with incorrect email", timestamp:"2024-10-19T10:52:57.414Z"}
{level:"warn", message:"Login attempt with incorrect email", timestamp:"2024-10-19T10:52:57.530Z"}
{level:"warn", message:"Login attempt with incorrect email", timestamp:"2024-10-19T10:52:57.936Z"}
{level:"warn", message:"Login attempt with incorrect email", timestamp:"2024-10-19T10:52:58.015Z"}
{level:"warn", message:"Login attempt with incorrect email", timestamp:"2024-10-19T10:52:58.131Z"}
{level:"warn", message:"Login attempt with incorrect email", timestamp:"2024-10-19T10:52:58.256Z"}
{level:"warn", message:"Login attempt with incorrect email", timestamp:"2024-10-19T10:52:58.304Z"}
{level:"warn", message:"Login attempt with incorrect email", timestamp:"2024-10-19T10:52:58.487Z"}
{level:"warn", message:"Login attempt with incorrect email", timestamp:"2024-10-19T10:52:58.744Z"}
{level:"warn", message:"Token verification failed", timestamp:"2024-10-19T11:00:04.016Z"}
{level:"warn", message:"Token verification failed", timestamp:"2024-10-19T11:09:37.959Z"}
{level:"warn", message:"Token verification failed", timestamp:"2024-10-19T11:09:38.030Z"}
{level:"info", message:"Fetched products with pagination", timestamp:"2024-10-19T11:09:48.795Z"}
{level:"info", message:"Fetched products with pagination", timestamp:"2024-10-19T11:09:48.890Z"}
{level:"info", message:"User registered successfully", timestamp:"2024-10-19T11:20:47.923Z"}
{level:"info", message:"User logged in successfully", timestamp:"2024-10-19T11:21:14.131Z"}
{level:"info", message:"Token verified successfully", timestamp:"2024-10-19T11:21:37.950Z"}
{level:"info", message:"Shop created successfully", timestamp:"2024-10-19T11:21:37.969Z"}
{level:"info", message:"Token verified successfully", timestamp:"2024-10-19T11:26:21.138Z"}
{level:"info", message:"Token verified successfully", timestamp:"2024-10-19T11:26:21.221Z"}
{level:"info", message:"Token verified successfully", timestamp:"2024-10-19T11:26:27.212Z"}
{level:"info", message:"Token verified successfully", timestamp:"2024-10-19T11:26:27.402Z"}
{level:"info", message:"Token verified successfully", timestamp:"2024-10-19T11:27:42.602Z"}
{level:"info", message:"Token verified successfully", timestamp:"2024-10-19T11:27:42.887Z"}
{level:"info", message:"Token verified successfully", timestamp:"2024-10-19T11:27:46.229Z"}
{level:"warn", message:"Shop creation attempt with missing name", timestamp:"2024-10-19T11:27:46.302Z"}
{level:"info", message:"Token verified successfully", timestamp:"2024-10-19T11:27:51.187Z"}
{level:"info", message:"Shop created successfully", timestamp:"2024-10-19T11:27:51.222Z"}
{level:"info", message:"Token verified successfully", timestamp:"2024-10-19T11:27:59.299Z"}
{level:"info", message:"Token verified successfully", timestamp:"2024-10-19T11:27:59.375Z"}
{level:"info", message:"Token verified successfully", timestamp:"2024-10-19T11:28:37.026Z"}
{level:"info", message:"Token verified successfully", timestamp:"2024-10-19T11:28:37.045Z"}
{level:"info", message:"Token verified successfully", timestamp:"2024-10-19T11:29:24.690Z"}
{level:"info", message:"Token verified successfully", timestamp:"2024-10-19T11:29:24.730Z"}
{level:"info", message:"Token verified successfully", timestamp:"2024-10-19T11:29:33.254Z"}
{level:"info", message:"Token verified successfully", timestamp:"2024-10-19T11:29:33.291Z"}
{level:"info", message:"Token verified successfully", timestamp:"2024-10-19T11:29:43.746Z"}
{level:"info", message:"Shop created successfully", timestamp:"2024-10-19T11:29:43.803Z"}
{level:"info", message:"Token verified successfully", timestamp:"2024-10-19T11:30:28.929Z"}
{level:"info", message:"Token verified successfully", timestamp:"2024-10-19T11:30:28.941Z"}
{level:"info", message:"Token verified successfully", timestamp:"2024-10-19T11:30:36.285Z"}
{level:"info", message:"Token verified successfully", timestamp:"2024-10-19T11:30:36.363Z"}
{level:"info", message:"Token verified successfully", timestamp:"2024-10-19T11:30:42.067Z"}
{level:"info", message:"Shop created successfully", timestamp:"2024-10-19T11:30:42.078Z"}
{level:"info", message:"Token verified successfully", timestamp:"2024-10-19T11:30:46.950Z"}
{level:"info", message:"Token verified successfully", timestamp:"2024-10-19T11:30:47.069Z"}
{level:"info", message:"Token verified successfully", timestamp:"2024-10-19T11:31:38.762Z"}
{level:"info", message:"Token verified successfully", timestamp:"2024-10-19T11:31:38.862Z"}
{level:"info", message:"Token verified successfully", timestamp:"2024-10-19T11:31:50.929Z"}
{level:"info", message:"Token verified successfully", timestamp:"2024-10-19T11:31:50.983Z"}
{level:"info", message:"Token verified successfully", timestamp:"2024-10-19T11:31:55.717Z"}
{level:"info", message:"Shop created successfully", timestamp:"2024-10-19T11:31:55.813Z"}
{level:"info", message:"Token verified successfully", timestamp:"2024-10-19T11:32:29.360Z"}
{level:"info", message:"Token verified successfully", timestamp:"2024-10-19T11:32:29.411Z"}
{level:"info", message:"Token verified successfully", timestamp:"2024-10-19T11:32:33.949Z"}
{level:"info", message:"Shop created successfully", timestamp:"2024-10-19T11:32:33.957Z"}
{level:"info", message:"Token verified successfully", timestamp:"2024-10-19T11:33:28.107Z"}
{level:"info", message:"Token verified successfully", timestamp:"2024-10-19T11:33:28.202Z"}
{level:"info", message:"Token verified successfully", timestamp:"2024-10-19T11:33:35.320Z"}
{level:"info", message:"Shop created successfully", timestamp:"2024-10-19T11:33:35.373Z"}
{level:"info", message:"Token verified successfully", timestamp:"2024-10-19T11:33:58.083Z"}
{level:"info", message:"Token verified successfully", timestamp:"2024-10-19T11:33:58.135Z"}
{level:"info", message:"Token verified successfully", timestamp:"2024-10-19T11:34:26.176Z"}
{level:"info", message:"Token verified successfully", timestamp:"2024-10-19T11:34:26.315Z"}
{level:"info", message:"Token verified successfully", timestamp:"2024-10-19T11:34:46.794Z"}
{level:"info", message:"Token verified successfully", timestamp:"2024-10-19T11:34:46.847Z"}
{level:"info", message:"Token verified successfully", timestamp:"2024-10-19T11:34:49.992Z"}
{level:"error", message:"Error fetching user shop", timestamp:"2024-10-19T11:34:50.012Z"}
{level:"info", message:"Token verified successfully", timestamp:"2024-10-19T11:34:50.022Z"}
{level:"error", message:"Error fetching user shop", timestamp:"2024-10-19T11:34:50.107Z"}
{level:"info", message:"Token verified successfully", timestamp:"2024-10-19T11:34:55.258Z"}
{level:"info", message:"Shop created successfully", timestamp:"2024-10-19T11:34:55.267Z"}
{level:"error", message:"Error fetching user shop", timestamp:"2024-10-19T11:34:58.506Z"}
{level:"info", message:"Token verified successfully", timestamp:"2024-10-19T11:34:58.533Z"}
{level:"info", message:"Token verified successfully", timestamp:"2024-10-19T11:34:58.710Z"}
{level:"error", message:"Error fetching user shop", timestamp:"2024-10-19T11:34:58.737Z"}
{level:"error", message:"Error fetching user shop", timestamp:"2024-10-19T11:35:01.853Z"}
{level:"info", message:"Token verified successfully", timestamp:"2024-10-19T11:35:01.858Z"}
{level:"info", message:"Token verified successfully", timestamp:"2024-10-19T11:35:01.875Z"}
{level:"error", message:"Error fetching user shop", timestamp:"2024-10-19T11:35:01.881Z"}
{level:"info", message:"Token verified successfully", timestamp:"2024-10-19T11:35:10.715Z"}
{level:"info", message:"Token verified successfully", timestamp:"2024-10-19T11:35:10.756Z"}
{level:"info", message:"Token verified successfully", timestamp:"2024-10-19T11:36:12.251Z"}
{level:"info", message:"Token verified successfully", timestamp:"2024-10-19T11:36:12.612Z"}
{level:"info", message:"Token verified successfully", timestamp:"2024-10-19T11:36:20.927Z"}
{level:"info", message:"Token verified successfully", timestamp:"2024-10-19T11:36:21.017Z"}
{level:"info", message:"Token verified successfully", timestamp:"2024-10-19T11:36:25.946Z"}
{level:"info", message:"Shop created successfully", timestamp:"2024-10-19T11:36:25.951Z"}
{level:"info", message:"Token verified successfully", timestamp:"2024-10-19T11:38:10.819Z"}
{level:"info", message:"Token verified successfully", timestamp:"2024-10-19T11:38:10.976Z"}
{level:"info", message:"Token verified successfully", timestamp:"2024-10-19T11:38:15.501Z"}
{level:"info", message:"Shop created successfully", timestamp:"2024-10-19T11:38:15.506Z"}
{level:"info", message:"Token verified successfully", timestamp:"2024-10-19T11:38:33.599Z"}
{level:"info", message:"Token verified successfully", timestamp:"2024-10-19T11:38:33.636Z"}
{level:"info", message:"Token verified successfully", timestamp:"2024-10-19T11:39:17.272Z"}
{level:"info", message:"Token verified successfully", timestamp:"2024-10-19T11:39:17.554Z"}
{level:"info", message:"Token verified successfully", timestamp:"2024-10-19T11:39:31.303Z"}
{level:"warn", message:"Product creation attempt with missing fields", timestamp:"2024-10-19T11:39:31.313Z"}
{level:"info", message:"Token verified successfully", timestamp:"2024-10-19T11:39:47.518Z"}
{level:"warn", message:"Shop not found for user", timestamp:"2024-10-19T11:39:50.033Z"}
{level:"info", message:"Token verified successfully", timestamp:"2024-10-19T11:40:44.019Z"}
{level:"warn", message:"Shop not found for user", timestamp:"2024-10-19T11:40:46.248Z"}
{level:"info", message:"Token verified successfully", timestamp:"2024-10-19T11:40:46.451Z"}
{level:"warn", message:"Shop not found for user", timestamp:"2024-10-19T11:40:47.770Z"}
{level:"info", message:"Token verified successfully", timestamp:"2024-10-19T11:41:07.961Z"}
{level:"info", message:"Token verified successfully", timestamp:"2024-10-19T11:41:08.074Z"}
{level:"info", message:"Token verified successfully", timestamp:"2024-10-19T11:41:10.156Z"}
{level:"info", message:"Token verified successfully", timestamp:"2024-10-19T11:41:10.207Z"}
{level:"info", message:"Token verified successfully", timestamp:"2024-10-19T11:41:21.080Z"}
{level:"info", message:"Token verified successfully", timestamp:"2024-10-19T11:41:21.185Z"}
{level:"info", message:"Token verified successfully", timestamp:"2024-10-19T11:41:23.641Z"}
{level:"info", message:"Token verified successfully", timestamp:"2024-10-19T11:41:23.722Z"}
{level:"info", message:"Token verified successfully", timestamp:"2024-10-19T11:41:32.622Z"}
{level:"info", message:"Shop created successfully", timestamp:"2024-10-19T11:41:32.643Z"}
{level:"info", message:"Token verified successfully", timestamp:"2024-10-19T11:41:49.166Z"}
{level:"info", message:"Product created successfully", timestamp:"2024-10-19T11:41:51.496Z"}
{level:"info", message:"Token verified successfully", timestamp:"2024-10-19T11:43:41.663Z"}
{level:"info", message:"Token verified successfully", timestamp:"2024-10-19T11:43:41.700Z"}
{level:"warn", message:"Token verification failed", timestamp:"2024-10-19T14:11:56.638Z"}
{level:"info", message:"Fetched products with pagination", timestamp:"2024-10-19T14:11:56.648Z"}
{level:"warn", message:"Token verification failed", timestamp:"2024-10-19T14:11:56.667Z"}
{level:"info", message:"Fetched products with pagination", timestamp:"2024-10-19T14:11:56.702Z"}
{level:"warn", message:"Token verification failed", timestamp:"2024-10-19T14:12:00.270Z"}
{level:"warn", message:"Token verification failed", timestamp:"2024-10-19T14:12:00.286Z"}
{level:"info", message:"Fetched products with pagination", timestamp:"2024-10-19T14:12:00.291Z"}
{level:"info", message:"Fetched products with pagination", timestamp:"2024-10-19T14:12:00.348Z"}
{level:"info", message:"Fetched single product", timestamp:"2024-10-19T14:12:02.083Z"}
{level:"info", message:"Fetched single product", timestamp:"2024-10-19T14:12:02.113Z"}
{level:"info", message:"Fetched reviews for product", timestamp:"2024-10-19T14:12:02.117Z"}
{level:"info", message:"Fetched reviews for product", timestamp:"2024-10-19T14:12:02.127Z"}
{level:"info", message:"Fetched reviews for product", timestamp:"2024-10-19T14:12:02.147Z"}
{level:"warn", message:"Token verification failed", timestamp:"2024-10-19T14:12:26.085Z"}
{level:"warn", message:"Token verification failed", timestamp:"2024-10-19T14:12:26.101Z"}
{level:"warn", message:"Token verification failed", timestamp:"2024-10-19T14:12:27.664Z"}
{level:"warn", message:"Token verification failed", timestamp:"2024-10-19T14:12:27.680Z"}
{level:"warn", message:"Token verification failed", timestamp:"2024-10-19T14:14:35.290Z"}
{level:"warn", message:"Token verification failed", timestamp:"2024-10-19T14:14:35.305Z"}
{level:"warn", message:"Token verification failed", timestamp:"2024-10-19T14:14:59.123Z"}
{level:"warn", message:"Token verification failed", timestamp:"2024-10-19T14:14:59.146Z"}
{level:"warn", message:"Token verification failed", timestamp:"2024-10-19T14:18:48.300Z"}
{level:"warn", message:"Token verification failed", timestamp:"2024-10-19T14:18:48.311Z"}
{level:"warn", message:"Token verification failed", timestamp:"2024-10-19T14:25:20.852Z"}
{level:"warn", message:"Token verification failed", timestamp:"2024-10-19T14:25:20.862Z"}
{level:"info", message:"Fetched products with pagination", timestamp:"2024-10-19T14:41:07.147Z"}
{level:"info", message:"Fetched products with pagination", timestamp:"2024-10-19T14:41:07.193Z"}
{level:"warn", message:"Token verification failed", timestamp:"2024-10-19T14:41:08.486Z"}
{level:"info", message:"Fetched products with pagination", timestamp:"2024-10-19T14:41:08.497Z"}
{level:"warn", message:"Token verification failed", timestamp:"2024-10-19T14:41:08.526Z"}
{level:"info", message:"Fetched products with pagination", timestamp:"2024-10-19T14:41:08.612Z"}
{level:"info", message:"Fetched reviews for product", timestamp:"2024-10-19T14:41:10.657Z"}
{level:"info", message:"Fetched single product", timestamp:"2024-10-19T14:41:10.665Z"}
{level:"info", message:"Fetched reviews for product", timestamp:"2024-10-19T14:41:10.676Z"}
{level:"info", message:"Fetched single product", timestamp:"2024-10-19T14:41:10.689Z"}
{level:"info", message:"Fetched reviews for product", timestamp:"2024-10-19T14:41:10.694Z"}
{level:"warn", message:"Token verification failed", timestamp:"2024-10-19T14:59:16.295Z"}
{level:"warn", message:"Token verification failed", timestamp:"2024-10-19T14:59:16.358Z"}
{level:"warn", message:"Incorrect email during login attempt", timestamp:"2024-10-19T14:59:30.282Z"}
{level:"info", message:"User logged in successfully", timestamp:"2024-10-19T14:59:40.074Z"}
{level:"info", message:"Token verified successfully", timestamp:"2024-10-19T14:59:43.493Z"}
{level:"info", message:"Token verified successfully", timestamp:"2024-10-19T14:59:43.524Z"}
{level:"warn", message:"Authorization header is missing", timestamp:"2024-10-19T15:00:34.655Z"}
{level:"warn", message:"Authorization header is missing", timestamp:"2024-10-19T15:00:34.844Z"}
{level:"info", message:"Token verified successfully", timestamp:"2024-10-19T15:00:34.893Z"}
{level:"info", message:"Token verified successfully", timestamp:"2024-10-19T15:00:34.934Z"}
{level:"warn", message:"Authorization header is missing", timestamp:"2024-10-19T15:01:28.102Z"}
{level:"info", message:"Token verified successfully", timestamp:"2024-10-19T15:01:28.120Z"}
{level:"warn", message:"Authorization header is missing", timestamp:"2024-10-19T15:01:28.138Z"}
{level:"info", message:"Token verified successfully", timestamp:"2024-10-19T15:01:28.152Z"}
{level:"warn", message:"Authorization header is missing", timestamp:"2024-10-19T15:01:56.315Z"}
{level:"info", message:"Token verified successfully", timestamp:"2024-10-19T15:01:56.328Z"}
{level:"warn", message:"Authorization header is missing", timestamp:"2024-10-19T15:01:56.350Z"}
{level:"info", message:"Token verified successfully", timestamp:"2024-10-19T15:01:56.363Z"}
{level:"info", message:"Token verified successfully", timestamp:"2024-10-19T15:02:08.545Z"}
{level:"info", message:"Token verified successfully", timestamp:"2024-10-19T15:02:31.648Z"}
{level:"info", message:"Token verified successfully", timestamp:"2024-10-19T15:02:31.677Z"}
{level:"warn", message:"Authorization header is missing", timestamp:"2024-10-19T15:03:50.142Z"}
{level:"info", message:"Token verified successfully", timestamp:"2024-10-19T15:03:50.173Z"}
{level:"warn", message:"Authorization header is missing", timestamp:"2024-10-19T15:03:50.280Z"}
{level:"info", message:"Token verified successfully", timestamp:"2024-10-19T15:03:50.325Z"}
{level:"warn", message:"Authorization header is missing", timestamp:"2024-10-19T15:04:49.581Z"}
{level:"warn", message:"Authorization header is missing", timestamp:"2024-10-19T15:04:49.629Z"}
{level:"info", message:"Token verified successfully", timestamp:"2024-10-19T15:04:49.666Z"}
{level:"info", message:"Token verified successfully", timestamp:"2024-10-19T15:04:49.744Z"}
{level:"warn", message:"Authorization header is missing", timestamp:"2024-10-19T15:05:55.791Z"}
{level:"info", message:"Token verified successfully", timestamp:"2024-10-19T15:05:55.821Z"}
{level:"warn", message:"Authorization header is missing", timestamp:"2024-10-19T15:05:55.890Z"}
{level:"info", message:"Token verified successfully", timestamp:"2024-10-19T15:05:56.165Z"}
{level:"warn", message:"Authorization header is missing", timestamp:"2024-10-19T15:06:47.376Z"}
{level:"info", message:"Token verified successfully", timestamp:"2024-10-19T15:06:47.395Z"}
{level:"warn", message:"Authorization header is missing", timestamp:"2024-10-19T15:06:47.451Z"}
{level:"info", message:"Token verified successfully", timestamp:"2024-10-19T15:06:47.463Z"}
{level:"warn", message:"Authorization header is missing", timestamp:"2024-10-19T15:07:27.985Z"}
{level:"info", message:"Token verified successfully", timestamp:"2024-10-19T15:07:27.999Z"}
{level:"warn", message:"Authorization header is missing", timestamp:"2024-10-19T15:07:28.015Z"}
{level:"info", message:"Token verified successfully", timestamp:"2024-10-19T15:07:28.025Z"}
{level:"warn", message:"Authorization header is missing", timestamp:"2024-10-19T15:07:37.976Z"}
{level:"info", message:"Token verified successfully", timestamp:"2024-10-19T15:07:37.990Z"}
{level:"warn", message:"Authorization header is missing", timestamp:"2024-10-19T15:07:38.021Z"}
{level:"info", message:"Token verified successfully", timestamp:"2024-10-19T15:07:38.042Z"}
{level:"info", message:"Token verified successfully", timestamp:"2024-10-19T15:07:50.378Z"}
{level:"info", message:"Token verified successfully", timestamp:"2024-10-19T15:08:54.963Z"}
{level:"info", message:"Token verified successfully", timestamp:"2024-10-19T15:08:54.993Z"}
{level:"info", message:"Token verified successfully", timestamp:"2024-10-19T15:10:20.314Z"}
{level:"info", message:"Token verified successfully", timestamp:"2024-10-19T15:10:20.365Z"}
{level:"info", message:"Fetched orders for shop", timestamp:"2024-10-19T15:10:20.403Z"}
{level:"info", message:"Token verified successfully", timestamp:"2024-10-19T15:10:20.432Z"}
{level:"info", message:"Token verified successfully", timestamp:"2024-10-19T15:10:20.450Z"}
{level:"info", message:"Fetched orders for shop", timestamp:"2024-10-19T15:10:20.472Z"}
{level:"info", message:"Token verified successfully", timestamp:"2024-10-19T15:13:26.522Z"}
{level:"info", message:"Token verified successfully", timestamp:"2024-10-19T15:13:26.549Z"}
{level:"info", message:"Fetched orders for shop", timestamp:"2024-10-19T15:13:26.583Z"}
{level:"info", message:"Token verified successfully", timestamp:"2024-10-19T15:13:26.731Z"}
{level:"info", message:"Token verified successfully", timestamp:"2024-10-19T15:13:26.742Z"}
{level:"info", message:"Fetched orders for shop", timestamp:"2024-10-19T15:13:26.837Z"}
{level:"info", message:"Token verified successfully", timestamp:"2024-10-19T15:13:38.584Z"}
{level:"info", message:"Token verified successfully", timestamp:"2024-10-19T15:13:38.600Z"}
{level:"info", message:"Token verified successfully", timestamp:"2024-10-19T15:13:38.629Z"}
{level:"info", message:"Fetched orders for shop", timestamp:"2024-10-19T15:13:38.684Z"}
{level:"info", message:"Token verified successfully", timestamp:"2024-10-19T15:13:38.822Z"}
{level:"info", message:"Fetched orders for shop", timestamp:"2024-10-19T15:13:38.881Z"}
{level:"info", message:"Token verified successfully", timestamp:"2024-10-19T15:13:48.340Z"}
{level:"info", message:"Token verified successfully", timestamp:"2024-10-19T15:13:48.346Z"}
{level:"info", message:"Fetched orders for shop", timestamp:"2024-10-19T15:13:48.443Z"}
{level:"info", message:"Token verified successfully", timestamp:"2024-10-19T15:13:48.499Z"}
{level:"info", message:"Token verified successfully", timestamp:"2024-10-19T15:13:48.596Z"}
{level:"info", message:"Fetched orders for shop", timestamp:"2024-10-19T15:13:48.611Z"}
{level:"info", message:"Token verified successfully", timestamp:"2024-10-19T15:14:30.001Z"}
{level:"info", message:"Fetched orders for shop", timestamp:"2024-10-19T15:14:30.010Z"}
{level:"info", message:"Token verified successfully", timestamp:"2024-10-19T15:14:30.034Z"}
{level:"info", message:"Token verified successfully", timestamp:"2024-10-19T15:14:30.053Z"}
{level:"info", message:"Fetched orders for shop", timestamp:"2024-10-19T15:14:30.063Z"}
{level:"info", message:"Token verified successfully", timestamp:"2024-10-19T15:14:30.111Z"}
{level:"info", message:"Token verified successfully", timestamp:"2024-10-19T15:14:33.062Z"}
{level:"info", message:"Token verified successfully", timestamp:"2024-10-19T15:14:33.072Z"}
{level:"info", message:"Fetched orders for shop", timestamp:"2024-10-19T15:14:33.092Z"}
{level:"info", message:"Token verified successfully", timestamp:"2024-10-19T15:14:33.098Z"}
{level:"info", message:"Token verified successfully", timestamp:"2024-10-19T15:14:33.165Z"}
{level:"info", message:"Fetched orders for shop", timestamp:"2024-10-19T15:14:33.197Z"}
{level:"info", message:"Token verified successfully", timestamp:"2024-10-19T15:15:42.224Z"}
{level:"info", message:"Token verified successfully", timestamp:"2024-10-19T15:15:42.250Z"}
{level:"info", message:"Fetched orders for shop", timestamp:"2024-10-19T15:15:42.286Z"}
{level:"info", message:"Token verified successfully", timestamp:"2024-10-19T15:15:42.303Z"}
{level:"info", message:"Token verified successfully", timestamp:"2024-10-19T15:15:42.344Z"}
{level:"info", message:"Fetched orders for shop", timestamp:"2024-10-19T15:15:42.357Z"}
{level:"info", message:"Token verified successfully", timestamp:"2024-10-19T15:17:04.466Z"}
{level:"info", message:"Fetched orders for shop", timestamp:"2024-10-19T15:17:04.476Z"}
{level:"info", message:"Token verified successfully", timestamp:"2024-10-19T15:18:01.667Z"}
{level:"info", message:"Fetched orders for shop", timestamp:"2024-10-19T15:18:01.708Z"}
{level:"info", message:"Token verified successfully", timestamp:"2024-10-19T15:19:01.543Z"}
{level:"info", message:"Token verified successfully", timestamp:"2024-10-19T15:19:01.615Z"}
{level:"info", message:"Token verified successfully", timestamp:"2024-10-19T15:19:02.822Z"}
{level:"info", message:"Fetched orders for shop", timestamp:"2024-10-19T15:19:02.838Z"}
{level:"info", message:"Token verified successfully", timestamp:"2024-10-19T15:19:02.854Z"}
{level:"info", message:"Fetched orders for shop", timestamp:"2024-10-19T15:19:02.866Z"}
{level:"info", message:"User logged in successfully", timestamp:"2024-10-19T15:19:50.200Z"}
{level:"info", message:"Token verified successfully", timestamp:"2024-10-19T15:20:00.361Z"}
{level:"info", message:"Order created", timestamp:"2024-10-19T15:20:00.400Z"}
{level:"info", message:"Token verified successfully", timestamp:"2024-10-19T15:20:06.001Z"}
{level:"info", message:"Fetched orders for shop", timestamp:"2024-10-19T15:20:06.011Z"}
{level:"info", message:"Token verified successfully", timestamp:"2024-10-19T15:20:06.634Z"}
{level:"info", message:"Fetched orders for shop", timestamp:"2024-10-19T15:20:06.644Z"}
{level:"info", message:"Token verified successfully", timestamp:"2024-10-19T15:20:07.009Z"}
{level:"info", message:"Fetched orders for shop", timestamp:"2024-10-19T15:20:07.014Z"}
{level:"info", message:"Token verified successfully", timestamp:"2024-10-19T15:20:07.193Z"}
{level:"info", message:"Fetched orders for shop", timestamp:"2024-10-19T15:20:07.198Z"}
{level:"info", message:"Token verified successfully", timestamp:"2024-10-19T15:20:07.347Z"}
{level:"info", message:"Fetched orders for shop", timestamp:"2024-10-19T15:20:07.354Z"}
{level:"info", message:"Token verified successfully", timestamp:"2024-10-19T15:20:07.501Z"}
{level:"info", message:"Fetched orders for shop", timestamp:"2024-10-19T15:20:07.510Z"}
{level:"info", message:"Token verified successfully", timestamp:"2024-10-19T15:20:07.628Z"}
{level:"info", message:"Fetched orders for shop", timestamp:"2024-10-19T15:20:07.638Z"}
{level:"info", message:"Token verified successfully", timestamp:"2024-10-19T15:20:07.726Z"}
{level:"info", message:"Fetched orders for shop", timestamp:"2024-10-19T15:20:07.732Z"}
{level:"info", message:"Token verified successfully", timestamp:"2024-10-19T15:20:07.871Z"}
{level:"info", message:"Fetched orders for shop", timestamp:"2024-10-19T15:20:07.876Z"}
{level:"info", message:"Token verified successfully", timestamp:"2024-10-19T15:22:16.808Z"}
{level:"info", message:"Fetched orders for shop", timestamp:"2024-10-19T15:22:16.857Z"}
{level:"info", message:"Token verified successfully", timestamp:"2024-10-19T15:22:16.882Z"}
{level:"info", message:"Fetched orders for shop", timestamp:"2024-10-19T15:22:16.897Z"}
{level:"info", message:"Token verified successfully", timestamp:"2024-10-19T15:22:40.943Z"}
{level:"info", message:"Token verified successfully", timestamp:"2024-10-19T15:22:40.973Z"}
{level:"info", message:"Token verified successfully", timestamp:"2024-10-19T15:23:03.727Z"}
{level:"info", message:"Token verified successfully", timestamp:"2024-10-19T15:23:03.750Z"}
{level:"info", message:"Fetched orders for shop", timestamp:"2024-10-19T15:23:03.819Z"}
{level:"info", message:"Token verified successfully", timestamp:"2024-10-19T15:23:03.908Z"}
{level:"info", message:"Token verified successfully", timestamp:"2024-10-19T15:23:03.914Z"}
{level:"info", message:"Fetched orders for shop", timestamp:"2024-10-19T15:23:03.927Z"}
{level:"info", message:"Token verified successfully", timestamp:"2024-10-19T15:23:22.340Z"}
{level:"info", message:"Token verified successfully", timestamp:"2024-10-19T15:23:22.507Z"}
{level:"info", message:"Fetched orders for shop", timestamp:"2024-10-19T15:23:22.579Z"}
{level:"info", message:"Token verified successfully", timestamp:"2024-10-19T15:23:22.611Z"}
{level:"info", message:"Token verified successfully", timestamp:"2024-10-19T15:23:22.657Z"}
{level:"info", message:"Fetched orders for shop", timestamp:"2024-10-19T15:23:22.680Z"}
{level:"info", message:"Token verified successfully", timestamp:"2024-10-19T15:24:34.222Z"}
{level:"info", message:"Fetched orders for shop", timestamp:"2024-10-19T15:24:34.407Z"}
{level:"info", message:"Token verified successfully", timestamp:"2024-10-19T15:24:34.453Z"}
{level:"info", message:"Token verified successfully", timestamp:"2024-10-19T15:24:34.482Z"}
{level:"info", message:"Token verified successfully", timestamp:"2024-10-19T15:24:34.517Z"}
{level:"info", message:"Fetched orders for shop", timestamp:"2024-10-19T15:24:34.521Z"}
{level:"info", message:"Token verified successfully", timestamp:"2024-10-19T15:25:05.073Z"}
{level:"info", message:"Token verified successfully", timestamp:"2024-10-19T15:25:05.091Z"}
{level:"info", message:"Fetched orders for shop", timestamp:"2024-10-19T15:25:05.252Z"}
{level:"info", message:"Token verified successfully", timestamp:"2024-10-19T15:25:05.265Z"}
{level:"info", message:"Token verified successfully", timestamp:"2024-10-19T15:25:05.284Z"}
{level:"info", message:"Fetched orders for shop", timestamp:"2024-10-19T15:25:05.322Z"}
{level:"info", message:"Token verified successfully", timestamp:"2024-10-19T15:25:40.725Z"}
{level:"info", message:"Token verified successfully", timestamp:"2024-10-19T15:25:40.749Z"}
{level:"info", message:"Fetched orders for shop", timestamp:"2024-10-19T15:25:40.800Z"}
{level:"info", message:"Token verified successfully", timestamp:"2024-10-19T15:25:40.832Z"}
{level:"info", message:"Token verified successfully", timestamp:"2024-10-19T15:25:40.855Z"}
{level:"info", message:"Fetched orders for shop", timestamp:"2024-10-19T15:25:40.895Z"}
{level:"info", message:"Token verified successfully", timestamp:"2024-10-19T15:26:00.433Z"}
{level:"info", message:"Fetched orders for shop", timestamp:"2024-10-19T15:26:00.476Z"}
{level:"info", message:"Token verified successfully", timestamp:"2024-10-19T15:26:20.266Z"}
{level:"info", message:"Token verified successfully", timestamp:"2024-10-19T15:26:20.275Z"}
{level:"info", message:"Fetched orders for shop", timestamp:"2024-10-19T15:26:20.305Z"}
{level:"info", message:"Token verified successfully", timestamp:"2024-10-19T15:26:20.347Z"}
{level:"info", message:"Token verified successfully", timestamp:"2024-10-19T15:26:20.380Z"}
{level:"info", message:"Fetched orders for shop", timestamp:"2024-10-19T15:26:20.413Z"}
{level:"info", message:"Token verified successfully", timestamp:"2024-10-19T15:27:01.706Z"}
{level:"info", message:"Fetched orders for shop", timestamp:"2024-10-19T15:27:01.718Z"}
{level:"info", message:"Token verified successfully", timestamp:"2024-10-19T15:27:01.740Z"}
{level:"info", message:"Token verified successfully", timestamp:"2024-10-19T15:27:01.759Z"}
{level:"info", message:"Fetched orders for shop", timestamp:"2024-10-19T15:27:01.773Z"}
{level:"info", message:"Token verified successfully", timestamp:"2024-10-19T15:27:01.790Z"}
{level:"info", message:"Token verified successfully", timestamp:"2024-10-19T15:27:17.039Z"}
{level:"info", message:"Fetched orders for shop", timestamp:"2024-10-19T15:27:17.067Z"}
{level:"info", message:"Token verified successfully", timestamp:"2024-10-19T15:27:30.840Z"}
{level:"info", message:"Token verified successfully", timestamp:"2024-10-19T15:27:30.848Z"}
{level:"info", message:"Fetched orders for shop", timestamp:"2024-10-19T15:27:30.872Z"}
{level:"info", message:"Token verified successfully", timestamp:"2024-10-19T15:27:30.889Z"}
{level:"info", message:"Token verified successfully", timestamp:"2024-10-19T15:27:30.986Z"}
{level:"info", message:"Fetched orders for shop", timestamp:"2024-10-19T15:27:31.001Z"}
{level:"info", message:"Token verified successfully", timestamp:"2024-10-19T15:27:56.535Z"}
{level:"info", message:"Fetched orders for shop", timestamp:"2024-10-19T15:27:56.602Z"}
{level:"info", message:"Token verified successfully", timestamp:"2024-10-19T15:27:58.041Z"}
{level:"info", message:"Fetched orders for shop", timestamp:"2024-10-19T15:27:58.049Z"}
{level:"info", message:"Token verified successfully", timestamp:"2024-10-19T15:28:02.236Z"}
{level:"info", message:"Fetched orders for shop", timestamp:"2024-10-19T15:28:02.247Z"}
{level:"info", message:"Token verified successfully", timestamp:"2024-10-19T15:28:57.008Z"}
{level:"info", message:"Token verified successfully", timestamp:"2024-10-19T15:28:57.023Z"}
{level:"info", message:"Token verified successfully", timestamp:"2024-10-19T15:28:57.078Z"}
{level:"info", message:"Fetched orders for shop", timestamp:"2024-10-19T15:28:57.092Z"}
{level:"info", message:"Token verified successfully", timestamp:"2024-10-19T15:28:57.148Z"}
{level:"info", message:"Fetched orders for shop", timestamp:"2024-10-19T15:28:57.169Z"}
{level:"info", message:"Token verified successfully", timestamp:"2024-10-19T15:29:16.342Z"}
{level:"info", message:"Token verified successfully", timestamp:"2024-10-19T15:29:16.357Z"}
{level:"info", message:"Fetched orders for shop", timestamp:"2024-10-19T15:29:16.373Z"}
{level:"info", message:"Token verified successfully", timestamp:"2024-10-19T15:29:16.405Z"}
{level:"info", message:"Token verified successfully", timestamp:"2024-10-19T15:29:16.424Z"}
{level:"info", message:"Fetched orders for shop", timestamp:"2024-10-19T15:29:16.437Z"}
{level:"info", message:"Token verified successfully", timestamp:"2024-10-19T15:30:20.028Z"}
{level:"info", message:"Fetched orders for shop", timestamp:"2024-10-19T15:30:20.033Z"}
{level:"info", message:"Token verified successfully", timestamp:"2024-10-19T15:31:11.647Z"}
{level:"info", message:"Fetched orders for shop", timestamp:"2024-10-19T15:31:11.726Z"}
{level:"info", message:"Token verified successfully", timestamp:"2024-10-19T15:31:38.858Z"}
{level:"info", message:"Fetched orders for shop", timestamp:"2024-10-19T15:31:38.894Z"}
{level:"info", message:"Token verified successfully", timestamp:"2024-10-19T15:32:17.677Z"}
{level:"info", message:"Order created", timestamp:"2024-10-19T15:32:17.745Z"}
{level:"info", message:"Token verified successfully", timestamp:"2024-10-19T15:32:21.014Z"}
{level:"info", message:"Fetched orders for shop", timestamp:"2024-10-19T15:32:21.027Z"}
{level:"info", message:"Token verified successfully", timestamp:"2024-10-19T15:35:45.968Z"}
{level:"info", message:"Token verified successfully", timestamp:"2024-10-19T15:35:45.978Z"}
{level:"info", message:"Fetched orders for shop", timestamp:"2024-10-19T15:35:46.008Z"}
{level:"info", message:"Token verified successfully", timestamp:"2024-10-19T15:35:46.041Z"}
{level:"info", message:"Token verified successfully", timestamp:"2024-10-19T15:35:46.080Z"}
{level:"info", message:"Fetched orders for shop", timestamp:"2024-10-19T15:35:46.112Z"}
{level:"info", message:"Token verified successfully", timestamp:"2024-10-19T15:35:49.287Z"}
{level:"info", message:"Token verified successfully", timestamp:"2024-10-19T15:35:49.319Z"}
{level:"info", message:"Fetched orders for shop", timestamp:"2024-10-19T15:35:49.334Z"}
{level:"info", message:"Token verified successfully", timestamp:"2024-10-19T15:35:49.346Z"}
{level:"info", message:"Token verified successfully", timestamp:"2024-10-19T15:35:49.397Z"}
{level:"info", message:"Fetched orders for shop", timestamp:"2024-10-19T15:35:49.425Z"}
{level:"info", message:"Token verified successfully", timestamp:"2024-10-19T15:37:35.006Z"}
{level:"info", message:"Fetched orders for shop", timestamp:"2024-10-19T15:37:35.013Z"}
{level:"info", message:"Token verified successfully", timestamp:"2024-10-19T15:37:38.932Z"}
{level:"info", message:"Token verified successfully", timestamp:"2024-10-19T15:37:38.939Z"}
{level:"info", message:"Fetched orders for shop", timestamp:"2024-10-19T15:37:38.986Z"}
{level:"info", message:"Token verified successfully", timestamp:"2024-10-19T15:37:39.013Z"}
{level:"info", message:"Token verified successfully", timestamp:"2024-10-19T15:37:39.081Z"}
{level:"info", message:"Fetched orders for shop", timestamp:"2024-10-19T15:37:39.127Z"}
{level:"info", message:"Token verified successfully", timestamp:"2024-10-19T15:38:01.667Z"}
{level:"info", message:"Token verified successfully", timestamp:"2024-10-19T15:38:01.672Z"}
{level:"info", message:"Token verified successfully", timestamp:"2024-10-19T15:38:01.702Z"}
{level:"info", message:"Fetched orders for shop", timestamp:"2024-10-19T15:38:01.705Z"}
{level:"info", message:"Token verified successfully", timestamp:"2024-10-19T15:38:01.791Z"}
{level:"info", message:"Fetched orders for shop", timestamp:"2024-10-19T15:38:02.035Z"}
{level:"info", message:"Token verified successfully", timestamp:"2024-10-19T15:38:15.105Z"}
{level:"info", message:"Fetched orders for shop", timestamp:"2024-10-19T15:38:15.112Z"}
{level:"info", message:"Token verified successfully", timestamp:"2024-10-19T15:38:15.139Z"}
{level:"info", message:"Token verified successfully", timestamp:"2024-10-19T15:38:15.160Z"}
{level:"info", message:"Fetched orders for shop", timestamp:"2024-10-19T15:38:15.183Z"}
{level:"info", message:"Token verified successfully", timestamp:"2024-10-19T15:38:15.229Z"}
{level:"info", message:"Token verified successfully", timestamp:"2024-10-19T15:38:18.519Z"}
{level:"info", message:"Token verified successfully", timestamp:"2024-10-19T15:38:18.525Z"}
{level:"info", message:"Fetched orders for shop", timestamp:"2024-10-19T15:38:18.538Z"}
{level:"info", message:"Token verified successfully", timestamp:"2024-10-19T15:38:18.566Z"}
{level:"info", message:"Token verified successfully", timestamp:"2024-10-19T15:38:18.609Z"}
{level:"info", message:"Fetched orders for shop", timestamp:"2024-10-19T15:38:18.640Z"}
{level:"info", message:"Token verified successfully", timestamp:"2024-10-19T15:38:24.989Z"}
{level:"info", message:"Token verified successfully", timestamp:"2024-10-19T15:38:25.007Z"}
{level:"info", message:"Token verified successfully", timestamp:"2024-10-19T15:38:25.020Z"}
{level:"info", message:"Fetched orders for shop", timestamp:"2024-10-19T15:38:25.039Z"}
{level:"info", message:"Token verified successfully", timestamp:"2024-10-19T15:38:25.075Z"}
{level:"info", message:"Fetched orders for shop", timestamp:"2024-10-19T15:38:25.107Z"}
{level:"info", message:"Token verified successfully", timestamp:"2024-10-19T15:41:33.996Z"}
{level:"info", message:"Fetched orders for shop", timestamp:"2024-10-19T15:41:34.019Z"}
{level:"info", message:"Token verified successfully", timestamp:"2024-10-19T15:41:34.055Z"}
{level:"info", message:"Token verified successfully", timestamp:"2024-10-19T15:41:34.070Z"}
{level:"info", message:"Fetched orders for shop", timestamp:"2024-10-19T15:41:34.076Z"}
{level:"info", message:"Token verified successfully", timestamp:"2024-10-19T15:41:34.108Z"}
{level:"info", message:"Token verified successfully", timestamp:"2024-10-19T15:41:59.089Z"}
{level:"info", message:"Fetched orders for shop", timestamp:"2024-10-19T15:41:59.099Z"}
{level:"info", message:"Token verified successfully", timestamp:"2024-10-19T15:42:04.800Z"}
{level:"info", message:"Token verified successfully", timestamp:"2024-10-19T15:42:04.810Z"}
{level:"info", message:"Token verified successfully", timestamp:"2024-10-19T15:42:04.838Z"}
{level:"info", message:"Fetched orders for shop", timestamp:"2024-10-19T15:42:04.850Z"}
{level:"info", message:"Token verified successfully", timestamp:"2024-10-19T15:42:04.903Z"}
{level:"info", message:"Fetched orders for shop", timestamp:"2024-10-19T15:42:04.921Z"}
{level:"info", message:"Token verified successfully", timestamp:"2024-10-19T15:43:00.144Z"}
{level:"info", message:"Fetched orders for shop", timestamp:"2024-10-19T15:43:00.151Z"}
{level:"info", message:"Token verified successfully", timestamp:"2024-10-19T15:43:48.592Z"}
{level:"info", message:"Fetched orders for shop", timestamp:"2024-10-19T15:43:48.613Z"}
{level:"info", message:"Token verified successfully", timestamp:"2024-10-19T15:43:51.805Z"}
{level:"info", message:"Token verified successfully", timestamp:"2024-10-19T15:43:51.811Z"}
{level:"info", message:"Token verified successfully", timestamp:"2024-10-19T15:43:51.828Z"}
{level:"info", message:"Fetched orders for shop", timestamp:"2024-10-19T15:43:51.843Z"}
{level:"info", message:"Token verified successfully", timestamp:"2024-10-19T15:43:51.963Z"}
{level:"info", message:"Fetched orders for shop", timestamp:"2024-10-19T15:43:51.970Z"}
{level:"info", message:"Token verified successfully", timestamp:"2024-10-19T15:44:31.072Z"}
{level:"info", message:"Fetched orders for shop", timestamp:"2024-10-19T15:44:31.080Z"}
{level:"info", message:"Token verified successfully", timestamp:"2024-10-19T15:45:18.221Z"}
{level:"info", message:"Order created", timestamp:"2024-10-19T15:45:18.249Z"}
{level:"info", message:"Token verified successfully", timestamp:"2024-10-19T15:45:21.621Z"}
{level:"info", message:"Token verified successfully", timestamp:"2024-10-19T15:45:21.647Z"}
{level:"info", message:"Fetched orders for shop", timestamp:"2024-10-19T15:45:21.703Z"}
{level:"info", message:"Token verified successfully", timestamp:"2024-10-19T15:45:21.763Z"}
{level:"info", message:"Token verified successfully", timestamp:"2024-10-19T15:45:21.785Z"}
{level:"info", message:"Fetched orders for shop", timestamp:"2024-10-19T15:45:21.814Z"}
{level:"info", message:"Token verified successfully", timestamp:"2024-10-19T15:46:38.043Z"}
{level:"info", message:"Fetched orders for shop", timestamp:"2024-10-19T15:46:38.055Z"}
{level:"info", message:"Token verified successfully", timestamp:"2024-10-19T15:46:42.044Z"}
{level:"info", message:"Token verified successfully", timestamp:"2024-10-19T15:46:42.066Z"}
{level:"info", message:"Token verified successfully", timestamp:"2024-10-19T15:46:42.091Z"}
{level:"info", message:"Fetched orders for shop", timestamp:"2024-10-19T15:46:42.108Z"}
{level:"info", message:"Token verified successfully", timestamp:"2024-10-19T15:46:42.146Z"}
{level:"info", message:"Fetched orders for shop", timestamp:"2024-10-19T15:46:42.161Z"}
{level:"info", message:"Token verified successfully", timestamp:"2024-10-19T15:47:10.068Z"}
{level:"info", message:"Fetched orders for shop", timestamp:"2024-10-19T15:47:10.075Z"}
{level:"info", message:"Token verified successfully", timestamp:"2024-10-19T15:48:32.057Z"}
{level:"info", message:"Fetched orders for shop", timestamp:"2024-10-19T15:48:32.067Z"}
{level:"info", message:"Token verified successfully", timestamp:"2024-10-19T15:48:41.394Z"}
{level:"info", message:"Token verified successfully", timestamp:"2024-10-19T15:48:41.400Z"}
{level:"info", message:"Token verified successfully", timestamp:"2024-10-19T15:48:41.434Z"}
{level:"info", message:"Fetched orders for shop", timestamp:"2024-10-19T15:48:41.464Z"}
{level:"info", message:"Token verified successfully", timestamp:"2024-10-19T15:48:41.503Z"}
{level:"info", message:"Fetched orders for shop", timestamp:"2024-10-19T15:48:41.558Z"}
{level:"info", message:"Token verified successfully", timestamp:"2024-10-19T15:49:36.107Z"}
{level:"info", message:"Fetched orders for shop", timestamp:"2024-10-19T15:49:36.127Z"}
{level:"info", message:"Token verified successfully", timestamp:"2024-10-19T15:49:39.186Z"}
{level:"info", message:"Token verified successfully", timestamp:"2024-10-19T15:49:39.195Z"}
{level:"info", message:"Token verified successfully", timestamp:"2024-10-19T15:49:39.226Z"}
{level:"info", message:"Fetched orders for shop", timestamp:"2024-10-19T15:49:39.238Z"}
{level:"info", message:"Token verified successfully", timestamp:"2024-10-19T15:49:39.298Z"}
{level:"info", message:"Fetched orders for shop", timestamp:"2024-10-19T15:49:39.420Z"}
{level:"info", message:"Token verified successfully", timestamp:"2024-10-19T15:49:43.836Z"}
{level:"info", message:"Fetched orders for shop", timestamp:"2024-10-19T15:49:43.870Z"}
{level:"info", message:"Token verified successfully", timestamp:"2024-10-19T15:51:51.466Z"}
{level:"info", message:"Token verified successfully", timestamp:"2024-10-19T15:51:51.477Z"}
{level:"info", message:"Fetched orders for shop", timestamp:"2024-10-19T15:51:51.500Z"}
{level:"info", message:"Token verified successfully", timestamp:"2024-10-19T15:51:51.516Z"}
{level:"info", message:"Token verified successfully", timestamp:"2024-10-19T15:51:51.582Z"}
{level:"info", message:"Fetched orders for shop", timestamp:"2024-10-19T15:51:51.598Z"}
{level:"info", message:"Token verified successfully", timestamp:"2024-10-19T15:52:13.013Z"}
{level:"info", message:"Fetched orders for shop", timestamp:"2024-10-19T15:52:13.020Z"}
{level:"info", message:"Token verified successfully", timestamp:"2024-10-19T15:53:10.076Z"}
{level:"info", message:"Fetched orders for shop", timestamp:"2024-10-19T15:53:10.086Z"}
{level:"info", message:"Token verified successfully", timestamp:"2024-10-19T15:54:37.027Z"}
{level:"info", message:"Fetched orders for shop", timestamp:"2024-10-19T15:54:37.034Z"}
{level:"info", message:"Token verified successfully", timestamp:"2024-10-19T15:55:33.827Z"}
{level:"info", message:"Token verified successfully", timestamp:"2024-10-19T15:55:33.834Z"}
{level:"info", message:"Token verified successfully", timestamp:"2024-10-19T15:55:33.875Z"}
{level:"info", message:"Fetched orders for shop", timestamp:"2024-10-19T15:55:33.892Z"}
{level:"info", message:"Token verified successfully", timestamp:"2024-10-19T15:55:33.957Z"}
{level:"info", message:"Fetched orders for shop", timestamp:"2024-10-19T15:55:33.995Z"}
{level:"info", message:"Token verified successfully", timestamp:"2024-10-19T15:56:42.660Z"}
{level:"info", message:"Token verified successfully", timestamp:"2024-10-19T15:56:42.668Z"}
{level:"info", message:"Token verified successfully", timestamp:"2024-10-19T15:56:42.693Z"}
{level:"info", message:"Fetched orders for shop", timestamp:"2024-10-19T15:56:42.704Z"}
{level:"info", message:"Token verified successfully", timestamp:"2024-10-19T15:56:42.744Z"}
{level:"info", message:"Fetched orders for shop", timestamp:"2024-10-19T15:56:42.761Z"}
{level:"info", message:"Token verified successfully", timestamp:"2024-10-19T15:56:44.157Z"}
{level:"info", message:"Token verified successfully", timestamp:"2024-10-19T15:56:44.186Z"}
{level:"info", message:"Token verified successfully", timestamp:"2024-10-19T15:56:44.218Z"}
{level:"info", message:"Fetched orders for shop", timestamp:"2024-10-19T15:56:44.236Z"}
{level:"info", message:"Token verified successfully", timestamp:"2024-10-19T15:56:44.277Z"}
{level:"info", message:"Fetched orders for shop", timestamp:"2024-10-19T15:56:44.301Z"}
{level:"info", message:"Token verified successfully", timestamp:"2024-10-19T15:57:36.008Z"}
{level:"info", message:"Fetched orders for shop", timestamp:"2024-10-19T15:57:36.015Z"}
{level:"info", message:"Token verified successfully", timestamp:"2024-10-19T15:59:03.999Z"}
{level:"info", message:"Fetched orders for shop", timestamp:"2024-10-19T15:59:04.007Z"}
{level:"info", message:"Token verified successfully", timestamp:"2024-10-19T15:59:17.993Z"}
{level:"info", message:"Fetched orders for shop", timestamp:"2024-10-19T15:59:18.001Z"}
{level:"info", message:"Token verified successfully", timestamp:"2024-10-19T15:59:28.036Z"}
{level:"info", message:"Fetched orders for shop", timestamp:"2024-10-19T15:59:28.048Z"}
{level:"info", message:"Token verified successfully", timestamp:"2024-10-19T15:59:37.169Z"}
{level:"info", message:"Fetched orders for shop", timestamp:"2024-10-19T15:59:37.181Z"}
{level:"warn", message:"Token verification failed", timestamp:"2024-10-19T16:00:00.993Z"}
{level:"warn", message:"Token verification failed", timestamp:"2024-10-19T16:00:06.663Z"}
{level:"warn", message:"Token verification failed", timestamp:"2024-10-19T16:00:06.667Z"}
{level:"warn", message:"Token verification failed", timestamp:"2024-10-19T16:00:06.715Z"}
{level:"warn", message:"Token verification failed", timestamp:"2024-10-19T16:00:06.719Z"}
{level:"warn", message:"Token verification failed", timestamp:"2024-10-19T16:01:13.255Z"}
{level:"warn", message:"Token verification failed", timestamp:"2024-10-19T16:01:13.263Z"}
{level:"warn", message:"Token verification failed", timestamp:"2024-10-19T16:01:13.313Z"}
{level:"warn", message:"Token verification failed", timestamp:"2024-10-19T16:01:13.380Z"}
{level:"warn", message:"Token verification failed", timestamp:"2024-10-19T16:01:26.193Z"}
{level:"warn", message:"Token verification failed", timestamp:"2024-10-19T16:01:26.203Z"}
{level:"warn", message:"Token verification failed", timestamp:"2024-10-19T16:01:26.295Z"}
{level:"warn", message:"Token verification failed", timestamp:"2024-10-19T16:01:26.306Z"}
{level:"warn", message:"Token verification failed", timestamp:"2024-10-19T16:01:34.355Z"}
{level:"warn", message:"Token verification failed", timestamp:"2024-10-19T16:01:34.375Z"}
{level:"warn", message:"Token verification failed", timestamp:"2024-10-19T16:01:34.426Z"}
{level:"warn", message:"Token verification failed", timestamp:"2024-10-19T16:01:34.440Z"}
{level:"warn", message:"Token verification failed", timestamp:"2024-10-19T16:01:48.626Z"}
{level:"warn", message:"Token verification failed", timestamp:"2024-10-19T16:01:48.664Z"}
{level:"info", message:"User logged in successfully", timestamp:"2024-10-19T16:01:50.636Z"}
{level:"info", message:"Token verified successfully", timestamp:"2024-10-19T16:01:52.657Z"}
{level:"info", message:"Fetched orders for shop", timestamp:"2024-10-19T16:01:52.665Z"}
{level:"info", message:"Token verified successfully", timestamp:"2024-10-19T16:01:52.695Z"}
{level:"info", message:"Fetched orders for shop", timestamp:"2024-10-19T16:01:52.712Z"}
{level:"info", message:"Token verified successfully", timestamp:"2024-10-19T16:01:56.548Z"}
{level:"info", message:"Fetched orders for shop", timestamp:"2024-10-19T16:01:56.556Z"}
{level:"info", message:"Token verified successfully", timestamp:"2024-10-19T16:01:56.573Z"}
{level:"info", message:"Fetched orders for shop", timestamp:"2024-10-19T16:01:56.588Z"}
{level:"info", message:"Token verified successfully", timestamp:"2024-10-19T16:02:19.047Z"}
{level:"info", message:"Fetched orders for shop", timestamp:"2024-10-19T16:02:19.053Z"}
{level:"info", message:"Token verified successfully", timestamp:"2024-10-19T16:02:45.996Z"}
{level:"info", message:"Fetched orders for shop", timestamp:"2024-10-19T16:02:46.004Z"}
{level:"info", message:"Token verified successfully", timestamp:"2024-10-19T16:02:54.635Z"}
{level:"info", message:"Fetched orders for shop", timestamp:"2024-10-19T16:02:54.646Z"}
{level:"info", message:"Token verified successfully", timestamp:"2024-10-19T16:02:54.666Z"}
{level:"info", message:"Fetched orders for shop", timestamp:"2024-10-19T16:02:54.727Z"}
{level:"info", message:"Token verified successfully", timestamp:"2024-10-19T16:04:17.521Z"}
{level:"info", message:"Product created successfully", timestamp:"2024-10-19T16:04:20.152Z"}
{level:"info", message:"Token verified successfully", timestamp:"2024-10-19T16:07:35.467Z"}
{level:"info", message:"Product created successfully", timestamp:"2024-10-19T16:07:38.804Z"}
{level:"info", message:"Token verified successfully", timestamp:"2024-10-19T16:09:51.653Z"}
{level:"info", message:"Fetched orders for shop", timestamp:"2024-10-19T16:09:51.660Z"}
{level:"info", message:"Token verified successfully", timestamp:"2024-10-19T16:09:51.677Z"}
{level:"info", message:"Fetched orders for shop", timestamp:"2024-10-19T16:09:51.712Z"}
{level:"info", message:"Token verified successfully", timestamp:"2024-10-19T16:11:46.383Z"}
{level:"info", message:"Token verified successfully", timestamp:"2024-10-19T16:11:46.461Z"}
{level:"info", message:"Token verified successfully", timestamp:"2024-10-19T16:12:02.003Z"}
{level:"info", message:"Token verified successfully", timestamp:"2024-10-19T16:12:02.070Z"}
{level:"info", message:"Token verified successfully", timestamp:"2024-10-19T16:12:31.921Z"}
{level:"info", message:"Token verified successfully", timestamp:"2024-10-19T16:12:31.964Z"}
{level:"info", message:"Token verified successfully", timestamp:"2024-10-19T16:13:05.210Z"}
{level:"info", message:"Token verified successfully", timestamp:"2024-10-19T16:13:05.258Z"}
{level:"info", message:"Token verified successfully", timestamp:"2024-10-19T16:13:30.071Z"}
{level:"info", message:"Product created successfully", timestamp:"2024-10-19T16:13:32.127Z"}
{level:"info", message:"Token verified successfully", timestamp:"2024-10-19T16:13:43.599Z"}
{level:"info", message:"Token verified successfully", timestamp:"2024-10-19T16:13:43.612Z"}
{level:"info", message:"Token verified successfully", timestamp:"2024-10-19T16:15:55.554Z"}
{level:"info", message:"Product created successfully", timestamp:"2024-10-19T16:15:57.697Z"}
{level:"info", message:"Token verified successfully", timestamp:"2024-10-19T16:16:04.903Z"}
{level:"info", message:"Token verified successfully", timestamp:"2024-10-19T16:16:04.919Z"}
{level:"info", message:"Token verified successfully", timestamp:"2024-10-19T16:17:29.768Z"}
{level:"info", message:"Token verified successfully", timestamp:"2024-10-19T16:17:29.792Z"}
{level:"info", message:"Token verified successfully", timestamp:"2024-10-19T16:18:36.316Z"}
{level:"info", message:"Product created successfully", timestamp:"2024-10-19T16:18:38.587Z"}
{level:"info", message:"Token verified successfully", timestamp:"2024-10-19T16:19:11.386Z"}
{level:"info", message:"Token verified successfully", timestamp:"2024-10-19T16:19:11.404Z"}
{level:"info", message:"Token verified successfully", timestamp:"2024-10-19T16:20:18.732Z"}
{level:"info", message:"Product created successfully", timestamp:"2024-10-19T16:20:21.295Z"}
{level:"info", message:"Token verified successfully", timestamp:"2024-10-19T16:22:01.318Z"}
{level:"info", message:"Token verified successfully", timestamp:"2024-10-19T16:22:01.364Z"}
{level:"info", message:"Token verified successfully", timestamp:"2024-10-19T16:22:14.146Z"}
{level:"info", message:"Token verified successfully", timestamp:"2024-10-19T16:22:14.156Z"}
{level:"info", message:"Token verified successfully", timestamp:"2024-10-19T16:22:55.406Z"}
{level:"info", message:"Token verified successfully", timestamp:"2024-10-19T16:23:44.969Z"}
{level:"info", message:"Token verified successfully", timestamp:"2024-10-19T16:24:28.984Z"}
{level:"info", message:"Token verified successfully", timestamp:"2024-10-19T16:24:45.767Z"}
{level:"info", message:"Token verified successfully", timestamp:"2024-10-19T16:24:50.064Z"}
{level:"info", message:"Token verified successfully", timestamp:"2024-10-19T16:24:55.594Z"}
{level:"info", message:"Token verified successfully", timestamp:"2024-10-19T16:25:21.750Z"}
{level:"info", message:"Product created successfully", timestamp:"2024-10-19T16:25:23.804Z"}
{level:"info", message:"Token verified successfully", timestamp:"2024-10-19T16:26:28.051Z"}
{level:"info", message:"Token verified successfully", timestamp:"2024-10-19T16:27:48.124Z"}
{level:"info", message:"Token verified successfully", timestamp:"2024-10-19T16:28:02.280Z"}
{level:"info", message:"Token verified successfully", timestamp:"2024-10-19T16:28:02.655Z"}
{level:"info", message:"Token verified successfully", timestamp:"2024-10-19T16:28:08.734Z"}
{level:"info", message:"Token verified successfully", timestamp:"2024-10-19T16:28:08.776Z"}
{level:"info", message:"Token verified successfully", timestamp:"2024-10-19T16:28:38.216Z"}
{level:"info", message:"Product created successfully", timestamp:"2024-10-19T16:28:40.542Z"}
{level:"info", message:"Fetched products with pagination", timestamp:"2024-10-19T16:28:47.767Z"}
{level:"info", message:"Fetched products with pagination", timestamp:"2024-10-19T16:28:47.837Z"}
{level:"warn", message:"Token verification failed", timestamp:"2024-10-19T16:28:49.630Z"}
{level:"info", message:"Fetched products with pagination", timestamp:"2024-10-19T16:28:49.649Z"}
{level:"warn", message:"Token verification failed", timestamp:"2024-10-19T16:28:49.661Z"}
{level:"info", message:"Fetched products with pagination", timestamp:"2024-10-19T16:28:49.739Z"}
{level:"info", message:"Fetched products with pagination", timestamp:"2024-10-19T16:29:01.945Z"}
{level:"info", message:"Fetched reviews for product", timestamp:"2024-10-19T16:29:04.834Z"}
{level:"info", message:"Fetched reviews for product", timestamp:"2024-10-19T16:29:04.858Z"}
{level:"info", message:"Fetched single product", timestamp:"2024-10-19T16:29:04.868Z"}
{level:"info", message:"Fetched single product", timestamp:"2024-10-19T16:29:04.875Z"}
{level:"info", message:"Fetched reviews for product", timestamp:"2024-10-19T16:29:04.886Z"}
{level:"info", message:"Token verified successfully", timestamp:"2024-10-19T16:34:53.081Z"}
{level:"info", message:"Token verified successfully", timestamp:"2024-10-19T16:34:53.181Z"}
{level:"info", message:"Token verified successfully", timestamp:"2024-10-19T16:35:20.025Z"}
{level:"info", message:"Product created successfully", timestamp:"2024-10-19T16:35:22.615Z"}
{level:"info", message:"Token verified successfully", timestamp:"2024-10-19T16:35:42.537Z"}
{level:"warn", message:"Product creation attempt with missing fields", timestamp:"2024-10-19T16:35:42.539Z"}
{level:"info", message:"Token verified successfully", timestamp:"2024-10-19T16:36:01.236Z"}
{level:"info", message:"Product created successfully", timestamp:"2024-10-19T16:36:03.080Z"}
{level:"info", message:"Fetched products with pagination", timestamp:"2024-10-19T16:36:48.090Z"}
{level:"info", message:"Fetched products with pagination", timestamp:"2024-10-19T16:36:48.133Z"}
{level:"info", message:"Fetched reviews for product", timestamp:"2024-10-19T16:37:00.773Z"}
{level:"info", message:"Fetched single product", timestamp:"2024-10-19T16:37:00.794Z"}
{level:"info", message:"Fetched reviews for product", timestamp:"2024-10-19T16:37:00.803Z"}
{level:"info", message:"Fetched single product", timestamp:"2024-10-19T16:37:00.814Z"}
{level:"info", message:"Fetched reviews for product", timestamp:"2024-10-19T16:37:00.838Z"}
{level:"info", message:"Token verified successfully", timestamp:"2024-10-19T16:37:34.524Z"}
{level:"info", message:"Fetched orders for shop", timestamp:"2024-10-19T16:37:34.532Z"}
{level:"info", message:"Token verified successfully", timestamp:"2024-10-19T16:37:34.539Z"}
{level:"info", message:"Fetched orders for shop", timestamp:"2024-10-19T16:37:34.552Z"}
{level:"info", message:"Token verified successfully", timestamp:"2024-10-19T16:37:35.799Z"}
{level:"info", message:"Token verified successfully", timestamp:"2024-10-19T16:37:35.806Z"}
{level:"info", message:"Fetched orders for shop", timestamp:"2024-10-19T16:37:35.827Z"}
{level:"info", message:"Token verified successfully", timestamp:"2024-10-19T16:37:35.840Z"}
{level:"info", message:"Token verified successfully", timestamp:"2024-10-19T16:37:35.857Z"}
{level:"info", message:"Fetched orders for shop", timestamp:"2024-10-19T16:37:35.896Z"}
{level:"info", message:"Token verified successfully", timestamp:"2024-10-19T16:38:41.123Z"}
{level:"info", message:"Fetched orders for shop", timestamp:"2024-10-19T16:38:41.132Z"}
{level:"info", message:"Token verified successfully", timestamp:"2024-10-19T16:39:03.994Z"}
{level:"info", message:"Fetched orders for shop", timestamp:"2024-10-19T16:39:04.006Z"}
{level:"info", message:"Token verified successfully", timestamp:"2024-10-19T16:39:10.002Z"}
{level:"info", message:"Fetched orders for shop", timestamp:"2024-10-19T16:39:10.016Z"}
{level:"info", message:"Token verified successfully", timestamp:"2024-10-19T16:39:17.998Z"}
{level:"info", message:"Fetched orders for shop", timestamp:"2024-10-19T16:39:18.005Z"}
{level:"info", message:"Token verified successfully", timestamp:"2024-10-19T16:39:27.053Z"}
{level:"info", message:"Fetched orders for shop", timestamp:"2024-10-19T16:39:27.084Z"}
{level:"info", message:"Token verified successfully", timestamp:"2024-10-19T16:39:52.025Z"}
{level:"info", message:"Fetched orders for shop", timestamp:"2024-10-19T16:39:52.048Z"}
{level:"info", message:"Token verified successfully", timestamp:"2024-10-19T16:40:02.007Z"}
{level:"info", message:"Fetched orders for shop", timestamp:"2024-10-19T16:40:02.017Z"}
{level:"info", message:"Token verified successfully", timestamp:"2024-10-19T16:40:07.000Z"}
{level:"info", message:"Fetched orders for shop", timestamp:"2024-10-19T16:40:07.014Z"}
{level:"info", message:"Token verified successfully", timestamp:"2024-10-19T16:40:11.000Z"}
{level:"info", message:"Fetched orders for shop", timestamp:"2024-10-19T16:40:11.036Z"}
{level:"info", message:"Token verified successfully", timestamp:"2024-10-19T16:40:43.019Z"}
{level:"info", message:"Fetched orders for shop", timestamp:"2024-10-19T16:40:43.025Z"}
{level:"info", message:"Token verified successfully", timestamp:"2024-10-19T16:40:53.050Z"}
{level:"info", message:"Fetched orders for shop", timestamp:"2024-10-19T16:40:53.060Z"}
{level:"info", message:"Token verified successfully", timestamp:"2024-10-19T16:41:05.114Z"}
{level:"info", message:"Fetched orders for shop", timestamp:"2024-10-19T16:41:05.122Z"}
{level:"info", message:"Token verified successfully", timestamp:"2024-10-19T16:41:10.001Z"}
{level:"info", message:"Fetched orders for shop", timestamp:"2024-10-19T16:41:10.007Z"}
{level:"info", message:"Token verified successfully", timestamp:"2024-10-19T16:41:28.717Z"}
{level:"info", message:"Fetched orders for shop", timestamp:"2024-10-19T16:41:28.724Z"}
{level:"info", message:"Token verified successfully", timestamp:"2024-10-19T16:41:28.730Z"}
{level:"info", message:"Fetched orders for shop", timestamp:"2024-10-19T16:41:28.748Z"}
{level:"warn", message:"Token verification failed", timestamp:"2024-10-20T04:29:27.495Z"}
{level:"warn", message:"Token verification failed", timestamp:"2024-10-20T04:29:27.554Z"}
{level:"warn", message:"Token verification failed", timestamp:"2024-10-20T04:29:34.422Z"}
{level:"warn", message:"Token verification failed", timestamp:"2024-10-20T04:29:34.429Z"}
{level:"warn", message:"Token verification failed", timestamp:"2024-10-20T04:29:37.538Z"}
{level:"warn", message:"Token verification failed", timestamp:"2024-10-20T04:29:37.545Z"}
{level:"warn", message:"Token verification failed", timestamp:"2024-10-20T04:29:40.099Z"}
{level:"warn", message:"Token verification failed", timestamp:"2024-10-20T04:29:40.107Z"}
{level:"warn", message:"Token verification failed", timestamp:"2024-10-20T04:29:41.921Z"}
{level:"warn", message:"Token verification failed", timestamp:"2024-10-20T04:29:41.927Z"}
{level:"warn", message:"Token verification failed", timestamp:"2024-10-20T04:29:43.744Z"}
{level:"warn", message:"Token verification failed", timestamp:"2024-10-20T04:29:43.751Z"}
{level:"warn", message:"Token verification failed", timestamp:"2024-10-20T04:29:46.023Z"}
{level:"warn", message:"Token verification failed", timestamp:"2024-10-20T04:29:46.037Z"}
{level:"warn", message:"Token verification failed", timestamp:"2024-10-20T04:29:47.570Z"}
{level:"warn", message:"Token verification failed", timestamp:"2024-10-20T04:29:47.576Z"}
{level:"warn", message:"Token verification failed", timestamp:"2024-10-20T04:29:53.644Z"}
{level:"warn", message:"Token verification failed", timestamp:"2024-10-20T04:29:53.654Z"}
{level:"warn", message:"Token verification failed", timestamp:"2024-10-20T04:29:54.608Z"}
{level:"warn", message:"Token verification failed", timestamp:"2024-10-20T04:29:54.615Z"}
{level:"warn", message:"Token verification failed", timestamp:"2024-10-20T04:34:12.129Z"}
{level:"warn", message:"Token verification failed", timestamp:"2024-10-20T04:34:12.156Z"}
{level:"warn", message:"Token verification failed", timestamp:"2024-10-20T04:34:14.474Z"}
{level:"warn", message:"Token verification failed", timestamp:"2024-10-20T04:34:14.485Z"}
{level:"warn", message:"Token verification failed", timestamp:"2024-10-20T04:34:20.695Z"}
{level:"warn", message:"Token verification failed", timestamp:"2024-10-20T04:34:20.719Z"}
{level:"warn", message:"Token verification failed", timestamp:"2024-10-20T04:34:22.452Z"}
{level:"warn", message:"Token verification failed", timestamp:"2024-10-20T04:34:22.461Z"}
{level:"warn", message:"Token verification failed", timestamp:"2024-10-20T04:35:40.885Z"}
{level:"warn", message:"Token verification failed", timestamp:"2024-10-20T04:35:40.906Z"}
{level:"warn", message:"Token verification failed", timestamp:"2024-10-20T04:35:42.971Z"}
{level:"warn", message:"Token verification failed", timestamp:"2024-10-20T04:35:42.986Z"}
{level:"warn", message:"Token verification failed", timestamp:"2024-10-20T04:37:59.428Z"}
{level:"warn", message:"Token verification failed", timestamp:"2024-10-20T04:37:59.445Z"}
{level:"warn", message:"Token verification failed", timestamp:"2024-10-20T04:38:37.866Z"}
{level:"warn", message:"Token verification failed", timestamp:"2024-10-20T04:38:37.880Z"}
{level:"warn", message:"Token verification failed", timestamp:"2024-10-20T04:38:40.712Z"}
{level:"warn", message:"Token verification failed", timestamp:"2024-10-20T04:38:40.726Z"}
{level:"warn", message:"Incorrect password during login attempt", timestamp:"2024-10-20T04:38:43.484Z"}
{level:"warn", message:"Incorrect password during login attempt", timestamp:"2024-10-20T04:39:16.992Z"}
{level:"warn", message:"Incorrect password during login attempt", timestamp:"2024-10-20T04:39:26.502Z"}
{level:"warn", message:"Incorrect password during login attempt", timestamp:"2024-10-20T04:39:28.161Z"}
{level:"warn", message:"Incorrect password during login attempt", timestamp:"2024-10-20T04:39:28.923Z"}
{level:"warn", message:"Incorrect password during login attempt", timestamp:"2024-10-20T04:39:29.494Z"}
{level:"warn", message:"Token verification failed", timestamp:"2024-10-20T04:39:43.059Z"}
{level:"warn", message:"Token verification failed", timestamp:"2024-10-20T04:39:43.073Z"}
{level:"warn", message:"Incorrect password during login attempt", timestamp:"2024-10-20T04:39:44.534Z"}
{level:"info", message:"User logged in successfully", timestamp:"2024-10-20T04:40:00.016Z"}
{level:"info", message:"Token verified successfully", timestamp:"2024-10-20T04:40:06.872Z"}
{level:"info", message:"Fetched orders for shop", timestamp:"2024-10-20T04:40:06.951Z"}
{level:"info", message:"Token verified successfully", timestamp:"2024-10-20T04:40:06.957Z"}
{level:"info", message:"Fetched orders for shop", timestamp:"2024-10-20T04:40:06.982Z"}
{level:"info", message:"Token verified successfully", timestamp:"2024-10-20T04:40:09.198Z"}
{level:"info", message:"Fetched orders for shop", timestamp:"2024-10-20T04:40:09.205Z"}
{level:"info", message:"Token verified successfully", timestamp:"2024-10-20T04:40:09.216Z"}
{level:"info", message:"Fetched orders for shop", timestamp:"2024-10-20T04:40:09.223Z"}
{level:"info", message:"Token verified successfully", timestamp:"2024-10-20T04:40:10.635Z"}
{level:"info", message:"Fetched orders for shop", timestamp:"2024-10-20T04:40:10.644Z"}
{level:"info", message:"Token verified successfully", timestamp:"2024-10-20T04:40:10.650Z"}
{level:"info", message:"Fetched orders for shop", timestamp:"2024-10-20T04:40:10.670Z"}
{level:"info", message:"Token verified successfully", timestamp:"2024-10-20T04:40:12.148Z"}
{level:"info", message:"Fetched orders for shop", timestamp:"2024-10-20T04:40:12.155Z"}
{level:"info", message:"Token verified successfully", timestamp:"2024-10-20T04:40:12.163Z"}
{level:"info", message:"Fetched orders for shop", timestamp:"2024-10-20T04:40:12.178Z"}
{level:"info", message:"Token verified successfully", timestamp:"2024-10-20T04:45:34.289Z"}
{level:"info", message:"Token verified successfully", timestamp:"2024-10-20T04:47:26.276Z"}
{level:"info", message:"Token verified successfully", timestamp:"2024-10-20T04:47:32.278Z"}
{level:"info", message:"Token verified successfully", timestamp:"2024-10-20T04:48:41.271Z"}
{level:"info", message:"Token verified successfully", timestamp:"2024-10-20T04:49:00.286Z"}
{level:"info", message:"Token verified successfully", timestamp:"2024-10-20T04:49:02.100Z"}
{level:"info", message:"Token verified successfully", timestamp:"2024-10-20T04:49:02.153Z"}
{level:"info", message:"Token verified successfully", timestamp:"2024-10-20T04:49:03.166Z"}
{level:"info", message:"Fetched orders for shop", timestamp:"2024-10-20T04:49:03.172Z"}
{level:"info", message:"Token verified successfully", timestamp:"2024-10-20T04:49:03.181Z"}
{level:"info", message:"Fetched orders for shop", timestamp:"2024-10-20T04:49:03.189Z"}
{level:"info", message:"Token verified successfully", timestamp:"2024-10-20T04:49:07.018Z"}
{level:"info", message:"Token verified successfully", timestamp:"2024-10-20T04:49:07.026Z"}
{level:"info", message:"Token verified successfully", timestamp:"2024-10-20T04:49:52.313Z"}
{level:"info", message:"Token verified successfully", timestamp:"2024-10-20T04:49:55.964Z"}
{level:"info", message:"Token verified successfully", timestamp:"2024-10-20T04:49:55.976Z"}
{level:"info", message:"Token verified successfully", timestamp:"2024-10-20T04:49:59.420Z"}
{level:"info", message:"Token verified successfully", timestamp:"2024-10-20T04:49:59.431Z"}
{level:"warn", message:"Incorrect password during login attempt", timestamp:"2024-10-20T04:52:40.983Z"}
{level:"info", message:"User logged in successfully", timestamp:"2024-10-20T04:53:08.082Z"}
{level:"info", message:"Token verified successfully", timestamp:"2024-10-20T04:53:11.993Z"}
{level:"info", message:"Fetched orders for shop", timestamp:"2024-10-20T04:53:12.003Z"}
{level:"info", message:"Token verified successfully", timestamp:"2024-10-20T04:53:12.018Z"}
{level:"info", message:"Fetched orders for shop", timestamp:"2024-10-20T04:53:12.033Z"}
{level:"info", message:"Token verified successfully", timestamp:"2024-10-20T04:53:14.049Z"}
{level:"info", message:"Fetched orders for shop", timestamp:"2024-10-20T04:53:14.057Z"}
{level:"info", message:"Token verified successfully", timestamp:"2024-10-20T04:53:14.087Z"}
{level:"info", message:"Fetched orders for shop", timestamp:"2024-10-20T04:53:14.097Z"}
{level:"info", message:"Token verified successfully", timestamp:"2024-10-20T04:53:35.175Z"}
{level:"info", message:"Fetched orders for shop", timestamp:"2024-10-20T04:53:35.273Z"}
{level:"info", message:"Token verified successfully", timestamp:"2024-10-20T04:53:35.411Z"}
{level:"info", message:"Fetched orders for shop", timestamp:"2024-10-20T04:53:35.425Z"}
{level:"info", message:"Token verified successfully", timestamp:"2024-10-20T04:53:37.657Z"}
{level:"info", message:"Fetched orders for shop", timestamp:"2024-10-20T04:53:37.664Z"}
{level:"info", message:"Token verified successfully", timestamp:"2024-10-20T04:53:37.697Z"}
{level:"info", message:"Fetched orders for shop", timestamp:"2024-10-20T04:53:37.710Z"}
{level:"info", message:"Token verified successfully", timestamp:"2024-10-20T05:05:34.203Z"}
{level:"info", message:"Token verified successfully", timestamp:"2024-10-20T05:05:34.240Z"}
{level:"warn", message:"Token verification failed", timestamp:"2024-10-20T07:09:20.118Z"}
{level:"warn", message:"Token verification failed", timestamp:"2024-10-20T07:09:20.141Z"}
{level:"warn", message:"Token verification failed", timestamp:"2024-10-20T07:09:23.163Z"}
{level:"warn", message:"Token verification failed", timestamp:"2024-10-20T07:09:23.183Z"}
{level:"warn", message:"Token verification failed", timestamp:"2024-10-20T07:09:26.523Z"}
{level:"warn", message:"Token verification failed", timestamp:"2024-10-20T07:09:26.534Z"}
{level:"warn", message:"Token verification failed", timestamp:"2024-10-20T07:09:31.965Z"}
{level:"warn", message:"Token verification failed", timestamp:"2024-10-20T07:09:31.984Z"}
{level:"warn", message:"Token verification failed", timestamp:"2024-10-20T07:09:35.267Z"}
{level:"warn", message:"Token verification failed", timestamp:"2024-10-20T07:09:35.276Z"}
{level:"warn", message:"Token verification failed", timestamp:"2024-10-20T07:09:39.324Z"}
{level:"warn", message:"Token verification failed", timestamp:"2024-10-20T07:09:39.334Z"}
{level:"warn", message:"Token verification failed", timestamp:"2024-10-20T07:09:43.206Z"}
{level:"warn", message:"Token verification failed", timestamp:"2024-10-20T07:09:43.219Z"}
{level:"warn", message:"Token verification failed", timestamp:"2024-10-20T07:09:45.324Z"}
{level:"warn", message:"Token verification failed", timestamp:"2024-10-20T07:09:45.330Z"}
{level:"warn", message:"Token verification failed", timestamp:"2024-10-20T07:14:48.003Z"}
{level:"warn", message:"Token verification failed", timestamp:"2024-10-20T07:14:48.052Z"}
{level:"warn", message:"Incorrect password during login attempt", timestamp:"2024-10-20T07:14:50.020Z"}
{level:"info", message:"User logged in successfully", timestamp:"2024-10-20T07:15:03.609Z"}
{level:"info", message:"Token verified successfully", timestamp:"2024-10-20T07:15:10.235Z"}
{level:"info", message:"Fetched orders for shop", timestamp:"2024-10-20T07:15:10.246Z"}
{level:"info", message:"Token verified successfully", timestamp:"2024-10-20T07:15:10.323Z"}
{level:"info", message:"Fetched orders for shop", timestamp:"2024-10-20T07:15:10.338Z"}
{level:"info", message:"Token verified successfully", timestamp:"2024-10-20T07:15:12.863Z"}
{level:"info", message:"Fetched orders for shop", timestamp:"2024-10-20T07:15:12.877Z"}
{level:"info", message:"Token verified successfully", timestamp:"2024-10-20T07:15:12.969Z"}
{level:"info", message:"Fetched orders for shop", timestamp:"2024-10-20T07:15:12.986Z"}
{level:"info", message:"Token verified successfully", timestamp:"2024-10-20T07:18:09.700Z"}
{level:"info", message:"Token verified successfully", timestamp:"2024-10-20T07:18:09.716Z"}
{level:"info", message:"Token verified successfully", timestamp:"2024-10-20T07:20:31.761Z"}
{level:"info", message:"Token verified successfully", timestamp:"2024-10-20T07:20:31.834Z"}
{level:"info", message:"Token verified successfully", timestamp:"2024-10-20T07:20:48.672Z"}
{level:"info", message:"Token verified successfully", timestamp:"2024-10-20T07:20:48.689Z"}
{level:"info", message:"Token verified successfully", timestamp:"2024-10-20T07:22:07.950Z"}
{level:"info", message:"Token verified successfully", timestamp:"2024-10-20T07:22:07.968Z"}
{level:"info", message:"Product updated successfully", timestamp:"2024-10-20T07:22:29.980Z"}
{level:"info", message:"Token verified successfully", timestamp:"2024-10-20T07:22:33.571Z"}
{level:"info", message:"Token verified successfully", timestamp:"2024-10-20T07:22:33.657Z"}
{level:"info", message:"Product updated successfully", timestamp:"2024-10-20T07:23:02.364Z"}
{level:"info", message:"Token verified successfully", timestamp:"2024-10-20T07:26:24.018Z"}
{level:"info", message:"Token verified successfully", timestamp:"2024-10-20T07:26:24.283Z"}
{level:"info", message:"Token verified successfully", timestamp:"2024-10-20T07:27:55.409Z"}
{level:"info", message:"Token verified successfully", timestamp:"2024-10-20T07:27:55.421Z"}
{level:"info", message:"Token verified successfully", timestamp:"2024-10-20T07:28:03.057Z"}
{level:"info", message:"Token verified successfully", timestamp:"2024-10-20T07:28:03.129Z"}
{level:"info", message:"Token verified successfully", timestamp:"2024-10-20T07:28:07.770Z"}
{level:"info", message:"Token verified successfully", timestamp:"2024-10-20T07:28:07.818Z"}
{level:"info", message:"Token verified successfully", timestamp:"2024-10-20T07:28:12.671Z"}
{level:"info", message:"Fetched orders for shop", timestamp:"2024-10-20T07:28:12.678Z"}
{level:"info", message:"Token verified successfully", timestamp:"2024-10-20T07:28:12.696Z"}
{level:"info", message:"Fetched orders for shop", timestamp:"2024-10-20T07:28:12.744Z"}
{level:"info", message:"Product updated successfully", timestamp:"2024-10-20T07:28:34.742Z"}
