{level:"info", message:"User logged in successfully", timestamp:"2024-11-16T05:15:41.266Z"}
{level:"info", message:"Token verified successfully", timestamp:"2024-11-16T05:16:48.984Z"}
{level:"info", message:"Review fetched successfully", timestamp:"2024-11-16T05:17:30.010Z"}
{level:"info", message:"Fetched single product", timestamp:"2024-11-16T05:19:57.318Z"}
{level:"info", message:"Fetched reviews for product", timestamp:"2024-11-16T05:19:57.408Z"}
{level:"info", message:"Fetched products with pagination", timestamp:"2024-11-16T05:20:20.889Z"}
{level:"info", message:"Fetched single product", timestamp:"2024-11-16T05:20:22.771Z"}
{level:"info", message:"Fetched reviews for product", timestamp:"2024-11-16T05:20:22.799Z"}
{level:"info", message:"Token verified successfully", timestamp:"2024-11-16T05:20:39.617Z"}
{level:"info", message:"Fetched single product", timestamp:"2024-11-16T05:21:10.351Z"}
{level:"info", message:"Fetched reviews for product", timestamp:"2024-11-16T05:21:10.488Z"}
{level:"info", message:"User logged in successfully", timestamp:"2024-11-16T05:21:25.558Z"}
{level:"info", message:"Fetched single product", timestamp:"2024-11-16T05:21:25.697Z"}
{level:"info", message:"Fetched reviews for product", timestamp:"2024-11-16T05:21:25.780Z"}
{level:"info", message:"Fetched products with pagination", timestamp:"2024-11-16T05:21:42.595Z"}
{level:"info", message:"Fetched single product", timestamp:"2024-11-16T05:21:44.421Z"}
{level:"info", message:"Fetched reviews for product", timestamp:"2024-11-16T05:21:44.471Z"}
{level:"info", message:"Fetched products with pagination", timestamp:"2024-11-16T05:21:46.779Z"}
{level:"info", message:"Fetched products with pagination", timestamp:"2024-11-16T05:21:51.493Z"}
{level:"info", message:"Fetched single product", timestamp:"2024-11-16T05:21:52.398Z"}
{level:"info", message:"Fetched reviews for product", timestamp:"2024-11-16T05:21:52.566Z"}
{level:"info", message:"Token verified successfully", timestamp:"2024-11-16T05:23:13.096Z"}
{level:"info", message:"Order created", timestamp:"2024-11-16T05:23:13.128Z"}
{level:"info", message:"Review fetched successfully", timestamp:"2024-11-16T05:23:13.281Z"}
{level:"info", message:"Token verified successfully", timestamp:"2024-11-16T05:23:46.038Z"}
{level:"info", message:"Review fetched successfully", timestamp:"2024-11-16T05:23:46.231Z"}
{level:"info", message:"Fetched products with pagination", timestamp:"2024-11-16T05:24:03.820Z"}
{level:"info", message:"Token verified successfully", timestamp:"2024-11-16T05:24:33.634Z"}
{level:"info", message:"Order created", timestamp:"2024-11-16T05:24:33.663Z"}
{level:"info", message:"Review fetched successfully", timestamp:"2024-11-16T05:24:33.848Z"}
{level:"info", message:"Fetched products with pagination", timestamp:"2024-11-16T05:25:43.704Z"}
{level:"info", message:"Token verified successfully", timestamp:"2024-11-16T05:28:30.580Z"}
{level:"info", message:"Token verified successfully", timestamp:"2024-11-16T05:32:57.091Z"}
{level:"info", message:"Token verified successfully", timestamp:"2024-11-16T05:33:50.076Z"}
{level:"info", message:"Token verified successfully", timestamp:"2024-11-16T05:33:51.588Z"}
{level:"info", message:"Fetched products with pagination", timestamp:"2024-11-16T05:35:00.720Z"}
{level:"info", message:"Fetched products with pagination", timestamp:"2024-11-16T05:35:13.724Z"}
{level:"info", message:"Token verified successfully", timestamp:"2024-11-16T05:35:49.884Z"}
{level:"info", message:"Order created", timestamp:"2024-11-16T05:35:49.931Z"}
{level:"info", message:"Order created", timestamp:"2024-11-16T05:35:49.940Z"}
{level:"info", message:"Review fetched successfully", timestamp:"2024-11-16T05:35:50.117Z"}
{level:"info", message:"Fetched products with pagination", timestamp:"2024-11-16T05:36:19.082Z"}
{level:"info", message:"Token verified successfully", timestamp:"2024-11-16T05:37:23.158Z"}
{level:"info", message:"Order created", timestamp:"2024-11-16T05:37:23.226Z"}
{level:"info", message:"Order created", timestamp:"2024-11-16T05:37:23.238Z"}
{level:"info", message:"Review fetched successfully", timestamp:"2024-11-16T05:37:23.437Z"}
{level:"info", message:"Fetched products with pagination", timestamp:"2024-11-16T05:38:29.854Z"}
{level:"info", message:"Fetched products with pagination", timestamp:"2024-11-16T05:38:34.886Z"}
{level:"info", message:"Token verified successfully", timestamp:"2024-11-16T05:38:55.462Z"}
{level:"info", message:"Order created", timestamp:"2024-11-16T05:38:55.509Z"}
{level:"info", message:"Review fetched successfully", timestamp:"2024-11-16T05:38:55.689Z"}
{level:"info", message:"Fetched products with pagination", timestamp:"2024-11-16T05:39:04.606Z"}
{level:"info", message:"Fetched products with pagination", timestamp:"2024-11-16T05:39:09.902Z"}
{level:"warn", message:"Token verification failed", timestamp:"2024-11-16T05:39:42.994Z"}
{level:"warn", message:"Token verification failed", timestamp:"2024-11-16T05:39:43.014Z"}
{level:"info", message:"User logged in successfully", timestamp:"2024-11-16T05:39:45.957Z"}
{level:"info", message:"Token verified successfully", timestamp:"2024-11-16T05:39:48.015Z"}
{level:"info", message:"Fetched orders for shop", timestamp:"2024-11-16T05:39:48.044Z"}
{level:"info", message:"Token verified successfully", timestamp:"2024-11-16T05:39:48.052Z"}
{level:"info", message:"Fetched orders for shop", timestamp:"2024-11-16T05:39:48.077Z"}
{level:"info", message:"Review fetched successfully", timestamp:"2024-11-16T05:40:13.910Z"}
{level:"info", message:"Fetched products with pagination", timestamp:"2024-11-16T05:40:38.429Z"}
{level:"info", message:"Fetched single product", timestamp:"2024-11-16T05:40:40.006Z"}
{level:"info", message:"Fetched reviews for product", timestamp:"2024-11-16T05:40:40.080Z"}
{level:"info", message:"Fetched products with pagination", timestamp:"2024-11-16T05:40:45.878Z"}
{level:"info", message:"Fetched single product", timestamp:"2024-11-16T05:40:47.241Z"}
{level:"info", message:"Fetched reviews for product", timestamp:"2024-11-16T05:40:47.307Z"}
{level:"info", message:"Fetched products with pagination", timestamp:"2024-11-16T05:42:28.583Z"}
{level:"info", message:"Fetched products with pagination", timestamp:"2024-11-16T05:42:28.648Z"}
{level:"info", message:"Fetched single product", timestamp:"2024-11-16T05:42:30.298Z"}
{level:"info", message:"Fetched reviews for product", timestamp:"2024-11-16T05:42:30.436Z"}
{level:"info", message:"Token verified successfully", timestamp:"2024-11-16T05:42:58.848Z"}
{level:"info", message:"Order created", timestamp:"2024-11-16T05:42:58.892Z"}
{level:"info", message:"Order created", timestamp:"2024-11-16T05:42:58.900Z"}
{level:"info", message:"Review fetched successfully", timestamp:"2024-11-16T05:42:59.039Z"}
{level:"info", message:"Token verified successfully", timestamp:"2024-11-16T05:43:16.169Z"}
{level:"info", message:"Token verified successfully", timestamp:"2024-11-16T05:43:16.229Z"}
{level:"info", message:"Token verified successfully", timestamp:"2024-11-16T05:43:17.055Z"}
{level:"info", message:"Fetched orders for shop", timestamp:"2024-11-16T05:43:17.063Z"}
{level:"info", message:"Token verified successfully", timestamp:"2024-11-16T05:43:17.075Z"}
{level:"info", message:"Fetched orders for shop", timestamp:"2024-11-16T05:43:17.140Z"}
{level:"info", message:"User logged in successfully", timestamp:"2024-11-16T05:43:35.242Z"}
{level:"info", message:"Token verified successfully", timestamp:"2024-11-16T05:43:37.145Z"}
{level:"info", message:"Fetched orders for shop", timestamp:"2024-11-16T05:43:37.154Z"}
{level:"info", message:"Token verified successfully", timestamp:"2024-11-16T05:43:37.170Z"}
{level:"info", message:"Fetched orders for shop", timestamp:"2024-11-16T05:43:37.212Z"}
{level:"info", message:"Fetched single product", timestamp:"2024-11-16T05:44:28.282Z"}
{level:"info", message:"Fetched reviews for product", timestamp:"2024-11-16T05:44:28.325Z"}
{level:"info", message:"Fetched products with pagination", timestamp:"2024-11-16T05:57:22.353Z"}
{level:"info", message:"Fetched products with pagination", timestamp:"2024-11-16T05:57:33.267Z"}
{level:"info", message:"Fetched single product", timestamp:"2024-11-16T05:57:34.319Z"}
{level:"info", message:"Fetched reviews for product", timestamp:"2024-11-16T05:57:34.494Z"}
{level:"info", message:"Token verified successfully", timestamp:"2024-11-16T05:58:03.038Z"}
{level:"error", message:"Error creating order", timestamp:"2024-11-16T05:58:03.048Z"}
{level:"info", message:"Token verified successfully", timestamp:"2024-11-16T06:06:32.329Z"}
{level:"info", message:"Order created", timestamp:"2024-11-16T06:06:32.393Z"}
{level:"info", message:"Order created", timestamp:"2024-11-16T06:06:32.401Z"}
{level:"info", message:"Review fetched successfully", timestamp:"2024-11-16T06:06:32.538Z"}
{level:"info", message:"Fetched products with pagination", timestamp:"2024-11-16T06:06:43.095Z"}
{level:"info", message:"Token verified successfully", timestamp:"2024-11-16T06:06:53.717Z"}
{level:"info", message:"Token verified successfully", timestamp:"2024-11-16T06:06:53.734Z"}
{level:"info", message:"Review fetched successfully", timestamp:"2024-11-16T06:06:58.846Z"}
{level:"info", message:"Review fetched successfully", timestamp:"2024-11-16T06:07:11.812Z"}
{level:"info", message:"Review fetched successfully", timestamp:"2024-11-16T06:07:27.919Z"}
{level:"info", message:"Fetched products with pagination", timestamp:"2024-11-16T06:07:43.392Z"}
{level:"info", message:"Fetched single product", timestamp:"2024-11-16T06:07:44.290Z"}
{level:"info", message:"Fetched reviews for product", timestamp:"2024-11-16T06:07:44.331Z"}
