{level:"info", message:"Password reset email sent", timestamp:"2025-01-26T05:12:18.343Z"}
{level:"info", message:"Password reset email sent", timestamp:"2025-01-26T05:13:34.117Z"}
{level:"info", message:"Fetched products with pagination", timestamp:"2025-01-26T05:17:05.511Z"}
{level:"info", message:"Fetched single product", timestamp:"2025-01-26T05:17:17.053Z"}
{level:"info", message:"Fetched reviews for product", timestamp:"2025-01-26T05:17:17.188Z"}
{level:"info", message:"User logged in successfully", timestamp:"2025-01-26T05:17:36.411Z"}
{level:"info", message:"Fetched single product", timestamp:"2025-01-26T05:17:36.565Z"}
{level:"info", message:"Token verified successfully", timestamp:"2025-01-26T05:17:36.645Z"}
{level:"info", message:"Token verified successfully", timestamp:"2025-01-26T05:17:36.659Z"}
{level:"info", message:"Fetched reviews for product", timestamp:"2025-01-26T05:17:36.667Z"}
{level:"info", message:"Review fetched successfully", timestamp:"2025-01-26T05:18:01.859Z"}
{level:"info", message:"Review fetched successfully", timestamp:"2025-01-26T05:18:06.684Z"}
{level:"info", message:"Review fetched successfully", timestamp:"2025-01-26T05:18:11.668Z"}
{level:"info", message:"User logged in successfully", timestamp:"2025-01-26T06:25:46.686Z"}
{level:"info", message:"Token verified successfully", timestamp:"2025-01-26T06:25:59.987Z"}
{level:"info", message:"Token verified successfully", timestamp:"2025-01-26T06:26:02.623Z"}
{level:"info", message:"Token verified successfully", timestamp:"2025-01-26T06:28:26.115Z"}
{level:"info", message:"Token verified successfully", timestamp:"2025-01-26T06:29:55.746Z"}
{level:"info", message:"Token verified successfully", timestamp:"2025-01-26T06:33:33.881Z"}
{level:"info", message:"Token verified successfully", timestamp:"2025-01-26T06:34:18.058Z"}
{level:"info", message:"Token verified successfully", timestamp:"2025-01-26T06:37:08.457Z"}
{level:"info", message:"Token verified successfully", timestamp:"2025-01-26T06:37:53.636Z"}
{level:"info", message:"Token verified successfully", timestamp:"2025-01-26T06:42:17.654Z"}
{level:"info", message:"Token verified successfully", timestamp:"2025-01-26T06:47:39.206Z"}
{level:"info", message:"Token verified successfully", timestamp:"2025-01-26T06:54:40.503Z"}
{level:"info", message:"Token verified successfully", timestamp:"2025-01-26T06:54:45.141Z"}
{level:"warn", message:"Token verification failed", timestamp:"2025-01-26T06:55:22.855Z"}
{level:"info", message:"Fetched products with pagination", timestamp:"2025-01-26T06:55:30.465Z"}
{level:"info", message:"User logged in successfully", timestamp:"2025-01-26T06:55:37.353Z"}
{level:"info", message:"Token verified successfully", timestamp:"2025-01-26T06:55:50.231Z"}
{level:"info", message:"Token verified successfully", timestamp:"2025-01-26T06:57:03.530Z"}
{level:"info", message:"Token verified successfully", timestamp:"2025-01-26T06:59:05.689Z"}
{level:"info", message:"Token verified successfully", timestamp:"2025-01-26T06:59:10.001Z"}
{level:"info", message:"Token verified successfully", timestamp:"2025-01-26T07:01:03.989Z"}
{level:"info", message:"Token verified successfully", timestamp:"2025-01-26T07:01:22.819Z"}
{level:"info", message:"Token verified successfully", timestamp:"2025-01-26T07:01:25.201Z"}
{level:"info", message:"Token verified successfully", timestamp:"2025-01-26T07:04:00.806Z"}
{level:"info", message:"Token verified successfully", timestamp:"2025-01-26T07:04:08.926Z"}
{level:"info", message:"Token verified successfully", timestamp:"2025-01-26T07:05:12.218Z"}
{level:"info", message:"Token verified successfully", timestamp:"2025-01-26T07:05:50.958Z"}
{level:"info", message:"Token verified successfully", timestamp:"2025-01-26T07:08:46.087Z"}
{level:"info", message:"Token verified successfully", timestamp:"2025-01-26T07:08:47.968Z"}
{level:"info", message:"Token verified successfully", timestamp:"2025-01-26T07:09:40.132Z"}
{level:"info", message:"Token verified successfully", timestamp:"2025-01-26T07:09:51.390Z"}
{level:"info", message:"Token verified successfully", timestamp:"2025-01-26T07:23:18.289Z"}
{level:"info", message:"Token verified successfully", timestamp:"2025-01-26T07:23:20.092Z"}
{level:"info", message:"Token verified successfully", timestamp:"2025-01-26T07:23:47.866Z"}
{level:"info", message:"Token verified successfully", timestamp:"2025-01-26T07:23:55.222Z"}
{level:"info", message:"Token verified successfully", timestamp:"2025-01-26T07:33:34.717Z"}
{level:"info", message:"Token verified successfully", timestamp:"2025-01-26T07:33:36.806Z"}
{level:"info", message:"Token verified successfully", timestamp:"2025-01-26T07:50:07.964Z"}
{level:"info", message:"Token verified successfully", timestamp:"2025-01-26T08:16:46.933Z"}
{level:"info", message:"Token verified successfully", timestamp:"2025-01-26T08:17:12.261Z"}
{level:"info", message:"Token verified successfully", timestamp:"2025-01-26T08:19:27.648Z"}
{level:"info", message:"Token verified successfully", timestamp:"2025-01-26T08:22:26.132Z"}
{level:"info", message:"Token verified successfully", timestamp:"2025-01-26T11:00:56.935Z"}
{level:"info", message:"Token verified successfully", timestamp:"2025-01-26T11:01:00.531Z"}
{level:"info", message:"Token verified successfully", timestamp:"2025-01-26T11:01:38.571Z"}
{level:"info", message:"Token verified successfully", timestamp:"2025-01-26T11:01:45.693Z"}
{level:"info", message:"Token verified successfully", timestamp:"2025-01-26T11:02:00.633Z"}
{level:"info", message:"Token verified successfully", timestamp:"2025-01-26T11:02:03.946Z"}
{level:"info", message:"Token verified successfully", timestamp:"2025-01-26T11:02:39.730Z"}
{level:"info", message:"Token verified successfully", timestamp:"2025-01-26T11:03:54.085Z"}
{level:"info", message:"Token verified successfully", timestamp:"2025-01-26T11:11:53.048Z"}
{level:"info", message:"Token verified successfully", timestamp:"2025-01-26T11:12:31.455Z"}
{level:"info", message:"Token verified successfully", timestamp:"2025-01-26T11:13:30.623Z"}
{level:"info", message:"Token verified successfully", timestamp:"2025-01-26T11:14:11.255Z"}
{level:"info", message:"Token verified successfully", timestamp:"2025-01-26T11:16:37.745Z"}
{level:"info", message:"Token verified successfully", timestamp:"2025-01-26T11:18:13.534Z"}
{level:"info", message:"User logged in successfully", timestamp:"2025-01-26T11:20:52.204Z"}
{level:"info", message:"Token verified successfully", timestamp:"2025-01-26T11:20:54.446Z"}
{level:"info", message:"User logged in successfully", timestamp:"2025-01-26T11:22:54.991Z"}
{level:"info", message:"Token verified successfully", timestamp:"2025-01-26T11:22:57.921Z"}
{level:"info", message:"Token verified successfully", timestamp:"2025-01-26T11:25:42.979Z"}
{level:"info", message:"Token verified successfully", timestamp:"2025-01-26T11:25:44.146Z"}
{level:"info", message:"Token verified successfully", timestamp:"2025-01-26T11:26:02.672Z"}
{level:"info", message:"Token verified successfully", timestamp:"2025-01-26T11:28:39.665Z"}
{level:"info", message:"Token verified successfully", timestamp:"2025-01-26T11:28:58.382Z"}
{level:"info", message:"Token verified successfully", timestamp:"2025-01-26T11:29:35.993Z"}
{level:"info", message:"Token verified successfully", timestamp:"2025-01-26T11:30:14.253Z"}
{level:"info", message:"Token verified successfully", timestamp:"2025-01-26T11:30:15.581Z"}
{level:"info", message:"Token verified successfully", timestamp:"2025-01-26T11:30:32.734Z"}
{level:"info", message:"Token verified successfully", timestamp:"2025-01-26T11:49:58.846Z"}
{level:"info", message:"Token verified successfully", timestamp:"2025-01-26T11:50:15.982Z"}
{level:"info", message:"Token verified successfully", timestamp:"2025-01-26T11:50:18.507Z"}
{level:"info", message:"Token verified successfully", timestamp:"2025-01-26T11:51:17.247Z"}
{level:"info", message:"User logged in successfully", timestamp:"2025-01-26T11:52:34.287Z"}
{level:"info", message:"Token verified successfully", timestamp:"2025-01-26T11:52:37.024Z"}
{level:"info", message:"Token verified successfully", timestamp:"2025-01-26T11:54:43.764Z"}
{level:"info", message:"Token verified successfully", timestamp:"2025-01-26T11:54:45.023Z"}
{level:"info", message:"Token verified successfully", timestamp:"2025-01-26T11:55:36.587Z"}
{level:"info", message:"Token verified successfully", timestamp:"2025-01-26T11:55:37.950Z"}
{level:"info", message:"Token verified successfully", timestamp:"2025-01-26T11:55:56.607Z"}
{level:"info", message:"Token verified successfully", timestamp:"2025-01-26T11:56:49.858Z"}
{level:"info", message:"Token verified successfully", timestamp:"2025-01-26T11:57:09.287Z"}
{level:"info", message:"Token verified successfully", timestamp:"2025-01-26T11:57:38.657Z"}
{level:"info", message:"Token verified successfully", timestamp:"2025-01-26T11:57:55.479Z"}
{level:"info", message:"Token verified successfully", timestamp:"2025-01-26T12:00:21.051Z"}
{level:"info", message:"Token verified successfully", timestamp:"2025-01-26T12:00:39.210Z"}
{level:"info", message:"Token verified successfully", timestamp:"2025-01-26T12:02:49.043Z"}
{level:"info", message:"Token verified successfully", timestamp:"2025-01-26T12:03:05.846Z"}
{level:"info", message:"Token verified successfully", timestamp:"2025-01-26T12:07:26.309Z"}
{level:"info", message:"Token verified successfully", timestamp:"2025-01-26T12:07:43.168Z"}
{level:"info", message:"Token verified successfully", timestamp:"2025-01-26T12:08:08.585Z"}
{level:"info", message:"Token verified successfully", timestamp:"2025-01-26T12:08:32.762Z"}
{level:"info", message:"Token verified successfully", timestamp:"2025-01-26T12:09:23.776Z"}
{level:"info", message:"Token verified successfully", timestamp:"2025-01-26T12:09:50.741Z"}
{level:"info", message:"Token verified successfully", timestamp:"2025-01-26T12:10:07.350Z"}
{level:"info", message:"Token verified successfully", timestamp:"2025-01-26T12:11:53.923Z"}
{level:"info", message:"User logged in successfully", timestamp:"2025-01-26T12:13:37.196Z"}
{level:"info", message:"Token verified successfully", timestamp:"2025-01-26T12:13:38.068Z"}
{level:"info", message:"Token verified successfully", timestamp:"2025-01-26T12:13:56.887Z"}
{level:"info", message:"Token verified successfully", timestamp:"2025-01-26T12:15:48.002Z"}
{level:"info", message:"Token verified successfully", timestamp:"2025-01-26T12:16:05.801Z"}
{level:"info", message:"Token verified successfully", timestamp:"2025-01-26T12:17:15.189Z"}
{level:"info", message:"Token verified successfully", timestamp:"2025-01-26T12:17:31.695Z"}
{level:"info", message:"Fetched products with pagination", timestamp:"2025-01-26T12:19:06.119Z"}
{level:"info", message:"Token verified successfully", timestamp:"2025-01-26T12:19:09.544Z"}
{level:"info", message:"Fetched products with pagination", timestamp:"2025-01-26T12:19:09.683Z"}
{level:"info", message:"Token verified successfully", timestamp:"2025-01-26T12:19:19.518Z"}
{level:"info", message:"Token verified successfully", timestamp:"2025-01-26T12:21:39.604Z"}
{level:"info", message:"Token verified successfully", timestamp:"2025-01-26T12:21:40.703Z"}
{level:"info", message:"Token verified successfully", timestamp:"2025-01-26T12:21:59.017Z"}
{level:"info", message:"Token verified successfully", timestamp:"2025-01-26T12:23:59.898Z"}
{level:"info", message:"Token verified successfully", timestamp:"2025-01-26T12:24:18.648Z"}
{level:"info", message:"Token verified successfully", timestamp:"2025-01-26T12:26:59.257Z"}
{level:"info", message:"Token verified successfully", timestamp:"2025-01-26T12:27:16.474Z"}
{level:"info", message:"Token verified successfully", timestamp:"2025-01-26T12:28:20.864Z"}
{level:"info", message:"User logged in successfully", timestamp:"2025-01-26T12:30:27.342Z"}
{level:"info", message:"Token verified successfully", timestamp:"2025-01-26T12:30:28.373Z"}
{level:"info", message:"Token verified successfully", timestamp:"2025-01-26T12:34:13.543Z"}
{level:"info", message:"Token verified successfully", timestamp:"2025-01-26T12:34:14.137Z"}
{level:"info", message:"Order created", timestamp:"2025-01-26T12:34:31.558Z"}
{level:"info", message:"Token verified successfully", timestamp:"2025-01-26T12:37:53.162Z"}
{level:"info", message:"Token verified successfully", timestamp:"2025-01-26T12:37:53.820Z"}
{level:"info", message:"Token verified successfully", timestamp:"2025-01-26T12:38:11.657Z"}
{level:"info", message:"Token verified successfully", timestamp:"2025-01-26T12:38:54.566Z"}
{level:"info", message:"Order created", timestamp:"2025-01-26T12:40:11.763Z"}
{level:"info", message:"Token verified successfully", timestamp:"2025-01-26T12:42:40.710Z"}
{level:"info", message:"Token verified successfully", timestamp:"2025-01-26T12:42:42.294Z"}
{level:"info", message:"Order created", timestamp:"2025-01-26T12:42:58.756Z"}
{level:"info", message:"Token verified successfully", timestamp:"2025-01-26T12:43:00.004Z"}
{level:"info", message:"Token verified successfully", timestamp:"2025-01-26T12:43:45.782Z"}
{level:"info", message:"Token verified successfully", timestamp:"2025-01-26T12:43:48.367Z"}
{level:"info", message:"Order created", timestamp:"2025-01-26T12:44:04.397Z"}
{level:"info", message:"Token verified successfully", timestamp:"2025-01-26T12:44:05.216Z"}
{level:"info", message:"Token verified successfully", timestamp:"2025-01-26T12:45:39.392Z"}
{level:"info", message:"Fetched products with pagination", timestamp:"2025-01-26T12:49:39.675Z"}
{level:"info", message:"Token verified successfully", timestamp:"2025-01-26T12:49:43.852Z"}
{level:"info", message:"Fetched products with pagination", timestamp:"2025-01-26T12:49:43.993Z"}
{level:"info", message:"Fetched single product", timestamp:"2025-01-26T12:49:44.911Z"}
{level:"info", message:"Token verified successfully", timestamp:"2025-01-26T12:49:45.056Z"}
{level:"info", message:"Token verified successfully", timestamp:"2025-01-26T12:49:45.067Z"}
{level:"info", message:"Fetched reviews for product", timestamp:"2025-01-26T12:49:45.072Z"}
{level:"info", message:"Fetched products with pagination", timestamp:"2025-01-26T12:49:46.682Z"}
{level:"info", message:"Fetched single product", timestamp:"2025-01-26T12:49:47.248Z"}
{level:"info", message:"Token verified successfully", timestamp:"2025-01-26T12:49:47.338Z"}
{level:"info", message:"Token verified successfully", timestamp:"2025-01-26T12:49:47.343Z"}
{level:"info", message:"Fetched reviews for product", timestamp:"2025-01-26T12:49:47.349Z"}
{level:"info", message:"Fetched products with pagination", timestamp:"2025-01-26T12:49:49.084Z"}
{level:"info", message:"Fetched single product", timestamp:"2025-01-26T12:49:49.870Z"}
{level:"info", message:"Token verified successfully", timestamp:"2025-01-26T12:49:49.920Z"}
{level:"info", message:"Token verified successfully", timestamp:"2025-01-26T12:49:49.924Z"}
{level:"info", message:"Fetched reviews for product", timestamp:"2025-01-26T12:49:49.930Z"}
{level:"info", message:"Fetched products with pagination", timestamp:"2025-01-26T12:49:51.772Z"}
{level:"info", message:"Fetched single product", timestamp:"2025-01-26T12:49:52.553Z"}
{level:"info", message:"Token verified successfully", timestamp:"2025-01-26T12:49:52.589Z"}
{level:"info", message:"Token verified successfully", timestamp:"2025-01-26T12:49:52.631Z"}
{level:"info", message:"Fetched reviews for product", timestamp:"2025-01-26T12:49:52.637Z"}
{level:"info", message:"Fetched single product", timestamp:"2025-01-26T12:50:08.415Z"}
{level:"info", message:"Token verified successfully", timestamp:"2025-01-26T12:50:08.490Z"}
{level:"info", message:"Token verified successfully", timestamp:"2025-01-26T12:50:08.497Z"}
{level:"info", message:"Fetched reviews for product", timestamp:"2025-01-26T12:50:08.500Z"}
{level:"info", message:"Fetched products with pagination", timestamp:"2025-01-26T12:50:10.021Z"}
{level:"info", message:"Fetched products with pagination", timestamp:"2025-01-26T12:50:16.054Z"}
{level:"info", message:"Token verified successfully", timestamp:"2025-01-26T12:50:20.375Z"}
{level:"info", message:"Order created", timestamp:"2025-01-26T12:50:37.932Z"}
{level:"info", message:"Order created", timestamp:"2025-01-26T12:50:37.939Z"}
{level:"info", message:"Token verified successfully", timestamp:"2025-01-26T12:50:38.605Z"}
{level:"info", message:"Token verified successfully", timestamp:"2025-01-26T12:50:54.078Z"}
{level:"info", message:"Order created", timestamp:"2025-01-26T12:51:52.870Z"}
{level:"info", message:"Order created", timestamp:"2025-01-26T12:51:52.879Z"}
{level:"info", message:"Token verified successfully", timestamp:"2025-01-26T12:51:55.210Z"}
{level:"info", message:"Token verified successfully", timestamp:"2025-01-26T12:52:23.168Z"}
{level:"info", message:"Review fetched successfully", timestamp:"2025-01-26T12:53:09.480Z"}
{level:"info", message:"Token verified successfully", timestamp:"2025-01-26T12:54:27.004Z"}
{level:"info", message:"Order created", timestamp:"2025-01-26T12:54:46.043Z"}
{level:"info", message:"Order created", timestamp:"2025-01-26T12:54:46.345Z"}
{level:"info", message:"Token verified successfully", timestamp:"2025-01-26T12:54:46.542Z"}
{level:"info", message:"Review fetched successfully", timestamp:"2025-01-26T12:54:46.820Z"}
{level:"info", message:"Review fetched successfully", timestamp:"2025-01-26T13:14:36.415Z"}
{level:"info", message:"Review fetched successfully", timestamp:"2025-01-26T13:14:43.149Z"}
{level:"info", message:"Review fetched successfully", timestamp:"2025-01-26T13:14:49.527Z"}
{level:"info", message:"Review fetched successfully", timestamp:"2025-01-26T13:14:49.599Z"}
{level:"info", message:"Review fetched successfully", timestamp:"2025-01-26T13:15:20.947Z"}
