{level:"warn", message:"Token verification failed", timestamp:"2025-02-01T09:09:56.974Z"}
{level:"info", message:"User logged in successfully", timestamp:"2025-02-01T09:10:04.875Z"}
{level:"info", message:"Token verified successfully", timestamp:"2025-02-01T09:11:13.718Z"}
{level:"info", message:"Token verified successfully", timestamp:"2025-02-01T09:11:19.495Z"}
{level:"info", message:"Token verified successfully", timestamp:"2025-02-01T09:11:56.733Z"}
{level:"info", message:"Token verified successfully", timestamp:"2025-02-01T09:13:49.961Z"}
{level:"info", message:"Token verified successfully", timestamp:"2025-02-01T09:14:03.699Z"}
{level:"info", message:"Token verified successfully", timestamp:"2025-02-01T09:14:17.986Z"}
{level:"info", message:"Token verified successfully", timestamp:"2025-02-01T09:14:40.470Z"}
{level:"info", message:"Token verified successfully", timestamp:"2025-02-01T09:15:26.071Z"}
{level:"info", message:"Token verified successfully", timestamp:"2025-02-01T09:16:24.415Z"}
{level:"info", message:"Token verified successfully", timestamp:"2025-02-01T09:16:28.116Z"}
{level:"info", message:"Token verified successfully", timestamp:"2025-02-01T09:16:48.194Z"}
{level:"info", message:"Token verified successfully", timestamp:"2025-02-01T09:17:25.820Z"}
{level:"info", message:"Token verified successfully", timestamp:"2025-02-01T09:17:30.137Z"}
{level:"info", message:"Token verified successfully", timestamp:"2025-02-01T09:18:09.826Z"}
{level:"info", message:"Token verified successfully", timestamp:"2025-02-01T09:18:14.513Z"}
{level:"info", message:"Token verified successfully", timestamp:"2025-02-01T09:18:42.216Z"}
{level:"info", message:"Token verified successfully", timestamp:"2025-02-01T09:18:45.762Z"}
{level:"info", message:"Token verified successfully", timestamp:"2025-02-01T09:23:36.716Z"}
{level:"info", message:"User logged in successfully", timestamp:"2025-02-01T09:24:17.609Z"}
{level:"info", message:"Token verified successfully", timestamp:"2025-02-01T09:25:55.724Z"}
{level:"info", message:"Fetched products with pagination", timestamp:"2025-02-01T09:26:14.348Z"}
{level:"info", message:"Fetched single product", timestamp:"2025-02-01T09:26:15.522Z"}
{level:"info", message:"Token verified successfully", timestamp:"2025-02-01T09:26:49.436Z"}
{level:"info", message:"Fetched single product", timestamp:"2025-02-01T09:26:49.794Z"}
{level:"info", message:"Fetched reviews for product", timestamp:"2025-02-01T09:26:49.943Z"}
{level:"info", message:"Token verified successfully", timestamp:"2025-02-01T09:26:49.958Z"}
{level:"info", message:"Token verified successfully", timestamp:"2025-02-01T09:26:49.963Z"}
{level:"info", message:"Token verified successfully", timestamp:"2025-02-01T09:26:53.654Z"}
{level:"info", message:"Fetched single product", timestamp:"2025-02-01T09:26:54.055Z"}
{level:"info", message:"Token verified successfully", timestamp:"2025-02-01T09:26:54.764Z"}
{level:"info", message:"Token verified successfully", timestamp:"2025-02-01T09:26:54.781Z"}
{level:"info", message:"Fetched reviews for product", timestamp:"2025-02-01T09:26:54.796Z"}
{level:"info", message:"Token verified successfully", timestamp:"2025-02-01T09:27:40.724Z"}
{level:"info", message:"Token verified successfully", timestamp:"2025-02-01T09:27:40.742Z"}
{level:"info", message:"Token verified successfully", timestamp:"2025-02-01T09:27:58.190Z"}
{level:"info", message:"Fetched single product", timestamp:"2025-02-01T09:27:58.668Z"}
{level:"info", message:"Token verified successfully", timestamp:"2025-02-01T09:27:58.815Z"}
{level:"info", message:"Token verified successfully", timestamp:"2025-02-01T09:27:58.821Z"}
{level:"info", message:"Fetched reviews for product", timestamp:"2025-02-01T09:27:58.826Z"}
{level:"info", message:"Token verified successfully", timestamp:"2025-02-01T09:28:11.879Z"}
{level:"info", message:"Token verified successfully", timestamp:"2025-02-01T09:28:11.968Z"}
{level:"info", message:"Token verified successfully", timestamp:"2025-02-01T09:31:10.304Z"}
{level:"info", message:"Fetched single product", timestamp:"2025-02-01T09:31:11.227Z"}
{level:"info", message:"Fetched reviews for product", timestamp:"2025-02-01T09:31:11.406Z"}
{level:"info", message:"Token verified successfully", timestamp:"2025-02-01T09:31:11.413Z"}
{level:"info", message:"Token verified successfully", timestamp:"2025-02-01T09:31:11.418Z"}
{level:"info", message:"Token verified successfully", timestamp:"2025-02-01T09:32:24.204Z"}
{level:"info", message:"Token verified successfully", timestamp:"2025-02-01T09:32:27.590Z"}
{level:"info", message:"Fetched single product", timestamp:"2025-02-01T09:32:27.788Z"}
{level:"info", message:"Token verified successfully", timestamp:"2025-02-01T09:32:27.944Z"}
{level:"info", message:"Token verified successfully", timestamp:"2025-02-01T09:32:27.949Z"}
{level:"info", message:"Fetched reviews for product", timestamp:"2025-02-01T09:32:28.030Z"}
{level:"warn", message:"Token verification failed", timestamp:"2025-02-01T09:38:13.386Z"}
{level:"info", message:"User logged in successfully", timestamp:"2025-02-01T09:38:19.970Z"}
{level:"info", message:"Token verified successfully", timestamp:"2025-02-01T09:38:42.758Z"}
{level:"info", message:"Token verified successfully", timestamp:"2025-02-01T09:39:04.161Z"}
{level:"info", message:"User logged in successfully", timestamp:"2025-02-01T09:39:06.944Z"}
{level:"info", message:"Token verified successfully", timestamp:"2025-02-01T09:39:36.347Z"}
{level:"info", message:"Token verified successfully", timestamp:"2025-02-01T09:41:14.863Z"}
{level:"info", message:"Token verified successfully", timestamp:"2025-02-01T09:41:17.621Z"}
{level:"info", message:"Fetched products with pagination", timestamp:"2025-02-01T09:41:37.925Z"}
{level:"info", message:"Fetched single product", timestamp:"2025-02-01T09:41:40.519Z"}
{level:"info", message:"Token verified successfully", timestamp:"2025-02-01T09:41:40.608Z"}
{level:"info", message:"Fetched reviews for product", timestamp:"2025-02-01T09:41:40.611Z"}
{level:"info", message:"Token verified successfully", timestamp:"2025-02-01T09:41:40.616Z"}
{level:"info", message:"Token verified successfully", timestamp:"2025-02-01T09:41:47.306Z"}
{level:"info", message:"Token verified successfully", timestamp:"2025-02-01T09:41:47.409Z"}
{level:"info", message:"Token verified successfully", timestamp:"2025-02-01T09:41:48.872Z"}
{level:"info", message:"Token verified successfully", timestamp:"2025-02-01T09:43:24.168Z"}
{level:"info", message:"Fetched single product", timestamp:"2025-02-01T09:43:24.233Z"}
{level:"info", message:"Token verified successfully", timestamp:"2025-02-01T09:43:24.345Z"}
{level:"info", message:"Token verified successfully", timestamp:"2025-02-01T09:43:24.349Z"}
{level:"info", message:"Fetched reviews for product", timestamp:"2025-02-01T09:43:24.351Z"}
{level:"info", message:"Token verified successfully", timestamp:"2025-02-01T09:44:36.734Z"}
{level:"info", message:"Token verified successfully", timestamp:"2025-02-01T09:44:36.768Z"}
{level:"info", message:"Token verified successfully", timestamp:"2025-02-01T09:44:48.144Z"}
{level:"info", message:"Fetched single product", timestamp:"2025-02-01T09:44:48.573Z"}
{level:"info", message:"Fetched reviews for product", timestamp:"2025-02-01T09:44:48.769Z"}
{level:"info", message:"Token verified successfully", timestamp:"2025-02-01T09:44:48.784Z"}
{level:"info", message:"Token verified successfully", timestamp:"2025-02-01T09:44:48.791Z"}
{level:"info", message:"Token verified successfully", timestamp:"2025-02-01T09:45:26.966Z"}
{level:"info", message:"Fetched single product", timestamp:"2025-02-01T09:45:27.047Z"}
{level:"info", message:"Fetched reviews for product", timestamp:"2025-02-01T09:45:27.192Z"}
{level:"info", message:"Token verified successfully", timestamp:"2025-02-01T09:45:27.201Z"}
{level:"info", message:"Token verified successfully", timestamp:"2025-02-01T09:45:27.209Z"}
{level:"info", message:"Token verified successfully", timestamp:"2025-02-01T09:45:31.568Z"}
{level:"info", message:"Fetched single product", timestamp:"2025-02-01T09:45:31.789Z"}
{level:"info", message:"Fetched reviews for product", timestamp:"2025-02-01T09:45:31.931Z"}
{level:"info", message:"Token verified successfully", timestamp:"2025-02-01T09:45:31.937Z"}
{level:"info", message:"Token verified successfully", timestamp:"2025-02-01T09:45:31.950Z"}
{level:"info", message:"Token verified successfully", timestamp:"2025-02-01T09:45:46.537Z"}
{level:"info", message:"Token verified successfully", timestamp:"2025-02-01T09:45:46.542Z"}
{level:"info", message:"Token verified successfully", timestamp:"2025-02-01T09:46:11.730Z"}
{level:"info", message:"Token verified successfully", timestamp:"2025-02-01T09:46:11.751Z"}
{level:"info", message:"Token verified successfully", timestamp:"2025-02-01T09:49:01.713Z"}
{level:"info", message:"Fetched single product", timestamp:"2025-02-01T09:49:02.201Z"}
{level:"info", message:"Fetched reviews for product", timestamp:"2025-02-01T09:49:02.641Z"}
{level:"info", message:"Token verified successfully", timestamp:"2025-02-01T09:49:02.647Z"}
{level:"info", message:"Token verified successfully", timestamp:"2025-02-01T09:49:02.666Z"}
{level:"info", message:"Fetched products with pagination", timestamp:"2025-02-01T09:49:22.367Z"}
{level:"info", message:"Fetched single product", timestamp:"2025-02-01T09:50:32.806Z"}
{level:"info", message:"Fetched reviews for product", timestamp:"2025-02-01T09:50:32.902Z"}
{level:"info", message:"Token verified successfully", timestamp:"2025-02-01T09:50:32.909Z"}
{level:"info", message:"Token verified successfully", timestamp:"2025-02-01T09:50:32.915Z"}
{level:"info", message:"Token verified successfully", timestamp:"2025-02-01T09:50:38.073Z"}
{level:"info", message:"Token verified successfully", timestamp:"2025-02-01T09:50:38.077Z"}
{level:"info", message:"Token verified successfully", timestamp:"2025-02-01T09:50:39.969Z"}
{level:"info", message:"Token verified successfully", timestamp:"2025-02-01T09:50:39.979Z"}
{level:"info", message:"Token verified successfully", timestamp:"2025-02-01T09:53:46.732Z"}
{level:"info", message:"Token verified successfully", timestamp:"2025-02-01T09:53:46.752Z"}
{level:"info", message:"Token verified successfully", timestamp:"2025-02-01T09:54:14.061Z"}
{level:"info", message:"Token verified successfully", timestamp:"2025-02-01T09:54:14.067Z"}
{level:"info", message:"Token verified successfully", timestamp:"2025-02-01T09:55:42.721Z"}
{level:"info", message:"Token verified successfully", timestamp:"2025-02-01T09:55:42.737Z"}
{level:"info", message:"Token verified successfully", timestamp:"2025-02-01T09:56:09.723Z"}
{level:"info", message:"Token verified successfully", timestamp:"2025-02-01T09:56:09.740Z"}
{level:"info", message:"Token verified successfully", timestamp:"2025-02-01T09:57:04.443Z"}
{level:"info", message:"Token verified successfully", timestamp:"2025-02-01T09:57:04.452Z"}
{level:"info", message:"Token verified successfully", timestamp:"2025-02-01T09:57:29.188Z"}
{level:"info", message:"Token verified successfully", timestamp:"2025-02-01T09:57:29.249Z"}
{level:"info", message:"Token verified successfully", timestamp:"2025-02-01T09:58:33.988Z"}
{level:"info", message:"Token verified successfully", timestamp:"2025-02-01T09:58:33.993Z"}
{level:"info", message:"Token verified successfully", timestamp:"2025-02-01T09:58:47.821Z"}
{level:"info", message:"Token verified successfully", timestamp:"2025-02-01T09:58:47.835Z"}
{level:"info", message:"Token verified successfully", timestamp:"2025-02-01T09:58:47.841Z"}
{level:"info", message:"Token verified successfully", timestamp:"2025-02-01T09:58:47.918Z"}
{level:"info", message:"Token verified successfully", timestamp:"2025-02-01T10:00:21.717Z"}
{level:"info", message:"Token verified successfully", timestamp:"2025-02-01T10:00:21.735Z"}
{level:"info", message:"Token verified successfully", timestamp:"2025-02-01T10:00:25.649Z"}
{level:"info", message:"Token verified successfully", timestamp:"2025-02-01T10:00:25.654Z"}
{level:"info", message:"Token verified successfully", timestamp:"2025-02-01T10:02:06.596Z"}
{level:"info", message:"Token verified successfully", timestamp:"2025-02-01T10:02:06.627Z"}
{level:"info", message:"Token verified successfully", timestamp:"2025-02-01T10:02:06.643Z"}
{level:"info", message:"Token verified successfully", timestamp:"2025-02-01T10:02:06.784Z"}
{level:"info", message:"Token verified successfully", timestamp:"2025-02-01T10:02:08.967Z"}
{level:"info", message:"Token verified successfully", timestamp:"2025-02-01T10:02:08.976Z"}
{level:"info", message:"Token verified successfully", timestamp:"2025-02-01T10:02:16.250Z"}
{level:"info", message:"Token verified successfully", timestamp:"2025-02-01T10:02:16.256Z"}
{level:"info", message:"Token verified successfully", timestamp:"2025-02-01T10:02:16.261Z"}
{level:"info", message:"Token verified successfully", timestamp:"2025-02-01T10:02:16.421Z"}
{level:"info", message:"Token verified successfully", timestamp:"2025-02-01T10:02:18.368Z"}
{level:"info", message:"Token verified successfully", timestamp:"2025-02-01T10:02:18.387Z"}
{level:"info", message:"Token verified successfully", timestamp:"2025-02-01T10:02:20.419Z"}
{level:"info", message:"Token verified successfully", timestamp:"2025-02-01T10:02:20.423Z"}
{level:"info", message:"Token verified successfully", timestamp:"2025-02-01T10:02:21.987Z"}
{level:"info", message:"Token verified successfully", timestamp:"2025-02-01T10:02:21.990Z"}
{level:"info", message:"Token verified successfully", timestamp:"2025-02-01T10:02:23.499Z"}
{level:"info", message:"Token verified successfully", timestamp:"2025-02-01T10:02:23.504Z"}
{level:"info", message:"Token verified successfully", timestamp:"2025-02-01T10:02:25.551Z"}
{level:"info", message:"Token verified successfully", timestamp:"2025-02-01T10:02:25.565Z"}
{level:"info", message:"Token verified successfully", timestamp:"2025-02-01T10:07:17.727Z"}
{level:"info", message:"Token verified successfully", timestamp:"2025-02-01T10:07:17.740Z"}
{level:"info", message:"Token verified successfully", timestamp:"2025-02-01T10:07:17.793Z"}
{level:"info", message:"Token verified successfully", timestamp:"2025-02-01T10:07:17.796Z"}
{level:"info", message:"Token verified successfully", timestamp:"2025-02-01T10:07:57.659Z"}
{level:"info", message:"Token verified successfully", timestamp:"2025-02-01T10:07:57.675Z"}
{level:"info", message:"Token verified successfully", timestamp:"2025-02-01T10:10:31.711Z"}
{level:"info", message:"Token verified successfully", timestamp:"2025-02-01T10:10:31.723Z"}
{level:"info", message:"Token verified successfully", timestamp:"2025-02-01T10:10:49.540Z"}
{level:"info", message:"Token verified successfully", timestamp:"2025-02-01T10:10:49.567Z"}
{level:"info", message:"Token verified successfully", timestamp:"2025-02-01T10:10:54.088Z"}
{level:"info", message:"Token verified successfully", timestamp:"2025-02-01T10:10:54.108Z"}
{level:"info", message:"Token verified successfully", timestamp:"2025-02-01T10:13:18.834Z"}
{level:"info", message:"Token verified successfully", timestamp:"2025-02-01T10:13:18.873Z"}
{level:"info", message:"Token verified successfully", timestamp:"2025-02-01T10:15:22.713Z"}
{level:"info", message:"Token verified successfully", timestamp:"2025-02-01T10:15:22.727Z"}
{level:"info", message:"Token verified successfully", timestamp:"2025-02-01T10:16:35.725Z"}
{level:"info", message:"Token verified successfully", timestamp:"2025-02-01T10:16:35.728Z"}
{level:"info", message:"Token verified successfully", timestamp:"2025-02-01T10:16:54.575Z"}
{level:"info", message:"Token verified successfully", timestamp:"2025-02-01T10:16:54.603Z"}
{level:"info", message:"Token verified successfully", timestamp:"2025-02-01T10:17:10.158Z"}
{level:"info", message:"Token verified successfully", timestamp:"2025-02-01T10:17:10.166Z"}
{level:"info", message:"Token verified successfully", timestamp:"2025-02-01T10:17:12.032Z"}
{level:"info", message:"Token verified successfully", timestamp:"2025-02-01T10:17:12.035Z"}
{level:"info", message:"Token verified successfully", timestamp:"2025-02-01T10:17:31.788Z"}
{level:"info", message:"Token verified successfully", timestamp:"2025-02-01T10:17:31.805Z"}
{level:"info", message:"Token verified successfully", timestamp:"2025-02-01T10:20:32.827Z"}
{level:"info", message:"Token verified successfully", timestamp:"2025-02-01T10:20:32.830Z"}
{level:"info", message:"Token verified successfully", timestamp:"2025-02-01T10:20:42.779Z"}
{level:"info", message:"Token verified successfully", timestamp:"2025-02-01T10:20:42.790Z"}
{level:"info", message:"Token verified successfully", timestamp:"2025-02-01T10:20:43.549Z"}
{level:"info", message:"Token verified successfully", timestamp:"2025-02-01T10:20:43.566Z"}
{level:"info", message:"Token verified successfully", timestamp:"2025-02-01T10:20:51.721Z"}
{level:"info", message:"Token verified successfully", timestamp:"2025-02-01T10:20:51.736Z"}
{level:"info", message:"Token verified successfully", timestamp:"2025-02-01T10:21:07.665Z"}
{level:"info", message:"Token verified successfully", timestamp:"2025-02-01T10:21:07.669Z"}
{level:"info", message:"Token verified successfully", timestamp:"2025-02-01T10:21:09.498Z"}
{level:"info", message:"Token verified successfully", timestamp:"2025-02-01T10:21:09.502Z"}
{level:"info", message:"Token verified successfully", timestamp:"2025-02-01T10:21:11.323Z"}
{level:"info", message:"Token verified successfully", timestamp:"2025-02-01T10:21:11.333Z"}
{level:"info", message:"Token verified successfully", timestamp:"2025-02-01T10:21:13.445Z"}
{level:"info", message:"Token verified successfully", timestamp:"2025-02-01T10:21:13.452Z"}
{level:"info", message:"Token verified successfully", timestamp:"2025-02-01T10:21:15.481Z"}
{level:"info", message:"Token verified successfully", timestamp:"2025-02-01T10:21:15.484Z"}
{level:"info", message:"Token verified successfully", timestamp:"2025-02-01T10:22:55.746Z"}
{level:"info", message:"Token verified successfully", timestamp:"2025-02-01T10:22:55.757Z"}
{level:"info", message:"Token verified successfully", timestamp:"2025-02-01T10:22:55.783Z"}
{level:"info", message:"Token verified successfully", timestamp:"2025-02-01T10:22:55.793Z"}
{level:"info", message:"Token verified successfully", timestamp:"2025-02-01T10:23:51.782Z"}
{level:"info", message:"Token verified successfully", timestamp:"2025-02-01T10:23:51.802Z"}
{level:"info", message:"Token verified successfully", timestamp:"2025-02-01T10:23:55.126Z"}
{level:"info", message:"Token verified successfully", timestamp:"2025-02-01T10:23:55.131Z"}
{level:"info", message:"Token verified successfully", timestamp:"2025-02-01T10:24:02.109Z"}
{level:"info", message:"Token verified successfully", timestamp:"2025-02-01T10:24:02.113Z"}
{level:"info", message:"Token verified successfully", timestamp:"2025-02-01T10:24:02.116Z"}
{level:"info", message:"Token verified successfully", timestamp:"2025-02-01T10:24:02.151Z"}
{level:"info", message:"Token verified successfully", timestamp:"2025-02-01T10:24:04.598Z"}
{level:"info", message:"Token verified successfully", timestamp:"2025-02-01T10:24:04.601Z"}
{level:"info", message:"Token verified successfully", timestamp:"2025-02-01T10:24:11.325Z"}
{level:"info", message:"Token verified successfully", timestamp:"2025-02-01T10:24:11.331Z"}
{level:"info", message:"Token verified successfully", timestamp:"2025-02-01T10:24:11.335Z"}
{level:"info", message:"Token verified successfully", timestamp:"2025-02-01T10:24:11.404Z"}
{level:"info", message:"Token verified successfully", timestamp:"2025-02-01T10:24:18.724Z"}
{level:"info", message:"Token verified successfully", timestamp:"2025-02-01T10:24:18.732Z"}
{level:"info", message:"Token verified successfully", timestamp:"2025-02-01T10:24:30.206Z"}
{level:"info", message:"Token verified successfully", timestamp:"2025-02-01T10:24:30.212Z"}
{level:"info", message:"Token verified successfully", timestamp:"2025-02-01T10:24:35.964Z"}
{level:"info", message:"Token verified successfully", timestamp:"2025-02-01T10:24:35.968Z"}
{level:"info", message:"Token verified successfully", timestamp:"2025-02-01T10:24:41.969Z"}
{level:"info", message:"Token verified successfully", timestamp:"2025-02-01T10:24:41.983Z"}
{level:"info", message:"Token verified successfully", timestamp:"2025-02-01T10:24:46.578Z"}
{level:"info", message:"Token verified successfully", timestamp:"2025-02-01T10:24:46.609Z"}
{level:"info", message:"Token verified successfully", timestamp:"2025-02-01T10:24:56.335Z"}
{level:"info", message:"Token verified successfully", timestamp:"2025-02-01T10:24:56.366Z"}
{level:"info", message:"Token verified successfully", timestamp:"2025-02-01T10:25:06.911Z"}
{level:"info", message:"Token verified successfully", timestamp:"2025-02-01T10:25:06.941Z"}
{level:"info", message:"Token verified successfully", timestamp:"2025-02-01T10:25:14.224Z"}
{level:"info", message:"Token verified successfully", timestamp:"2025-02-01T10:25:14.234Z"}
{level:"info", message:"Token verified successfully", timestamp:"2025-02-01T10:25:18.995Z"}
{level:"info", message:"Token verified successfully", timestamp:"2025-02-01T10:25:19.002Z"}
{level:"info", message:"Token verified successfully", timestamp:"2025-02-01T10:26:53.530Z"}
{level:"info", message:"Token verified successfully", timestamp:"2025-02-01T10:26:53.537Z"}
{level:"info", message:"Token verified successfully", timestamp:"2025-02-01T10:27:02.738Z"}
{level:"info", message:"Token verified successfully", timestamp:"2025-02-01T10:27:02.747Z"}
{level:"info", message:"Token verified successfully", timestamp:"2025-02-01T10:27:08.745Z"}
{level:"info", message:"Token verified successfully", timestamp:"2025-02-01T10:27:08.799Z"}
{level:"info", message:"Token verified successfully", timestamp:"2025-02-01T10:27:14.983Z"}
{level:"info", message:"Token verified successfully", timestamp:"2025-02-01T10:27:15.011Z"}
{level:"info", message:"Token verified successfully", timestamp:"2025-02-01T10:27:20.734Z"}
{level:"info", message:"Token verified successfully", timestamp:"2025-02-01T10:27:20.898Z"}
{level:"info", message:"Token verified successfully", timestamp:"2025-02-01T10:27:26.659Z"}
{level:"info", message:"Token verified successfully", timestamp:"2025-02-01T10:27:26.665Z"}
{level:"info", message:"Token verified successfully", timestamp:"2025-02-01T10:27:49.306Z"}
{level:"info", message:"Token verified successfully", timestamp:"2025-02-01T10:27:49.310Z"}
{level:"info", message:"Token verified successfully", timestamp:"2025-02-01T10:27:54.862Z"}
{level:"info", message:"Token verified successfully", timestamp:"2025-02-01T10:27:54.887Z"}
{level:"info", message:"Token verified successfully", timestamp:"2025-02-01T10:28:20.273Z"}
{level:"info", message:"Token verified successfully", timestamp:"2025-02-01T10:28:20.348Z"}
{level:"info", message:"Token verified successfully", timestamp:"2025-02-01T10:28:38.863Z"}
{level:"info", message:"Token verified successfully", timestamp:"2025-02-01T10:28:38.901Z"}
{level:"info", message:"Token verified successfully", timestamp:"2025-02-01T10:28:48.869Z"}
{level:"info", message:"Token verified successfully", timestamp:"2025-02-01T10:28:48.884Z"}
{level:"info", message:"Token verified successfully", timestamp:"2025-02-01T10:29:01.853Z"}
{level:"info", message:"Token verified successfully", timestamp:"2025-02-01T10:29:01.856Z"}
{level:"info", message:"Token verified successfully", timestamp:"2025-02-01T10:32:18.285Z"}
{level:"info", message:"Fetched single product", timestamp:"2025-02-01T10:32:18.366Z"}
{level:"info", message:"Token verified successfully", timestamp:"2025-02-01T10:32:18.431Z"}
{level:"info", message:"Token verified successfully", timestamp:"2025-02-01T10:32:18.435Z"}
{level:"info", message:"Fetched reviews for product", timestamp:"2025-02-01T10:32:18.446Z"}
{level:"info", message:"User logged in successfully", timestamp:"2025-02-01T10:33:28.896Z"}
{level:"info", message:"Token verified successfully", timestamp:"2025-02-01T10:36:35.724Z"}
{level:"info", message:"Token verified successfully", timestamp:"2025-02-01T10:36:35.736Z"}
{level:"info", message:"Token verified successfully", timestamp:"2025-02-01T10:36:38.483Z"}
{level:"info", message:"Token verified successfully", timestamp:"2025-02-01T10:36:38.490Z"}
{level:"info", message:"Token verified successfully", timestamp:"2025-02-01T10:36:45.714Z"}
{level:"info", message:"Token verified successfully", timestamp:"2025-02-01T10:36:45.720Z"}
{level:"info", message:"Token verified successfully", timestamp:"2025-02-01T10:36:55.235Z"}
{level:"info", message:"Token verified successfully", timestamp:"2025-02-01T10:36:55.239Z"}
{level:"info", message:"Token verified successfully", timestamp:"2025-02-01T10:41:38.811Z"}
{level:"info", message:"Token verified successfully", timestamp:"2025-02-01T10:42:09.725Z"}
{level:"info", message:"Token verified successfully", timestamp:"2025-02-01T10:42:13.633Z"}
{level:"info", message:"Fetched single product", timestamp:"2025-02-01T10:42:13.762Z"}
{level:"info", message:"Fetched reviews for product", timestamp:"2025-02-01T10:42:13.845Z"}
{level:"info", message:"Token verified successfully", timestamp:"2025-02-01T10:42:13.853Z"}
{level:"info", message:"Token verified successfully", timestamp:"2025-02-01T10:42:13.857Z"}
{level:"info", message:"Token verified successfully", timestamp:"2025-02-01T10:42:28.426Z"}
{level:"info", message:"Token verified successfully", timestamp:"2025-02-01T10:42:45.760Z"}
{level:"info", message:"Token verified successfully", timestamp:"2025-02-01T10:42:49.203Z"}
{level:"info", message:"Token verified successfully", timestamp:"2025-02-01T10:43:02.026Z"}
{level:"info", message:"Token verified successfully", timestamp:"2025-02-01T10:43:05.435Z"}
{level:"info", message:"Token verified successfully", timestamp:"2025-02-01T10:43:07.001Z"}
{level:"info", message:"Fetched single product", timestamp:"2025-02-01T10:43:07.068Z"}
{level:"info", message:"Token verified successfully", timestamp:"2025-02-01T10:43:07.158Z"}
{level:"info", message:"Token verified successfully", timestamp:"2025-02-01T10:43:07.166Z"}
{level:"info", message:"Fetched reviews for product", timestamp:"2025-02-01T10:43:07.168Z"}
{level:"info", message:"Token verified successfully", timestamp:"2025-02-01T10:43:14.516Z"}
{level:"info", message:"Token verified successfully", timestamp:"2025-02-01T10:43:21.138Z"}
{level:"info", message:"Token verified successfully", timestamp:"2025-02-01T10:43:23.910Z"}
{level:"info", message:"User logged in successfully", timestamp:"2025-02-01T10:43:38.269Z"}
{level:"info", message:"Token verified successfully", timestamp:"2025-02-01T10:43:44.838Z"}
{level:"info", message:"Token verified successfully", timestamp:"2025-02-01T10:43:52.925Z"}
{level:"info", message:"Token verified successfully", timestamp:"2025-02-01T10:43:53.049Z"}
{level:"info", message:"Token verified successfully", timestamp:"2025-02-01T10:45:04.247Z"}
{level:"info", message:"Token verified successfully", timestamp:"2025-02-01T10:45:08.733Z"}
{level:"info", message:"Token verified successfully", timestamp:"2025-02-01T10:45:09.071Z"}
{level:"info", message:"User logged in successfully", timestamp:"2025-02-01T10:45:09.393Z"}
{level:"info", message:"Fetched products with pagination", timestamp:"2025-02-01T10:45:24.086Z"}
{level:"info", message:"Fetched single product", timestamp:"2025-02-01T10:45:25.042Z"}
{level:"info", message:"Token verified successfully", timestamp:"2025-02-01T10:45:25.108Z"}
{level:"info", message:"Fetched reviews for product", timestamp:"2025-02-01T10:45:25.110Z"}
{level:"info", message:"Token verified successfully", timestamp:"2025-02-01T10:45:25.115Z"}
{level:"info", message:"Token verified successfully", timestamp:"2025-02-01T10:45:47.805Z"}
{level:"info", message:"Token verified successfully", timestamp:"2025-02-01T10:45:52.787Z"}
{level:"info", message:"Token verified successfully", timestamp:"2025-02-01T10:45:56.341Z"}
{level:"info", message:"Token verified successfully", timestamp:"2025-02-01T10:45:57.091Z"}
{level:"info", message:"Token verified successfully", timestamp:"2025-02-01T10:45:57.321Z"}
{level:"info", message:"Token verified successfully", timestamp:"2025-02-01T10:46:14.133Z"}
{level:"info", message:"Fetched single product", timestamp:"2025-02-01T10:46:14.205Z"}
{level:"info", message:"Token verified successfully", timestamp:"2025-02-01T10:46:14.635Z"}
{level:"info", message:"Fetched reviews for product", timestamp:"2025-02-01T10:46:14.638Z"}
{level:"info", message:"Token verified successfully", timestamp:"2025-02-01T10:46:14.644Z"}
{level:"info", message:"Token verified successfully", timestamp:"2025-02-01T10:46:17.606Z"}
{level:"info", message:"Token verified successfully", timestamp:"2025-02-01T10:46:17.771Z"}
{level:"info", message:"Token verified successfully", timestamp:"2025-02-01T10:46:18.793Z"}
{level:"info", message:"Fetched single product", timestamp:"2025-02-01T10:46:19.131Z"}
{level:"info", message:"Token verified successfully", timestamp:"2025-02-01T10:46:19.257Z"}
{level:"info", message:"Token verified successfully", timestamp:"2025-02-01T10:46:19.263Z"}
{level:"info", message:"Fetched reviews for product", timestamp:"2025-02-01T10:46:19.266Z"}
{level:"info", message:"Token verified successfully", timestamp:"2025-02-01T10:46:27.436Z"}
{level:"info", message:"Token verified successfully", timestamp:"2025-02-01T10:46:55.368Z"}
{level:"info", message:"Token verified successfully", timestamp:"2025-02-01T10:46:55.491Z"}
{level:"info", message:"Token verified successfully", timestamp:"2025-02-01T10:47:11.586Z"}
{level:"info", message:"Token verified successfully", timestamp:"2025-02-01T10:47:11.780Z"}
{level:"info", message:"User logged in successfully", timestamp:"2025-02-01T10:47:15.349Z"}
{level:"info", message:"Token verified successfully", timestamp:"2025-02-01T10:49:23.019Z"}
{level:"info", message:"Token verified successfully", timestamp:"2025-02-01T10:49:23.135Z"}
{level:"info", message:"User logged in successfully", timestamp:"2025-02-01T10:49:28.039Z"}
{level:"info", message:"Token verified successfully", timestamp:"2025-02-01T10:49:49.880Z"}
{level:"info", message:"Token verified successfully", timestamp:"2025-02-01T10:49:54.131Z"}
{level:"info", message:"Token verified successfully", timestamp:"2025-02-01T10:49:54.569Z"}
{level:"info", message:"User logged in successfully", timestamp:"2025-02-01T10:49:56.779Z"}
{level:"info", message:"User logged in successfully", timestamp:"2025-02-01T10:50:12.048Z"}
{level:"info", message:"Token verified successfully", timestamp:"2025-02-01T10:50:40.740Z"}
{level:"info", message:"Token verified successfully", timestamp:"2025-02-01T10:52:57.932Z"}
{level:"info", message:"Token verified successfully", timestamp:"2025-02-01T10:52:59.468Z"}
{level:"info", message:"Token verified successfully", timestamp:"2025-02-01T10:52:59.585Z"}
{level:"info", message:"Token verified successfully", timestamp:"2025-02-01T10:53:23.776Z"}
{level:"info", message:"Token verified successfully", timestamp:"2025-02-01T10:53:32.990Z"}
{level:"info", message:"Token verified successfully", timestamp:"2025-02-01T10:53:33.146Z"}
{level:"info", message:"User logged in successfully", timestamp:"2025-02-01T10:53:35.095Z"}
{level:"info", message:"Token verified successfully", timestamp:"2025-02-01T10:53:48.328Z"}
{level:"info", message:"Token verified successfully", timestamp:"2025-02-01T10:53:48.662Z"}
{level:"info", message:"Token verified successfully", timestamp:"2025-02-01T10:57:03.331Z"}
{level:"info", message:"Token verified successfully", timestamp:"2025-02-01T10:57:25.284Z"}
{level:"info", message:"Token verified successfully", timestamp:"2025-02-01T10:57:25.380Z"}
{level:"info", message:"User logged in successfully", timestamp:"2025-02-01T10:57:27.539Z"}
{level:"info", message:"User logged in successfully", timestamp:"2025-02-01T10:58:12.280Z"}
{level:"info", message:"Token verified successfully", timestamp:"2025-02-01T10:58:21.254Z"}
{level:"info", message:"Token verified successfully", timestamp:"2025-02-01T10:59:57.091Z"}
{level:"info", message:"Token verified successfully", timestamp:"2025-02-01T10:59:57.275Z"}
{level:"info", message:"User logged in successfully", timestamp:"2025-02-01T11:00:00.405Z"}
{level:"info", message:"Token verified successfully", timestamp:"2025-02-01T11:00:37.320Z"}
{level:"info", message:"Token verified successfully", timestamp:"2025-02-01T11:00:37.429Z"}
{level:"info", message:"User logged in successfully", timestamp:"2025-02-01T11:00:39.456Z"}
{level:"info", message:"Token verified successfully", timestamp:"2025-02-01T11:01:37.264Z"}
{level:"info", message:"Token verified successfully", timestamp:"2025-02-01T11:01:37.644Z"}
{level:"info", message:"User logged in successfully", timestamp:"2025-02-01T11:01:39.109Z"}
{level:"info", message:"Token verified successfully", timestamp:"2025-02-01T11:02:00.792Z"}
{level:"info", message:"Token verified successfully", timestamp:"2025-02-01T11:02:01.057Z"}
{level:"info", message:"Token verified successfully", timestamp:"2025-02-01T11:02:20.923Z"}
{level:"info", message:"Token verified successfully", timestamp:"2025-02-01T11:02:21.036Z"}
{level:"info", message:"Token verified successfully", timestamp:"2025-02-01T11:02:31.097Z"}
{level:"info", message:"Token verified successfully", timestamp:"2025-02-01T11:02:32.767Z"}
{level:"info", message:"Fetched orders for shop", timestamp:"2025-02-01T11:02:32.811Z"}
{level:"info", message:"Token verified successfully", timestamp:"2025-02-01T11:02:36.490Z"}
{level:"info", message:"Fetched orders for shop", timestamp:"2025-02-01T11:02:36.499Z"}
{level:"info", message:"Token verified successfully", timestamp:"2025-02-01T11:02:38.975Z"}
{level:"info", message:"Fetched orders for shop", timestamp:"2025-02-01T11:02:38.984Z"}
{level:"info", message:"Token verified successfully", timestamp:"2025-02-01T11:02:40.584Z"}
{level:"info", message:"Token verified successfully", timestamp:"2025-02-01T11:02:41.793Z"}
{level:"info", message:"Fetched orders for shop", timestamp:"2025-02-01T11:02:41.810Z"}
{level:"info", message:"Token verified successfully", timestamp:"2025-02-01T11:03:20.408Z"}
{level:"info", message:"User logged in successfully", timestamp:"2025-02-01T11:03:28.592Z"}
{level:"info", message:"Token verified successfully", timestamp:"2025-02-01T11:03:35.007Z"}
{level:"info", message:"Fetched products with pagination", timestamp:"2025-02-01T11:03:41.690Z"}
{level:"info", message:"Fetched single product", timestamp:"2025-02-01T11:03:44.563Z"}
{level:"info", message:"Token verified successfully", timestamp:"2025-02-01T11:03:44.776Z"}
{level:"info", message:"Token verified successfully", timestamp:"2025-02-01T11:03:44.793Z"}
{level:"info", message:"Fetched reviews for product", timestamp:"2025-02-01T11:03:44.797Z"}
{level:"info", message:"Token verified successfully", timestamp:"2025-02-01T11:03:48.391Z"}
{level:"info", message:"Token verified successfully", timestamp:"2025-02-01T11:03:48.410Z"}
{level:"info", message:"Token verified successfully", timestamp:"2025-02-01T11:04:06.225Z"}
{level:"info", message:"Fetched single product", timestamp:"2025-02-01T11:04:06.731Z"}
{level:"info", message:"Fetched reviews for product", timestamp:"2025-02-01T11:04:06.945Z"}
{level:"info", message:"Token verified successfully", timestamp:"2025-02-01T11:04:06.953Z"}
{level:"info", message:"Token verified successfully", timestamp:"2025-02-01T11:04:06.984Z"}
{level:"info", message:"User logged in successfully", timestamp:"2025-02-01T11:04:14.929Z"}
{level:"info", message:"User logged in successfully", timestamp:"2025-02-01T11:04:43.434Z"}
{level:"info", message:"User logged in successfully", timestamp:"2025-02-01T11:04:55.874Z"}
{level:"info", message:"Token verified successfully", timestamp:"2025-02-01T11:04:58.215Z"}
{level:"info", message:"Token verified successfully", timestamp:"2025-02-01T11:04:58.232Z"}
{level:"info", message:"Token verified successfully", timestamp:"2025-02-01T11:04:59.880Z"}
{level:"info", message:"Token verified successfully", timestamp:"2025-02-01T11:04:59.884Z"}
{level:"info", message:"Token verified successfully", timestamp:"2025-02-01T11:05:01.285Z"}
{level:"info", message:"Token verified successfully", timestamp:"2025-02-01T11:05:01.295Z"}
{level:"info", message:"Token verified successfully", timestamp:"2025-02-01T11:05:06.800Z"}
{level:"info", message:"Token verified successfully", timestamp:"2025-02-01T11:05:07.583Z"}
{level:"info", message:"Token verified successfully", timestamp:"2025-02-01T11:07:49.945Z"}
{level:"info", message:"Token verified successfully", timestamp:"2025-02-01T11:07:50.087Z"}
{level:"info", message:"User logged in successfully", timestamp:"2025-02-01T11:09:54.709Z"}
{level:"info", message:"Token verified successfully", timestamp:"2025-02-01T11:15:14.325Z"}
{level:"info", message:"Token verified successfully", timestamp:"2025-02-01T11:15:14.332Z"}
{level:"info", message:"Token verified successfully", timestamp:"2025-02-01T11:15:18.221Z"}
{level:"info", message:"Token verified successfully", timestamp:"2025-02-01T11:15:18.225Z"}
{level:"info", message:"Token verified successfully", timestamp:"2025-02-01T11:16:48.189Z"}
{level:"info", message:"Review fetched successfully", timestamp:"2025-02-01T11:16:49.546Z"}
{level:"info", message:"Token verified successfully", timestamp:"2025-02-01T11:16:50.722Z"}
{level:"info", message:"Review fetched successfully", timestamp:"2025-02-01T11:16:53.206Z"}
{level:"info", message:"Token verified successfully", timestamp:"2025-02-01T11:16:53.663Z"}
{level:"info", message:"Review fetched successfully", timestamp:"2025-02-01T11:16:54.700Z"}
{level:"info", message:"Token verified successfully", timestamp:"2025-02-01T11:17:04.195Z"}
{level:"info", message:"Fetched orders for shop", timestamp:"2025-02-01T11:17:04.204Z"}
{level:"info", message:"Token verified successfully", timestamp:"2025-02-01T11:17:16.614Z"}
{level:"info", message:"Token verified successfully", timestamp:"2025-02-01T11:17:19.681Z"}
{level:"info", message:"Order created", timestamp:"2025-02-01T11:17:19.709Z"}
{level:"info", message:"Review fetched successfully", timestamp:"2025-02-01T11:17:19.934Z"}
{level:"info", message:"Token verified successfully", timestamp:"2025-02-01T11:17:23.967Z"}
{level:"info", message:"Token verified successfully", timestamp:"2025-02-01T11:17:24.059Z"}
{level:"info", message:"Fetched orders for shop", timestamp:"2025-02-01T11:17:24.069Z"}
{level:"info", message:"Order updated successfully", timestamp:"2025-02-01T11:17:29.758Z"}
{level:"info", message:"Token verified successfully", timestamp:"2025-02-01T11:17:29.797Z"}
{level:"info", message:"Fetched orders for shop", timestamp:"2025-02-01T11:17:29.803Z"}
{level:"info", message:"Token verified successfully", timestamp:"2025-02-01T11:17:33.843Z"}
{level:"info", message:"Review fetched successfully", timestamp:"2025-02-01T11:17:33.992Z"}
{level:"info", message:"Token verified successfully", timestamp:"2025-02-01T11:17:39.155Z"}
{level:"info", message:"Token verified successfully", timestamp:"2025-02-01T11:17:39.240Z"}
{level:"info", message:"Fetched orders for shop", timestamp:"2025-02-01T11:17:39.249Z"}
{level:"info", message:"Token verified successfully", timestamp:"2025-02-01T11:17:42.053Z"}
{level:"info", message:"Review fetched successfully", timestamp:"2025-02-01T11:17:42.276Z"}
{level:"info", message:"Token verified successfully", timestamp:"2025-02-01T11:17:55.031Z"}
{level:"info", message:"Review fetched successfully", timestamp:"2025-02-01T11:17:55.240Z"}
{level:"info", message:"Order updated successfully", timestamp:"2025-02-01T11:18:16.948Z"}
{level:"info", message:"Token verified successfully", timestamp:"2025-02-01T11:18:16.983Z"}
{level:"info", message:"Fetched orders for shop", timestamp:"2025-02-01T11:18:16.988Z"}
{level:"info", message:"Token verified successfully", timestamp:"2025-02-01T11:18:18.959Z"}
{level:"info", message:"Review fetched successfully", timestamp:"2025-02-01T11:18:19.098Z"}
{level:"info", message:"Token verified successfully", timestamp:"2025-02-01T11:19:08.327Z"}
{level:"info", message:"Review fetched successfully", timestamp:"2025-02-01T11:19:08.605Z"}
{level:"info", message:"Fetched single product", timestamp:"2025-02-01T11:19:18.388Z"}
{level:"info", message:"Token verified successfully", timestamp:"2025-02-01T11:19:34.052Z"}
{level:"info", message:"Review created successfully", timestamp:"2025-02-01T11:19:38.390Z"}
{level:"info", message:"Fetched single product", timestamp:"2025-02-01T11:19:38.507Z"}
{level:"info", message:"Token verified successfully", timestamp:"2025-02-01T11:19:38.558Z"}
{level:"info", message:"Token verified successfully", timestamp:"2025-02-01T11:19:38.568Z"}
{level:"info", message:"Fetched reviews for product", timestamp:"2025-02-01T11:19:38.589Z"}
{level:"info", message:"Token verified successfully", timestamp:"2025-02-01T11:21:26.001Z"}
{level:"info", message:"Token verified successfully", timestamp:"2025-02-01T11:21:26.116Z"}
{level:"info", message:"Fetched orders for shop", timestamp:"2025-02-01T11:21:26.133Z"}
{level:"info", message:"Order updated successfully", timestamp:"2025-02-01T11:21:31.822Z"}
{level:"info", message:"Token verified successfully", timestamp:"2025-02-01T11:21:31.854Z"}
{level:"info", message:"Fetched orders for shop", timestamp:"2025-02-01T11:21:31.872Z"}
{level:"info", message:"Token verified successfully", timestamp:"2025-02-01T11:21:34.107Z"}
{level:"info", message:"Token verified successfully", timestamp:"2025-02-01T11:21:34.252Z"}
{level:"info", message:"Fetched orders for shop", timestamp:"2025-02-01T11:21:34.283Z"}
{level:"info", message:"Fetched single product", timestamp:"2025-02-01T11:21:49.689Z"}
{level:"info", message:"Token verified successfully", timestamp:"2025-02-01T11:22:03.548Z"}
{level:"warn", message:"User has already reviewed this product", timestamp:"2025-02-01T11:22:06.060Z"}
{level:"info", message:"Token verified successfully", timestamp:"2025-02-01T11:22:48.612Z"}
{level:"info", message:"Token verified successfully", timestamp:"2025-02-01T11:22:50.288Z"}
{level:"info", message:"Token verified successfully", timestamp:"2025-02-01T11:23:37.443Z"}
{level:"info", message:"Review fetched successfully", timestamp:"2025-02-01T11:23:38.999Z"}
{level:"info", message:"Token verified successfully", timestamp:"2025-02-01T11:23:41.824Z"}
{level:"info", message:"Fetched single product", timestamp:"2025-02-01T11:23:42.935Z"}
{level:"info", message:"Fetched products with pagination", timestamp:"2025-02-01T11:24:15.687Z"}
{level:"info", message:"Fetched single product", timestamp:"2025-02-01T11:24:19.383Z"}
{level:"info", message:"Token verified successfully", timestamp:"2025-02-01T11:24:19.470Z"}
{level:"info", message:"Token verified successfully", timestamp:"2025-02-01T11:24:19.475Z"}
{level:"info", message:"Fetched reviews for product", timestamp:"2025-02-01T11:24:19.478Z"}
{level:"info", message:"Token verified successfully", timestamp:"2025-02-01T11:24:57.246Z"}
{level:"info", message:"Token verified successfully", timestamp:"2025-02-01T11:24:57.415Z"}
{level:"info", message:"Fetched orders for shop", timestamp:"2025-02-01T11:24:57.422Z"}
{level:"info", message:"User logged in successfully", timestamp:"2025-02-01T11:25:12.548Z"}
{level:"info", message:"Token verified successfully", timestamp:"2025-02-01T11:25:32.964Z"}
{level:"info", message:"Token verified successfully", timestamp:"2025-02-01T11:25:32.971Z"}
{level:"info", message:"Token verified successfully", timestamp:"2025-02-01T11:25:35.879Z"}
{level:"info", message:"Token verified successfully", timestamp:"2025-02-01T11:25:35.883Z"}
{level:"info", message:"Token verified successfully", timestamp:"2025-02-01T11:29:30.246Z"}
{level:"info", message:"Token verified successfully", timestamp:"2025-02-01T11:29:35.145Z"}
{level:"info", message:"Fetched products with pagination", timestamp:"2025-02-01T11:33:25.700Z"}
{level:"info", message:"Fetched single product", timestamp:"2025-02-01T11:33:33.679Z"}
{level:"info", message:"Token verified successfully", timestamp:"2025-02-01T11:33:33.778Z"}
{level:"info", message:"Token verified successfully", timestamp:"2025-02-01T11:33:33.783Z"}
{level:"info", message:"Fetched reviews for product", timestamp:"2025-02-01T11:33:33.787Z"}
{level:"info", message:"Token verified successfully", timestamp:"2025-02-01T11:49:05.541Z"}
{level:"info", message:"Token verified successfully", timestamp:"2025-02-01T11:51:19.598Z"}
{level:"info", message:"Token verified successfully", timestamp:"2025-02-01T11:51:32.628Z"}
{level:"info", message:"User logged in successfully", timestamp:"2025-02-01T11:52:22.021Z"}
{level:"info", message:"Fetched products with pagination", timestamp:"2025-02-01T11:52:34.741Z"}
{level:"info", message:"Fetched products with pagination", timestamp:"2025-02-01T11:52:40.065Z"}
{level:"info", message:"Fetched single product", timestamp:"2025-02-01T11:52:42.585Z"}
{level:"info", message:"Token verified successfully", timestamp:"2025-02-01T11:52:42.667Z"}
{level:"info", message:"Token verified successfully", timestamp:"2025-02-01T11:52:42.673Z"}
{level:"info", message:"Fetched reviews for product", timestamp:"2025-02-01T11:52:42.678Z"}
{level:"info", message:"Token verified successfully", timestamp:"2025-02-01T11:52:53.251Z"}
{level:"info", message:"Token verified successfully", timestamp:"2025-02-01T11:52:53.321Z"}
{level:"info", message:"Token verified successfully", timestamp:"2025-02-01T11:52:59.655Z"}
{level:"info", message:"Token verified successfully", timestamp:"2025-02-01T11:53:01.354Z"}
{level:"info", message:"User logged in successfully", timestamp:"2025-02-01T11:53:14.629Z"}
{level:"info", message:"Token verified successfully", timestamp:"2025-02-01T11:53:24.592Z"}
{level:"info", message:"Token verified successfully", timestamp:"2025-02-01T11:53:24.602Z"}
{level:"info", message:"Token verified successfully", timestamp:"2025-02-01T11:53:29.522Z"}
{level:"info", message:"Fetched single product", timestamp:"2025-02-01T11:53:29.630Z"}
{level:"info", message:"Fetched reviews for product", timestamp:"2025-02-01T11:53:29.699Z"}
{level:"info", message:"Token verified successfully", timestamp:"2025-02-01T11:53:29.706Z"}
{level:"info", message:"Token verified successfully", timestamp:"2025-02-01T11:53:29.712Z"}
{level:"info", message:"Token verified successfully", timestamp:"2025-02-01T11:56:16.199Z"}
{level:"warn", message:"Token verification failed", timestamp:"2025-02-01T11:56:19.542Z"}
{level:"info", message:"Fetched single product", timestamp:"2025-02-01T11:56:19.608Z"}
{level:"info", message:"Fetched reviews for product", timestamp:"2025-02-01T11:56:19.673Z"}
{level:"info", message:"User logged in successfully", timestamp:"2025-02-01T11:56:24.413Z"}
{level:"info", message:"Fetched single product", timestamp:"2025-02-01T11:56:24.597Z"}
{level:"info", message:"Fetched reviews for product", timestamp:"2025-02-01T11:56:24.670Z"}
{level:"info", message:"Token verified successfully", timestamp:"2025-02-01T11:56:24.681Z"}
{level:"info", message:"Token verified successfully", timestamp:"2025-02-01T11:56:24.690Z"}
{level:"info", message:"Token verified successfully", timestamp:"2025-02-01T11:56:31.086Z"}
{level:"info", message:"Token verified successfully", timestamp:"2025-02-01T11:57:47.420Z"}
{level:"info", message:"Token verified successfully", timestamp:"2025-02-01T11:57:47.441Z"}
{level:"info", message:"Token verified successfully", timestamp:"2025-02-01T11:57:50.813Z"}
{level:"info", message:"Token verified successfully", timestamp:"2025-02-01T11:57:50.823Z"}
{level:"info", message:"Token verified successfully", timestamp:"2025-02-01T12:09:39.163Z"}
{level:"info", message:"Token verified successfully", timestamp:"2025-02-01T12:18:49.763Z"}
{level:"info", message:"Token verified successfully", timestamp:"2025-02-01T12:19:16.773Z"}
{level:"info", message:"Token verified successfully", timestamp:"2025-02-01T12:26:02.187Z"}
{level:"info", message:"Token verified successfully", timestamp:"2025-02-01T12:26:02.256Z"}
{level:"info", message:"Token verified successfully", timestamp:"2025-02-01T12:27:37.143Z"}
{level:"info", message:"Token verified successfully", timestamp:"2025-02-01T12:27:38.811Z"}
{level:"info", message:"Fetched orders for shop", timestamp:"2025-02-01T12:27:38.825Z"}
{level:"info", message:"Order updated successfully", timestamp:"2025-02-01T12:27:44.264Z"}
{level:"info", message:"Token verified successfully", timestamp:"2025-02-01T12:27:44.311Z"}
{level:"info", message:"Fetched orders for shop", timestamp:"2025-02-01T12:27:44.323Z"}
{level:"info", message:"Order updated successfully", timestamp:"2025-02-01T12:29:38.273Z"}
{level:"info", message:"Token verified successfully", timestamp:"2025-02-01T12:29:38.312Z"}
{level:"info", message:"Fetched orders for shop", timestamp:"2025-02-01T12:29:38.320Z"}
{level:"info", message:"Order updated successfully", timestamp:"2025-02-01T12:29:55.279Z"}
{level:"info", message:"Token verified successfully", timestamp:"2025-02-01T12:29:55.316Z"}
{level:"info", message:"Fetched orders for shop", timestamp:"2025-02-01T12:29:55.323Z"}
{level:"info", message:"Order updated successfully", timestamp:"2025-02-01T12:30:12.296Z"}
{level:"info", message:"Token verified successfully", timestamp:"2025-02-01T12:30:12.334Z"}
{level:"info", message:"Fetched orders for shop", timestamp:"2025-02-01T12:30:12.342Z"}
{level:"info", message:"Token verified successfully", timestamp:"2025-02-01T12:30:30.606Z"}
{level:"info", message:"Review fetched successfully", timestamp:"2025-02-01T12:30:31.868Z"}
{level:"info", message:"Fetched products with pagination", timestamp:"2025-02-01T12:30:51.398Z"}
{level:"info", message:"Fetched single product", timestamp:"2025-02-01T12:30:52.637Z"}
{level:"info", message:"Token verified successfully", timestamp:"2025-02-01T12:30:52.697Z"}
{level:"info", message:"Token verified successfully", timestamp:"2025-02-01T12:30:52.714Z"}
{level:"info", message:"Fetched reviews for product", timestamp:"2025-02-01T12:30:52.729Z"}
{level:"info", message:"Token verified successfully", timestamp:"2025-02-01T12:30:55.677Z"}
{level:"info", message:"Fetched orders for shop", timestamp:"2025-02-01T12:30:55.704Z"}
{level:"info", message:"Fetched products with pagination", timestamp:"2025-02-01T12:30:57.994Z"}
{level:"info", message:"Fetched single product", timestamp:"2025-02-01T12:30:59.414Z"}
{level:"info", message:"Token verified successfully", timestamp:"2025-02-01T12:30:59.479Z"}
{level:"info", message:"Token verified successfully", timestamp:"2025-02-01T12:30:59.486Z"}
{level:"info", message:"Fetched reviews for product", timestamp:"2025-02-01T12:30:59.489Z"}
{level:"info", message:"Token verified successfully", timestamp:"2025-02-01T12:31:03.976Z"}
{level:"info", message:"Token verified successfully", timestamp:"2025-02-01T12:31:06.508Z"}
{level:"info", message:"Order created", timestamp:"2025-02-01T12:31:06.524Z"}
{level:"info", message:"Review fetched successfully", timestamp:"2025-02-01T12:31:06.730Z"}
{level:"info", message:"Token verified successfully", timestamp:"2025-02-01T12:31:09.646Z"}
{level:"info", message:"Token verified successfully", timestamp:"2025-02-01T12:31:11.708Z"}
{level:"info", message:"Fetched orders for shop", timestamp:"2025-02-01T12:31:11.720Z"}
{level:"info", message:"Token verified successfully", timestamp:"2025-02-01T12:31:14.189Z"}
{level:"info", message:"Fetched orders for shop", timestamp:"2025-02-01T12:31:14.199Z"}
{level:"info", message:"Token verified successfully", timestamp:"2025-02-01T12:31:18.318Z"}
{level:"info", message:"Token verified successfully", timestamp:"2025-02-01T12:31:18.406Z"}
{level:"info", message:"Fetched orders for shop", timestamp:"2025-02-01T12:31:18.412Z"}
{level:"info", message:"Order updated successfully", timestamp:"2025-02-01T12:31:36.573Z"}
{level:"info", message:"Token verified successfully", timestamp:"2025-02-01T12:31:36.621Z"}
{level:"info", message:"Fetched orders for shop", timestamp:"2025-02-01T12:31:36.627Z"}
{level:"info", message:"Token verified successfully", timestamp:"2025-02-01T12:31:39.108Z"}
{level:"info", message:"Review fetched successfully", timestamp:"2025-02-01T12:31:39.256Z"}
{level:"info", message:"Token verified successfully", timestamp:"2025-02-01T12:33:25.760Z"}
{level:"info", message:"Token verified successfully", timestamp:"2025-02-01T12:33:25.902Z"}
{level:"info", message:"Fetched orders for shop", timestamp:"2025-02-01T12:33:25.955Z"}
{level:"info", message:"Token verified successfully", timestamp:"2025-02-01T12:33:44.345Z"}
{level:"info", message:"Token verified successfully", timestamp:"2025-02-01T12:33:44.444Z"}
{level:"info", message:"Fetched orders for shop", timestamp:"2025-02-01T12:33:44.466Z"}
{level:"info", message:"Token verified successfully", timestamp:"2025-02-01T12:33:46.716Z"}
{level:"info", message:"Fetched orders for shop", timestamp:"2025-02-01T12:33:46.740Z"}
{level:"info", message:"Token verified successfully", timestamp:"2025-02-01T12:35:35.793Z"}
{level:"info", message:"Fetched orders for shop", timestamp:"2025-02-01T12:35:35.844Z"}
{level:"info", message:"Token verified successfully", timestamp:"2025-02-01T12:35:37.323Z"}
{level:"info", message:"Token verified successfully", timestamp:"2025-02-01T12:35:38.717Z"}
{level:"info", message:"Fetched orders for shop", timestamp:"2025-02-01T12:35:38.797Z"}
{level:"info", message:"Token verified successfully", timestamp:"2025-02-01T12:35:41.198Z"}
{level:"info", message:"Fetched orders for shop", timestamp:"2025-02-01T12:35:41.205Z"}
{level:"info", message:"Token verified successfully", timestamp:"2025-02-01T12:35:45.040Z"}
{level:"info", message:"Fetched orders for shop", timestamp:"2025-02-01T12:35:45.051Z"}
{level:"info", message:"Token verified successfully", timestamp:"2025-02-01T12:35:46.718Z"}
{level:"info", message:"Fetched orders for shop", timestamp:"2025-02-01T12:35:46.735Z"}
{level:"info", message:"Token verified successfully", timestamp:"2025-02-01T12:35:48.235Z"}
{level:"info", message:"Fetched orders for shop", timestamp:"2025-02-01T12:35:48.246Z"}
{level:"info", message:"Fetched single product", timestamp:"2025-02-01T12:38:17.066Z"}
{level:"info", message:"Token verified successfully", timestamp:"2025-02-01T12:38:34.767Z"}
{level:"info", message:"Fetched single product", timestamp:"2025-02-01T12:38:34.848Z"}
{level:"info", message:"Fetched single product", timestamp:"2025-02-01T12:40:00.718Z"}
{level:"info", message:"Token verified successfully", timestamp:"2025-02-01T12:40:10.683Z"}
{level:"info", message:"Fetched single product", timestamp:"2025-02-01T12:40:11.486Z"}
{level:"info", message:"Fetched single product", timestamp:"2025-02-01T12:42:27.730Z"}
{level:"info", message:"Fetched single product", timestamp:"2025-02-01T12:43:09.708Z"}
{level:"info", message:"Fetched single product", timestamp:"2025-02-01T12:44:14.705Z"}
{level:"info", message:"Fetched single product", timestamp:"2025-02-01T12:44:29.777Z"}
{level:"info", message:"Fetched single product", timestamp:"2025-02-01T12:44:49.723Z"}
{level:"info", message:"Fetched single product", timestamp:"2025-02-01T12:44:52.984Z"}
{level:"info", message:"Fetched single product", timestamp:"2025-02-01T12:44:57.684Z"}
{level:"info", message:"Fetched single product", timestamp:"2025-02-01T12:45:26.711Z"}
{level:"info", message:"Fetched single product", timestamp:"2025-02-01T12:46:50.856Z"}
{level:"info", message:"Fetched single product", timestamp:"2025-02-01T12:49:05.818Z"}
{level:"info", message:"Fetched single product", timestamp:"2025-02-01T12:55:08.724Z"}
{level:"info", message:"Fetched single product", timestamp:"2025-02-01T12:55:46.716Z"}
{level:"info", message:"Fetched single product", timestamp:"2025-02-01T12:55:47.746Z"}
{level:"info", message:"Token verified successfully", timestamp:"2025-02-01T12:55:50.679Z"}
{level:"info", message:"Fetched single product", timestamp:"2025-02-01T12:55:50.755Z"}
{level:"info", message:"Token verified successfully", timestamp:"2025-02-01T12:56:08.657Z"}
{level:"info", message:"Review created successfully", timestamp:"2025-02-01T12:56:10.898Z"}
{level:"info", message:"Fetched single product", timestamp:"2025-02-01T12:56:11.009Z"}
{level:"info", message:"Token verified successfully", timestamp:"2025-02-01T12:56:11.100Z"}
{level:"info", message:"Token verified successfully", timestamp:"2025-02-01T12:56:11.105Z"}
{level:"info", message:"Fetched reviews for product", timestamp:"2025-02-01T12:56:11.110Z"}
{level:"info", message:"Fetched single product", timestamp:"2025-02-01T12:56:16.529Z"}
{level:"info", message:"Fetched single product", timestamp:"2025-02-01T12:56:50.710Z"}
{level:"info", message:"Token verified successfully", timestamp:"2025-02-01T12:57:09.357Z"}
{level:"warn", message:"User has already reviewed this product", timestamp:"2025-02-01T12:57:11.432Z"}
{level:"info", message:"Fetched single product", timestamp:"2025-02-01T12:57:54.682Z"}
{level:"info", message:"Token verified successfully", timestamp:"2025-02-01T12:57:56.935Z"}
{level:"info", message:"Fetched single product", timestamp:"2025-02-01T12:57:57.008Z"}
{level:"info", message:"Fetched single product", timestamp:"2025-02-01T12:58:14.455Z"}
{level:"info", message:"Fetched single product", timestamp:"2025-02-01T12:59:01.718Z"}
{level:"info", message:"Token verified successfully", timestamp:"2025-02-01T12:59:18.317Z"}
{level:"warn", message:"User has already reviewed this product", timestamp:"2025-02-01T12:59:20.078Z"}
{level:"info", message:"Token verified successfully", timestamp:"2025-02-01T13:00:28.018Z"}
{level:"info", message:"Token verified successfully", timestamp:"2025-02-01T13:00:32.819Z"}
{level:"info", message:"Token verified successfully", timestamp:"2025-02-01T13:00:35.104Z"}
{level:"info", message:"Token verified successfully", timestamp:"2025-02-01T13:00:40.700Z"}
{level:"warn", message:"User has already reviewed this product", timestamp:"2025-02-01T13:00:41.683Z"}
{level:"info", message:"Fetched single product", timestamp:"2025-02-01T13:02:49.870Z"}
{level:"info", message:"Token verified successfully", timestamp:"2025-02-01T13:02:52.236Z"}
{level:"warn", message:"User has already reviewed this product", timestamp:"2025-02-01T13:02:54.194Z"}
{level:"info", message:"Token verified successfully", timestamp:"2025-02-01T13:02:57.394Z"}
{level:"warn", message:"User has already reviewed this product", timestamp:"2025-02-01T13:02:58.354Z"}
{level:"info", message:"Token verified successfully", timestamp:"2025-02-01T13:03:01.253Z"}
{level:"info", message:"Token verified successfully", timestamp:"2025-02-01T13:03:11.344Z"}
{level:"warn", message:"User has already reviewed this product", timestamp:"2025-02-01T13:03:13.023Z"}
{level:"info", message:"Token verified successfully", timestamp:"2025-02-01T13:03:16.978Z"}
{level:"info", message:"Fetched single product", timestamp:"2025-02-01T13:03:17.153Z"}
{level:"info", message:"Token verified successfully", timestamp:"2025-02-01T13:03:31.937Z"}
{level:"info", message:"Fetched single product", timestamp:"2025-02-01T13:04:05.708Z"}
{level:"info", message:"Token verified successfully", timestamp:"2025-02-01T13:04:08.327Z"}
{level:"info", message:"Fetched single product", timestamp:"2025-02-01T13:04:08.463Z"}
{level:"info", message:"Token verified successfully", timestamp:"2025-02-01T13:04:38.451Z"}
{level:"warn", message:"User has already reviewed this product", timestamp:"2025-02-01T13:04:40.274Z"}
{level:"info", message:"Fetched single product", timestamp:"2025-02-01T13:05:00.703Z"}
{level:"info", message:"Fetched single product", timestamp:"2025-02-01T13:05:02.469Z"}
{level:"info", message:"Token verified successfully", timestamp:"2025-02-01T13:05:03.975Z"}
{level:"warn", message:"User has already reviewed this product", timestamp:"2025-02-01T13:05:06.079Z"}
{level:"info", message:"Fetched products with pagination", timestamp:"2025-02-01T13:06:17.959Z"}
{level:"info", message:"Fetched single product", timestamp:"2025-02-01T13:06:19.035Z"}
{level:"info", message:"Token verified successfully", timestamp:"2025-02-01T13:06:19.104Z"}
{level:"info", message:"Token verified successfully", timestamp:"2025-02-01T13:06:19.111Z"}
{level:"info", message:"Fetched reviews for product", timestamp:"2025-02-01T13:06:19.118Z"}
{level:"info", message:"Token verified successfully", timestamp:"2025-02-01T13:06:52.561Z"}
{level:"info", message:"Fetched single product", timestamp:"2025-02-01T13:06:52.719Z"}
{level:"info", message:"Fetched reviews for product", timestamp:"2025-02-01T13:06:52.789Z"}
{level:"info", message:"Token verified successfully", timestamp:"2025-02-01T13:06:52.799Z"}
{level:"info", message:"Token verified successfully", timestamp:"2025-02-01T13:06:52.844Z"}
{level:"info", message:"Token verified successfully", timestamp:"2025-02-01T13:07:05.801Z"}
{level:"info", message:"Fetched single product", timestamp:"2025-02-01T13:07:05.917Z"}
{level:"info", message:"Token verified successfully", timestamp:"2025-02-01T13:07:06.046Z"}
{level:"info", message:"Fetched reviews for product", timestamp:"2025-02-01T13:07:06.052Z"}
{level:"info", message:"Token verified successfully", timestamp:"2025-02-01T13:07:06.058Z"}
{level:"info", message:"Token verified successfully", timestamp:"2025-02-01T13:08:48.770Z"}
{level:"info", message:"Fetched single product", timestamp:"2025-02-01T13:08:48.878Z"}
{level:"info", message:"Fetched reviews for product", timestamp:"2025-02-01T13:08:48.922Z"}
{level:"info", message:"Token verified successfully", timestamp:"2025-02-01T13:08:48.934Z"}
{level:"info", message:"Token verified successfully", timestamp:"2025-02-01T13:08:48.942Z"}
{level:"info", message:"Token verified successfully", timestamp:"2025-02-01T13:09:00.054Z"}
{level:"info", message:"Fetched single product", timestamp:"2025-02-01T13:09:00.206Z"}
{level:"info", message:"Token verified successfully", timestamp:"2025-02-01T13:09:00.261Z"}
{level:"info", message:"Token verified successfully", timestamp:"2025-02-01T13:09:00.271Z"}
{level:"info", message:"Fetched reviews for product", timestamp:"2025-02-01T13:09:00.275Z"}
{level:"info", message:"Token verified successfully", timestamp:"2025-02-01T13:09:56.095Z"}
{level:"info", message:"Fetched single product", timestamp:"2025-02-01T13:09:56.190Z"}
{level:"info", message:"Token verified successfully", timestamp:"2025-02-01T13:09:56.285Z"}
{level:"info", message:"Token verified successfully", timestamp:"2025-02-01T13:09:56.289Z"}
{level:"info", message:"Fetched reviews for product", timestamp:"2025-02-01T13:09:56.297Z"}
{level:"info", message:"Fetched products with pagination", timestamp:"2025-02-01T13:10:13.534Z"}
{level:"info", message:"Fetched single product", timestamp:"2025-02-01T13:10:15.467Z"}
{level:"info", message:"Fetched single product", timestamp:"2025-02-01T13:10:45.725Z"}
{level:"info", message:"Token verified successfully", timestamp:"2025-02-01T13:10:55.350Z"}
{level:"info", message:"Fetched single product", timestamp:"2025-02-01T13:10:55.450Z"}
{level:"info", message:"Token verified successfully", timestamp:"2025-02-01T13:11:00.565Z"}
{level:"info", message:"Fetched single product", timestamp:"2025-02-01T13:11:00.648Z"}
{level:"info", message:"Token verified successfully", timestamp:"2025-02-01T13:11:05.427Z"}
{level:"info", message:"Fetched single product", timestamp:"2025-02-01T13:11:05.548Z"}
{level:"info", message:"Fetched single product", timestamp:"2025-02-01T13:11:13.588Z"}
{level:"info", message:"Token verified successfully", timestamp:"2025-02-01T13:11:15.574Z"}
{level:"info", message:"Fetched single product", timestamp:"2025-02-01T13:11:15.660Z"}
{level:"info", message:"Fetched products with pagination", timestamp:"2025-02-01T13:11:23.764Z"}
{level:"info", message:"Fetched single product", timestamp:"2025-02-01T13:11:25.017Z"}
{level:"info", message:"Token verified successfully", timestamp:"2025-02-01T13:11:25.064Z"}
{level:"info", message:"Fetched reviews for product", timestamp:"2025-02-01T13:11:25.067Z"}
{level:"info", message:"Token verified successfully", timestamp:"2025-02-01T13:11:25.075Z"}
{level:"info", message:"Fetched reviews for product", timestamp:"2025-02-01T13:13:15.938Z"}
{level:"info", message:"Fetched reviews for product", timestamp:"2025-02-01T13:13:24.760Z"}
{level:"info", message:"Token verified successfully", timestamp:"2025-02-01T13:13:36.456Z"}
{level:"info", message:"Fetched single product", timestamp:"2025-02-01T13:13:36.646Z"}
{level:"info", message:"Token verified successfully", timestamp:"2025-02-01T13:13:36.759Z"}
{level:"info", message:"Token verified successfully", timestamp:"2025-02-01T13:13:36.765Z"}
{level:"info", message:"Fetched reviews for product", timestamp:"2025-02-01T13:13:36.773Z"}
{level:"info", message:"Fetched reviews for product", timestamp:"2025-02-01T13:14:14.871Z"}
{level:"info", message:"Fetched reviews for product", timestamp:"2025-02-01T13:14:30.841Z"}
{level:"info", message:"Fetched reviews for product", timestamp:"2025-02-01T13:14:42.351Z"}
{level:"info", message:"Fetched reviews for product", timestamp:"2025-02-01T13:14:49.739Z"}
{level:"info", message:"Fetched reviews for product", timestamp:"2025-02-01T13:14:53.282Z"}
{level:"info", message:"Fetched reviews for product", timestamp:"2025-02-01T13:14:59.711Z"}
{level:"info", message:"Fetched reviews for product", timestamp:"2025-02-01T13:15:11.724Z"}
{level:"info", message:"Fetched products with pagination", timestamp:"2025-02-01T13:15:49.303Z"}
{level:"info", message:"Fetched single product", timestamp:"2025-02-01T13:15:50.315Z"}
{level:"info", message:"Fetched single product", timestamp:"2025-02-01T13:15:58.735Z"}
{level:"info", message:"Token verified successfully", timestamp:"2025-02-01T13:16:01.588Z"}
{level:"info", message:"Fetched single product", timestamp:"2025-02-01T13:16:01.714Z"}
{level:"info", message:"Fetched single product", timestamp:"2025-02-01T13:16:16.712Z"}
{level:"info", message:"Fetched single product", timestamp:"2025-02-01T13:16:20.501Z"}
{level:"info", message:"Fetched single product", timestamp:"2025-02-01T13:16:34.703Z"}
{level:"info", message:"Fetched single product", timestamp:"2025-02-01T13:17:07.700Z"}
{level:"info", message:"Fetched single product", timestamp:"2025-02-01T13:17:16.711Z"}
{level:"info", message:"Fetched products with pagination", timestamp:"2025-02-01T13:17:28.972Z"}
{level:"info", message:"Fetched single product", timestamp:"2025-02-01T13:17:29.942Z"}
{level:"info", message:"Token verified successfully", timestamp:"2025-02-01T13:17:29.988Z"}
{level:"info", message:"Fetched reviews for product", timestamp:"2025-02-01T13:17:29.990Z"}
{level:"info", message:"Token verified successfully", timestamp:"2025-02-01T13:17:29.996Z"}
