{level:"warn", message:"Token verification failed", timestamp:"2024-11-13T03:58:01.264Z"}
{level:"warn", message:"Token verification failed", timestamp:"2024-11-13T03:59:38.908Z"}
{level:"info", message:"User logged in successfully", timestamp:"2024-11-13T03:59:42.580Z"}
{level:"info", message:"Token verified successfully", timestamp:"2024-11-13T03:59:46.769Z"}
{level:"info", message:"Token verified successfully", timestamp:"2024-11-13T03:59:53.309Z"}
{level:"info", message:"Token verified successfully", timestamp:"2024-11-13T04:00:17.947Z"}
{level:"info", message:"Review fetched successfully", timestamp:"2024-11-13T04:00:23.119Z"}
{level:"info", message:"Review fetched successfully", timestamp:"2024-11-13T04:00:25.088Z"}
{level:"info", message:"Review fetched successfully", timestamp:"2024-11-13T04:00:28.759Z"}
{level:"info", message:"Token verified successfully", timestamp:"2024-11-13T04:00:31.999Z"}
{level:"info", message:"Token verified successfully", timestamp:"2024-11-13T04:01:38.044Z"}
{level:"info", message:"Token verified successfully", timestamp:"2024-11-13T04:01:41.117Z"}
{level:"info", message:"Token verified successfully", timestamp:"2024-11-13T04:01:45.256Z"}
{level:"info", message:"Token verified successfully", timestamp:"2024-11-13T04:02:36.256Z"}
{level:"info", message:"Token verified successfully", timestamp:"2024-11-13T04:02:41.618Z"}
{level:"info", message:"Token verified successfully", timestamp:"2024-11-13T04:03:07.605Z"}
{level:"info", message:"Token verified successfully", timestamp:"2024-11-13T04:12:05.857Z"}
{level:"info", message:"Token verified successfully", timestamp:"2024-11-13T04:12:15.873Z"}
{level:"info", message:"Token verified successfully", timestamp:"2024-11-13T04:13:34.883Z"}
{level:"info", message:"Token verified successfully", timestamp:"2024-11-13T04:13:42.242Z"}
{level:"info", message:"Token verified successfully", timestamp:"2024-11-13T04:13:45.372Z"}
{level:"info", message:"Token verified successfully", timestamp:"2024-11-13T04:13:48.504Z"}
{level:"info", message:"User logged in successfully", timestamp:"2024-11-13T04:14:07.897Z"}
{level:"info", message:"Token verified successfully", timestamp:"2024-11-13T04:14:12.488Z"}
{level:"info", message:"Token verified successfully", timestamp:"2024-11-13T04:14:19.329Z"}
{level:"info", message:"Token verified successfully", timestamp:"2024-11-13T04:14:28.366Z"}
{level:"info", message:"Token verified successfully", timestamp:"2024-11-13T04:14:33.091Z"}
{level:"info", message:"Token verified successfully", timestamp:"2024-11-13T04:14:37.932Z"}
{level:"info", message:"Token verified successfully", timestamp:"2024-11-13T04:15:12.263Z"}
{level:"info", message:"Token verified successfully", timestamp:"2024-11-13T04:15:24.186Z"}
{level:"info", message:"Review fetched successfully", timestamp:"2024-11-13T04:15:25.625Z"}
{level:"info", message:"Token verified successfully", timestamp:"2024-11-13T04:15:28.953Z"}
{level:"info", message:"Review fetched successfully", timestamp:"2024-11-13T04:15:29.235Z"}
{level:"info", message:"Token verified successfully", timestamp:"2024-11-13T04:15:32.358Z"}
{level:"info", message:"Review fetched successfully", timestamp:"2024-11-13T04:15:32.581Z"}
{level:"info", message:"Token verified successfully", timestamp:"2024-11-13T04:15:35.412Z"}
{level:"info", message:"Token verified successfully", timestamp:"2024-11-13T04:16:09.864Z"}
{level:"info", message:"Token verified successfully", timestamp:"2024-11-13T04:16:14.417Z"}
{level:"info", message:"Token verified successfully", timestamp:"2024-11-13T04:16:17.718Z"}
{level:"info", message:"User logged in successfully", timestamp:"2024-11-13T04:18:52.614Z"}
{level:"info", message:"Token verified successfully", timestamp:"2024-11-13T04:18:59.603Z"}
{level:"info", message:"Token verified successfully", timestamp:"2024-11-13T04:21:50.412Z"}
{level:"info", message:"Token verified successfully", timestamp:"2024-11-13T04:21:56.867Z"}
{level:"info", message:"Token verified successfully", timestamp:"2024-11-13T04:22:09.871Z"}
{level:"info", message:"Token verified successfully", timestamp:"2024-11-13T04:22:13.889Z"}
{level:"info", message:"Token verified successfully", timestamp:"2024-11-13T04:22:39.119Z"}
{level:"info", message:"Token verified successfully", timestamp:"2024-11-13T04:22:44.641Z"}
{level:"info", message:"Token verified successfully", timestamp:"2024-11-13T04:23:37.233Z"}
{level:"info", message:"Token verified successfully", timestamp:"2024-11-13T04:23:45.925Z"}
{level:"info", message:"Token verified successfully", timestamp:"2024-11-13T04:24:03.857Z"}
{level:"info", message:"Token verified successfully", timestamp:"2024-11-13T04:24:15.857Z"}
{level:"info", message:"Token verified successfully", timestamp:"2024-11-13T04:24:28.889Z"}
{level:"info", message:"Token verified successfully", timestamp:"2024-11-13T04:24:35.319Z"}
{level:"info", message:"Token verified successfully", timestamp:"2024-11-13T04:24:38.175Z"}
{level:"info", message:"Token verified successfully", timestamp:"2024-11-13T04:25:50.891Z"}
{level:"info", message:"Token verified successfully", timestamp:"2024-11-13T04:25:58.800Z"}
{level:"info", message:"Token verified successfully", timestamp:"2024-11-13T04:26:06.862Z"}
{level:"info", message:"User logged in successfully", timestamp:"2024-11-13T11:50:27.108Z"}
{level:"info", message:"Token verified successfully", timestamp:"2024-11-13T11:50:36.962Z"}
{level:"info", message:"Token verified successfully", timestamp:"2024-11-13T11:50:43.836Z"}
{level:"info", message:"Review fetched successfully", timestamp:"2024-11-13T12:06:21.496Z"}
{level:"info", message:"Review fetched successfully", timestamp:"2024-11-13T12:13:20.482Z"}
{level:"info", message:"Token verified successfully", timestamp:"2024-11-13T12:13:59.091Z"}
{level:"info", message:"Token verified successfully", timestamp:"2024-11-13T12:14:01.114Z"}
{level:"info", message:"Token verified successfully", timestamp:"2024-11-13T12:40:26.439Z"}
{level:"info", message:"Token verified successfully", timestamp:"2024-11-13T12:40:29.009Z"}
{level:"info", message:"User logged in successfully", timestamp:"2024-11-13T12:47:21.348Z"}
{level:"info", message:"Token verified successfully", timestamp:"2024-11-13T12:47:24.146Z"}
{level:"info", message:"Token verified successfully", timestamp:"2024-11-13T12:47:28.552Z"}
{level:"info", message:"Review fetched successfully", timestamp:"2024-11-13T12:47:30.356Z"}
{level:"info", message:"Review fetched successfully", timestamp:"2024-11-13T12:47:31.679Z"}
{level:"info", message:"Token verified successfully", timestamp:"2024-11-13T12:47:34.908Z"}
{level:"info", message:"Review fetched successfully", timestamp:"2024-11-13T12:47:40.329Z"}
{level:"info", message:"Fetched products with pagination", timestamp:"2024-11-13T12:48:44.720Z"}
{level:"info", message:"Fetched products with pagination", timestamp:"2024-11-13T12:48:50.863Z"}
{level:"info", message:"Fetched products with pagination", timestamp:"2024-11-13T12:48:56.001Z"}
{level:"info", message:"Fetched products with pagination", timestamp:"2024-11-13T12:49:00.320Z"}
{level:"info", message:"Fetched products with pagination", timestamp:"2024-11-13T12:49:03.875Z"}
{level:"info", message:"Fetched single product", timestamp:"2024-11-13T12:49:05.715Z"}
{level:"info", message:"Fetched reviews for product", timestamp:"2024-11-13T12:49:05.771Z"}
{level:"info", message:"Fetched products with pagination", timestamp:"2024-11-13T12:49:07.499Z"}
{level:"info", message:"Fetched single product", timestamp:"2024-11-13T12:49:11.135Z"}
{level:"info", message:"Fetched reviews for product", timestamp:"2024-11-13T12:49:11.160Z"}
{level:"info", message:"Review fetched successfully", timestamp:"2024-11-13T12:50:38.356Z"}
{level:"info", message:"Review fetched successfully", timestamp:"2024-11-13T12:50:49.573Z"}
{level:"info", message:"Review fetched successfully", timestamp:"2024-11-13T12:50:51.229Z"}
{level:"info", message:"Review fetched successfully", timestamp:"2024-11-13T12:50:54.673Z"}
{level:"info", message:"Review fetched successfully", timestamp:"2024-11-13T12:54:36.470Z"}
{level:"info", message:"Fetched products with pagination", timestamp:"2024-11-13T12:54:42.723Z"}
{level:"info", message:"Fetched single product", timestamp:"2024-11-13T12:54:44.480Z"}
{level:"info", message:"Fetched reviews for product", timestamp:"2024-11-13T12:54:44.533Z"}
{level:"info", message:"Token verified successfully", timestamp:"2024-11-13T12:55:33.706Z"}
{level:"info", message:"Fetched single product", timestamp:"2024-11-13T12:55:33.756Z"}
{level:"info", message:"Fetched reviews for product", timestamp:"2024-11-13T12:55:33.809Z"}
{level:"info", message:"Token verified successfully", timestamp:"2024-11-13T12:55:38.078Z"}
{level:"info", message:"Fetched single product", timestamp:"2024-11-13T12:55:38.195Z"}
{level:"info", message:"Fetched reviews for product", timestamp:"2024-11-13T12:55:38.285Z"}
{level:"info", message:"Token verified successfully", timestamp:"2024-11-13T12:55:56.166Z"}
{level:"info", message:"Fetched single product", timestamp:"2024-11-13T12:55:56.236Z"}
{level:"info", message:"Fetched reviews for product", timestamp:"2024-11-13T12:55:56.337Z"}
{level:"info", message:"Token verified successfully", timestamp:"2024-11-13T12:56:02.799Z"}
{level:"info", message:"Fetched single product", timestamp:"2024-11-13T12:56:02.905Z"}
{level:"info", message:"Fetched reviews for product", timestamp:"2024-11-13T12:56:02.992Z"}
{level:"info", message:"Fetched reviews for product", timestamp:"2024-11-13T12:56:58.725Z"}
{level:"info", message:"Token verified successfully", timestamp:"2024-11-13T12:58:04.863Z"}
{level:"info", message:"Fetched single product", timestamp:"2024-11-13T12:58:05.444Z"}
{level:"info", message:"Fetched reviews for product", timestamp:"2024-11-13T12:58:05.496Z"}
{level:"info", message:"Token verified successfully", timestamp:"2024-11-13T12:59:44.975Z"}
{level:"info", message:"Fetched single product", timestamp:"2024-11-13T12:59:45.103Z"}
{level:"info", message:"Fetched reviews for product", timestamp:"2024-11-13T12:59:45.205Z"}
