{level:"info", message:"Token verified successfully", timestamp:"2025-01-25T08:52:24.508Z"}
{level:"info", message:"Review fetched successfully", timestamp:"2025-01-25T08:53:22.591Z"}
{level:"info", message:"Review fetched successfully", timestamp:"2025-01-25T08:53:24.456Z"}
{level:"info", message:"Token verified successfully", timestamp:"2025-01-25T08:54:24.872Z"}
{level:"info", message:"Review fetched successfully", timestamp:"2025-01-25T08:54:25.062Z"}
{level:"info", message:"Token verified successfully", timestamp:"2025-01-25T08:57:45.933Z"}
{level:"info", message:"Token verified successfully", timestamp:"2025-01-25T08:57:59.017Z"}
{level:"info", message:"Review fetched successfully", timestamp:"2025-01-25T08:59:09.268Z"}
{level:"info", message:"Review fetched successfully", timestamp:"2025-01-25T08:59:46.641Z"}
{level:"info", message:"Review fetched successfully", timestamp:"2025-01-25T08:59:48.485Z"}
{level:"info", message:"Token verified successfully", timestamp:"2025-01-25T09:01:24.110Z"}
{level:"info", message:"Review fetched successfully", timestamp:"2025-01-25T09:01:58.324Z"}
{level:"info", message:"Review fetched successfully", timestamp:"2025-01-25T09:02:07.872Z"}
{level:"info", message:"Review fetched successfully", timestamp:"2025-01-25T09:02:10.101Z"}
{level:"info", message:"Review fetched successfully", timestamp:"2025-01-25T09:02:14.972Z"}
{level:"info", message:"Review fetched successfully", timestamp:"2025-01-25T09:02:41.055Z"}
{level:"info", message:"Token verified successfully", timestamp:"2025-01-25T09:02:47.700Z"}
{level:"info", message:"Review fetched successfully", timestamp:"2025-01-25T09:02:48.948Z"}
{level:"info", message:"Token verified successfully", timestamp:"2025-01-25T09:03:07.014Z"}
{level:"info", message:"Token verified successfully", timestamp:"2025-01-25T09:03:10.193Z"}
{level:"info", message:"Review fetched successfully", timestamp:"2025-01-25T09:06:43.673Z"}
{level:"info", message:"Review fetched successfully", timestamp:"2025-01-25T09:06:45.712Z"}
{level:"info", message:"Token verified successfully", timestamp:"2025-01-25T09:06:53.548Z"}
{level:"info", message:"Review fetched successfully", timestamp:"2025-01-25T09:06:53.649Z"}
{level:"info", message:"Token verified successfully", timestamp:"2025-01-25T09:11:15.264Z"}
{level:"info", message:"Review fetched successfully", timestamp:"2025-01-25T09:11:15.381Z"}
{level:"info", message:"Review fetched successfully", timestamp:"2025-01-25T09:11:15.423Z"}
{level:"info", message:"Review fetched successfully", timestamp:"2025-01-25T09:11:22.038Z"}
{level:"info", message:"Review fetched successfully", timestamp:"2025-01-25T09:11:24.060Z"}
{level:"info", message:"Review fetched successfully", timestamp:"2025-01-25T09:11:41.480Z"}
{level:"info", message:"Token verified successfully", timestamp:"2025-01-25T09:12:47.162Z"}
{level:"info", message:"Review fetched successfully", timestamp:"2025-01-25T09:12:47.629Z"}
{level:"info", message:"Review fetched successfully", timestamp:"2025-01-25T09:14:06.786Z"}
{level:"info", message:"Token verified successfully", timestamp:"2025-01-25T09:14:10.277Z"}
{level:"info", message:"Review fetched successfully", timestamp:"2025-01-25T09:14:10.450Z"}
{level:"info", message:"Review fetched successfully", timestamp:"2025-01-25T09:14:31.037Z"}
{level:"info", message:"Review fetched successfully", timestamp:"2025-01-25T09:14:38.788Z"}
{level:"info", message:"Review fetched successfully", timestamp:"2025-01-25T09:14:44.847Z"}
{level:"info", message:"Token verified successfully", timestamp:"2025-01-25T09:17:19.063Z"}
{level:"info", message:"Review fetched successfully", timestamp:"2025-01-25T09:17:19.247Z"}
{level:"info", message:"Review fetched successfully", timestamp:"2025-01-25T09:18:32.925Z"}
{level:"info", message:"Review fetched successfully", timestamp:"2025-01-25T09:18:44.340Z"}
{level:"info", message:"Review fetched successfully", timestamp:"2025-01-25T09:18:57.942Z"}
{level:"info", message:"Review fetched successfully", timestamp:"2025-01-25T09:19:21.825Z"}
{level:"info", message:"Review fetched successfully", timestamp:"2025-01-25T09:19:27.952Z"}
{level:"info", message:"Review fetched successfully", timestamp:"2025-01-25T09:19:58.023Z"}
{level:"info", message:"Review fetched successfully", timestamp:"2025-01-25T09:20:19.163Z"}
{level:"info", message:"Review fetched successfully", timestamp:"2025-01-25T09:20:33.788Z"}
{level:"info", message:"Token verified successfully", timestamp:"2025-01-25T09:21:00.818Z"}
{level:"info", message:"Review fetched successfully", timestamp:"2025-01-25T09:21:00.829Z"}
{level:"info", message:"Review fetched successfully", timestamp:"2025-01-25T09:21:00.865Z"}
{level:"info", message:"Review fetched successfully", timestamp:"2025-01-25T09:21:42.166Z"}
{level:"info", message:"Review fetched successfully", timestamp:"2025-01-25T09:21:56.832Z"}
{level:"info", message:"Review fetched successfully", timestamp:"2025-01-25T09:22:05.809Z"}
{level:"info", message:"Review fetched successfully", timestamp:"2025-01-25T09:22:15.421Z"}
{level:"info", message:"Review fetched successfully", timestamp:"2025-01-25T09:22:25.099Z"}
{level:"info", message:"Token verified successfully", timestamp:"2025-01-25T09:22:29.511Z"}
{level:"info", message:"Review fetched successfully", timestamp:"2025-01-25T09:22:30.560Z"}
{level:"info", message:"Review fetched successfully", timestamp:"2025-01-25T09:22:45.805Z"}
{level:"info", message:"Review fetched successfully", timestamp:"2025-01-25T09:22:56.939Z"}
{level:"info", message:"Token verified successfully", timestamp:"2025-01-25T09:23:02.728Z"}
{level:"info", message:"Review fetched successfully", timestamp:"2025-01-25T09:23:03.087Z"}
{level:"info", message:"Token verified successfully", timestamp:"2025-01-25T09:23:17.287Z"}
{level:"info", message:"Review fetched successfully", timestamp:"2025-01-25T09:23:17.586Z"}
{level:"info", message:"Review fetched successfully", timestamp:"2025-01-25T09:23:32.247Z"}
{level:"info", message:"Token verified successfully", timestamp:"2025-01-25T09:23:34.999Z"}
{level:"info", message:"Review fetched successfully", timestamp:"2025-01-25T09:23:35.327Z"}
{level:"info", message:"Review fetched successfully", timestamp:"2025-01-25T09:23:55.797Z"}
{level:"info", message:"Token verified successfully", timestamp:"2025-01-25T09:24:01.157Z"}
{level:"info", message:"Review fetched successfully", timestamp:"2025-01-25T09:24:01.388Z"}
{level:"info", message:"Review fetched successfully", timestamp:"2025-01-25T09:25:54.328Z"}
{level:"info", message:"Token verified successfully", timestamp:"2025-01-25T09:31:43.487Z"}
{level:"info", message:"Review fetched successfully", timestamp:"2025-01-25T09:31:44.058Z"}
{level:"info", message:"Review fetched successfully", timestamp:"2025-01-25T09:34:13.910Z"}
{level:"info", message:"Token verified successfully", timestamp:"2025-01-25T09:34:16.796Z"}
{level:"info", message:"Review fetched successfully", timestamp:"2025-01-25T09:34:17.108Z"}
{level:"info", message:"Review fetched successfully", timestamp:"2025-01-25T09:35:13.800Z"}
{level:"info", message:"Review fetched successfully", timestamp:"2025-01-25T09:35:39.811Z"}
{level:"info", message:"Token verified successfully", timestamp:"2025-01-25T09:35:42.831Z"}
{level:"info", message:"Review fetched successfully", timestamp:"2025-01-25T09:35:43.395Z"}
{level:"info", message:"Token verified successfully", timestamp:"2025-01-25T09:36:08.947Z"}
{level:"info", message:"Review fetched successfully", timestamp:"2025-01-25T09:36:09.063Z"}
{level:"info", message:"Review fetched successfully", timestamp:"2025-01-25T09:36:33.789Z"}
{level:"info", message:"Review fetched successfully", timestamp:"2025-01-25T09:36:54.871Z"}
{level:"info", message:"Review fetched successfully", timestamp:"2025-01-25T09:37:15.785Z"}
{level:"info", message:"Review fetched successfully", timestamp:"2025-01-25T09:37:17.590Z"}
{level:"info", message:"Review fetched successfully", timestamp:"2025-01-25T09:37:33.784Z"}
{level:"info", message:"Review fetched successfully", timestamp:"2025-01-25T09:38:19.833Z"}
{level:"info", message:"Token verified successfully", timestamp:"2025-01-25T09:38:25.894Z"}
{level:"info", message:"Review fetched successfully", timestamp:"2025-01-25T09:38:26.240Z"}
{level:"info", message:"Review fetched successfully", timestamp:"2025-01-25T09:38:40.804Z"}
{level:"info", message:"Token verified successfully", timestamp:"2025-01-25T09:38:44.033Z"}
{level:"info", message:"Review fetched successfully", timestamp:"2025-01-25T09:38:44.594Z"}
{level:"info", message:"Review fetched successfully", timestamp:"2025-01-25T09:38:57.823Z"}
{level:"info", message:"Token verified successfully", timestamp:"2025-01-25T09:39:01.487Z"}
{level:"info", message:"Review fetched successfully", timestamp:"2025-01-25T09:39:01.743Z"}
{level:"info", message:"Review fetched successfully", timestamp:"2025-01-25T09:39:09.831Z"}
{level:"info", message:"Review fetched successfully", timestamp:"2025-01-25T09:39:17.991Z"}
{level:"info", message:"Review fetched successfully", timestamp:"2025-01-25T09:39:27.729Z"}
{level:"info", message:"Review fetched successfully", timestamp:"2025-01-25T09:39:32.298Z"}
{level:"info", message:"Review fetched successfully", timestamp:"2025-01-25T09:39:38.373Z"}
{level:"info", message:"Review fetched successfully", timestamp:"2025-01-25T09:39:49.803Z"}
{level:"info", message:"Review fetched successfully", timestamp:"2025-01-25T09:39:58.337Z"}
{level:"info", message:"Review fetched successfully", timestamp:"2025-01-25T09:40:02.789Z"}
{level:"info", message:"Review fetched successfully", timestamp:"2025-01-25T09:40:11.782Z"}
{level:"info", message:"Review fetched successfully", timestamp:"2025-01-25T09:40:18.399Z"}
{level:"info", message:"Review fetched successfully", timestamp:"2025-01-25T09:40:22.841Z"}
{level:"info", message:"Review fetched successfully", timestamp:"2025-01-25T09:40:27.614Z"}
{level:"info", message:"Review fetched successfully", timestamp:"2025-01-25T09:41:05.805Z"}
{level:"info", message:"Review fetched successfully", timestamp:"2025-01-25T09:41:22.026Z"}
{level:"info", message:"Token verified successfully", timestamp:"2025-01-25T09:41:24.708Z"}
{level:"info", message:"Review fetched successfully", timestamp:"2025-01-25T09:41:25.039Z"}
{level:"info", message:"Review fetched successfully", timestamp:"2025-01-25T09:41:49.816Z"}
{level:"info", message:"Token verified successfully", timestamp:"2025-01-25T09:41:53.712Z"}
{level:"info", message:"Review fetched successfully", timestamp:"2025-01-25T09:41:54.138Z"}
{level:"info", message:"Review fetched successfully", timestamp:"2025-01-25T09:42:08.819Z"}
{level:"info", message:"Token verified successfully", timestamp:"2025-01-25T09:42:12.883Z"}
{level:"info", message:"Review fetched successfully", timestamp:"2025-01-25T09:42:13.256Z"}
{level:"info", message:"Review fetched successfully", timestamp:"2025-01-25T09:42:54.873Z"}
{level:"info", message:"Token verified successfully", timestamp:"2025-01-25T09:42:58.823Z"}
{level:"info", message:"Review fetched successfully", timestamp:"2025-01-25T09:42:59.165Z"}
{level:"info", message:"Review fetched successfully", timestamp:"2025-01-25T09:43:04.791Z"}
{level:"info", message:"Review fetched successfully", timestamp:"2025-01-25T09:43:17.077Z"}
{level:"info", message:"Review fetched successfully", timestamp:"2025-01-25T09:43:50.802Z"}
{level:"info", message:"Review fetched successfully", timestamp:"2025-01-25T09:43:56.050Z"}
{level:"info", message:"Review fetched successfully", timestamp:"2025-01-25T09:44:07.114Z"}
{level:"info", message:"Token verified successfully", timestamp:"2025-01-25T09:44:10.798Z"}
{level:"info", message:"Review fetched successfully", timestamp:"2025-01-25T09:44:11.047Z"}
{level:"info", message:"Token verified successfully", timestamp:"2025-01-25T09:44:43.495Z"}
{level:"info", message:"Review fetched successfully", timestamp:"2025-01-25T09:44:43.822Z"}
{level:"info", message:"Token verified successfully", timestamp:"2025-01-25T09:44:47.759Z"}
{level:"info", message:"Review fetched successfully", timestamp:"2025-01-25T09:44:47.988Z"}
{level:"info", message:"Token verified successfully", timestamp:"2025-01-25T09:44:51.128Z"}
{level:"info", message:"Review fetched successfully", timestamp:"2025-01-25T09:44:51.331Z"}
{level:"info", message:"Review fetched successfully", timestamp:"2025-01-25T09:46:22.805Z"}
{level:"info", message:"Token verified successfully", timestamp:"2025-01-25T09:46:27.584Z"}
{level:"info", message:"Review fetched successfully", timestamp:"2025-01-25T09:46:27.918Z"}
{level:"info", message:"Review fetched successfully", timestamp:"2025-01-25T09:46:52.805Z"}
{level:"info", message:"Review fetched successfully", timestamp:"2025-01-25T09:47:38.801Z"}
{level:"info", message:"Review fetched successfully", timestamp:"2025-01-25T09:48:10.706Z"}
{level:"info", message:"Review fetched successfully", timestamp:"2025-01-25T09:48:14.605Z"}
{level:"info", message:"Review fetched successfully", timestamp:"2025-01-25T09:48:19.779Z"}
{level:"info", message:"Review fetched successfully", timestamp:"2025-01-25T09:48:29.251Z"}
{level:"info", message:"Review fetched successfully", timestamp:"2025-01-25T09:48:35.118Z"}
{level:"info", message:"Review fetched successfully", timestamp:"2025-01-25T09:48:42.088Z"}
{level:"info", message:"Review fetched successfully", timestamp:"2025-01-25T09:49:08.785Z"}
{level:"info", message:"Review fetched successfully", timestamp:"2025-01-25T09:49:17.739Z"}
{level:"info", message:"Review fetched successfully", timestamp:"2025-01-25T09:49:22.870Z"}
{level:"info", message:"Review fetched successfully", timestamp:"2025-01-25T09:49:28.800Z"}
{level:"info", message:"Review fetched successfully", timestamp:"2025-01-25T09:49:41.787Z"}
{level:"info", message:"Review fetched successfully", timestamp:"2025-01-25T09:49:46.141Z"}
{level:"info", message:"Review fetched successfully", timestamp:"2025-01-25T09:49:48.749Z"}
{level:"info", message:"Review fetched successfully", timestamp:"2025-01-25T09:50:57.788Z"}
{level:"info", message:"Review fetched successfully", timestamp:"2025-01-25T09:51:04.588Z"}
{level:"info", message:"Review fetched successfully", timestamp:"2025-01-25T09:52:03.769Z"}
{level:"info", message:"Review fetched successfully", timestamp:"2025-01-25T09:53:01.961Z"}
{level:"info", message:"Review fetched successfully", timestamp:"2025-01-25T09:53:22.918Z"}
{level:"info", message:"Review fetched successfully", timestamp:"2025-01-25T09:53:30.831Z"}
{level:"info", message:"Review fetched successfully", timestamp:"2025-01-25T09:53:48.794Z"}
{level:"info", message:"Review fetched successfully", timestamp:"2025-01-25T09:53:54.091Z"}
{level:"info", message:"Review fetched successfully", timestamp:"2025-01-25T09:54:17.838Z"}
{level:"info", message:"Token verified successfully", timestamp:"2025-01-25T09:54:21.204Z"}
{level:"info", message:"Review fetched successfully", timestamp:"2025-01-25T09:54:21.519Z"}
{level:"info", message:"Review fetched successfully", timestamp:"2025-01-25T09:54:35.944Z"}
{level:"info", message:"Review fetched successfully", timestamp:"2025-01-25T09:54:42.599Z"}
{level:"info", message:"Review fetched successfully", timestamp:"2025-01-25T09:55:32.306Z"}
{level:"info", message:"Token verified successfully", timestamp:"2025-01-25T09:58:11.807Z"}
{level:"info", message:"Review fetched successfully", timestamp:"2025-01-25T09:58:12.095Z"}
{level:"info", message:"Token verified successfully", timestamp:"2025-01-25T09:58:16.473Z"}
{level:"info", message:"Review fetched successfully", timestamp:"2025-01-25T09:58:16.734Z"}
{level:"info", message:"Review fetched successfully", timestamp:"2025-01-25T09:58:36.805Z"}
{level:"info", message:"Token verified successfully", timestamp:"2025-01-25T09:59:59.815Z"}
{level:"info", message:"Token verified successfully", timestamp:"2025-01-25T10:00:03.918Z"}
{level:"info", message:"User logged in successfully", timestamp:"2025-01-25T10:00:09.904Z"}
{level:"info", message:"Fetched products with pagination", timestamp:"2025-01-25T10:00:17.633Z"}
{level:"info", message:"Token verified successfully", timestamp:"2025-01-25T10:00:49.535Z"}
{level:"info", message:"Order created", timestamp:"2025-01-25T10:00:49.601Z"}
{level:"info", message:"Review fetched successfully", timestamp:"2025-01-25T10:00:49.790Z"}
{level:"info", message:"Review fetched successfully", timestamp:"2025-01-25T10:02:32.790Z"}
{level:"info", message:"Token verified successfully", timestamp:"2025-01-25T10:02:38.100Z"}
{level:"info", message:"Review fetched successfully", timestamp:"2025-01-25T10:02:38.610Z"}
{level:"info", message:"Review fetched successfully", timestamp:"2025-01-25T10:02:45.872Z"}
{level:"info", message:"Review fetched successfully", timestamp:"2025-01-25T10:06:50.833Z"}
{level:"info", message:"Review fetched successfully", timestamp:"2025-01-25T10:07:01.041Z"}
{level:"info", message:"Review fetched successfully", timestamp:"2025-01-25T10:07:28.832Z"}
{level:"info", message:"Review fetched successfully", timestamp:"2025-01-25T10:07:37.789Z"}
{level:"info", message:"Review fetched successfully", timestamp:"2025-01-25T10:07:40.969Z"}
{level:"info", message:"Review fetched successfully", timestamp:"2025-01-25T10:07:52.779Z"}
{level:"info", message:"Review fetched successfully", timestamp:"2025-01-25T10:07:57.941Z"}
{level:"info", message:"Review fetched successfully", timestamp:"2025-01-25T10:08:02.979Z"}
{level:"info", message:"Review fetched successfully", timestamp:"2025-01-25T10:08:22.239Z"}
{level:"info", message:"Token verified successfully", timestamp:"2025-01-25T10:08:30.284Z"}
{level:"info", message:"Review fetched successfully", timestamp:"2025-01-25T10:08:30.849Z"}
{level:"info", message:"Review fetched successfully", timestamp:"2025-01-25T10:08:42.797Z"}
{level:"info", message:"Review fetched successfully", timestamp:"2025-01-25T10:08:48.798Z"}
{level:"info", message:"Review fetched successfully", timestamp:"2025-01-25T10:09:10.853Z"}
{level:"info", message:"Review fetched successfully", timestamp:"2025-01-25T10:09:23.839Z"}
{level:"info", message:"Review fetched successfully", timestamp:"2025-01-25T10:09:33.085Z"}
{level:"info", message:"Review fetched successfully", timestamp:"2025-01-25T10:10:13.493Z"}
{level:"info", message:"Review fetched successfully", timestamp:"2025-01-25T10:10:21.545Z"}
{level:"info", message:"Review fetched successfully", timestamp:"2025-01-25T10:10:49.838Z"}
{level:"info", message:"Review fetched successfully", timestamp:"2025-01-25T10:11:11.443Z"}
{level:"info", message:"Review fetched successfully", timestamp:"2025-01-25T10:11:23.805Z"}
{level:"info", message:"Review fetched successfully", timestamp:"2025-01-25T10:11:58.616Z"}
{level:"info", message:"Review fetched successfully", timestamp:"2025-01-25T10:12:25.813Z"}
{level:"info", message:"Token verified successfully", timestamp:"2025-01-25T10:12:42.149Z"}
{level:"info", message:"Review fetched successfully", timestamp:"2025-01-25T10:12:42.515Z"}
{level:"info", message:"Review fetched successfully", timestamp:"2025-01-25T10:12:54.806Z"}
{level:"info", message:"Review fetched successfully", timestamp:"2025-01-25T10:13:05.958Z"}
{level:"info", message:"Review fetched successfully", timestamp:"2025-01-25T10:13:31.829Z"}
{level:"info", message:"Token verified successfully", timestamp:"2025-01-25T10:13:58.813Z"}
{level:"info", message:"Review fetched successfully", timestamp:"2025-01-25T10:13:59.095Z"}
{level:"info", message:"Review fetched successfully", timestamp:"2025-01-25T10:14:14.824Z"}
{level:"info", message:"Review fetched successfully", timestamp:"2025-01-25T10:14:44.880Z"}
{level:"info", message:"Token verified successfully", timestamp:"2025-01-25T10:14:48.164Z"}
{level:"info", message:"Review fetched successfully", timestamp:"2025-01-25T10:14:48.474Z"}
{level:"info", message:"Review fetched successfully", timestamp:"2025-01-25T10:15:36.841Z"}
{level:"info", message:"Review fetched successfully", timestamp:"2025-01-25T10:16:02.911Z"}
{level:"info", message:"Review fetched successfully", timestamp:"2025-01-25T10:16:13.046Z"}
{level:"info", message:"Review fetched successfully", timestamp:"2025-01-25T10:16:23.814Z"}
{level:"info", message:"Review fetched successfully", timestamp:"2025-01-25T10:16:40.246Z"}
{level:"info", message:"Review fetched successfully", timestamp:"2025-01-25T10:16:46.189Z"}
{level:"info", message:"Review fetched successfully", timestamp:"2025-01-25T10:16:56.785Z"}
{level:"info", message:"Review fetched successfully", timestamp:"2025-01-25T10:17:05.801Z"}
{level:"info", message:"Review fetched successfully", timestamp:"2025-01-25T10:18:13.798Z"}
{level:"info", message:"Review fetched successfully", timestamp:"2025-01-25T10:19:18.176Z"}
{level:"info", message:"Review fetched successfully", timestamp:"2025-01-25T10:19:25.610Z"}
{level:"info", message:"Review fetched successfully", timestamp:"2025-01-25T10:19:34.543Z"}
{level:"info", message:"Review fetched successfully", timestamp:"2025-01-25T10:19:37.864Z"}
{level:"info", message:"Review fetched successfully", timestamp:"2025-01-25T10:20:20.800Z"}
{level:"info", message:"Review fetched successfully", timestamp:"2025-01-25T10:21:03.801Z"}
{level:"info", message:"Review fetched successfully", timestamp:"2025-01-25T10:21:18.815Z"}
{level:"info", message:"Review fetched successfully", timestamp:"2025-01-25T10:21:21.326Z"}
{level:"info", message:"Review fetched successfully", timestamp:"2025-01-25T10:22:25.808Z"}
{level:"info", message:"Review fetched successfully", timestamp:"2025-01-25T10:22:30.847Z"}
{level:"info", message:"Review fetched successfully", timestamp:"2025-01-25T10:22:36.524Z"}
{level:"info", message:"Review fetched successfully", timestamp:"2025-01-25T10:22:44.720Z"}
{level:"info", message:"Review fetched successfully", timestamp:"2025-01-25T10:23:50.953Z"}
{level:"info", message:"Review fetched successfully", timestamp:"2025-01-25T10:24:38.622Z"}
{level:"info", message:"Review fetched successfully", timestamp:"2025-01-25T10:25:04.427Z"}
{level:"info", message:"Review fetched successfully", timestamp:"2025-01-25T10:25:07.359Z"}
{level:"info", message:"Review fetched successfully", timestamp:"2025-01-25T10:25:30.007Z"}
{level:"info", message:"Token verified successfully", timestamp:"2025-01-25T10:25:32.805Z"}
{level:"info", message:"Review fetched successfully", timestamp:"2025-01-25T10:25:33.076Z"}
{level:"info", message:"Review fetched successfully", timestamp:"2025-01-25T10:25:48.271Z"}
{level:"info", message:"Review fetched successfully", timestamp:"2025-01-25T10:25:53.305Z"}
{level:"info", message:"Review fetched successfully", timestamp:"2025-01-25T10:26:30.474Z"}
{level:"info", message:"Review fetched successfully", timestamp:"2025-01-25T10:26:33.600Z"}
{level:"info", message:"Review fetched successfully", timestamp:"2025-01-25T10:28:26.790Z"}
{level:"info", message:"Review fetched successfully", timestamp:"2025-01-25T10:29:04.800Z"}
{level:"info", message:"Review fetched successfully", timestamp:"2025-01-25T10:29:06.796Z"}
{level:"info", message:"Review fetched successfully", timestamp:"2025-01-25T10:33:46.632Z"}
{level:"info", message:"Review fetched successfully", timestamp:"2025-01-25T10:33:57.793Z"}
{level:"info", message:"Review fetched successfully", timestamp:"2025-01-25T10:34:10.063Z"}
{level:"info", message:"Token verified successfully", timestamp:"2025-01-25T10:34:26.783Z"}
{level:"info", message:"Review fetched successfully", timestamp:"2025-01-25T10:34:27.183Z"}
{level:"info", message:"Review fetched successfully", timestamp:"2025-01-25T10:34:43.975Z"}
{level:"info", message:"Review fetched successfully", timestamp:"2025-01-25T10:34:52.812Z"}
{level:"info", message:"Review fetched successfully", timestamp:"2025-01-25T10:35:05.720Z"}
{level:"info", message:"Review fetched successfully", timestamp:"2025-01-25T10:35:13.793Z"}
{level:"info", message:"Review fetched successfully", timestamp:"2025-01-25T10:35:24.750Z"}
{level:"info", message:"Review fetched successfully", timestamp:"2025-01-25T10:35:35.510Z"}
{level:"info", message:"Review fetched successfully", timestamp:"2025-01-25T10:35:42.332Z"}
{level:"info", message:"Fetched products with pagination", timestamp:"2025-01-25T10:37:18.742Z"}
{level:"info", message:"Fetched products with pagination", timestamp:"2025-01-25T10:37:26.164Z"}
{level:"info", message:"Fetched single product", timestamp:"2025-01-25T10:42:23.265Z"}
{level:"info", message:"Fetched reviews for product", timestamp:"2025-01-25T10:42:23.406Z"}
{level:"info", message:"Token verified successfully", timestamp:"2025-01-25T10:42:23.411Z"}
{level:"info", message:"Token verified successfully", timestamp:"2025-01-25T10:42:23.416Z"}
{level:"info", message:"Fetched products with pagination", timestamp:"2025-01-25T10:42:27.979Z"}
{level:"info", message:"Fetched single product", timestamp:"2025-01-25T10:42:29.729Z"}
{level:"info", message:"Token verified successfully", timestamp:"2025-01-25T10:42:29.828Z"}
{level:"info", message:"Token verified successfully", timestamp:"2025-01-25T10:42:29.837Z"}
{level:"info", message:"Fetched reviews for product", timestamp:"2025-01-25T10:42:29.853Z"}
{level:"info", message:"Token verified successfully", timestamp:"2025-01-25T10:43:46.555Z"}
{level:"info", message:"Review fetched successfully", timestamp:"2025-01-25T10:43:46.788Z"}
{level:"info", message:"Fetched products with pagination", timestamp:"2025-01-25T10:44:54.899Z"}
{level:"info", message:"Fetched products with pagination", timestamp:"2025-01-25T10:45:01.758Z"}
{level:"info", message:"Fetched single product", timestamp:"2025-01-25T10:45:13.816Z"}
{level:"info", message:"Token verified successfully", timestamp:"2025-01-25T10:45:13.892Z"}
{level:"info", message:"Token verified successfully", timestamp:"2025-01-25T10:45:13.899Z"}
{level:"info", message:"Fetched reviews for product", timestamp:"2025-01-25T10:45:13.908Z"}
{level:"info", message:"Token verified successfully", timestamp:"2025-01-25T10:47:05.868Z"}
{level:"info", message:"Token verified successfully", timestamp:"2025-01-25T10:47:05.881Z"}
{level:"info", message:"Token verified successfully", timestamp:"2025-01-25T10:47:08.588Z"}
{level:"info", message:"Token verified successfully", timestamp:"2025-01-25T10:47:08.614Z"}
{level:"info", message:"Token verified successfully", timestamp:"2025-01-25T10:47:10.564Z"}
{level:"info", message:"Token verified successfully", timestamp:"2025-01-25T10:47:10.733Z"}
{level:"info", message:"Token verified successfully", timestamp:"2025-01-25T10:47:40.609Z"}
{level:"info", message:"Token verified successfully", timestamp:"2025-01-25T10:47:41.681Z"}
{level:"info", message:"Token verified successfully", timestamp:"2025-01-25T10:47:45.466Z"}
{level:"info", message:"Fetched single product", timestamp:"2025-01-25T10:47:45.621Z"}
{level:"info", message:"Token verified successfully", timestamp:"2025-01-25T10:47:45.914Z"}
{level:"info", message:"Token verified successfully", timestamp:"2025-01-25T10:47:46.040Z"}
{level:"info", message:"Fetched reviews for product", timestamp:"2025-01-25T10:47:46.245Z"}
{level:"info", message:"Token verified successfully", timestamp:"2025-01-25T10:47:49.905Z"}
{level:"info", message:"Token verified successfully", timestamp:"2025-01-25T10:47:49.924Z"}
{level:"info", message:"Fetched products with pagination", timestamp:"2025-01-25T10:49:03.420Z"}
{level:"info", message:"Fetched single product", timestamp:"2025-01-25T10:49:06.285Z"}
{level:"info", message:"Token verified successfully", timestamp:"2025-01-25T10:49:06.383Z"}
{level:"info", message:"Token verified successfully", timestamp:"2025-01-25T10:49:06.388Z"}
{level:"info", message:"Fetched reviews for product", timestamp:"2025-01-25T10:49:06.397Z"}
{level:"info", message:"Fetched single product", timestamp:"2025-01-25T11:04:09.811Z"}
{level:"info", message:"Fetched reviews for product", timestamp:"2025-01-25T11:04:09.933Z"}
{level:"info", message:"Token verified successfully", timestamp:"2025-01-25T11:04:09.993Z"}
{level:"info", message:"Token verified successfully", timestamp:"2025-01-25T11:04:09.999Z"}
{level:"info", message:"Fetched single product", timestamp:"2025-01-25T11:04:44.840Z"}
{level:"info", message:"Token verified successfully", timestamp:"2025-01-25T11:04:45.243Z"}
{level:"info", message:"Fetched reviews for product", timestamp:"2025-01-25T11:04:45.248Z"}
{level:"info", message:"Token verified successfully", timestamp:"2025-01-25T11:04:45.263Z"}
{level:"info", message:"Fetched single product", timestamp:"2025-01-25T11:05:13.054Z"}
{level:"info", message:"Fetched reviews for product", timestamp:"2025-01-25T11:05:13.133Z"}
{level:"info", message:"Token verified successfully", timestamp:"2025-01-25T11:05:13.144Z"}
{level:"info", message:"Token verified successfully", timestamp:"2025-01-25T11:05:13.170Z"}
{level:"info", message:"Fetched single product", timestamp:"2025-01-25T11:05:26.558Z"}
{level:"info", message:"Token verified successfully", timestamp:"2025-01-25T11:05:27.891Z"}
{level:"info", message:"Fetched reviews for product", timestamp:"2025-01-25T11:05:27.898Z"}
{level:"info", message:"Token verified successfully", timestamp:"2025-01-25T11:05:27.913Z"}
{level:"info", message:"Fetched single product", timestamp:"2025-01-25T11:05:40.106Z"}
{level:"info", message:"Token verified successfully", timestamp:"2025-01-25T11:05:41.017Z"}
{level:"info", message:"Fetched reviews for product", timestamp:"2025-01-25T11:05:41.030Z"}
{level:"info", message:"Token verified successfully", timestamp:"2025-01-25T11:05:41.047Z"}
{level:"info", message:"Fetched single product", timestamp:"2025-01-25T11:05:50.825Z"}
{level:"info", message:"Fetched reviews for product", timestamp:"2025-01-25T11:05:51.088Z"}
{level:"info", message:"Token verified successfully", timestamp:"2025-01-25T11:05:51.100Z"}
{level:"info", message:"Token verified successfully", timestamp:"2025-01-25T11:05:51.116Z"}
{level:"info", message:"Fetched single product", timestamp:"2025-01-25T11:06:01.680Z"}
{level:"info", message:"Token verified successfully", timestamp:"2025-01-25T11:06:02.788Z"}
{level:"info", message:"Fetched reviews for product", timestamp:"2025-01-25T11:06:02.793Z"}
{level:"info", message:"Token verified successfully", timestamp:"2025-01-25T11:06:02.855Z"}
{level:"info", message:"Fetched single product", timestamp:"2025-01-25T11:06:07.888Z"}
{level:"info", message:"Token verified successfully", timestamp:"2025-01-25T11:06:08.475Z"}
{level:"info", message:"Token verified successfully", timestamp:"2025-01-25T11:06:08.484Z"}
{level:"info", message:"Fetched reviews for product", timestamp:"2025-01-25T11:06:08.487Z"}
{level:"info", message:"Fetched single product", timestamp:"2025-01-25T11:06:19.861Z"}
{level:"info", message:"Fetched reviews for product", timestamp:"2025-01-25T11:06:20.104Z"}
{level:"info", message:"Token verified successfully", timestamp:"2025-01-25T11:06:20.154Z"}
{level:"info", message:"Token verified successfully", timestamp:"2025-01-25T11:06:20.195Z"}
{level:"info", message:"Fetched single product", timestamp:"2025-01-25T11:06:38.889Z"}
{level:"info", message:"Token verified successfully", timestamp:"2025-01-25T11:06:40.714Z"}
{level:"info", message:"Fetched reviews for product", timestamp:"2025-01-25T11:06:40.726Z"}
{level:"info", message:"Token verified successfully", timestamp:"2025-01-25T11:06:40.735Z"}
{level:"info", message:"Fetched single product", timestamp:"2025-01-25T11:07:02.490Z"}
{level:"info", message:"Token verified successfully", timestamp:"2025-01-25T11:07:02.603Z"}
{level:"info", message:"Fetched reviews for product", timestamp:"2025-01-25T11:07:02.606Z"}
{level:"info", message:"Token verified successfully", timestamp:"2025-01-25T11:07:02.613Z"}
{level:"info", message:"Fetched single product", timestamp:"2025-01-25T11:07:10.109Z"}
{level:"info", message:"Token verified successfully", timestamp:"2025-01-25T11:07:10.181Z"}
{level:"info", message:"Fetched reviews for product", timestamp:"2025-01-25T11:07:10.183Z"}
{level:"info", message:"Token verified successfully", timestamp:"2025-01-25T11:07:10.187Z"}
{level:"info", message:"Fetched single product", timestamp:"2025-01-25T11:07:17.775Z"}
{level:"info", message:"Fetched reviews for product", timestamp:"2025-01-25T11:07:17.953Z"}
{level:"info", message:"Token verified successfully", timestamp:"2025-01-25T11:07:17.980Z"}
{level:"info", message:"Token verified successfully", timestamp:"2025-01-25T11:07:17.986Z"}
{level:"info", message:"Fetched single product", timestamp:"2025-01-25T11:07:22.793Z"}
{level:"info", message:"Token verified successfully", timestamp:"2025-01-25T11:07:22.935Z"}
{level:"info", message:"Fetched reviews for product", timestamp:"2025-01-25T11:07:22.944Z"}
{level:"info", message:"Token verified successfully", timestamp:"2025-01-25T11:07:22.953Z"}
{level:"info", message:"Fetched single product", timestamp:"2025-01-25T11:07:38.769Z"}
{level:"info", message:"Fetched reviews for product", timestamp:"2025-01-25T11:07:38.824Z"}
{level:"info", message:"Token verified successfully", timestamp:"2025-01-25T11:07:38.834Z"}
{level:"info", message:"Token verified successfully", timestamp:"2025-01-25T11:07:38.854Z"}
{level:"info", message:"Fetched single product", timestamp:"2025-01-25T11:09:28.774Z"}
{level:"info", message:"Fetched reviews for product", timestamp:"2025-01-25T11:09:28.798Z"}
{level:"info", message:"Token verified successfully", timestamp:"2025-01-25T11:09:28.825Z"}
{level:"info", message:"Token verified successfully", timestamp:"2025-01-25T11:09:28.880Z"}
{level:"info", message:"Fetched single product", timestamp:"2025-01-25T11:10:05.019Z"}
{level:"info", message:"Fetched reviews for product", timestamp:"2025-01-25T11:10:05.070Z"}
{level:"info", message:"Token verified successfully", timestamp:"2025-01-25T11:10:05.120Z"}
{level:"info", message:"Token verified successfully", timestamp:"2025-01-25T11:10:05.125Z"}
{level:"info", message:"Token verified successfully", timestamp:"2025-01-25T11:12:41.261Z"}
{level:"info", message:"Fetched single product", timestamp:"2025-01-25T11:12:41.371Z"}
{level:"info", message:"Fetched reviews for product", timestamp:"2025-01-25T11:12:41.482Z"}
{level:"info", message:"Token verified successfully", timestamp:"2025-01-25T11:12:41.489Z"}
{level:"info", message:"Token verified successfully", timestamp:"2025-01-25T11:12:41.496Z"}
{level:"info", message:"Review fetched successfully", timestamp:"2025-01-25T11:12:45.864Z"}
{level:"info", message:"Review fetched successfully", timestamp:"2025-01-25T11:12:47.849Z"}
{level:"info", message:"Review fetched successfully", timestamp:"2025-01-25T11:12:50.623Z"}
{level:"info", message:"Fetched single product", timestamp:"2025-01-25T11:12:52.820Z"}
{level:"info", message:"Token verified successfully", timestamp:"2025-01-25T11:12:52.923Z"}
{level:"info", message:"Token verified successfully", timestamp:"2025-01-25T11:12:52.939Z"}
{level:"info", message:"Fetched reviews for product", timestamp:"2025-01-25T11:12:52.950Z"}
{level:"info", message:"Token verified successfully", timestamp:"2025-01-25T11:12:54.559Z"}
{level:"info", message:"Fetched single product", timestamp:"2025-01-25T11:12:54.649Z"}
{level:"info", message:"Fetched reviews for product", timestamp:"2025-01-25T11:12:54.733Z"}
{level:"info", message:"Token verified successfully", timestamp:"2025-01-25T11:12:54.756Z"}
{level:"info", message:"Token verified successfully", timestamp:"2025-01-25T11:12:54.762Z"}
{level:"info", message:"Fetched reviews for product", timestamp:"2025-01-25T11:14:10.816Z"}
{level:"info", message:"Fetched reviews for product", timestamp:"2025-01-25T11:14:52.828Z"}
{level:"info", message:"Fetched reviews for product", timestamp:"2025-01-25T11:15:25.099Z"}
{level:"info", message:"Fetched reviews for product", timestamp:"2025-01-25T11:15:31.186Z"}
{level:"info", message:"Fetched single product", timestamp:"2025-01-25T11:18:27.139Z"}
{level:"info", message:"Fetched reviews for product", timestamp:"2025-01-25T11:18:27.157Z"}
{level:"info", message:"Token verified successfully", timestamp:"2025-01-25T11:18:27.181Z"}
{level:"info", message:"Token verified successfully", timestamp:"2025-01-25T11:18:27.210Z"}
{level:"info", message:"Fetched single product", timestamp:"2025-01-25T11:19:10.792Z"}
{level:"info", message:"Fetched reviews for product", timestamp:"2025-01-25T11:19:10.896Z"}
{level:"info", message:"Token verified successfully", timestamp:"2025-01-25T11:19:10.908Z"}
{level:"info", message:"Token verified successfully", timestamp:"2025-01-25T11:19:10.912Z"}
{level:"info", message:"Token verified successfully", timestamp:"2025-01-25T11:26:52.707Z"}
{level:"info", message:"Review fetched successfully", timestamp:"2025-01-25T11:27:52.232Z"}
{level:"info", message:"Review fetched successfully", timestamp:"2025-01-25T11:29:19.027Z"}
{level:"info", message:"Review fetched successfully", timestamp:"2025-01-25T11:30:04.958Z"}
{level:"info", message:"Review fetched successfully", timestamp:"2025-01-25T11:30:07.256Z"}
{level:"info", message:"Fetched products with pagination", timestamp:"2025-01-25T11:31:11.126Z"}
{level:"info", message:"Fetched single product", timestamp:"2025-01-25T11:31:21.457Z"}
{level:"info", message:"Fetched reviews for product", timestamp:"2025-01-25T11:31:21.544Z"}
{level:"info", message:"Token verified successfully", timestamp:"2025-01-25T11:31:21.551Z"}
{level:"info", message:"Token verified successfully", timestamp:"2025-01-25T11:31:21.556Z"}
{level:"info", message:"Token verified successfully", timestamp:"2025-01-25T11:31:36.194Z"}
{level:"warn", message:"Product not found", timestamp:"2025-01-25T11:31:36.397Z"}
{level:"info", message:"Token verified successfully", timestamp:"2025-01-25T11:31:46.361Z"}
{level:"warn", message:"Product not found", timestamp:"2025-01-25T11:31:46.528Z"}
{level:"info", message:"Fetched products with pagination", timestamp:"2025-01-25T11:31:53.897Z"}
{level:"info", message:"Fetched single product", timestamp:"2025-01-25T11:31:56.305Z"}
{level:"info", message:"Token verified successfully", timestamp:"2025-01-25T11:31:56.369Z"}
{level:"info", message:"Fetched reviews for product", timestamp:"2025-01-25T11:31:56.371Z"}
{level:"info", message:"Token verified successfully", timestamp:"2025-01-25T11:31:56.388Z"}
{level:"info", message:"Fetched products with pagination", timestamp:"2025-01-25T11:31:59.328Z"}
{level:"info", message:"Fetched single product", timestamp:"2025-01-25T11:32:00.626Z"}
{level:"info", message:"Token verified successfully", timestamp:"2025-01-25T11:32:00.694Z"}
{level:"info", message:"Token verified successfully", timestamp:"2025-01-25T11:32:00.723Z"}
{level:"info", message:"Fetched reviews for product", timestamp:"2025-01-25T11:32:00.778Z"}
{level:"info", message:"Fetched single product", timestamp:"2025-01-25T11:32:14.773Z"}
{level:"info", message:"Fetched reviews for product", timestamp:"2025-01-25T11:32:14.798Z"}
{level:"info", message:"Token verified successfully", timestamp:"2025-01-25T11:32:14.812Z"}
{level:"info", message:"Token verified successfully", timestamp:"2025-01-25T11:32:14.853Z"}
{level:"info", message:"Fetched products with pagination", timestamp:"2025-01-25T11:32:41.283Z"}
{level:"info", message:"Fetched single product", timestamp:"2025-01-25T11:32:45.065Z"}
{level:"info", message:"Fetched reviews for product", timestamp:"2025-01-25T11:32:45.124Z"}
{level:"info", message:"Token verified successfully", timestamp:"2025-01-25T11:32:45.136Z"}
{level:"info", message:"Token verified successfully", timestamp:"2025-01-25T11:32:45.142Z"}
{level:"info", message:"Token verified successfully", timestamp:"2025-01-25T11:33:00.871Z"}
{level:"info", message:"Token verified successfully", timestamp:"2025-01-25T11:33:00.884Z"}
{level:"info", message:"Token verified successfully", timestamp:"2025-01-25T11:33:02.596Z"}
{level:"info", message:"Token verified successfully", timestamp:"2025-01-25T11:33:02.605Z"}
{level:"info", message:"Token verified successfully", timestamp:"2025-01-25T11:33:04.379Z"}
{level:"info", message:"Token verified successfully", timestamp:"2025-01-25T11:33:04.392Z"}
{level:"info", message:"Token verified successfully", timestamp:"2025-01-25T11:33:06.454Z"}
{level:"info", message:"Token verified successfully", timestamp:"2025-01-25T11:33:06.458Z"}
{level:"info", message:"Token verified successfully", timestamp:"2025-01-25T11:33:09.377Z"}
{level:"info", message:"Token verified successfully", timestamp:"2025-01-25T11:33:09.381Z"}
{level:"info", message:"Token verified successfully", timestamp:"2025-01-25T11:33:11.530Z"}
{level:"info", message:"Token verified successfully", timestamp:"2025-01-25T11:33:11.534Z"}
{level:"info", message:"Token verified successfully", timestamp:"2025-01-25T11:34:22.998Z"}
{level:"info", message:"Token verified successfully", timestamp:"2025-01-25T11:34:23.012Z"}
{level:"info", message:"Token verified successfully", timestamp:"2025-01-25T11:34:24.679Z"}
{level:"info", message:"Token verified successfully", timestamp:"2025-01-25T11:34:24.685Z"}
{level:"info", message:"Token verified successfully", timestamp:"2025-01-25T11:34:26.456Z"}
{level:"info", message:"Token verified successfully", timestamp:"2025-01-25T11:34:26.602Z"}
{level:"info", message:"Token verified successfully", timestamp:"2025-01-25T11:34:52.360Z"}
{level:"info", message:"Token verified successfully", timestamp:"2025-01-25T11:34:52.364Z"}
{level:"info", message:"Fetched products with pagination", timestamp:"2025-01-25T11:35:03.573Z"}
{level:"info", message:"Token verified successfully", timestamp:"2025-01-25T11:39:20.783Z"}
{level:"info", message:"Fetched products with pagination", timestamp:"2025-01-25T11:39:20.813Z"}
{level:"info", message:"Token verified successfully", timestamp:"2025-01-25T11:39:33.648Z"}
{level:"info", message:"Token verified successfully", timestamp:"2025-01-25T11:39:49.780Z"}
{level:"info", message:"Token verified successfully", timestamp:"2025-01-25T11:41:02.783Z"}
{level:"info", message:"Token verified successfully", timestamp:"2025-01-25T11:41:06.132Z"}
{level:"info", message:"Password reset email sent", timestamp:"2025-01-25T11:45:41.570Z"}
{level:"info", message:"Password reset email sent", timestamp:"2025-01-25T11:51:15.695Z"}
{level:"info", message:"Password reset email sent", timestamp:"2025-01-25T11:51:39.276Z"}
{level:"warn", message:"Password reset attempt without email", timestamp:"2025-01-25T11:53:51.188Z"}
{level:"info", message:"Password reset email sent", timestamp:"2025-01-25T11:54:00.139Z"}
{level:"warn", message:"Password reset attempt without email", timestamp:"2025-01-25T11:54:23.608Z"}
{level:"warn", message:"Password reset attempt without email", timestamp:"2025-01-25T11:55:33.873Z"}
{level:"warn", message:"Password reset attempt without email", timestamp:"2025-01-25T11:55:34.342Z"}
{level:"info", message:"Password reset email sent", timestamp:"2025-01-25T11:55:42.845Z"}
{level:"info", message:"Password reset email sent", timestamp:"2025-01-25T11:55:59.923Z"}
{level:"info", message:"Password reset email sent", timestamp:"2025-01-25T11:56:28.821Z"}
{level:"info", message:"Password reset email sent", timestamp:"2025-01-25T12:00:49.717Z"}
{level:"info", message:"Password reset email sent", timestamp:"2025-01-25T12:05:56.963Z"}
{level:"info", message:"Password reset email sent", timestamp:"2025-01-25T12:07:31.952Z"}
{level:"info", message:"Password reset email sent", timestamp:"2025-01-25T12:09:24.893Z"}
{level:"info", message:"Password reset email sent", timestamp:"2025-01-25T12:11:05.710Z"}
{level:"info", message:"Password reset email sent", timestamp:"2025-01-25T12:14:34.027Z"}
{level:"info", message:"Password reset email sent", timestamp:"2025-01-25T12:16:31.789Z"}
{level:"info", message:"Password reset email sent", timestamp:"2025-01-25T12:18:40.114Z"}
{level:"info", message:"Password reset email sent", timestamp:"2025-01-25T12:20:34.984Z"}
{level:"info", message:"Password reset email sent", timestamp:"2025-01-25T12:22:19.362Z"}
