{level:"error", message:"Error during user login", timestamp:"2024-11-15T04:08:45.056Z"}
{level:"error", message:"Error during user login", timestamp:"2024-11-15T04:08:57.792Z"}
{level:"error", message:"Error during user login", timestamp:"2024-11-15T04:09:42.778Z"}
{level:"error", message:"Error during user login", timestamp:"2024-11-15T04:09:53.547Z"}
{level:"info", message:"User logged in successfully", timestamp:"2024-11-15T04:12:15.738Z"}
{level:"warn", message:"Login attempt with incorrect password", timestamp:"2024-11-15T04:12:46.450Z"}
{level:"warn", message:"Login attempt with incorrect email", timestamp:"2024-11-15T04:12:50.991Z"}
{level:"info", message:"User logged in successfully", timestamp:"2024-11-15T04:13:06.752Z"}
{level:"info", message:"Review fetched successfully", timestamp:"2024-11-15T04:13:13.791Z"}
{level:"info", message:"Fetched products with pagination", timestamp:"2024-11-15T04:13:29.927Z"}
{level:"info", message:"Fetched products with pagination", timestamp:"2024-11-15T04:13:50.726Z"}
{level:"info", message:"Fetched products with pagination", timestamp:"2024-11-15T04:13:53.097Z"}
{level:"info", message:"Fetched products with pagination", timestamp:"2024-11-15T04:15:04.160Z"}
{level:"info", message:"Fetched single product", timestamp:"2024-11-15T04:15:05.842Z"}
{level:"info", message:"Fetched reviews for product", timestamp:"2024-11-15T04:15:06.132Z"}
{level:"info", message:"Fetched products with pagination", timestamp:"2024-11-15T04:15:38.880Z"}
{level:"info", message:"Fetched single product", timestamp:"2024-11-15T04:15:42.243Z"}
{level:"info", message:"Fetched reviews for product", timestamp:"2024-11-15T04:15:42.348Z"}
{level:"info", message:"Fetched products with pagination", timestamp:"2024-11-15T04:16:30.459Z"}
{level:"info", message:"Fetched single product", timestamp:"2024-11-15T04:16:34.577Z"}
{level:"info", message:"Fetched reviews for product", timestamp:"2024-11-15T04:16:35.475Z"}
{level:"info", message:"Review fetched successfully", timestamp:"2024-11-15T04:19:18.992Z"}
{level:"info", message:"Fetched single product", timestamp:"2024-11-15T04:19:22.128Z"}
{level:"info", message:"Token verified successfully", timestamp:"2024-11-15T04:19:37.058Z"}
{level:"info", message:"Review created successfully", timestamp:"2024-11-15T04:19:39.619Z"}
{level:"info", message:"Fetched single product", timestamp:"2024-11-15T04:19:39.654Z"}
{level:"info", message:"Fetched reviews for product", timestamp:"2024-11-15T04:19:39.706Z"}
{level:"info", message:"Fetched single product", timestamp:"2024-11-15T04:20:38.983Z"}
{level:"info", message:"Fetched reviews for product", timestamp:"2024-11-15T04:20:39.187Z"}
{level:"info", message:"Fetched single product", timestamp:"2024-11-15T04:20:54.373Z"}
{level:"info", message:"Fetched reviews for product", timestamp:"2024-11-15T04:20:55.642Z"}
{level:"info", message:"Review fetched successfully", timestamp:"2024-11-15T04:39:27.654Z"}
{level:"info", message:"Review fetched successfully", timestamp:"2024-11-15T04:39:30.428Z"}
{level:"info", message:"Review fetched successfully", timestamp:"2024-11-15T04:39:55.003Z"}
{level:"info", message:"User logged in successfully", timestamp:"2024-11-15T04:41:36.380Z"}
{level:"info", message:"Token verified successfully", timestamp:"2024-11-15T04:41:40.587Z"}
{level:"info", message:"Token verified successfully", timestamp:"2024-11-15T04:41:43.983Z"}
{level:"info", message:"Token verified successfully", timestamp:"2024-11-15T04:41:45.417Z"}
{level:"info", message:"Token verified successfully", timestamp:"2024-11-15T04:41:46.791Z"}
{level:"info", message:"Token verified successfully", timestamp:"2024-11-15T04:41:47.795Z"}
{level:"info", message:"Token verified successfully", timestamp:"2024-11-15T04:41:49.156Z"}
{level:"info", message:"Token verified successfully", timestamp:"2024-11-15T04:41:50.172Z"}
{level:"info", message:"Token verified successfully", timestamp:"2024-11-15T04:41:51.298Z"}
{level:"info", message:"Token verified successfully", timestamp:"2024-11-15T04:41:58.575Z"}
{level:"info", message:"Token verified successfully", timestamp:"2024-11-15T04:41:59.586Z"}
{level:"info", message:"Token verified successfully", timestamp:"2024-11-15T04:42:36.946Z"}
{level:"info", message:"Token verified successfully", timestamp:"2024-11-15T04:42:42.489Z"}
{level:"info", message:"Token verified successfully", timestamp:"2024-11-15T04:42:48.738Z"}
{level:"info", message:"Token verified successfully", timestamp:"2024-11-15T04:42:50.815Z"}
{level:"info", message:"Token verified successfully", timestamp:"2024-11-15T04:43:24.517Z"}
{level:"info", message:"Token verified successfully", timestamp:"2024-11-15T04:43:29.624Z"}
{level:"info", message:"Review fetched successfully", timestamp:"2024-11-15T04:43:29.707Z"}
{level:"info", message:"Token verified successfully", timestamp:"2024-11-15T04:44:31.674Z"}
{level:"info", message:"Token verified successfully", timestamp:"2024-11-15T04:46:49.350Z"}
{level:"info", message:"User logged in successfully", timestamp:"2024-11-15T05:35:22.347Z"}
{level:"info", message:"Token verified successfully", timestamp:"2024-11-15T05:35:37.053Z"}
{level:"info", message:"Token verified successfully", timestamp:"2024-11-15T05:45:53.820Z"}
{level:"info", message:"Token verified successfully", timestamp:"2024-11-15T05:46:28.565Z"}
{level:"warn", message:"Token verification failed", timestamp:"2024-11-15T06:16:45.965Z"}
{level:"warn", message:"Token verification failed", timestamp:"2024-11-15T06:16:50.967Z"}
{level:"warn", message:"Token verification failed", timestamp:"2024-11-15T06:16:58.196Z"}
{level:"warn", message:"Token verification failed", timestamp:"2024-11-15T06:17:11.739Z"}
{level:"warn", message:"Token verification failed", timestamp:"2024-11-15T06:32:27.947Z"}
{level:"warn", message:"Token verification failed", timestamp:"2024-11-15T06:34:49.879Z"}
{level:"warn", message:"Token verification failed", timestamp:"2024-11-15T06:35:13.401Z"}
{level:"warn", message:"Token verification failed", timestamp:"2024-11-15T06:37:56.371Z"}
{level:"warn", message:"Token verification failed", timestamp:"2024-11-15T06:38:09.994Z"}
{level:"warn", message:"Token verification failed", timestamp:"2024-11-15T06:38:15.137Z"}
{level:"warn", message:"Token verification failed", timestamp:"2024-11-15T06:39:44.486Z"}
{level:"warn", message:"Token verification failed", timestamp:"2024-11-15T06:44:23.032Z"}
{level:"info", message:"User logged in successfully", timestamp:"2024-11-15T06:44:29.800Z"}
{level:"info", message:"Token verified successfully", timestamp:"2024-11-15T06:44:42.311Z"}
{level:"info", message:"Product created successfully", timestamp:"2024-11-15T06:44:43.725Z"}
{level:"warn", message:"Token verification failed", timestamp:"2024-11-15T06:50:37.951Z"}
{level:"warn", message:"Token verification failed", timestamp:"2024-11-15T06:52:15.231Z"}
{level:"info", message:"Fetched single product", timestamp:"2024-11-15T06:52:22.345Z"}
{level:"info", message:"Fetched reviews for product", timestamp:"2024-11-15T06:52:22.404Z"}
{level:"info", message:"Fetched single product", timestamp:"2024-11-15T06:53:35.849Z"}
{level:"info", message:"Fetched reviews for product", timestamp:"2024-11-15T06:53:35.866Z"}
{level:"warn", message:"Token verification failed", timestamp:"2024-11-15T06:56:37.939Z"}
{level:"warn", message:"Token verification failed", timestamp:"2024-11-15T06:56:42.147Z"}
{level:"warn", message:"Token verification failed", timestamp:"2024-11-15T06:57:04.000Z"}
{level:"warn", message:"Token verification failed", timestamp:"2024-11-15T07:00:55.487Z"}
{level:"warn", message:"Token verification failed", timestamp:"2024-11-15T07:01:30.666Z"}
{level:"warn", message:"Token verification failed", timestamp:"2024-11-15T07:01:31.779Z"}
{level:"warn", message:"Token verification failed", timestamp:"2024-11-15T07:04:51.062Z"}
{level:"warn", message:"Token verification failed", timestamp:"2024-11-15T07:05:14.668Z"}
{level:"warn", message:"Token verification failed", timestamp:"2024-11-15T07:06:29.030Z"}
{level:"warn", message:"Token verification failed", timestamp:"2024-11-15T07:13:18.709Z"}
{level:"warn", message:"Token verification failed", timestamp:"2024-11-15T07:14:50.088Z"}
{level:"warn", message:"Token verification failed", timestamp:"2024-11-15T07:14:54.613Z"}
{level:"warn", message:"Token verification failed", timestamp:"2024-11-15T07:15:08.146Z"}
{level:"warn", message:"Token verification failed", timestamp:"2024-11-15T07:17:55.504Z"}
{level:"warn", message:"Token verification failed", timestamp:"2024-11-15T07:17:59.842Z"}
{level:"info", message:"Fetched single product", timestamp:"2024-11-15T07:18:04.605Z"}
{level:"info", message:"Fetched reviews for product", timestamp:"2024-11-15T07:18:04.672Z"}
{level:"warn", message:"Token verification failed", timestamp:"2024-11-15T07:18:30.035Z"}
{level:"info", message:"Fetched single product", timestamp:"2024-11-15T07:18:58.070Z"}
{level:"info", message:"Fetched reviews for product", timestamp:"2024-11-15T07:18:58.115Z"}
{level:"info", message:"Fetched single product", timestamp:"2024-11-15T07:19:12.796Z"}
{level:"info", message:"Fetched reviews for product", timestamp:"2024-11-15T07:19:12.818Z"}
{level:"warn", message:"Token verification failed", timestamp:"2024-11-15T07:19:41.945Z"}
{level:"warn", message:"Token verification failed", timestamp:"2024-11-15T07:21:54.227Z"}
{level:"info", message:"Fetched single product", timestamp:"2024-11-15T07:25:58.964Z"}
{level:"info", message:"Fetched reviews for product", timestamp:"2024-11-15T07:25:59.020Z"}
{level:"info", message:"Fetched single product", timestamp:"2024-11-15T07:30:18.468Z"}
{level:"info", message:"Fetched reviews for product", timestamp:"2024-11-15T07:30:18.485Z"}
{level:"warn", message:"Token verification failed", timestamp:"2024-11-15T07:33:19.023Z"}
{level:"warn", message:"Token verification failed", timestamp:"2024-11-15T07:35:27.151Z"}
{level:"info", message:"Fetched single product", timestamp:"2024-11-15T07:39:41.822Z"}
{level:"info", message:"Fetched reviews for product", timestamp:"2024-11-15T07:39:41.936Z"}
{level:"info", message:"Fetched single product", timestamp:"2024-11-15T07:41:31.940Z"}
{level:"info", message:"Fetched reviews for product", timestamp:"2024-11-15T07:41:31.960Z"}
{level:"info", message:"User logged in successfully", timestamp:"2024-11-15T07:44:55.113Z"}
{level:"info", message:"Fetched products with pagination", timestamp:"2024-11-15T07:46:52.235Z"}
{level:"warn", message:"Token verification failed", timestamp:"2024-11-15T07:48:42.219Z"}
{level:"info", message:"User logged in successfully", timestamp:"2024-11-15T07:48:49.843Z"}
{level:"info", message:"Token verified successfully", timestamp:"2024-11-15T07:49:00.128Z"}
{level:"info", message:"Product created successfully", timestamp:"2024-11-15T07:49:02.506Z"}
{level:"info", message:"Token verified successfully", timestamp:"2024-11-15T07:49:10.599Z"}
{level:"info", message:"Fetched single product", timestamp:"2024-11-15T07:49:15.600Z"}
{level:"info", message:"Fetched reviews for product", timestamp:"2024-11-15T07:49:15.788Z"}
{level:"info", message:"Token verified successfully", timestamp:"2024-11-15T07:49:49.233Z"}
{level:"warn", message:"Product not found", timestamp:"2024-11-15T07:49:49.540Z"}
{level:"info", message:"Token verified successfully", timestamp:"2024-11-15T07:49:59.744Z"}
{level:"info", message:"Token verified successfully", timestamp:"2024-11-15T07:53:31.223Z"}
{level:"info", message:"Product created successfully", timestamp:"2024-11-15T07:53:33.002Z"}
{level:"info", message:"Token verified successfully", timestamp:"2024-11-15T07:53:37.002Z"}
{level:"info", message:"Token verified successfully", timestamp:"2024-11-15T07:53:40.973Z"}
{level:"info", message:"Token verified successfully", timestamp:"2024-11-15T07:54:31.423Z"}
{level:"info", message:"Token verified successfully", timestamp:"2024-11-15T07:54:35.737Z"}
{level:"info", message:"Product created successfully", timestamp:"2024-11-15T07:54:37.053Z"}
{level:"info", message:"Token verified successfully", timestamp:"2024-11-15T07:54:40.344Z"}
{level:"info", message:"Token verified successfully", timestamp:"2024-11-15T07:54:45.101Z"}
{level:"info", message:"Token verified successfully", timestamp:"2024-11-15T07:55:05.746Z"}
{level:"info", message:"Token verified successfully", timestamp:"2024-11-15T07:56:58.776Z"}
{level:"info", message:"Fetched single product", timestamp:"2024-11-15T08:01:04.624Z"}
{level:"info", message:"Fetched reviews for product", timestamp:"2024-11-15T08:01:04.809Z"}
{level:"info", message:"Token verified successfully", timestamp:"2024-11-15T08:04:49.932Z"}
{level:"info", message:"Token verified successfully", timestamp:"2024-11-15T08:04:54.192Z"}
{level:"info", message:"Token verified successfully", timestamp:"2024-11-15T08:05:34.929Z"}
{level:"warn", message:"Token verification failed", timestamp:"2024-11-15T12:13:21.860Z"}
{level:"info", message:"User logged in successfully", timestamp:"2024-11-15T12:13:31.406Z"}
{level:"info", message:"Token verified successfully", timestamp:"2024-11-15T12:16:22.841Z"}
{level:"info", message:"User logged in successfully", timestamp:"2024-11-15T12:20:53.528Z"}
{level:"info", message:"Fetched products with pagination", timestamp:"2024-11-15T12:24:18.681Z"}
{level:"info", message:"Fetched single product", timestamp:"2024-11-15T12:24:20.769Z"}
{level:"info", message:"Fetched reviews for product", timestamp:"2024-11-15T12:24:20.895Z"}
{level:"info", message:"Fetched single product", timestamp:"2024-11-15T12:25:29.209Z"}
{level:"info", message:"Fetched reviews for product", timestamp:"2024-11-15T12:25:29.248Z"}
{level:"info", message:"Fetched single product", timestamp:"2024-11-15T12:26:12.526Z"}
{level:"info", message:"Fetched reviews for product", timestamp:"2024-11-15T12:26:12.672Z"}
{level:"info", message:"User logged in successfully", timestamp:"2024-11-15T12:26:18.013Z"}
{level:"info", message:"Fetched products with pagination", timestamp:"2024-11-15T12:26:55.991Z"}
{level:"info", message:"Fetched products with pagination", timestamp:"2024-11-15T12:26:59.941Z"}
{level:"info", message:"Fetched single product", timestamp:"2024-11-15T12:27:08.447Z"}
{level:"info", message:"Fetched reviews for product", timestamp:"2024-11-15T12:27:08.543Z"}
{level:"info", message:"User logged in successfully", timestamp:"2024-11-15T12:27:13.308Z"}
{level:"info", message:"Fetched single product", timestamp:"2024-11-15T12:27:13.382Z"}
{level:"info", message:"Fetched reviews for product", timestamp:"2024-11-15T12:27:13.463Z"}
{level:"info", message:"User logged in successfully", timestamp:"2024-11-15T12:28:52.799Z"}
{level:"info", message:"Token verified successfully", timestamp:"2024-11-15T12:32:44.894Z"}
{level:"info", message:"Token verified successfully", timestamp:"2024-11-15T12:32:48.354Z"}
{level:"info", message:"Review fetched successfully", timestamp:"2024-11-15T12:35:35.875Z"}
{level:"info", message:"Token verified successfully", timestamp:"2024-11-15T12:35:55.930Z"}
{level:"info", message:"Review fetched successfully", timestamp:"2024-11-15T12:35:56.130Z"}
{level:"info", message:"Token verified successfully", timestamp:"2024-11-15T12:36:48.536Z"}
{level:"info", message:"Review fetched successfully", timestamp:"2024-11-15T12:36:48.776Z"}
{level:"info", message:"Fetched single product", timestamp:"2024-11-15T12:36:55.575Z"}
{level:"info", message:"Token verified successfully", timestamp:"2024-11-15T12:37:11.541Z"}
{level:"info", message:"Review created successfully", timestamp:"2024-11-15T12:37:14.638Z"}
{level:"info", message:"Fetched single product", timestamp:"2024-11-15T12:37:14.686Z"}
{level:"info", message:"Fetched reviews for product", timestamp:"2024-11-15T12:37:14.754Z"}
{level:"info", message:"Fetched single product", timestamp:"2024-11-15T12:38:24.464Z"}
{level:"info", message:"Fetched reviews for product", timestamp:"2024-11-15T12:38:24.483Z"}
{level:"info", message:"Fetched single product", timestamp:"2024-11-15T12:40:39.964Z"}
{level:"info", message:"Fetched reviews for product", timestamp:"2024-11-15T12:40:39.983Z"}
{level:"info", message:"Password reset email sent", timestamp:"2024-11-15T12:43:23.652Z"}
{level:"info", message:"Password reset email sent", timestamp:"2024-11-15T12:49:52.366Z"}
{level:"info", message:"User logged in successfully", timestamp:"2024-11-15T13:02:05.986Z"}
{level:"info", message:"Fetched single product", timestamp:"2024-11-15T13:06:45.974Z"}
{level:"info", message:"Fetched reviews for product", timestamp:"2024-11-15T13:06:46.052Z"}
{level:"info", message:"Review fetched successfully", timestamp:"2024-11-15T13:07:01.154Z"}
{level:"info", message:"Fetched products with pagination", timestamp:"2024-11-15T13:07:06.286Z"}
{level:"info", message:"Fetched single product", timestamp:"2024-11-15T13:20:36.848Z"}
{level:"info", message:"Fetched reviews for product", timestamp:"2024-11-15T13:20:36.905Z"}
{level:"info", message:"Fetched products with pagination", timestamp:"2024-11-15T13:20:57.791Z"}
{level:"info", message:"Fetched single product", timestamp:"2024-11-15T13:21:00.045Z"}
{level:"info", message:"Fetched reviews for product", timestamp:"2024-11-15T13:21:00.421Z"}
{level:"info", message:"User logged in successfully", timestamp:"2024-11-15T13:24:13.344Z"}
{level:"warn", message:"Registration attempt without email", timestamp:"2024-11-15T13:26:00.493Z"}
{level:"warn", message:"Registration attempt without email", timestamp:"2024-11-15T13:26:01.917Z"}
{level:"warn", message:"Registration attempt without email", timestamp:"2024-11-15T13:26:02.412Z"}
{level:"warn", message:"Registration attempt without email", timestamp:"2024-11-15T13:26:02.942Z"}
{level:"warn", message:"Registration attempt without email", timestamp:"2024-11-15T13:26:03.752Z"}
{level:"warn", message:"Registration attempt without email", timestamp:"2024-11-15T13:26:04.256Z"}
{level:"warn", message:"Registration attempt without email", timestamp:"2024-11-15T13:26:04.460Z"}
{level:"warn", message:"Registration attempt without email", timestamp:"2024-11-15T13:26:04.635Z"}
{level:"warn", message:"Registration attempt without email", timestamp:"2024-11-15T13:26:04.831Z"}
{level:"warn", message:"Registration attempt without email", timestamp:"2024-11-15T13:26:05.016Z"}
{level:"warn", message:"Registration attempt without email", timestamp:"2024-11-15T13:26:05.190Z"}
{level:"warn", message:"Registration attempt without email", timestamp:"2024-11-15T13:26:05.375Z"}
{level:"warn", message:"Registration attempt without email", timestamp:"2024-11-15T13:26:05.583Z"}
{level:"warn", message:"Registration attempt without email", timestamp:"2024-11-15T13:26:05.716Z"}
{level:"warn", message:"Registration attempt without email", timestamp:"2024-11-15T13:26:05.901Z"}
{level:"warn", message:"Registration attempt without email", timestamp:"2024-11-15T13:26:06.066Z"}
{level:"warn", message:"Registration attempt without email", timestamp:"2024-11-15T13:26:06.260Z"}
{level:"warn", message:"Registration attempt without email", timestamp:"2024-11-15T13:26:06.436Z"}
{level:"warn", message:"Registration attempt without email", timestamp:"2024-11-15T13:26:06.591Z"}
{level:"warn", message:"Registration attempt without email", timestamp:"2024-11-15T13:26:06.767Z"}
{level:"warn", message:"Registration attempt without email", timestamp:"2024-11-15T13:26:06.932Z"}
{level:"warn", message:"Registration attempt without email", timestamp:"2024-11-15T13:26:07.166Z"}
{level:"warn", message:"Registration attempt without email", timestamp:"2024-11-15T13:26:17.377Z"}
{level:"warn", message:"Registration attempt without email", timestamp:"2024-11-15T13:26:17.921Z"}
{level:"warn", message:"Registration attempt without email", timestamp:"2024-11-15T13:26:22.037Z"}
{level:"warn", message:"Registration attempt without email", timestamp:"2024-11-15T13:26:22.508Z"}
{level:"warn", message:"Username already registered", timestamp:"2024-11-15T13:27:28.194Z"}
{level:"warn", message:"Email already registered", timestamp:"2024-11-15T13:27:35.036Z"}
{level:"warn", message:"Password validation failed: Password must be at least 8 characters long, Password must contain at least one number, Password must contain at least one special character", timestamp:"2024-11-15T13:27:43.388Z"}
{level:"warn", message:"Login attempt with incorrect email", timestamp:"2024-11-15T13:28:07.733Z"}
{level:"warn", message:"Registration attempt without email", timestamp:"2024-11-15T13:29:37.660Z"}
{level:"warn", message:"Registration attempt without email", timestamp:"2024-11-15T13:30:56.566Z"}
{level:"warn", message:"Login attempt with incorrect email", timestamp:"2024-11-15T13:31:03.725Z"}
