{level:"warn", message:"Password validation failed: Password must be at least 8 characters long", timestamp:"2024-10-17T11:54:14.423Z"}
{level:"warn", message:"Username already registered", timestamp:"2024-10-17T13:07:00.257Z"}
{level:"warn", message:"Login attempt without email", timestamp:"2024-10-17T13:28:11.012Z"}
{level:"warn", message:"Login attempt without email", timestamp:"2024-10-17T13:28:57.175Z"}
{level:"warn", message:"Login attempt without email", timestamp:"2024-10-17T13:29:06.934Z"}
{level:"warn", message:"Login attempt without email", timestamp:"2024-10-17T13:30:30.469Z"}
{level:"warn", message:"Login attempt without email", timestamp:"2024-10-17T13:30:43.306Z"}
{level:"warn", message:"Login attempt with incorrect password", timestamp:"2024-10-17T13:32:02.948Z"}
{level:"warn", message:"Login attempt with incorrect email", timestamp:"2024-10-17T13:43:24.611Z"}
{level:"warn", message:"Login attempt with incorrect email", timestamp:"2024-10-17T13:43:38.255Z"}
{level:"warn", message:"Login attempt with incorrect password", timestamp:"2024-10-17T13:43:46.958Z"}
{level:"warn", message:"Login attempt with incorrect email", timestamp:"2024-10-17T13:44:22.840Z"}
{level:"warn", message:"Login attempt with incorrect email", timestamp:"2024-10-17T13:46:47.092Z"}
{level:"warn", message:"Login attempt with incorrect email", timestamp:"2024-10-17T13:47:23.738Z"}
{level:"warn", message:"Login attempt with incorrect email", timestamp:"2024-10-17T13:47:49.737Z"}
{level:"warn", message:"Login attempt with incorrect password", timestamp:"2024-10-17T13:48:00.959Z"}
{level:"warn", message:"Login attempt with incorrect email", timestamp:"2024-10-17T13:48:07.756Z"}
{level:"warn", message:"Login attempt with incorrect email", timestamp:"2024-10-17T13:48:12.391Z"}
{level:"warn", message:"Login attempt with incorrect email", timestamp:"2024-10-17T13:48:12.929Z"}
{level:"warn", message:"Login attempt with incorrect email", timestamp:"2024-10-17T13:48:13.841Z"}
{level:"warn", message:"Login attempt with incorrect email", timestamp:"2024-10-17T13:49:32.064Z"}
{level:"warn", message:"Login attempt with incorrect password", timestamp:"2024-10-17T13:49:41.367Z"}
{level:"warn", message:"Login attempt with incorrect password", timestamp:"2024-10-17T13:50:12.426Z"}
{level:"warn", message:"Login attempt with incorrect password", timestamp:"2024-10-17T13:54:31.534Z"}
{level:"warn", message:"Login attempt with incorrect password", timestamp:"2024-10-17T13:54:32.192Z"}
{level:"warn", message:"Login attempt with incorrect password", timestamp:"2024-10-17T13:54:32.629Z"}
{level:"warn", message:"Login attempt with incorrect password", timestamp:"2024-10-17T13:54:32.982Z"}
{level:"warn", message:"Login attempt with incorrect password", timestamp:"2024-10-17T13:54:33.247Z"}
{level:"warn", message:"Login attempt with incorrect password", timestamp:"2024-10-17T13:54:33.473Z"}
{level:"warn", message:"Login attempt with incorrect password", timestamp:"2024-10-17T13:54:33.792Z"}
{level:"warn", message:"Login attempt with incorrect password", timestamp:"2024-10-17T13:54:34.092Z"}
{level:"warn", message:"Token verification failed", timestamp:"2024-10-17T14:55:59.124Z"}
{level:"warn", message:"Token verification failed", timestamp:"2024-10-17T14:55:59.311Z"}
{level:"warn", message:"Token verification failed", timestamp:"2024-10-17T14:56:21.385Z"}
{level:"warn", message:"Token verification failed", timestamp:"2024-10-17T14:56:21.586Z"}
{level:"warn", message:"Token verification failed", timestamp:"2024-10-18T05:27:31.835Z"}
{level:"warn", message:"Token verification failed", timestamp:"2024-10-18T05:27:31.852Z"}
{level:"warn", message:"Token verification failed", timestamp:"2024-10-18T05:28:04.070Z"}
{level:"warn", message:"Token verification failed", timestamp:"2024-10-18T05:28:04.111Z"}
{level:"warn", message:"Token verification failed", timestamp:"2024-10-18T05:28:43.199Z"}
{level:"warn", message:"Token verification failed", timestamp:"2024-10-18T05:28:43.232Z"}
