{level:"warn", message:"Token verification failed", timestamp:"2024-10-22T10:51:52.775Z"}
{level:"warn", message:"Token verification failed", timestamp:"2024-10-22T10:51:52.790Z"}
{level:"warn", message:"Token verification failed", timestamp:"2024-10-22T11:14:19.896Z"}
{level:"warn", message:"Token verification failed", timestamp:"2024-10-22T11:14:19.917Z"}
{level:"error", message:"Error fetching single product", timestamp:"2024-10-22T11:27:27.604Z"}
{level:"error", message:"Error fetching single product", timestamp:"2024-10-22T11:27:27.642Z"}
{level:"error", message:"Error fetching single product", timestamp:"2024-10-22T11:30:48.607Z"}
{level:"warn", message:"Token verification failed", timestamp:"2024-10-22T11:57:58.559Z"}
{level:"warn", message:"Token verification failed", timestamp:"2024-10-22T11:57:58.574Z"}
{level:"warn", message:"Token verification failed", timestamp:"2024-10-22T12:00:41.530Z"}
{level:"warn", message:"Token verification failed", timestamp:"2024-10-22T12:00:41.588Z"}
{level:"warn", message:"Authorization header is missing", timestamp:"2024-10-22T12:01:34.582Z"}
{level:"error", message:"Error while fetching reviews", timestamp:"2024-10-22T12:06:12.446Z"}
{level:"error", message:"Error while fetching reviews", timestamp:"2024-10-22T12:06:44.793Z"}
{level:"warn", message:"Token verification failed", timestamp:"2024-10-22T12:10:32.089Z"}
{level:"warn", message:"User has already reviewed this product", timestamp:"2024-10-22T12:19:30.458Z"}
{level:"warn", message:"Token verification failed", timestamp:"2024-10-22T12:20:08.259Z"}
{level:"warn", message:"Token verification failed", timestamp:"2024-10-22T12:20:08.330Z"}
{level:"warn", message:"Token verification failed", timestamp:"2024-10-22T13:27:18.655Z"}
{level:"warn", message:"Token verification failed", timestamp:"2024-10-22T13:28:51.012Z"}
{level:"warn", message:"Token verification failed", timestamp:"2024-10-22T13:28:51.039Z"}
{level:"warn", message:"Token verification failed", timestamp:"2024-10-22T13:28:52.819Z"}
{level:"warn", message:"Token verification failed", timestamp:"2024-10-22T13:28:52.880Z"}
{level:"warn", message:"Token verification failed", timestamp:"2024-10-22T13:33:44.757Z"}
{level:"warn", message:"Token verification failed", timestamp:"2024-10-22T13:33:44.789Z"}
{level:"warn", message:"Token verification failed", timestamp:"2024-10-22T13:33:52.381Z"}
{level:"warn", message:"Token verification failed", timestamp:"2024-10-22T13:33:52.408Z"}
{level:"warn", message:"Token verification failed", timestamp:"2024-10-22T13:33:54.028Z"}
{level:"warn", message:"Token verification failed", timestamp:"2024-10-22T13:33:54.053Z"}
{level:"warn", message:"Token verification failed", timestamp:"2024-10-22T13:33:54.811Z"}
{level:"warn", message:"Token verification failed", timestamp:"2024-10-22T13:33:54.827Z"}
{level:"warn", message:"Token verification failed", timestamp:"2024-10-22T13:33:55.175Z"}
{level:"warn", message:"Token verification failed", timestamp:"2024-10-22T13:33:55.198Z"}
{level:"warn", message:"Token verification failed", timestamp:"2024-10-22T13:33:55.492Z"}
{level:"warn", message:"Token verification failed", timestamp:"2024-10-22T13:33:55.509Z"}
{level:"warn", message:"Token verification failed", timestamp:"2024-10-22T13:33:56.180Z"}
{level:"warn", message:"Token verification failed", timestamp:"2024-10-22T13:33:56.195Z"}
{level:"warn", message:"Token verification failed", timestamp:"2024-10-22T13:33:56.510Z"}
{level:"warn", message:"Token verification failed", timestamp:"2024-10-22T13:33:56.532Z"}
{level:"warn", message:"Login attempt with incorrect email", timestamp:"2024-10-22T13:34:14.414Z"}
{level:"warn", message:"Token verification failed", timestamp:"2024-10-22T13:34:56.033Z"}
{level:"warn", message:"Token verification failed", timestamp:"2024-10-22T13:34:56.057Z"}
{level:"warn", message:"Token verification failed", timestamp:"2024-10-22T13:43:53.911Z"}
{level:"warn", message:"Token verification failed", timestamp:"2024-10-22T13:43:54.112Z"}
{level:"warn", message:"Token verification failed", timestamp:"2024-10-22T14:54:54.116Z"}
{level:"warn", message:"Token verification failed", timestamp:"2024-10-22T14:54:54.140Z"}
