{level:"warn", message:"Token verification failed", timestamp:"2024-11-02T03:16:55.750Z"}
{level:"warn", message:"Token verification failed", timestamp:"2024-11-02T03:17:25.177Z"}
{level:"warn", message:"Token verification failed", timestamp:"2024-11-02T03:17:28.951Z"}
{level:"warn", message:"Token verification failed", timestamp:"2024-11-02T03:20:21.059Z"}
{level:"warn", message:"Token verification failed", timestamp:"2024-11-02T03:25:47.146Z"}
{level:"warn", message:"Token verification failed", timestamp:"2024-11-02T03:27:02.112Z"}
{level:"warn", message:"Token verification failed", timestamp:"2024-11-02T03:27:35.518Z"}
{level:"warn", message:"Token verification failed", timestamp:"2024-11-02T03:29:23.754Z"}
{level:"warn", message:"Invalid token", timestamp:"2024-11-02T03:29:29.220Z"}
{level:"warn", message:"Token verification failed", timestamp:"2024-11-02T03:29:29.323Z"}
{level:"warn", message:"Invalid token", timestamp:"2024-11-02T03:33:48.831Z"}
{level:"warn", message:"Token verification failed", timestamp:"2024-11-02T03:33:48.865Z"}
{level:"warn", message:"Invalid token", timestamp:"2024-11-02T03:33:59.351Z"}
{level:"warn", message:"Token verification failed", timestamp:"2024-11-02T03:33:59.361Z"}
{level:"warn", message:"Invalid token", timestamp:"2024-11-02T03:34:16.491Z"}
{level:"warn", message:"Invalid token", timestamp:"2024-11-02T03:34:33.106Z"}
{level:"warn", message:"Token verification failed", timestamp:"2024-11-02T03:34:33.119Z"}
{level:"warn", message:"Invalid token", timestamp:"2024-11-02T03:34:53.587Z"}
{level:"warn", message:"Invalid token", timestamp:"2024-11-02T03:35:01.147Z"}
{level:"warn", message:"Token verification failed", timestamp:"2024-11-02T03:35:01.189Z"}
{level:"warn", message:"Invalid token", timestamp:"2024-11-02T03:35:22.517Z"}
{level:"warn", message:"Invalid token", timestamp:"2024-11-02T03:35:27.119Z"}
{level:"warn", message:"Token verification failed", timestamp:"2024-11-02T03:35:27.164Z"}
{level:"warn", message:"Invalid token", timestamp:"2024-11-02T03:36:34.861Z"}
{level:"warn", message:"Invalid token", timestamp:"2024-11-02T03:36:41.055Z"}
{level:"warn", message:"Token verification failed", timestamp:"2024-11-02T03:36:41.083Z"}
{level:"warn", message:"Invalid token", timestamp:"2024-11-02T03:37:04.398Z"}
{level:"warn", message:"Token verification failed", timestamp:"2024-11-02T03:37:04.647Z"}
{level:"warn", message:"Invalid token", timestamp:"2024-11-02T03:37:41.501Z"}
{level:"warn", message:"Invalid token", timestamp:"2024-11-02T03:37:48.486Z"}
{level:"warn", message:"Invalid token", timestamp:"2024-11-02T03:38:18.517Z"}
{level:"warn", message:"Token verification failed", timestamp:"2024-11-02T03:38:18.526Z"}
{level:"warn", message:"Invalid token", timestamp:"2024-11-02T03:38:41.966Z"}
{level:"warn", message:"Token verification failed", timestamp:"2024-11-02T03:38:41.988Z"}
{level:"warn", message:"Invalid token", timestamp:"2024-11-02T03:38:46.012Z"}
{level:"warn", message:"Token verification failed", timestamp:"2024-11-02T03:38:46.019Z"}
{level:"warn", message:"Invalid token", timestamp:"2024-11-02T03:39:00.135Z"}
{level:"warn", message:"Token verification failed", timestamp:"2024-11-02T03:39:00.141Z"}
{level:"warn", message:"Invalid token", timestamp:"2024-11-02T03:39:16.605Z"}
{level:"warn", message:"Invalid token", timestamp:"2024-11-02T03:39:43.509Z"}
{level:"warn", message:"Invalid token", timestamp:"2024-11-02T03:39:51.663Z"}
{level:"warn", message:"Token verification failed", timestamp:"2024-11-02T03:39:51.672Z"}
{level:"warn", message:"Invalid token", timestamp:"2024-11-02T03:41:01.507Z"}
{level:"warn", message:"Token verification failed", timestamp:"2024-11-02T03:41:01.519Z"}
{level:"warn", message:"Invalid token", timestamp:"2024-11-02T03:41:04.607Z"}
{level:"warn", message:"Token verification failed", timestamp:"2024-11-02T03:41:04.648Z"}
{level:"warn", message:"Invalid token", timestamp:"2024-11-02T03:41:42.498Z"}
{level:"warn", message:"Invalid token", timestamp:"2024-11-02T03:41:53.490Z"}
{level:"warn", message:"Invalid token", timestamp:"2024-11-02T03:42:16.546Z"}
{level:"warn", message:"Token verification failed", timestamp:"2024-11-02T03:42:23.468Z"}
{level:"warn", message:"Invalid token", timestamp:"2024-11-02T03:42:30.237Z"}
{level:"warn", message:"Token verification failed", timestamp:"2024-11-02T03:42:30.263Z"}
{level:"warn", message:"Token verification failed", timestamp:"2024-11-02T03:43:33.889Z"}
{level:"warn", message:"Token verification failed", timestamp:"2024-11-02T03:44:07.547Z"}
{level:"warn", message:"Token verification failed", timestamp:"2024-11-02T03:44:19.505Z"}
{level:"warn", message:"Token verification failed", timestamp:"2024-11-02T03:44:23.032Z"}
{level:"warn", message:"Token verification failed", timestamp:"2024-11-02T03:44:43.539Z"}
{level:"warn", message:"Token verification failed", timestamp:"2024-11-02T03:44:44.515Z"}
{level:"warn", message:"Token verification failed", timestamp:"2024-11-02T03:45:01.462Z"}
{level:"warn", message:"Invalid token", timestamp:"2024-11-02T03:45:08.419Z"}
{level:"warn", message:"Token verification failed", timestamp:"2024-11-02T03:45:08.423Z"}
{level:"warn", message:"Invalid token", timestamp:"2024-11-02T03:45:18.246Z"}
{level:"warn", message:"Token verification failed", timestamp:"2024-11-02T03:45:18.276Z"}
{level:"warn", message:"Token verification failed", timestamp:"2024-11-02T03:45:51.414Z"}
{level:"warn", message:"Token verification failed", timestamp:"2024-11-02T03:46:20.402Z"}
{level:"warn", message:"Invalid token", timestamp:"2024-11-02T03:47:09.711Z"}
{level:"warn", message:"Token verification failed", timestamp:"2024-11-02T03:47:09.791Z"}
{level:"warn", message:"Token verification failed", timestamp:"2024-11-02T03:47:33.260Z"}
{level:"warn", message:"Token verification failed", timestamp:"2024-11-02T03:47:38.092Z"}
{level:"warn", message:"Invalid token", timestamp:"2024-11-02T03:48:32.620Z"}
{level:"warn", message:"Invalid token", timestamp:"2024-11-02T03:48:46.518Z"}
{level:"warn", message:"Invalid token", timestamp:"2024-11-02T03:50:59.528Z"}
{level:"warn", message:"Token verification failed", timestamp:"2024-11-02T03:51:20.866Z"}
{level:"warn", message:"Token verification failed", timestamp:"2024-11-02T03:51:26.031Z"}
{level:"warn", message:"Token verification failed", timestamp:"2024-11-02T03:51:48.727Z"}
{level:"warn", message:"Token verification failed", timestamp:"2024-11-02T03:55:03.131Z"}
{level:"warn", message:"Invalid token", timestamp:"2024-11-02T04:02:37.949Z"}
{level:"warn", message:"Invalid token", timestamp:"2024-11-02T04:03:55.338Z"}
{level:"warn", message:"Token verification failed", timestamp:"2024-11-02T04:03:55.503Z"}
{level:"warn", message:"Token verification failed", timestamp:"2024-11-02T04:04:06.998Z"}
{level:"warn", message:"Token verification failed", timestamp:"2024-11-02T04:05:04.755Z"}
{level:"warn", message:"Token verification failed", timestamp:"2024-11-02T04:05:16.956Z"}
{level:"warn", message:"Token verification failed", timestamp:"2024-11-02T04:05:17.076Z"}
{level:"warn", message:"Token verification failed", timestamp:"2024-11-02T04:05:17.170Z"}
{level:"warn", message:"Token verification failed", timestamp:"2024-11-02T04:05:21.197Z"}
{level:"warn", message:"Token verification failed", timestamp:"2024-11-02T04:06:45.919Z"}
{level:"warn", message:"Token verification failed", timestamp:"2024-11-02T04:06:46.216Z"}
{level:"warn", message:"Token verification failed", timestamp:"2024-11-02T04:06:46.419Z"}
{level:"warn", message:"Token verification failed", timestamp:"2024-11-02T04:06:46.535Z"}
{level:"warn", message:"Token verification failed", timestamp:"2024-11-02T04:06:50.565Z"}
{level:"warn", message:"Token verification failed", timestamp:"2024-11-02T04:07:04.152Z"}
{level:"warn", message:"Token verification failed", timestamp:"2024-11-02T04:07:04.645Z"}
{level:"warn", message:"Token verification failed", timestamp:"2024-11-02T04:07:04.657Z"}
{level:"warn", message:"Token verification failed", timestamp:"2024-11-02T04:07:04.669Z"}
{level:"warn", message:"Invalid token", timestamp:"2024-11-02T04:07:41.842Z"}
{level:"warn", message:"Token verification failed", timestamp:"2024-11-02T04:07:41.847Z"}
{level:"warn", message:"Token verification failed", timestamp:"2024-11-02T04:07:53.020Z"}
{level:"warn", message:"Token verification failed", timestamp:"2024-11-02T04:08:08.294Z"}
{level:"warn", message:"Invalid token", timestamp:"2024-11-02T04:08:23.745Z"}
{level:"warn", message:"Token verification failed", timestamp:"2024-11-02T04:08:23.794Z"}
{level:"warn", message:"Invalid token", timestamp:"2024-11-02T04:08:44.538Z"}
{level:"warn", message:"Invalid token", timestamp:"2024-11-02T04:08:49.672Z"}
{level:"warn", message:"Token verification failed", timestamp:"2024-11-02T04:08:49.691Z"}
{level:"warn", message:"Token verification failed", timestamp:"2024-11-02T04:08:55.904Z"}
{level:"warn", message:"Invalid token", timestamp:"2024-11-02T04:09:02.459Z"}
{level:"warn", message:"Token verification failed", timestamp:"2024-11-02T04:09:02.481Z"}
{level:"warn", message:"Token verification failed", timestamp:"2024-11-02T04:09:19.835Z"}
{level:"warn", message:"Token verification failed", timestamp:"2024-11-02T04:10:25.262Z"}
{level:"warn", message:"Token verification failed", timestamp:"2024-11-02T04:10:44.428Z"}
{level:"warn", message:"Token verification failed", timestamp:"2024-11-02T04:12:18.668Z"}
{level:"warn", message:"Invalid token", timestamp:"2024-11-02T04:12:34.850Z"}
{level:"warn", message:"Token verification failed", timestamp:"2024-11-02T04:12:34.870Z"}
{level:"warn", message:"Invalid token", timestamp:"2024-11-02T04:13:14.280Z"}
{level:"warn", message:"Invalid token", timestamp:"2024-11-02T04:13:16.526Z"}
{level:"warn", message:"Token verification failed", timestamp:"2024-11-02T04:13:16.534Z"}
{level:"warn", message:"Invalid token", timestamp:"2024-11-02T04:14:30.736Z"}
{level:"warn", message:"Token verification failed", timestamp:"2024-11-02T04:14:30.957Z"}
{level:"warn", message:"Token verification failed", timestamp:"2024-11-02T04:14:34.854Z"}
{level:"warn", message:"Token verification failed", timestamp:"2024-11-02T04:14:35.284Z"}
{level:"warn", message:"Token verification failed", timestamp:"2024-11-02T04:14:36.026Z"}
{level:"warn", message:"Token verification failed", timestamp:"2024-11-02T04:15:10.153Z"}
{level:"warn", message:"Token verification failed", timestamp:"2024-11-02T04:17:27.725Z"}
{level:"warn", message:"Token verification failed", timestamp:"2024-11-02T04:17:28.154Z"}
{level:"warn", message:"Token verification failed", timestamp:"2024-11-02T04:17:28.589Z"}
{level:"warn", message:"Token verification failed", timestamp:"2024-11-02T04:17:29.218Z"}
{level:"warn", message:"Token verification failed", timestamp:"2024-11-02T04:17:37.326Z"}
{level:"warn", message:"Token verification failed", timestamp:"2024-11-02T04:17:40.193Z"}
{level:"warn", message:"Token verification failed", timestamp:"2024-11-02T04:17:40.503Z"}
{level:"warn", message:"Token verification failed", timestamp:"2024-11-02T04:17:40.930Z"}
{level:"warn", message:"Invalid token", timestamp:"2024-11-02T04:18:27.838Z"}
{level:"warn", message:"Token verification failed", timestamp:"2024-11-02T04:18:27.946Z"}
{level:"warn", message:"Token verification failed", timestamp:"2024-11-02T04:19:52.912Z"}
{level:"warn", message:"Token verification failed", timestamp:"2024-11-02T04:22:01.416Z"}
{level:"warn", message:"Token verification failed", timestamp:"2024-11-02T04:22:04.653Z"}
{level:"warn", message:"Token verification failed", timestamp:"2024-11-02T04:22:05.379Z"}
{level:"warn", message:"Token verification failed", timestamp:"2024-11-02T04:22:05.845Z"}
{level:"warn", message:"Token verification failed", timestamp:"2024-11-02T04:22:16.006Z"}
{level:"warn", message:"Token verification failed", timestamp:"2024-11-02T04:22:18.414Z"}
{level:"warn", message:"Token verification failed", timestamp:"2024-11-02T04:22:19.852Z"}
{level:"warn", message:"Token verification failed", timestamp:"2024-11-02T04:22:21.620Z"}
{level:"warn", message:"Login attempt with incorrect password", timestamp:"2024-11-02T04:22:22.456Z"}
{level:"warn", message:"Token verification failed", timestamp:"2024-11-02T04:22:22.917Z"}
{level:"warn", message:"Token verification failed", timestamp:"2024-11-02T04:22:23.738Z"}
{level:"warn", message:"Token verification failed", timestamp:"2024-11-02T04:22:24.735Z"}
{level:"warn", message:"Invalid token", timestamp:"2024-11-02T04:22:29.941Z"}
{level:"warn", message:"Token verification failed", timestamp:"2024-11-02T04:22:54.900Z"}
{level:"warn", message:"Invalid token", timestamp:"2024-11-02T04:23:08.441Z"}
{level:"warn", message:"Token verification failed", timestamp:"2024-11-02T04:23:08.465Z"}
{level:"warn", message:"Token verification failed", timestamp:"2024-11-02T04:23:42.131Z"}
{level:"warn", message:"Invalid token", timestamp:"2024-11-02T04:23:46.602Z"}
{level:"warn", message:"Token verification failed", timestamp:"2024-11-02T04:23:46.606Z"}
{level:"warn", message:"Token verification failed", timestamp:"2024-11-02T04:23:46.830Z"}
{level:"warn", message:"Token verification failed", timestamp:"2024-11-02T04:23:47.676Z"}
{level:"warn", message:"Token verification failed", timestamp:"2024-11-02T04:23:47.729Z"}
{level:"warn", message:"Token verification failed", timestamp:"2024-11-02T04:23:52.984Z"}
{level:"warn", message:"Token verification failed", timestamp:"2024-11-02T04:23:53.926Z"}
{level:"warn", message:"Password reset attempt without email", timestamp:"2024-11-02T04:24:59.960Z"}
{level:"warn", message:"Password is required", timestamp:"2024-11-02T04:25:37.229Z"}
{level:"warn", message:"Password is required", timestamp:"2024-11-02T04:25:38.438Z"}
{level:"warn", message:"Password is required", timestamp:"2024-11-02T04:25:38.833Z"}
{level:"warn", message:"Token verification failed", timestamp:"2024-11-02T04:25:49.889Z"}
{level:"warn", message:"Token verification failed", timestamp:"2024-11-02T04:26:16.656Z"}
{level:"warn", message:"Login attempt with incorrect password", timestamp:"2024-11-02T04:27:06.449Z"}
{level:"warn", message:"Login attempt with incorrect password", timestamp:"2024-11-02T04:27:11.610Z"}
{level:"warn", message:"Token already used or invalid", timestamp:"2024-11-02T04:32:57.565Z"}
{level:"warn", message:"Token already used or invalid", timestamp:"2024-11-02T04:33:06.976Z"}
{level:"warn", message:"Token already used or invalid", timestamp:"2024-11-02T04:38:41.222Z"}
{level:"warn", message:"Token already used or invalid", timestamp:"2024-11-02T04:40:34.451Z"}
{level:"warn", message:"Token already used or invalid", timestamp:"2024-11-02T04:41:06.982Z"}
{level:"warn", message:"Token already used or invalid", timestamp:"2024-11-02T04:42:36.541Z"}
{level:"warn", message:"Invalid token", timestamp:"2024-11-02T04:43:01.820Z"}
{level:"warn", message:"Token already used or invalid", timestamp:"2024-11-02T04:44:21.882Z"}
{level:"warn", message:"Token already used or invalid", timestamp:"2024-11-02T04:44:58.333Z"}
{level:"warn", message:"Token already used or invalid", timestamp:"2024-11-02T04:45:10.272Z"}
{level:"warn", message:"Token already used or invalid", timestamp:"2024-11-02T04:45:55.582Z"}
{level:"warn", message:"Invalid token", timestamp:"2024-11-02T04:46:25.176Z"}
{level:"warn", message:"Token already used or invalid", timestamp:"2024-11-02T04:46:31.284Z"}
{level:"warn", message:"Token already used or invalid", timestamp:"2024-11-02T04:46:34.001Z"}
{level:"warn", message:"Token already used or invalid", timestamp:"2024-11-02T04:47:17.154Z"}
{level:"warn", message:"Token already used or invalid", timestamp:"2024-11-02T04:47:18.335Z"}
{level:"warn", message:"Token already used or invalid", timestamp:"2024-11-02T04:47:18.685Z"}
{level:"warn", message:"Token already used or invalid", timestamp:"2024-11-02T04:47:18.839Z"}
{level:"warn", message:"Token already used or invalid", timestamp:"2024-11-02T04:48:26.748Z"}
{level:"warn", message:"Token already used or invalid", timestamp:"2024-11-02T04:48:27.782Z"}
{level:"warn", message:"Token already used or invalid", timestamp:"2024-11-02T04:48:28.228Z"}
{level:"warn", message:"Token already used or invalid", timestamp:"2024-11-02T04:48:28.548Z"}
{level:"warn", message:"Token already used or invalid", timestamp:"2024-11-02T04:48:28.821Z"}
{level:"warn", message:"Token already used or invalid", timestamp:"2024-11-02T04:48:29.074Z"}
{level:"warn", message:"Token already used or invalid", timestamp:"2024-11-02T04:48:29.263Z"}
{level:"warn", message:"Token already used or invalid", timestamp:"2024-11-02T04:48:29.453Z"}
{level:"warn", message:"Token already used or invalid", timestamp:"2024-11-02T04:48:29.611Z"}
{level:"warn", message:"Token already used or invalid", timestamp:"2024-11-02T04:48:29.753Z"}
{level:"warn", message:"Token already used or invalid", timestamp:"2024-11-02T04:50:12.980Z"}
{level:"warn", message:"Token already used or invalid", timestamp:"2024-11-02T04:50:36.600Z"}
{level:"warn", message:"Token already used or invalid", timestamp:"2024-11-02T04:50:40.475Z"}
{level:"warn", message:"Token already used or invalid", timestamp:"2024-11-02T04:51:29.248Z"}
{level:"warn", message:"Token already used or invalid", timestamp:"2024-11-02T04:52:44.313Z"}
{level:"warn", message:"Token already used or invalid", timestamp:"2024-11-02T04:54:03.700Z"}
{level:"warn", message:"Token already used or invalid", timestamp:"2024-11-02T04:57:41.985Z"}
{level:"warn", message:"Token already used or invalid", timestamp:"2024-11-02T05:04:22.408Z"}
{level:"warn", message:"Token already used or invalid", timestamp:"2024-11-02T05:04:24.226Z"}
{level:"warn", message:"Token already used or invalid", timestamp:"2024-11-02T05:04:36.451Z"}
