{level:"warn", message:"Token verification failed", timestamp:"2024-10-05T03:51:15.644Z"}
{level:"warn", message:"Login attempt with incorrect password", timestamp:"2024-10-05T04:02:11.465Z"}
{level:"warn", message:"Token verification failed", timestamp:"2024-10-05T04:32:13.798Z"}
{level:"warn", message:"Token verification failed", timestamp:"2024-10-05T07:51:14.448Z"}
{level:"warn", message:"Order not delivered", timestamp:"2024-10-05T07:51:41.517Z"}
{level:"warn", message:"Order not delivered", timestamp:"2024-10-05T07:52:58.149Z"}
{level:"warn", message:"Order not delivered", timestamp:"2024-10-05T07:53:38.314Z"}
{level:"warn", message:"Order not delivered", timestamp:"2024-10-05T07:53:40.042Z"}
{level:"error", message:"Error while creating review", timestamp:"2024-10-05T07:54:09.572Z"}
{level:"error", message:"Error while creating review", timestamp:"2024-10-05T07:55:53.137Z"}
{level:"warn", message:"User has already reviewed this product", timestamp:"2024-10-05T07:56:31.737Z"}
{level:"warn", message:"Token verification failed", timestamp:"2024-10-05T07:56:59.112Z"}
{level:"error", message:"Error creating order", timestamp:"2024-10-05T07:57:09.118Z"}
{level:"error", message:"Error creating order", timestamp:"2024-10-05T07:57:25.674Z"}
{level:"warn", message:"User has already reviewed this product", timestamp:"2024-10-05T08:02:45.944Z"}
{level:"warn", message:"User has already reviewed this product", timestamp:"2024-10-05T08:03:36.067Z"}
{level:"error", message:"Error fetching single product", timestamp:"2024-10-05T09:10:33.728Z"}
{level:"error", message:"Error fetching single product", timestamp:"2024-10-05T09:12:23.750Z"}
{level:"error", message:"Error fetching single product", timestamp:"2024-10-05T09:13:34.473Z"}
{level:"error", message:"Error fetching single product", timestamp:"2024-10-05T09:14:03.579Z"}
{level:"error", message:"Error fetching single product", timestamp:"2024-10-05T09:15:18.549Z"}
{level:"warn", message:"Token verification failed", timestamp:"2024-10-05T10:03:44.712Z"}
{level:"warn", message:"Token verification failed", timestamp:"2024-10-05T10:03:49.074Z"}
{level:"warn", message:"Token verification failed", timestamp:"2024-10-05T10:10:12.654Z"}
