{level:"warn", message:"Login attempt with incorrect password", timestamp:"2024-10-19T08:12:30.461Z"}
{level:"warn", message:"Login attempt with incorrect email", timestamp:"2024-10-19T08:12:37.062Z"}
{level:"warn", message:"Token verification failed", timestamp:"2024-10-19T10:41:10.907Z"}
{level:"warn", message:"Token verification failed", timestamp:"2024-10-19T10:41:10.943Z"}
{level:"warn", message:"Token verification failed", timestamp:"2024-10-19T10:41:23.929Z"}
{level:"warn", message:"Token verification failed", timestamp:"2024-10-19T10:41:23.956Z"}
{level:"warn", message:"Token verification failed", timestamp:"2024-10-19T10:41:27.283Z"}
{level:"warn", message:"Token verification failed", timestamp:"2024-10-19T10:41:27.304Z"}
{level:"warn", message:"Token verification failed", timestamp:"2024-10-19T10:41:42.350Z"}
{level:"warn", message:"Token verification failed", timestamp:"2024-10-19T10:41:42.376Z"}
{level:"warn", message:"Token verification failed", timestamp:"2024-10-19T10:42:29.857Z"}
{level:"warn", message:"Token verification failed", timestamp:"2024-10-19T10:42:29.870Z"}
{level:"warn", message:"Token verification failed", timestamp:"2024-10-19T10:42:31.767Z"}
{level:"warn", message:"Token verification failed", timestamp:"2024-10-19T10:42:31.780Z"}
{level:"warn", message:"Token verification failed", timestamp:"2024-10-19T10:42:36.425Z"}
{level:"warn", message:"Token verification failed", timestamp:"2024-10-19T10:42:36.462Z"}
{level:"warn", message:"Token verification failed", timestamp:"2024-10-19T10:42:37.276Z"}
{level:"warn", message:"Token verification failed", timestamp:"2024-10-19T10:42:37.301Z"}
{level:"warn", message:"Token verification failed", timestamp:"2024-10-19T10:42:44.144Z"}
{level:"warn", message:"Token verification failed", timestamp:"2024-10-19T10:42:44.165Z"}
{level:"warn", message:"Token verification failed", timestamp:"2024-10-19T10:42:47.908Z"}
{level:"warn", message:"Token verification failed", timestamp:"2024-10-19T10:42:47.930Z"}
{level:"warn", message:"Token verification failed", timestamp:"2024-10-19T10:42:55.848Z"}
{level:"warn", message:"Token verification failed", timestamp:"2024-10-19T10:42:55.891Z"}
{level:"warn", message:"Token verification failed", timestamp:"2024-10-19T10:43:05.753Z"}
{level:"warn", message:"Token verification failed", timestamp:"2024-10-19T10:43:05.792Z"}
{level:"warn", message:"Token verification failed", timestamp:"2024-10-19T10:47:20.860Z"}
{level:"warn", message:"Token verification failed", timestamp:"2024-10-19T10:47:20.887Z"}
{level:"warn", message:"Token verification failed", timestamp:"2024-10-19T10:47:32.217Z"}
{level:"warn", message:"Token verification failed", timestamp:"2024-10-19T10:47:32.233Z"}
{level:"warn", message:"Token verification failed", timestamp:"2024-10-19T10:47:59.561Z"}
{level:"warn", message:"Token verification failed", timestamp:"2024-10-19T10:47:59.584Z"}
{level:"warn", message:"Token verification failed", timestamp:"2024-10-19T10:48:04.774Z"}
{level:"warn", message:"Token verification failed", timestamp:"2024-10-19T10:48:04.809Z"}
{level:"warn", message:"Token verification failed", timestamp:"2024-10-19T10:48:09.264Z"}
{level:"warn", message:"Token verification failed", timestamp:"2024-10-19T10:48:09.284Z"}
{level:"warn", message:"Token verification failed", timestamp:"2024-10-19T10:48:34.509Z"}
{level:"warn", message:"Token verification failed", timestamp:"2024-10-19T10:48:34.534Z"}
{level:"warn", message:"Token verification failed", timestamp:"2024-10-19T10:49:04.762Z"}
{level:"warn", message:"Token verification failed", timestamp:"2024-10-19T10:49:04.797Z"}
{level:"warn", message:"Token verification failed", timestamp:"2024-10-19T10:49:17.838Z"}
{level:"warn", message:"Token verification failed", timestamp:"2024-10-19T10:49:17.877Z"}
{level:"warn", message:"Token verification failed", timestamp:"2024-10-19T10:49:30.698Z"}
{level:"warn", message:"Token verification failed", timestamp:"2024-10-19T10:49:30.722Z"}
{level:"warn", message:"Token verification failed", timestamp:"2024-10-19T10:49:38.322Z"}
{level:"warn", message:"Token verification failed", timestamp:"2024-10-19T10:49:38.356Z"}
{level:"warn", message:"Token verification failed", timestamp:"2024-10-19T10:50:05.880Z"}
{level:"warn", message:"Token verification failed", timestamp:"2024-10-19T10:50:05.913Z"}
{level:"warn", message:"Token verification failed", timestamp:"2024-10-19T10:50:13.047Z"}
{level:"warn", message:"Token verification failed", timestamp:"2024-10-19T10:50:13.077Z"}
{level:"warn", message:"Token verification failed", timestamp:"2024-10-19T10:50:22.177Z"}
{level:"warn", message:"Token verification failed", timestamp:"2024-10-19T10:50:22.194Z"}
{level:"warn", message:"Token verification failed", timestamp:"2024-10-19T10:50:29.065Z"}
{level:"warn", message:"Token verification failed", timestamp:"2024-10-19T10:50:29.097Z"}
{level:"warn", message:"Token verification failed", timestamp:"2024-10-19T10:50:37.556Z"}
{level:"warn", message:"Token verification failed", timestamp:"2024-10-19T10:50:37.577Z"}
{level:"warn", message:"Token verification failed", timestamp:"2024-10-19T10:50:39.765Z"}
{level:"warn", message:"Token verification failed", timestamp:"2024-10-19T10:50:39.787Z"}
{level:"warn", message:"Token verification failed", timestamp:"2024-10-19T10:50:44.171Z"}
{level:"warn", message:"Token verification failed", timestamp:"2024-10-19T10:50:44.194Z"}
{level:"warn", message:"Token verification failed", timestamp:"2024-10-19T10:50:45.830Z"}
{level:"warn", message:"Token verification failed", timestamp:"2024-10-19T10:50:45.841Z"}
{level:"warn", message:"Token verification failed", timestamp:"2024-10-19T10:50:48.893Z"}
{level:"warn", message:"Token verification failed", timestamp:"2024-10-19T10:50:48.900Z"}
{level:"warn", message:"Token verification failed", timestamp:"2024-10-19T10:50:52.946Z"}
{level:"warn", message:"Token verification failed", timestamp:"2024-10-19T10:50:52.958Z"}
{level:"warn", message:"Token verification failed", timestamp:"2024-10-19T10:50:54.846Z"}
{level:"warn", message:"Token verification failed", timestamp:"2024-10-19T10:50:54.861Z"}
{level:"warn", message:"Token verification failed", timestamp:"2024-10-19T10:50:58.431Z"}
{level:"warn", message:"Token verification failed", timestamp:"2024-10-19T10:50:58.450Z"}
{level:"warn", message:"Token verification failed", timestamp:"2024-10-19T10:51:15.437Z"}
{level:"warn", message:"Token verification failed", timestamp:"2024-10-19T10:51:15.454Z"}
{level:"warn", message:"Token verification failed", timestamp:"2024-10-19T10:51:21.623Z"}
{level:"warn", message:"Token verification failed", timestamp:"2024-10-19T10:51:21.646Z"}
{level:"warn", message:"Token verification failed", timestamp:"2024-10-19T10:51:23.684Z"}
{level:"warn", message:"Token verification failed", timestamp:"2024-10-19T10:51:23.707Z"}
{level:"warn", message:"Token verification failed", timestamp:"2024-10-19T10:51:27.454Z"}
{level:"warn", message:"Token verification failed", timestamp:"2024-10-19T10:51:27.463Z"}
{level:"warn", message:"Token verification failed", timestamp:"2024-10-19T10:51:35.898Z"}
{level:"warn", message:"Token verification failed", timestamp:"2024-10-19T10:51:35.907Z"}
{level:"warn", message:"Token verification failed", timestamp:"2024-10-19T10:51:47.809Z"}
{level:"warn", message:"Token verification failed", timestamp:"2024-10-19T10:51:47.828Z"}
{level:"warn", message:"Token verification failed", timestamp:"2024-10-19T10:51:49.102Z"}
{level:"warn", message:"Token verification failed", timestamp:"2024-10-19T10:51:49.392Z"}
{level:"warn", message:"Token verification failed", timestamp:"2024-10-19T10:51:49.415Z"}
{level:"warn", message:"Token verification failed", timestamp:"2024-10-19T10:51:49.972Z"}
{level:"warn", message:"Token verification failed", timestamp:"2024-10-19T10:51:49.989Z"}
{level:"warn", message:"Login attempt with incorrect email", timestamp:"2024-10-19T10:51:52.326Z"}
{level:"warn", message:"Login attempt with incorrect email", timestamp:"2024-10-19T10:51:52.961Z"}
{level:"warn", message:"Token verification failed", timestamp:"2024-10-19T10:51:54.879Z"}
{level:"warn", message:"Token verification failed", timestamp:"2024-10-19T10:51:54.889Z"}
{level:"warn", message:"Token verification failed", timestamp:"2024-10-19T10:52:06.638Z"}
{level:"warn", message:"Token verification failed", timestamp:"2024-10-19T10:52:06.655Z"}
{level:"warn", message:"Login attempt with incorrect email", timestamp:"2024-10-19T10:52:53.718Z"}
{level:"warn", message:"Login attempt with incorrect email", timestamp:"2024-10-19T10:52:54.376Z"}
{level:"warn", message:"Login attempt with incorrect email", timestamp:"2024-10-19T10:52:54.521Z"}
{level:"warn", message:"Login attempt with incorrect email", timestamp:"2024-10-19T10:52:54.705Z"}
{level:"warn", message:"Login attempt with incorrect email", timestamp:"2024-10-19T10:52:54.880Z"}
{level:"warn", message:"Login attempt with incorrect email", timestamp:"2024-10-19T10:52:55.044Z"}
{level:"warn", message:"Login attempt with incorrect email", timestamp:"2024-10-19T10:52:55.209Z"}
{level:"warn", message:"Login attempt with incorrect email", timestamp:"2024-10-19T10:52:55.382Z"}
{level:"warn", message:"Login attempt with incorrect email", timestamp:"2024-10-19T10:52:55.577Z"}
{level:"warn", message:"Login attempt with incorrect email", timestamp:"2024-10-19T10:52:55.742Z"}
{level:"warn", message:"Login attempt with incorrect email", timestamp:"2024-10-19T10:52:55.905Z"}
{level:"warn", message:"Login attempt with incorrect email", timestamp:"2024-10-19T10:52:56.081Z"}
{level:"warn", message:"Login attempt with incorrect email", timestamp:"2024-10-19T10:52:56.234Z"}
{level:"warn", message:"Login attempt with incorrect email", timestamp:"2024-10-19T10:52:56.399Z"}
{level:"warn", message:"Login attempt with incorrect email", timestamp:"2024-10-19T10:52:56.543Z"}
{level:"warn", message:"Login attempt with incorrect email", timestamp:"2024-10-19T10:52:56.669Z"}
{level:"warn", message:"Login attempt with incorrect email", timestamp:"2024-10-19T10:52:56.804Z"}
{level:"warn", message:"Login attempt with incorrect email", timestamp:"2024-10-19T10:52:56.939Z"}
{level:"warn", message:"Login attempt with incorrect email", timestamp:"2024-10-19T10:52:57.057Z"}
{level:"warn", message:"Login attempt with incorrect email", timestamp:"2024-10-19T10:52:57.172Z"}
{level:"warn", message:"Login attempt with incorrect email", timestamp:"2024-10-19T10:52:57.298Z"}
{level:"warn", message:"Login attempt with incorrect email", timestamp:"2024-10-19T10:52:57.337Z"}
{level:"warn", message:"Login attempt with incorrect email", timestamp:"2024-10-19T10:52:57.414Z"}
{level:"warn", message:"Login attempt with incorrect email", timestamp:"2024-10-19T10:52:57.530Z"}
{level:"warn", message:"Login attempt with incorrect email", timestamp:"2024-10-19T10:52:57.936Z"}
{level:"warn", message:"Login attempt with incorrect email", timestamp:"2024-10-19T10:52:58.015Z"}
{level:"warn", message:"Login attempt with incorrect email", timestamp:"2024-10-19T10:52:58.131Z"}
{level:"warn", message:"Login attempt with incorrect email", timestamp:"2024-10-19T10:52:58.256Z"}
{level:"warn", message:"Login attempt with incorrect email", timestamp:"2024-10-19T10:52:58.304Z"}
{level:"warn", message:"Login attempt with incorrect email", timestamp:"2024-10-19T10:52:58.487Z"}
{level:"warn", message:"Login attempt with incorrect email", timestamp:"2024-10-19T10:52:58.744Z"}
{level:"warn", message:"Token verification failed", timestamp:"2024-10-19T11:00:04.016Z"}
{level:"warn", message:"Token verification failed", timestamp:"2024-10-19T11:09:37.959Z"}
{level:"warn", message:"Token verification failed", timestamp:"2024-10-19T11:09:38.030Z"}
{level:"warn", message:"Shop creation attempt with missing name", timestamp:"2024-10-19T11:27:46.302Z"}
{level:"error", message:"Error fetching user shop", timestamp:"2024-10-19T11:34:50.012Z"}
{level:"error", message:"Error fetching user shop", timestamp:"2024-10-19T11:34:50.107Z"}
{level:"error", message:"Error fetching user shop", timestamp:"2024-10-19T11:34:58.506Z"}
{level:"error", message:"Error fetching user shop", timestamp:"2024-10-19T11:34:58.737Z"}
{level:"error", message:"Error fetching user shop", timestamp:"2024-10-19T11:35:01.853Z"}
{level:"error", message:"Error fetching user shop", timestamp:"2024-10-19T11:35:01.881Z"}
{level:"warn", message:"Product creation attempt with missing fields", timestamp:"2024-10-19T11:39:31.313Z"}
{level:"warn", message:"Shop not found for user", timestamp:"2024-10-19T11:39:50.033Z"}
{level:"warn", message:"Shop not found for user", timestamp:"2024-10-19T11:40:46.248Z"}
{level:"warn", message:"Shop not found for user", timestamp:"2024-10-19T11:40:47.770Z"}
{level:"warn", message:"Token verification failed", timestamp:"2024-10-19T14:11:56.638Z"}
{level:"warn", message:"Token verification failed", timestamp:"2024-10-19T14:11:56.667Z"}
{level:"warn", message:"Token verification failed", timestamp:"2024-10-19T14:12:00.270Z"}
{level:"warn", message:"Token verification failed", timestamp:"2024-10-19T14:12:00.286Z"}
{level:"warn", message:"Token verification failed", timestamp:"2024-10-19T14:12:26.085Z"}
{level:"warn", message:"Token verification failed", timestamp:"2024-10-19T14:12:26.101Z"}
{level:"warn", message:"Token verification failed", timestamp:"2024-10-19T14:12:27.664Z"}
{level:"warn", message:"Token verification failed", timestamp:"2024-10-19T14:12:27.680Z"}
{level:"warn", message:"Token verification failed", timestamp:"2024-10-19T14:14:35.290Z"}
{level:"warn", message:"Token verification failed", timestamp:"2024-10-19T14:14:35.305Z"}
{level:"warn", message:"Token verification failed", timestamp:"2024-10-19T14:14:59.123Z"}
{level:"warn", message:"Token verification failed", timestamp:"2024-10-19T14:14:59.146Z"}
{level:"warn", message:"Token verification failed", timestamp:"2024-10-19T14:18:48.300Z"}
{level:"warn", message:"Token verification failed", timestamp:"2024-10-19T14:18:48.311Z"}
{level:"warn", message:"Token verification failed", timestamp:"2024-10-19T14:25:20.852Z"}
{level:"warn", message:"Token verification failed", timestamp:"2024-10-19T14:25:20.862Z"}
{level:"warn", message:"Token verification failed", timestamp:"2024-10-19T14:41:08.486Z"}
{level:"warn", message:"Token verification failed", timestamp:"2024-10-19T14:41:08.526Z"}
{level:"warn", message:"Token verification failed", timestamp:"2024-10-19T14:59:16.295Z"}
{level:"warn", message:"Token verification failed", timestamp:"2024-10-19T14:59:16.358Z"}
{level:"warn", message:"Incorrect email during login attempt", timestamp:"2024-10-19T14:59:30.282Z"}
{level:"warn", message:"Authorization header is missing", timestamp:"2024-10-19T15:00:34.655Z"}
{level:"warn", message:"Authorization header is missing", timestamp:"2024-10-19T15:00:34.844Z"}
{level:"warn", message:"Authorization header is missing", timestamp:"2024-10-19T15:01:28.102Z"}
{level:"warn", message:"Authorization header is missing", timestamp:"2024-10-19T15:01:28.138Z"}
{level:"warn", message:"Authorization header is missing", timestamp:"2024-10-19T15:01:56.315Z"}
{level:"warn", message:"Authorization header is missing", timestamp:"2024-10-19T15:01:56.350Z"}
{level:"warn", message:"Authorization header is missing", timestamp:"2024-10-19T15:03:50.142Z"}
{level:"warn", message:"Authorization header is missing", timestamp:"2024-10-19T15:03:50.280Z"}
{level:"warn", message:"Authorization header is missing", timestamp:"2024-10-19T15:04:49.581Z"}
{level:"warn", message:"Authorization header is missing", timestamp:"2024-10-19T15:04:49.629Z"}
{level:"warn", message:"Authorization header is missing", timestamp:"2024-10-19T15:05:55.791Z"}
{level:"warn", message:"Authorization header is missing", timestamp:"2024-10-19T15:05:55.890Z"}
{level:"warn", message:"Authorization header is missing", timestamp:"2024-10-19T15:06:47.376Z"}
{level:"warn", message:"Authorization header is missing", timestamp:"2024-10-19T15:06:47.451Z"}
{level:"warn", message:"Authorization header is missing", timestamp:"2024-10-19T15:07:27.985Z"}
{level:"warn", message:"Authorization header is missing", timestamp:"2024-10-19T15:07:28.015Z"}
{level:"warn", message:"Authorization header is missing", timestamp:"2024-10-19T15:07:37.976Z"}
{level:"warn", message:"Authorization header is missing", timestamp:"2024-10-19T15:07:38.021Z"}
{level:"warn", message:"Token verification failed", timestamp:"2024-10-19T16:00:00.993Z"}
{level:"warn", message:"Token verification failed", timestamp:"2024-10-19T16:00:06.663Z"}
{level:"warn", message:"Token verification failed", timestamp:"2024-10-19T16:00:06.667Z"}
{level:"warn", message:"Token verification failed", timestamp:"2024-10-19T16:00:06.715Z"}
{level:"warn", message:"Token verification failed", timestamp:"2024-10-19T16:00:06.719Z"}
{level:"warn", message:"Token verification failed", timestamp:"2024-10-19T16:01:13.255Z"}
{level:"warn", message:"Token verification failed", timestamp:"2024-10-19T16:01:13.263Z"}
{level:"warn", message:"Token verification failed", timestamp:"2024-10-19T16:01:13.313Z"}
{level:"warn", message:"Token verification failed", timestamp:"2024-10-19T16:01:13.380Z"}
{level:"warn", message:"Token verification failed", timestamp:"2024-10-19T16:01:26.193Z"}
{level:"warn", message:"Token verification failed", timestamp:"2024-10-19T16:01:26.203Z"}
{level:"warn", message:"Token verification failed", timestamp:"2024-10-19T16:01:26.295Z"}
{level:"warn", message:"Token verification failed", timestamp:"2024-10-19T16:01:26.306Z"}
{level:"warn", message:"Token verification failed", timestamp:"2024-10-19T16:01:34.355Z"}
{level:"warn", message:"Token verification failed", timestamp:"2024-10-19T16:01:34.375Z"}
{level:"warn", message:"Token verification failed", timestamp:"2024-10-19T16:01:34.426Z"}
{level:"warn", message:"Token verification failed", timestamp:"2024-10-19T16:01:34.440Z"}
{level:"warn", message:"Token verification failed", timestamp:"2024-10-19T16:01:48.626Z"}
{level:"warn", message:"Token verification failed", timestamp:"2024-10-19T16:01:48.664Z"}
{level:"warn", message:"Token verification failed", timestamp:"2024-10-19T16:28:49.630Z"}
{level:"warn", message:"Token verification failed", timestamp:"2024-10-19T16:28:49.661Z"}
{level:"warn", message:"Product creation attempt with missing fields", timestamp:"2024-10-19T16:35:42.539Z"}
{level:"warn", message:"Token verification failed", timestamp:"2024-10-20T04:29:27.495Z"}
{level:"warn", message:"Token verification failed", timestamp:"2024-10-20T04:29:27.554Z"}
{level:"warn", message:"Token verification failed", timestamp:"2024-10-20T04:29:34.422Z"}
{level:"warn", message:"Token verification failed", timestamp:"2024-10-20T04:29:34.429Z"}
{level:"warn", message:"Token verification failed", timestamp:"2024-10-20T04:29:37.538Z"}
{level:"warn", message:"Token verification failed", timestamp:"2024-10-20T04:29:37.545Z"}
{level:"warn", message:"Token verification failed", timestamp:"2024-10-20T04:29:40.099Z"}
{level:"warn", message:"Token verification failed", timestamp:"2024-10-20T04:29:40.107Z"}
{level:"warn", message:"Token verification failed", timestamp:"2024-10-20T04:29:41.921Z"}
{level:"warn", message:"Token verification failed", timestamp:"2024-10-20T04:29:41.927Z"}
{level:"warn", message:"Token verification failed", timestamp:"2024-10-20T04:29:43.744Z"}
{level:"warn", message:"Token verification failed", timestamp:"2024-10-20T04:29:43.751Z"}
{level:"warn", message:"Token verification failed", timestamp:"2024-10-20T04:29:46.023Z"}
{level:"warn", message:"Token verification failed", timestamp:"2024-10-20T04:29:46.037Z"}
{level:"warn", message:"Token verification failed", timestamp:"2024-10-20T04:29:47.570Z"}
{level:"warn", message:"Token verification failed", timestamp:"2024-10-20T04:29:47.576Z"}
{level:"warn", message:"Token verification failed", timestamp:"2024-10-20T04:29:53.644Z"}
{level:"warn", message:"Token verification failed", timestamp:"2024-10-20T04:29:53.654Z"}
{level:"warn", message:"Token verification failed", timestamp:"2024-10-20T04:29:54.608Z"}
{level:"warn", message:"Token verification failed", timestamp:"2024-10-20T04:29:54.615Z"}
{level:"warn", message:"Token verification failed", timestamp:"2024-10-20T04:34:12.129Z"}
{level:"warn", message:"Token verification failed", timestamp:"2024-10-20T04:34:12.156Z"}
{level:"warn", message:"Token verification failed", timestamp:"2024-10-20T04:34:14.474Z"}
{level:"warn", message:"Token verification failed", timestamp:"2024-10-20T04:34:14.485Z"}
{level:"warn", message:"Token verification failed", timestamp:"2024-10-20T04:34:20.695Z"}
{level:"warn", message:"Token verification failed", timestamp:"2024-10-20T04:34:20.719Z"}
{level:"warn", message:"Token verification failed", timestamp:"2024-10-20T04:34:22.452Z"}
{level:"warn", message:"Token verification failed", timestamp:"2024-10-20T04:34:22.461Z"}
{level:"warn", message:"Token verification failed", timestamp:"2024-10-20T04:35:40.885Z"}
{level:"warn", message:"Token verification failed", timestamp:"2024-10-20T04:35:40.906Z"}
{level:"warn", message:"Token verification failed", timestamp:"2024-10-20T04:35:42.971Z"}
{level:"warn", message:"Token verification failed", timestamp:"2024-10-20T04:35:42.986Z"}
{level:"warn", message:"Token verification failed", timestamp:"2024-10-20T04:37:59.428Z"}
{level:"warn", message:"Token verification failed", timestamp:"2024-10-20T04:37:59.445Z"}
{level:"warn", message:"Token verification failed", timestamp:"2024-10-20T04:38:37.866Z"}
{level:"warn", message:"Token verification failed", timestamp:"2024-10-20T04:38:37.880Z"}
{level:"warn", message:"Token verification failed", timestamp:"2024-10-20T04:38:40.712Z"}
{level:"warn", message:"Token verification failed", timestamp:"2024-10-20T04:38:40.726Z"}
{level:"warn", message:"Incorrect password during login attempt", timestamp:"2024-10-20T04:38:43.484Z"}
{level:"warn", message:"Incorrect password during login attempt", timestamp:"2024-10-20T04:39:16.992Z"}
{level:"warn", message:"Incorrect password during login attempt", timestamp:"2024-10-20T04:39:26.502Z"}
{level:"warn", message:"Incorrect password during login attempt", timestamp:"2024-10-20T04:39:28.161Z"}
{level:"warn", message:"Incorrect password during login attempt", timestamp:"2024-10-20T04:39:28.923Z"}
{level:"warn", message:"Incorrect password during login attempt", timestamp:"2024-10-20T04:39:29.494Z"}
{level:"warn", message:"Token verification failed", timestamp:"2024-10-20T04:39:43.059Z"}
{level:"warn", message:"Token verification failed", timestamp:"2024-10-20T04:39:43.073Z"}
{level:"warn", message:"Incorrect password during login attempt", timestamp:"2024-10-20T04:39:44.534Z"}
{level:"warn", message:"Incorrect password during login attempt", timestamp:"2024-10-20T04:52:40.983Z"}
{level:"warn", message:"Token verification failed", timestamp:"2024-10-20T07:09:20.118Z"}
{level:"warn", message:"Token verification failed", timestamp:"2024-10-20T07:09:20.141Z"}
{level:"warn", message:"Token verification failed", timestamp:"2024-10-20T07:09:23.163Z"}
{level:"warn", message:"Token verification failed", timestamp:"2024-10-20T07:09:23.183Z"}
{level:"warn", message:"Token verification failed", timestamp:"2024-10-20T07:09:26.523Z"}
{level:"warn", message:"Token verification failed", timestamp:"2024-10-20T07:09:26.534Z"}
{level:"warn", message:"Token verification failed", timestamp:"2024-10-20T07:09:31.965Z"}
{level:"warn", message:"Token verification failed", timestamp:"2024-10-20T07:09:31.984Z"}
{level:"warn", message:"Token verification failed", timestamp:"2024-10-20T07:09:35.267Z"}
{level:"warn", message:"Token verification failed", timestamp:"2024-10-20T07:09:35.276Z"}
{level:"warn", message:"Token verification failed", timestamp:"2024-10-20T07:09:39.324Z"}
{level:"warn", message:"Token verification failed", timestamp:"2024-10-20T07:09:39.334Z"}
{level:"warn", message:"Token verification failed", timestamp:"2024-10-20T07:09:43.206Z"}
{level:"warn", message:"Token verification failed", timestamp:"2024-10-20T07:09:43.219Z"}
{level:"warn", message:"Token verification failed", timestamp:"2024-10-20T07:09:45.324Z"}
{level:"warn", message:"Token verification failed", timestamp:"2024-10-20T07:09:45.330Z"}
{level:"warn", message:"Token verification failed", timestamp:"2024-10-20T07:14:48.003Z"}
{level:"warn", message:"Token verification failed", timestamp:"2024-10-20T07:14:48.052Z"}
{level:"warn", message:"Incorrect password during login attempt", timestamp:"2024-10-20T07:14:50.020Z"}
